

Starting up. 06:50.52
---------------------


Starting up. 06:58.48
---------------------


Starting up. 09:55.20
---------------------
[09:59:28]ATTACK: <font color='red'>hivebot shot Viscerator Mark IV with The projectile</font>
[09:59:34]ATTACK: <font color='red'>hivebot shot Viscerator Mark IV with The projectile</font>


Starting up. 10:08.09
---------------------
[10:08:35]ATTACK: <font color='red'>hivebot shot Viscerator Mark IV with The projectile</font>


Starting up. 10:11.24
---------------------


Starting up. 10:16.23
---------------------


<<<<<<< HEAD
Starting up. 11:14.20
---------------------


Starting up. 16:42.24
---------------------
[16:49:06]ATTACK: <font color='red'>Matthew Rhinehart(cairo283) shot hivebot with The eradication beam</font>
[16:49:13]ATTACK: <font color='red'>hivebot shot Matthew Rhinehart(cairo283) with The projectile</font>
[16:49:19]ATTACK: <font color='red'>hivebot shot Matthew Rhinehart(cairo283) with The projectile</font>
[16:49:21]ATTACK: <font color='red'>Matthew Rhinehart(cairo283) shot hivebot with The eradication beam</font>
=======
Starting up. 13:18.02
---------------------


Starting up. 13:30.30
---------------------
>>>>>>> origin/master
