

Starting up. 11:11.18
---------------------
[11:12:03]ATTACK: <font color='red'>hivebot shot Viscerator Mark IV with The projectile</font>


Starting up. 11:20.38
---------------------


Starting up. 11:31.57
---------------------


Starting up. 11:41.19
---------------------


Starting up. 12:05.17
---------------------
[12:05:54]ATTACK: <font color='red'>hivebot shot Viscerator Mark IV with The projectile</font>


Starting up. 12:17.11
---------------------


Starting up. 12:25.40
---------------------


Starting up. 12:31.04
---------------------


Starting up. 12:38.04
---------------------
[12:38:39]ATTACK: <font color='red'>hivebot shot Viscerator Mark IV with The projectile</font>


Starting up. 13:21.03
---------------------


Starting up. 17:50.32
---------------------
[17:54:25]ATTACK: <font color='red'>Matthew Rhinehart(cairo283) hit Mariabella Benford(wjcowart) with The harrrrrrrrrdddddd drugs</font>
[17:54:34]ATTACK: <font color='red'>Mariabella Benford(wjcowart) fed Mariabella Benford(wjcowart) with hyperzine(10 units); ethylredoxrazine(10 units); coffee(30 units); </font>
[17:57:08]ATTACK: <font color='red'>Matthew Rhinehart(cairo283) hit Mariabella Benford(wjcowart) with The shank</font>
[17:57:22]ATTACK: <font color='red'>Mariabella Benford(wjcowart) un-embedded of the shank  Mariabella Benford(wjcowart) </font>
[17:57:32]ATTACK: <font color='red'>Mariabella Benford(wjcowart) hit Matthew Rhinehart(cairo283) with The shank</font>
[17:57:37]ATTACK: <font color='red'>Mariabella Benford(wjcowart) hit Matthew Rhinehart(cairo283) with The shank</font>
[17:57:41]ATTACK: <font color='red'>Mariabella Benford(wjcowart) hit Matthew Rhinehart(cairo283) with The shank</font>
[18:02:41]ATTACK: <font color='red'>Matthew Rhinehart(cairo283) grabbed alien sentinel (829) passively</font>
[18:02:44]ATTACK: <font color='red'>Matthew Rhinehart(cairo283) tabled alien sentinel (829) </font>
[18:02:49]ATTACK: <font color='red'>Matthew Rhinehart(cairo283) hit alien queen with The shank</font>
[18:03:01]ATTACK: <font color='red'>alien empress shot alien empress with The neurotoxin</font>
[18:03:03]ATTACK: <font color='red'>Matthew Rhinehart(cairo283) shot alien empress with The bullet</font>
[18:03:03]ATTACK: <font color='red'>Matthew Rhinehart(cairo283) shot alien empress with The bullet</font>
[18:03:03]ATTACK: <font color='red'>Matthew Rhinehart(cairo283) shot alien empress with The bullet</font>
[18:03:04]ATTACK: <font color='red'>Mariabella Benford(wjcowart) shot alien empress with The bullet</font>
[18:03:04]ATTACK: <font color='red'>Mariabella Benford(wjcowart) shot alien empress with The bullet</font>
[18:03:04]ATTACK: <font color='red'>Mariabella Benford(wjcowart) shot alien empress with The bullet</font>
[18:03:05]ATTACK: <font color='red'>Matthew Rhinehart(cairo283) shot alien empress with The bullet</font>
[18:03:05]ATTACK: <font color='red'>Matthew Rhinehart(cairo283) shot alien empress with The bullet</font>
[18:03:05]ATTACK: <font color='red'>Matthew Rhinehart(cairo283) shot alien empress with The bullet</font>
[18:03:05]ATTACK: <font color='red'>alien empress shot alien empress with The neurotoxin</font>
[18:03:05]ATTACK: <font color='red'>Matthew Rhinehart(cairo283) shot alien empress with The bullet</font>
[18:03:05]ATTACK: <font color='red'>Matthew Rhinehart(cairo283) shot alien empress with The bullet</font>
[18:03:06]ATTACK: <font color='red'>Matthew Rhinehart(cairo283) shot alien empress with The bullet</font>
[18:03:07]ATTACK: <font color='red'>Matthew Rhinehart(cairo283) shot alien empress with The bullet</font>
[18:03:07]ATTACK: <font color='red'>Matthew Rhinehart(cairo283) shot alien empress with The bullet</font>
[18:03:07]ATTACK: <font color='red'>Matthew Rhinehart(cairo283) shot alien empress with The bullet</font>
[18:03:08]ATTACK: <font color='red'>alien empress shot Mariabella Benford(wjcowart) with The neurotoxin</font>
[18:03:09]ATTACK: <font color='red'>Mariabella Benford(wjcowart) shot alien empress with The bullet</font>
[18:03:09]ATTACK: <font color='red'>Mariabella Benford(wjcowart) shot alien empress with The bullet</font>
[18:03:09]ATTACK: <font color='red'>Mariabella Benford(wjcowart) shot alien empress with The bullet</font>
[18:03:09]ATTACK: <font color='red'>Matthew Rhinehart(cairo283) shot alien empress with The bullet</font>
[18:03:09]ATTACK: <font color='red'>Matthew Rhinehart(cairo283) shot alien empress with The bullet</font>
[18:03:09]ATTACK: <font color='red'>Matthew Rhinehart(cairo283) shot alien empress with The bullet</font>
[18:03:11]ATTACK: <font color='red'>Mariabella Benford(wjcowart) shot alien empress with The bullet</font>
[18:03:11]ATTACK: <font color='red'>Mariabella Benford(wjcowart) shot alien empress with The bullet</font>
[18:03:11]ATTACK: <font color='red'>Mariabella Benford(wjcowart) shot alien empress with The bullet</font>
[18:03:12]ATTACK: <font color='red'>alien empress shot Matthew Rhinehart(cairo283) with The neurotoxin</font>
[18:03:14]ATTACK: <font color='red'>Mariabella Benford(wjcowart) shot alien queen with The bullet</font>
[18:03:14]ATTACK: <font color='red'>Mariabella Benford(wjcowart) shot alien queen with The bullet</font>
[18:03:14]ATTACK: <font color='red'>Mariabella Benford(wjcowart) shot alien queen with The bullet</font>
[18:03:14]ATTACK: <font color='red'>alien empress shot Matthew Rhinehart(cairo283) with The neurotoxin</font>
[18:03:15]ATTACK: <font color='red'>alien empress shot Matthew Rhinehart(cairo283) with The neurotoxin</font>
[18:03:15]ATTACK: <font color='red'>Matthew Rhinehart(cairo283) shot alien empress with The bullet</font>
[18:03:15]ATTACK: <font color='red'>Matthew Rhinehart(cairo283) shot alien empress with The bullet</font>
[18:03:15]ATTACK: <font color='red'>Matthew Rhinehart(cairo283) shot alien empress with The bullet</font>
[18:03:16]ATTACK: <font color='red'>Mariabella Benford(wjcowart) shot Matthew Rhinehart(cairo283) with The bullet</font>
[18:03:17]ATTACK: <font color='red'>Mariabella Benford(wjcowart) shot Matthew Rhinehart(cairo283) with The bullet</font>
[18:03:17]ATTACK: <font color='red'>Mariabella Benford(wjcowart) shot alien empress with The bullet</font>
[18:03:21]ATTACK: <font color='red'>alien empress shot Mariabella Benford(wjcowart) with The neurotoxin</font>
[18:03:26]ATTACK: <font color='red'>alien empress shot alien empress with The neurotoxin</font>
[18:03:35]ATTACK: <font color='red'>alien empress shot alien empress with The neurotoxin</font>
[18:03:37]ATTACK: <font color='red'>alien empress shot Matthew Rhinehart(cairo283) with The neurotoxin</font>
[18:03:37]ATTACK: <font color='red'>alien empress shot Matthew Rhinehart(cairo283) with The neurotoxin</font>
[18:03:40]ATTACK: <font color='red'>alien empress shot Matthew Rhinehart(cairo283) with The neurotoxin</font>
[18:03:54]ATTACK: <font color='red'>alien empress shot Mariabella Benford(wjcowart) with The neurotoxin</font>
[18:03:55]ATTACK: <font color='red'>Mariabella Benford(wjcowart) shot alien empress with The bullet</font>
[18:03:55]ATTACK: <font color='red'>Mariabella Benford(wjcowart) shot alien empress with The bullet</font>
[18:03:55]ATTACK: <font color='red'>Mariabella Benford(wjcowart) shot alien empress with The bullet</font>
[18:03:56]ATTACK: <font color='red'>Mariabella Benford(wjcowart) shot alien empress with The bullet</font>
[18:03:56]ATTACK: <font color='red'>Mariabella Benford(wjcowart) shot alien empress with The bullet</font>
[18:03:56]ATTACK: <font color='red'>Mariabella Benford(wjcowart) shot alien empress with The bullet</font>
[18:03:57]ATTACK: <font color='red'>alien empress shot Mariabella Benford(wjcowart) with The neurotoxin</font>
[18:03:57]ATTACK: <font color='red'>Matthew Rhinehart(cairo283) shot alien empress with The bullet</font>
[18:03:57]ATTACK: <font color='red'>Matthew Rhinehart(cairo283) shot alien empress with The bullet</font>
[18:03:57]ATTACK: <font color='red'>Matthew Rhinehart(cairo283) shot alien empress with The bullet</font>
[18:03:57]ATTACK: <font color='red'>Matthew Rhinehart(cairo283) shot alien empress with The bullet</font>
[18:03:57]ATTACK: <font color='red'>Matthew Rhinehart(cairo283) shot alien empress with The bullet</font>
[18:03:57]ATTACK: <font color='red'>Mariabella Benford(wjcowart) shot alien empress with The bullet</font>
[18:03:57]ATTACK: <font color='red'>Matthew Rhinehart(cairo283) shot alien empress with The bullet</font>
[18:03:57]ATTACK: <font color='red'>Mariabella Benford(wjcowart) shot alien empress with The bullet</font>
[18:03:58]ATTACK: <font color='red'>Mariabella Benford(wjcowart) shot alien empress with The bullet</font>
[18:03:58]ATTACK: <font color='red'>Mariabella Benford(wjcowart) shot alien empress with The bullet</font>
[18:03:59]ATTACK: <font color='red'>Matthew Rhinehart(cairo283) shot alien empress with The bullet</font>
[18:04:01]ATTACK: <font color='red'>Matthew Rhinehart(cairo283) shot alien empress with The bullet</font>
[18:04:01]ATTACK: <font color='red'>Matthew Rhinehart(cairo283) shot alien empress with The bullet</font>
[18:04:01]ATTACK: <font color='red'>Matthew Rhinehart(cairo283) shot alien empress with The bullet</font>
[18:04:02]ATTACK: <font color='red'>Matthew Rhinehart(cairo283) shot alien empress with The bullet</font>
[18:04:02]ATTACK: <font color='red'>Matthew Rhinehart(cairo283) shot alien empress with The bullet</font>
[18:04:02]ATTACK: <font color='red'>Matthew Rhinehart(cairo283) shot alien empress with The bullet</font>
[18:05:25]ATTACK: <font color='red'>Mariabella Benford(wjcowart) shaked Matthew Rhinehart(cairo283) </font>
[18:06:47]ATTACK: <font color='red'>Matthew Rhinehart(cairo283) attacked alien sentinel (829) with combat knife(INTENT: HELP) (DAMTYPE: BRUTE)</font>
[18:07:43]ATTACK: <font color='red'>Mariabella Benford(wjcowart) shot eyeball with The bullet</font>
[18:07:44]ATTACK: <font color='red'>Mariabella Benford(wjcowart) shot eyeball with The bullet</font>
[18:07:44]ATTACK: <font color='red'>Mariabella Benford(wjcowart) shot eyeball with The bullet</font>
[18:07:59]ATTACK: <font color='red'>Matthew Rhinehart(cairo283) shot eyeball with The bullet</font>
[18:07:59]ATTACK: <font color='red'>Matthew Rhinehart(cairo283) shot eyeball with The bullet</font>
[18:08:01]ATTACK: <font color='red'>Matthew Rhinehart(cairo283) shot eyeball with The bullet</font>
[18:08:01]ATTACK: <font color='red'>Matthew Rhinehart(cairo283) shot eyeball with The bullet</font>
[18:08:01]ATTACK: <font color='red'>Mariabella Benford(wjcowart) shot eyeball with The bullet</font>
[18:08:01]ATTACK: <font color='red'>Mariabella Benford(wjcowart) shot eyeball with The bullet</font>
[18:08:03]ATTACK: <font color='red'>Mariabella Benford(wjcowart) shot eyeball with The bullet</font>
[18:08:03]ATTACK: <font color='red'>Mariabella Benford(wjcowart) shot eyeball with The bullet</font>
[18:08:03]ATTACK: <font color='red'>Mariabella Benford(wjcowart) shot eyeball with The bullet</font>
[18:08:05]ATTACK: <font color='red'>Mariabella Benford(wjcowart) shot eyeball with The bullet</font>
[18:08:05]ATTACK: <font color='red'>Mariabella Benford(wjcowart) shot eyeball with The bullet</font>
[18:08:05]ATTACK: <font color='red'>Mariabella Benford(wjcowart) shot eyeball with The bullet</font>
[18:08:05]ATTACK: <font color='red'>Mariabella Benford(wjcowart) shot eyeball with The bullet</font>
[18:08:05]ATTACK: <font color='red'>Mariabella Benford(wjcowart) shot eyeball with The bullet</font>
[18:08:07]ATTACK: <font color='red'>Matthew Rhinehart(cairo283) shot eyeball with The bullet</font>
[18:08:07]ATTACK: <font color='red'>Matthew Rhinehart(cairo283) shot eyeball with The bullet</font>
[18:08:07]ATTACK: <font color='red'>Mariabella Benford(wjcowart) shot eyeball with The bullet</font>
[18:08:07]ATTACK: <font color='red'>Mariabella Benford(wjcowart) shot eyeball with The bullet</font>
[18:08:08]ATTACK: <font color='red'>Mariabella Benford(wjcowart) shot eyeball with The bullet</font>
[18:08:12]ATTACK: <font color='red'>Matthew Rhinehart(cairo283) hit eyeball with AK-922 magazine (7.62x39)</font>
[18:08:51]ATTACK: <font color='red'>Matthew Rhinehart(cairo283) shot eyeball with The bullet</font>
[18:08:51]ATTACK: <font color='red'>Matthew Rhinehart(cairo283) shot eyeball with The bullet</font>
[18:08:51]ATTACK: <font color='red'>Matthew Rhinehart(cairo283) shot eyeball with The bullet</font>
[18:08:51]ATTACK: <font color='red'>Matthew Rhinehart(cairo283) shot eyeball with The bullet</font>
[18:08:52]ATTACK: <font color='red'>Matthew Rhinehart(cairo283) shot eyeball with The bullet</font>
[18:08:52]ATTACK: <font color='red'>Matthew Rhinehart(cairo283) shot eyeball with The bullet</font>
[18:08:53]ATTACK: <font color='red'>Matthew Rhinehart(cairo283) shot eyeball with The bullet</font>
[18:08:54]ATTACK: <font color='red'>Matthew Rhinehart(cairo283) shot eyeball with The bullet</font>
[18:08:54]ATTACK: <font color='red'>Matthew Rhinehart(cairo283) shot eyeball with The bullet</font>
[18:08:54]ATTACK: <font color='red'>Matthew Rhinehart(cairo283) shot eyeball with The bullet</font>
[18:08:54]ATTACK: <font color='red'>Matthew Rhinehart(cairo283) shot eyeball with The bullet</font>
[18:08:54]ATTACK: <font color='red'>Matthew Rhinehart(cairo283) shot eyeball with The bullet</font>
[18:08:55]ATTACK: <font color='red'>Matthew Rhinehart(cairo283) shot eyeball with The bullet</font>
[18:08:56]ATTACK: <font color='red'>Matthew Rhinehart(cairo283) shot eyeball with The bullet</font>
[18:08:56]ATTACK: <font color='red'>Matthew Rhinehart(cairo283) shot eyeball with The bullet</font>
[18:08:58]ATTACK: <font color='red'>Matthew Rhinehart(cairo283) shot eyeball with The bullet</font>
[18:08:59]ATTACK: <font color='red'>Matthew Rhinehart(cairo283) shot eyeball with The bullet</font>
[18:09:00]ATTACK: <font color='red'>Matthew Rhinehart(cairo283) shot eyeball with The bullet</font>
[18:09:00]ATTACK: <font color='red'>Matthew Rhinehart(cairo283) shot eyeball with The bullet</font>
[18:09:00]ATTACK: <font color='red'>Matthew Rhinehart(cairo283) shot eyeball with The bullet</font>
[18:09:01]ATTACK: <font color='red'>Matthew Rhinehart(cairo283) shot eyeball with The bullet</font>
[18:09:31]ATTACK: <font color='red'>Mariabella Benford(wjcowart) hit Matthew Rhinehart(cairo283) with AK-922 magazine (7.62x39)</font>
[18:09:50]ATTACK: <font color='red'>Matthew Rhinehart(cairo283) shot eyeball with The bullet</font>
[18:09:50]ATTACK: <font color='red'>Matthew Rhinehart(cairo283) shot eyeball with The bullet</font>
[18:09:57]ATTACK: <font color='red'>Matthew Rhinehart(cairo283) shot eyeball with The bullet</font>
[18:09:58]ATTACK: <font color='red'>Matthew Rhinehart(cairo283) shot alien sentinel (665)(wjcowart) with The bullet</font>
[18:09:58]ATTACK: <font color='red'>Matthew Rhinehart(cairo283) shot alien sentinel (665)(wjcowart) with The bullet</font>
[18:09:59]ATTACK: <font color='red'>Matthew Rhinehart(cairo283) shot alien sentinel (665)(wjcowart) with The bullet</font>
[18:09:59]ATTACK: <font color='red'>Matthew Rhinehart(cairo283) shot alien sentinel (665)(wjcowart) with The bullet</font>
[18:10:00]ATTACK: <font color='red'>Matthew Rhinehart(cairo283) shot alien sentinel (665)(wjcowart) with The bullet</font>
[18:10:00]ATTACK: <font color='red'>Matthew Rhinehart(cairo283) shot alien sentinel (665)(wjcowart) with The bullet</font>
[18:10:00]ATTACK: <font color='red'>Matthew Rhinehart(cairo283) shot alien sentinel (665)(wjcowart) with The bullet</font>
[18:10:01]ATTACK: <font color='red'>Matthew Rhinehart(cairo283) shot alien sentinel (665)(wjcowart) with The bullet</font>
[18:10:01]ATTACK: <font color='red'>Matthew Rhinehart(cairo283) shot alien sentinel (665)(wjcowart) with The bullet</font>
[18:10:01]ATTACK: <font color='red'>Matthew Rhinehart(cairo283) shot alien sentinel (665)(wjcowart) with The bullet</font>
[18:10:13]ATTACK: <font color='red'>Matthew Rhinehart(cairo283) shot eyeball with The bullet</font>
[18:10:14]ATTACK: <font color='red'>Matthew Rhinehart(cairo283) shot eyeball with The bullet</font>
[18:10:14]ATTACK: <font color='red'>Matthew Rhinehart(cairo283) shot eyeball with The bullet</font>
[18:10:22]ATTACK: <font color='red'>Matthew Rhinehart(cairo283) shot eyeball with The bullet</font>
[18:10:34]ATTACK: <font color='red'>Matthew Rhinehart(cairo283) hit eyeball with AK-922</font>
[18:16:15]ATTACK: <font color='red'>Unknown(cairo283) shot Unknown with The bullet</font>
[18:16:15]ATTACK: <font color='red'>Unknown(cairo283) shot Admin(wjcowart) with The bullet</font>
[18:18:06]ATTACK: <font color='red'>Admin(wjcowart) shot Meat pizza with The pellet</font>
[18:18:06]ATTACK: <font color='red'>Admin(wjcowart) shot Meat pizza with The pellet</font>
[18:18:06]ATTACK: <font color='red'>Admin(wjcowart) shot Meat pizza with The pellet</font>
[18:18:06]ATTACK: <font color='red'>Admin(wjcowart) shot Meat pizza with The pellet</font>
[18:18:06]ATTACK: <font color='red'>Admin(wjcowart) shot Meat pizza with The pellet</font>
[18:18:06]ATTACK: <font color='red'>Admin(wjcowart) shot Meat pizza with The pellet</font>
[18:18:06]ATTACK: <font color='red'>Admin(wjcowart) shot Meat pizza with The pellet</font>
[18:18:06]ATTACK: <font color='red'>Admin(wjcowart) shot Meat pizza with The pellet</font>
[18:18:06]ATTACK: <font color='red'>Admin(wjcowart) shot Meat pizza with The pellet</font>
[18:18:06]ATTACK: <font color='red'>Admin(wjcowart) shot Meat pizza with The pellet</font>
[18:18:19]ATTACK: <font color='red'>Admin(wjcowart) shot Unknown(cairo283) with The pellet</font>
[18:18:19]ATTACK: <font color='red'>Admin(wjcowart) shot Unknown(cairo283) with The pellet</font>
[18:18:21]ATTACK: <font color='red'>Admin(wjcowart) shot Unknown(cairo283) with The pellet</font>
[18:18:21]ATTACK: <font color='red'>Admin(wjcowart) shot Unknown(cairo283) with The pellet</font>
[18:18:21]ATTACK: <font color='red'>Admin(wjcowart) shot Unknown(cairo283) with The pellet</font>
[18:18:40]ATTACK: <font color='red'>Unknown(cairo283) shot hivebot with The bullet</font>
[18:18:48]ATTACK: <font color='red'>Admin(wjcowart) shot Unknown(cairo283) with The electrode</font>
[18:18:51]ATTACK: <font color='red'>Admin(wjcowart) shot Unknown(cairo283) with The laser</font>
[18:18:53]ATTACK: <font color='red'>Admin(wjcowart) shot Unknown(cairo283) with The laser</font>
[18:18:53]ATTACK: <font color='red'>Admin(wjcowart) shot Unknown(cairo283) with The laser</font>
[18:18:55]ATTACK: <font color='red'>Admin(wjcowart) shot Unknown(cairo283) with The laser</font>
[18:18:55]ATTACK: <font color='red'>Admin(wjcowart) shot Unknown(cairo283) with The laser</font>
[18:23:29]ATTACK: <font color='red'>Unknown(cairo283) hit Admin(wjcowart) with The energy sword</font>
