

Starting up. 09:15.29
---------------------
Adding game mode abduction (abduction) to configuration.
Adding game mode blob (blob) to configuration.
Adding game mode changeling (changeling) to configuration.
Adding game mode shadowling (shadowling) to configuration.
Adding game mode traitor+changeling (traitorchan) to configuration.
Adding game mode double agents (double_agents) to configuration.
Adding game mode traitor (traitor) to configuration.
Adding game mode cult (cult) to configuration.
Adding game mode extended (extended) to configuration.
Adding game mode gang war (gang) to configuration.
Adding game mode AI malfunction (malfunction) to configuration.
Adding game mode meteor (meteor) to configuration.
Adding game mode monkey (monkey) to configuration.
Adding game mode nuclear emergency (nuclear) to configuration.
Adding game mode revolution (revolution) to configuration.
Adding game mode sandbox (sandbox) to configuration.
Adding game mode Ragin' Mages (raginmages) to configuration.
Adding game mode wizard (wizard) to configuration.
Unknown setting in configuration: 'use_recursive_explosions'
Saved mode is 'extended'
Failed to connect to database in load_admin_ranks(). Reverting to legacy system.
[09:15:29]ADMIN: Loading Banlistjob
[09:15:29]ADMIN: Loading jobban_rank
[09:15:29]ADMIN: jobban_keylist was empty
[09:15:29]ADMIN: Loading appearance_rank
[09:15:29]ADMIN: appearance_keylist was empty
[09:15:29]ADMIN: Updating jobbanfile!
[09:15:29]ADMIN: Loading Banlist
[09:16:02]ACCESS: Login: Wjcowart/(Wjcowart) from 127.0.0.1-1984611505 || BYOND v508
[09:16:16]ADMIN: Wjcowart has started the game.
[09:16:16]ACCESS: Logout: *no key*/(Wjcowart)
[09:16:16]ACCESS: Login: Wjcowart/(Mariabella Benford) from 127.0.0.1-1984611505 || BYOND v508
[09:17:03]SAY: mouse/ : Squeek!
[09:17:26]ADMIN: Wjcowart/(Mariabella Benford) modified light fixture's on to 1
[09:17:46]ADMIN: Wjcowart/(Mariabella Benford) modified light fixture's on_gs to 1
[09:19:07]ADMIN: Wjcowart/(Mariabella Benford) deleted the wall at (125,185,1)
[09:22:29]EMOTE: monkey (355)/ : <B>The monkey (355)</B> jumps!
[09:22:58]ADMIN: Wjcowart/(Mariabella Benford) toggled respawn to On.
[09:23:07]ACCESS: Logout: *no key*/(Mariabella Benford)
[09:23:07]ACCESS: Login: Wjcowart/(Mariabella Benford) from 127.0.0.1-1984611505 || BYOND v508
[09:23:11]GAME: Mariabella Benford/Wjcowart used abandon mob.
[09:23:11]ACCESS: Logout: *no key*/(Mariabella Benford)
[09:23:11]ACCESS: Login: Wjcowart/(new player) from 127.0.0.1-1984611505 || BYOND v508
[09:23:17]ACCESS: Logout: *no key*/(new player)
[09:23:17]ACCESS: Login: Wjcowart/(Mariabella Benford) from 127.0.0.1-1984611505 || BYOND v508
[09:24:26]ACCESS: Logout: Wjcowart[DC]/(Mariabella Benford)
