

Starting up. 09:59.17
---------------------


Starting up. 12:38.35
---------------------


Starting up. 19:43.44
---------------------
[19:47:17]ATTACK: <font color='red'>Mariabella Benford(wjcowart) attacked Matthew Rhinehart(cairo283) with soap(INTENT: HELP) (DAMTYPE: BRUTE)</font>
[19:47:18]ATTACK: <font color='red'>Mariabella Benford(wjcowart) attacked Matthew Rhinehart(cairo283) with soap(INTENT: HELP) (DAMTYPE: BRUTE)</font>
[19:47:19]ATTACK: <font color='red'>Mariabella Benford(wjcowart) attacked Matthew Rhinehart(cairo283) with soap(INTENT: HELP) (DAMTYPE: BRUTE)</font>
[19:47:21]ATTACK: <font color='red'>Mariabella Benford(wjcowart) attacked Matthew Rhinehart(cairo283) with soap(INTENT: HELP) (DAMTYPE: BRUTE)</font>
[19:48:49]ATTACK: <font color='red'>Unknown(cairo283) attacked Mariabella Benford(wjcowart) with energy cutlass(INTENT: HELP) (DAMTYPE: BRUTE)</font>
[19:49:00]ATTACK: <font color='red'>Unknown(cairo283) attacked Mariabella Benford(wjcowart) with energy cutlass(INTENT: HELP) (DAMTYPE: BRUTE)</font>
[19:49:07]ATTACK: <font color='red'>Unknown(cairo283) attacked Mariabella Benford(wjcowart) with energy cutlass(INTENT: HELP) (DAMTYPE: BRUTE)</font>
[19:52:20]ATTACK: <font color='red'>Mariabella Benford(wjcowart) attacked Matthew Rhinehart(cairo283) with pickaxe(INTENT: HELP) (DAMTYPE: BRUTE)</font>
[19:53:13]ATTACK: <font color='red'>ASS(wjcowart) shot Matthew Rhinehart(cairo283) with The kinetic force</font>
[20:00:54]ATTACK: <font color='red'>ASS(wjcowart) attacked Ayyy Lmao(cairo283) with cyborg mining drill(INTENT: HELP) (DAMTYPE: BRUTE)</font>
[20:00:55]ATTACK: <font color='red'>ASS(wjcowart) attacked Ayyy Lmao(cairo283) with cyborg mining drill(INTENT: HELP) (DAMTYPE: BRUTE)</font>
[20:00:57]ATTACK: <font color='red'>ASS(wjcowart) attacked Ayyy Lmao(cairo283) with cyborg mining drill(INTENT: HELP) (DAMTYPE: BRUTE)</font>
[20:01:14]ATTACK: <font color='red'>ASS(wjcowart) attacked Ayyy Lmao(cairo283) with cyborg mining drill(INTENT: HELP) (DAMTYPE: BRUTE)</font>
[20:01:20]ATTACK: <font color='red'>ASS(wjcowart) attacked Ayyy Lmao(cairo283) with cyborg mining drill(INTENT: HELP) (DAMTYPE: BRUTE)</font>
[20:01:22]ATTACK: <font color='red'>ASS(wjcowart) attacked Ayyy Lmao(cairo283) with cyborg mining drill(INTENT: HELP) (DAMTYPE: BRUTE)</font>
[20:01:24]ATTACK: <font color='red'>ASS(wjcowart) attacked Ayyy Lmao(cairo283) with cyborg mining drill(INTENT: HELP) (DAMTYPE: BRUTE)</font>
[20:01:43]ATTACK: <font color='red'>Commander Popov shot Mega Space Carp with The bullet</font>
[20:01:52]ATTACK: <font color='red'>Commander Popov shot statue with The bullet</font>
[20:01:58]ATTACK: <font color='red'>Commander Popov shot statue with The bullet</font>
[20:02:03]ATTACK: <font color='red'>Russian shot statue with The bullet</font>
[20:02:10]ATTACK: <font color='red'>Russian shot statue with The bullet</font>
[20:02:10]ATTACK: <font color='red'>Commander Popov shot Beat-up Syndicate Operative with The bullet</font>
[20:02:10]ATTACK: <font color='red'>hivebot shot Ayyy Lmao with The projectile</font>
[20:02:16]ATTACK: <font color='red'>Commander Popov shot statue with The bullet</font>
[20:02:16]ATTACK: <font color='red'>Russian shot statue with The bullet</font>
[20:02:17]ATTACK: <font color='red'>hivebot shot Ayyy Lmao with The projectile</font>
[20:02:22]ATTACK: <font color='red'>Russian shot statue with The bullet</font>
[20:02:22]ATTACK: <font color='red'>Commander Popov shot statue with The bullet</font>
[20:02:23]ATTACK: <font color='red'>hivebot shot Ayyy Lmao with The projectile</font>
[20:02:29]ATTACK: <font color='red'>Russian shot statue with The bullet</font>
[20:02:29]ATTACK: <font color='red'>Commander Popov shot statue with The bullet</font>
[20:02:35]ATTACK: <font color='red'>Commander Popov shot statue with The bullet</font>
[20:02:39]ATTACK: <font color='red'>Russian shot Meat pizza with The bullet</font>
[20:02:41]ATTACK: <font color='red'>Commander Popov shot statue with The bullet</font>
[20:02:45]ATTACK: <font color='red'>Russian shot Meat pizza with The bullet</font>
[20:02:48]ATTACK: <font color='red'>Commander Popov shot statue with The bullet</font>
[20:02:53]ATTACK: <font color='red'>alien queen shot Commander Popov with The neurotoxin</font>
[20:02:54]ATTACK: <font color='red'>Commander Popov shot statue with The bullet</font>
[20:03:00]ATTACK: <font color='red'>Commander Popov shot statue with The bullet</font>
[20:03:09]ATTACK: <font color='red'>Commander Popov shot statue with The bullet</font>
[20:03:15]ATTACK: <font color='red'>Commander Popov shot statue with The bullet</font>
[20:03:15]ATTACK: <font color='red'>alien queen shot Commander Popov with The neurotoxin</font>
[20:03:21]ATTACK: <font color='red'>Commander Popov shot statue with The bullet</font>
[20:03:28]ATTACK: <font color='red'>alien queen shot Commander Popov with The neurotoxin</font>
[20:03:28]ATTACK: <font color='red'>Commander Popov shot statue with The bullet</font>
[20:03:36]ATTACK: <font color='red'>Commander Popov shot statue with The bullet</font>
[20:03:41]ATTACK: <font color='red'>Commander Popov shot statue with The bullet</font>
[20:03:42]ATTACK: <font color='red'>alien queen shot Commander Popov with The neurotoxin</font>
[20:03:49]ATTACK: <font color='red'>Commander Popov shot statue with The bullet</font>
[20:03:55]ATTACK: <font color='red'>Commander Popov shot statue with The bullet</font>
[20:04:00]ATTACK: <font color='red'>Commander Popov shot statue with The bullet</font>
[20:04:07]ATTACK: <font color='red'>Commander Popov shot statue with The bullet</font>
[20:04:14]ATTACK: <font color='red'>Commander Popov shot statue with The bullet</font>
[20:04:20]ATTACK: <font color='red'>Commander Popov shot statue with The bullet</font>
[20:04:22]ATTACK: <font color='red'>Syndicate Operative shot Syndicate Operative with The bullet</font>
[20:04:22]ATTACK: <font color='red'>Syndicate Operative shot Syndicate Operative with The bullet</font>
[20:04:23]ATTACK: <font color='red'>Syndicate Operative shot Syndicate Operative with The bullet</font>
[20:04:24]ATTACK: <font color='red'>alien queen shot Syndicate Operative with The neurotoxin</font>
[20:04:37]ATTACK: <font color='red'>Commander Popov shot statue with The bullet</font>
[20:04:37]ATTACK: <font color='red'>Syndicate Operative shot Laser-Shark with The bullet</font>
[20:04:37]ATTACK: <font color='red'>Syndicate Operative shot Laser-Shark with The bullet</font>
[20:04:37]ATTACK: <font color='red'>Syndicate Operative shot Laser-Shark with The bullet</font>
[20:04:37]ATTACK: <font color='red'>Laser-Shark shot Syndicate Operative with The heavy laser</font>
[20:04:37]ATTACK: <font color='red'>Syndicate Operative shot Laser-Shark with The bullet</font>
[20:04:37]ATTACK: <font color='red'>Syndicate Operative shot Laser-Shark with The bullet</font>
[20:04:37]ATTACK: <font color='red'>Syndicate Operative shot Laser-Shark with The bullet</font>
[20:04:39]ATTACK: <font color='red'>Laser-Shark shot Syndicate Operative with The heavy laser</font>
[20:04:39]ATTACK: <font color='red'>alien queen shot Syndicate Operative with The neurotoxin</font>
[20:04:43]ATTACK: <font color='red'>Syndicate Operative shot Syndicate Operative with The bullet</font>
[20:04:43]ATTACK: <font color='red'>Laser-Shark shot Syndicate Operative with The heavy laser</font>
[20:04:43]ATTACK: <font color='red'>Syndicate Operative shot Laser-Shark with The bullet</font>
[20:04:43]ATTACK: <font color='red'>Syndicate Operative shot Syndicate Operative with The bullet</font>
[20:04:43]ATTACK: <font color='red'>Syndicate Operative shot Laser-Shark with The bullet</font>
[20:04:43]ATTACK: <font color='red'>Commander Popov shot statue with The bullet</font>
[20:04:43]ATTACK: <font color='red'>Syndicate Operative shot Syndicate Operative with The bullet</font>
[20:04:43]ATTACK: <font color='red'>Syndicate Operative shot Syndicate Operative with The bullet</font>
[20:04:43]ATTACK: <font color='red'>Syndicate Operative shot Syndicate Operative with The bullet</font>
[20:04:43]ATTACK: <font color='red'>Syndicate Operative shot Syndicate Operative with The bullet</font>
[20:04:43]ATTACK: <font color='red'>Syndicate Operative shot Syndicate Operative with The bullet</font>
[20:04:43]ATTACK: <font color='red'>Syndicate Operative shot Syndicate Operative with The bullet</font>
[20:04:44]ATTACK: <font color='red'>Syndicate Operative shot Syndicate Operative with The bullet</font>
[20:04:44]ATTACK: <font color='red'>Syndicate Operative shot Syndicate Operative with The bullet</font>
[20:04:45]ATTACK: <font color='red'>Laser-Shark shot Syndicate Operative with The heavy laser</font>
[20:04:49]ATTACK: <font color='red'>Syndicate Operative shot Syndicate Operative with The bullet</font>
[20:04:49]ATTACK: <font color='red'>Commander Popov shot statue with The bullet</font>
[20:04:50]ATTACK: <font color='red'>Syndicate Operative shot bloodhound with The bullet</font>
[20:04:50]ATTACK: <font color='red'>Syndicate Operative shot Syndicate Operative with The bullet</font>
[20:04:50]ATTACK: <font color='red'>Syndicate Operative shot bloodhound with The bullet</font>
[20:04:50]ATTACK: <font color='red'>Syndicate Operative shot Syndicate Operative with The bullet</font>
[20:04:50]ATTACK: <font color='red'>Syndicate Operative shot Syndicate Operative with The bullet</font>
[20:04:52]ATTACK: <font color='red'>Laser-Shark shot Syndicate Operative with The heavy laser</font>
[20:04:54]ATTACK: <font color='red'>Syndicate Operative shot Syndicate Operative with The bullet</font>
[20:04:56]ATTACK: <font color='red'>Syndicate Operative shot Syndicate Operative with The bullet</font>
[20:04:56]ATTACK: <font color='red'>Commander Popov shot statue with The bullet</font>
[20:04:56]ATTACK: <font color='red'>Syndicate Operative shot Syndicate Operative with The bullet</font>
[20:04:56]ATTACK: <font color='red'>Syndicate Operative shot Syndicate Operative with The bullet</font>
[20:04:56]ATTACK: <font color='red'>Syndicate Operative shot Syndicate Operative with The bullet</font>
[20:04:57]ATTACK: <font color='red'>Laser-Shark shot creature with The heavy laser</font>
[20:05:00]ATTACK: <font color='red'>Syndicate Operative shot crier with The bullet</font>
[20:05:00]ATTACK: <font color='red'>Syndicate Operative shot crier with The bullet</font>
[20:05:01]ATTACK: <font color='red'>Syndicate Operative shot crier with The bullet</font>
[20:05:02]ATTACK: <font color='red'>Commander Popov shot statue with The bullet</font>
[20:05:02]ATTACK: <font color='red'>Syndicate Operative shot Syndicate Operative with The bullet</font>
[20:05:02]ATTACK: <font color='red'>Syndicate Operative shot Syndicate Operative with The bullet</font>
[20:05:02]ATTACK: <font color='red'>Syndicate Operative shot Syndicate Operative with The bullet</font>
[20:05:03]ATTACK: <font color='red'>Syndicate Operative shot Syndicate Operative with The bullet</font>
[20:05:06]ATTACK: <font color='red'>Syndicate Operative shot crier with The bullet</font>
[20:05:09]ATTACK: <font color='red'>Commander Popov shot statue with The bullet</font>
[20:05:17]ATTACK: <font color='red'>Commander Popov shot statue with The bullet</font>
[20:05:21]ATTACK: <font color='red'>Commander Popov shot statue with The bullet</font>
[20:05:23]ATTACK: <font color='red'>Syndicate Operative shot Kawaii Shark(cairo283) with The bullet</font>
[20:05:23]ATTACK: <font color='red'>Syndicate Operative shot Kawaii Shark(cairo283) with The bullet</font>
[20:05:28]ATTACK: <font color='red'>Commander Popov shot statue with The bullet</font>
[20:05:38]ATTACK: <font color='red'>Commander Popov shot statue with The bullet</font>
[20:05:46]ATTACK: <font color='red'>Commander Popov shot statue with The bullet</font>
[20:05:52]ATTACK: <font color='red'>Commander Popov shot statue with The bullet</font>
[20:05:55]ATTACK: <font color='red'>Syndicate Operative shot statue with The bullet</font>
[20:05:55]ATTACK: <font color='red'>Syndicate Operative shot statue with The bullet</font>
[20:05:55]ATTACK: <font color='red'>Syndicate Operative shot statue with The bullet</font>
[20:05:57]ATTACK: <font color='red'>Syndicate Operative shot statue with The bullet</font>
[20:05:57]ATTACK: <font color='red'>Syndicate Operative shot statue with The bullet</font>
[20:05:57]ATTACK: <font color='red'>Syndicate Operative shot statue with The bullet</font>
[20:05:59]ATTACK: <font color='red'>Commander Popov shot statue with The bullet</font>
[20:06:01]ATTACK: <font color='red'>Syndicate Operative shot statue with The bullet</font>
[20:06:01]ATTACK: <font color='red'>Syndicate Operative shot statue with The bullet</font>
[20:06:02]ATTACK: <font color='red'>Syndicate Operative shot statue with The bullet</font>
[20:06:03]ATTACK: <font color='red'>Syndicate Operative shot statue with The bullet</font>
[20:06:04]ATTACK: <font color='red'>Syndicate Operative shot statue with The bullet</font>
[20:06:04]ATTACK: <font color='red'>Syndicate Operative shot statue with The bullet</font>
[20:06:05]ATTACK: <font color='red'>Commander Popov shot statue with The bullet</font>
[20:06:07]ATTACK: <font color='red'>Syndicate Operative shot statue with The bullet</font>
[20:06:08]ATTACK: <font color='red'>Syndicate Operative shot statue with The bullet</font>
[20:06:08]ATTACK: <font color='red'>Syndicate Operative shot statue with The bullet</font>
[20:06:10]ATTACK: <font color='red'>Syndicate Operative shot statue with The bullet</font>
[20:06:10]ATTACK: <font color='red'>Syndicate Operative shot statue with The bullet</font>
[20:06:10]ATTACK: <font color='red'>Syndicate Operative shot statue with The bullet</font>
[20:06:11]ATTACK: <font color='red'>Commander Popov shot statue with The bullet</font>
[20:06:14]ATTACK: <font color='red'>Syndicate Operative shot statue with The bullet</font>
[20:06:14]ATTACK: <font color='red'>Syndicate Operative shot statue with The bullet</font>
[20:06:14]ATTACK: <font color='red'>Syndicate Operative shot statue with The bullet</font>
[20:06:16]ATTACK: <font color='red'>Syndicate Operative shot statue with The bullet</font>
[20:06:16]ATTACK: <font color='red'>Syndicate Operative shot statue with The bullet</font>
[20:06:16]ATTACK: <font color='red'>Syndicate Operative shot statue with The bullet</font>
[20:06:18]ATTACK: <font color='red'>Commander Popov shot statue with The bullet</font>
[20:06:20]ATTACK: <font color='red'>Syndicate Operative shot statue with The bullet</font>
[20:06:20]ATTACK: <font color='red'>Syndicate Operative shot statue with The bullet</font>
[20:06:21]ATTACK: <font color='red'>Syndicate Operative shot statue with The bullet</font>
[20:06:22]ATTACK: <font color='red'>Syndicate Operative shot statue with The bullet</font>
[20:06:22]ATTACK: <font color='red'>Syndicate Operative shot statue with The bullet</font>
[20:06:23]ATTACK: <font color='red'>Syndicate Operative shot statue with The bullet</font>
[20:06:24]ATTACK: <font color='red'>Commander Popov shot statue with The bullet</font>
[20:06:26]ATTACK: <font color='red'>Syndicate Operative shot statue with The bullet</font>
[20:06:27]ATTACK: <font color='red'>Syndicate Operative shot statue with The bullet</font>
[20:06:27]ATTACK: <font color='red'>Syndicate Operative shot statue with The bullet</font>
[20:06:28]ATTACK: <font color='red'>Syndicate Operative shot statue with The bullet</font>
[20:06:29]ATTACK: <font color='red'>Syndicate Operative shot statue with The bullet</font>
[20:06:29]ATTACK: <font color='red'>Syndicate Operative shot statue with The bullet</font>
[20:06:30]ATTACK: <font color='red'>Commander Popov shot statue with The bullet</font>
[20:06:35]ATTACK: <font color='red'>Syndicate Operative shot statue with The bullet</font>
[20:06:35]ATTACK: <font color='red'>Syndicate Operative shot statue with The bullet</font>
[20:06:35]ATTACK: <font color='red'>Syndicate Operative shot statue with The bullet</font>
[20:06:37]ATTACK: <font color='red'>Syndicate Operative shot statue with The bullet</font>
[20:06:37]ATTACK: <font color='red'>Syndicate Operative shot statue with The bullet</font>
[20:06:37]ATTACK: <font color='red'>Syndicate Operative shot statue with The bullet</font>
[20:06:39]ATTACK: <font color='red'>Commander Popov shot statue with The bullet</font>
[20:06:41]ATTACK: <font color='red'>Syndicate Operative shot statue with The bullet</font>
[20:06:41]ATTACK: <font color='red'>Syndicate Operative shot statue with The bullet</font>
[20:06:41]ATTACK: <font color='red'>Syndicate Operative shot statue with The bullet</font>
[20:06:43]ATTACK: <font color='red'>Syndicate Operative shot Syndicate Operative with The bullet</font>
[20:06:43]ATTACK: <font color='red'>Syndicate Operative shot statue with The bullet</font>
[20:06:43]ATTACK: <font color='red'>Syndicate Operative shot statue with The bullet</font>
[20:06:43]ATTACK: <font color='red'>Syndicate Operative shot statue with The bullet</font>
[20:06:44]ATTACK: <font color='red'>Syndicate Operative shot statue with The bullet</font>
[20:06:44]ATTACK: <font color='red'>Syndicate Operative shot statue with The bullet</font>
[20:06:45]ATTACK: <font color='red'>Commander Popov shot statue with The bullet</font>
[20:06:47]ATTACK: <font color='red'>Laser-Shark shot crier with The heavy laser</font>
[20:06:47]ATTACK: <font color='red'>Syndicate Operative shot statue with The bullet</font>
[20:06:47]ATTACK: <font color='red'>Syndicate Operative shot statue with The bullet</font>
[20:06:48]ATTACK: <font color='red'>Syndicate Operative shot statue with The bullet</font>
[20:06:49]ATTACK: <font color='red'>Syndicate Operative shot statue with The bullet</font>
[20:06:49]ATTACK: <font color='red'>Syndicate Operative shot statue with The bullet</font>
[20:06:50]ATTACK: <font color='red'>Syndicate Operative shot statue with The bullet</font>
[20:06:50]ATTACK: <font color='red'>Syndicate Operative shot statue with The bullet</font>
[20:06:50]ATTACK: <font color='red'>Syndicate Operative shot statue with The bullet</font>
[20:06:50]ATTACK: <font color='red'>Syndicate Operative shot statue with The bullet</font>
[20:06:51]ATTACK: <font color='red'>Commander Popov shot statue with The bullet</font>
[20:06:52]ATTACK: <font color='red'>Russian shot Laser-Shark with The bullet</font>
[20:06:53]ATTACK: <font color='red'>Laser-Shark shot crier with The heavy laser</font>
[20:06:53]ATTACK: <font color='red'>Laser-Shark shot crier with The heavy laser</font>
[20:06:54]ATTACK: <font color='red'>Syndicate Operative shot statue with The bullet</font>
[20:06:54]ATTACK: <font color='red'>Syndicate Operative shot statue with The bullet</font>
[20:06:54]ATTACK: <font color='red'>Syndicate Operative shot statue with The bullet</font>
[20:06:56]ATTACK: <font color='red'>Syndicate Operative shot statue with The bullet</font>
[20:06:56]ATTACK: <font color='red'>Syndicate Operative shot statue with The bullet</font>
[20:06:56]ATTACK: <font color='red'>Syndicate Operative shot statue with The bullet</font>
[20:06:56]ATTACK: <font color='red'>Syndicate Operative shot statue with The bullet</font>
[20:06:56]ATTACK: <font color='red'>Syndicate Operative shot statue with The bullet</font>
[20:06:56]ATTACK: <font color='red'>Syndicate Operative shot statue with The bullet</font>
[20:06:58]ATTACK: <font color='red'>Commander Popov shot statue with The bullet</font>
[20:06:58]ATTACK: <font color='red'>Russian shot crier with The bullet</font>
[20:07:00]ATTACK: <font color='red'>Laser-Shark shot crier with The heavy laser</font>
[20:07:00]ATTACK: <font color='red'>Syndicate Operative shot statue with The bullet</font>
[20:07:00]ATTACK: <font color='red'>Syndicate Operative shot statue with The bullet</font>
[20:07:00]ATTACK: <font color='red'>Syndicate Operative shot statue with The bullet</font>
[20:07:02]ATTACK: <font color='red'>Syndicate Operative shot statue with The bullet</font>
[20:07:02]ATTACK: <font color='red'>Syndicate Operative shot statue with The bullet</font>
[20:07:02]ATTACK: <font color='red'>Syndicate Operative shot statue with The bullet</font>
[20:07:03]ATTACK: <font color='red'>Syndicate Operative shot statue with The bullet</font>
[20:07:03]ATTACK: <font color='red'>Syndicate Operative shot statue with The bullet</font>
[20:07:03]ATTACK: <font color='red'>Syndicate Operative shot statue with The bullet</font>
[20:07:06]ATTACK: <font color='red'>Commander Popov shot statue with The bullet</font>
[20:07:07]ATTACK: <font color='red'>Laser-Shark shot crier with The heavy laser</font>
[20:07:08]ATTACK: <font color='red'>Syndicate Operative shot statue with The bullet</font>
[20:07:09]ATTACK: <font color='red'>Syndicate Operative shot statue with The bullet</font>
[20:07:09]ATTACK: <font color='red'>Syndicate Operative shot statue with The bullet</font>
[20:07:10]ATTACK: <font color='red'>Syndicate Operative shot statue with The bullet</font>
[20:07:10]ATTACK: <font color='red'>Syndicate Operative shot statue with The bullet</font>
[20:07:11]ATTACK: <font color='red'>Syndicate Operative shot statue with The bullet</font>
[20:07:11]ATTACK: <font color='red'>Syndicate Operative shot statue with The bullet</font>
[20:07:11]ATTACK: <font color='red'>Syndicate Operative shot statue with The bullet</font>
[20:07:11]ATTACK: <font color='red'>Syndicate Operative shot statue with The bullet</font>
[20:07:12]ATTACK: <font color='red'>Commander Popov shot statue with The bullet</font>
[20:07:14]ATTACK: <font color='red'>Russian shot Laser-Shark with The bullet</font>
[20:07:15]ATTACK: <font color='red'>Syndicate Operative shot statue with The bullet</font>
[20:07:15]ATTACK: <font color='red'>Syndicate Operative shot statue with The bullet</font>
[20:07:15]ATTACK: <font color='red'>Syndicate Operative shot statue with The bullet</font>
[20:07:17]ATTACK: <font color='red'>Syndicate Operative shot statue with The bullet</font>
[20:07:17]ATTACK: <font color='red'>Syndicate Operative shot statue with The bullet</font>
[20:07:17]ATTACK: <font color='red'>Syndicate Operative shot statue with The bullet</font>
[20:07:17]ATTACK: <font color='red'>Syndicate Operative shot statue with The bullet</font>
[20:07:17]ATTACK: <font color='red'>Syndicate Operative shot statue with The bullet</font>
[20:07:19]ATTACK: <font color='red'>Commander Popov shot statue with The bullet</font>
[20:07:21]ATTACK: <font color='red'>Syndicate Operative shot statue with The bullet</font>
[20:07:21]ATTACK: <font color='red'>Russian Spetsnaz shot Laser-Shark with The bullet</font>
[20:07:21]ATTACK: <font color='red'>Syndicate Operative shot statue with The bullet</font>
[20:07:21]ATTACK: <font color='red'>Russian Spetsnaz shot Russian with The bullet</font>
[20:07:21]ATTACK: <font color='red'>Syndicate Operative shot statue with The bullet</font>
[20:07:21]ATTACK: <font color='red'>Russian Spetsnaz shot Russian with The bullet</font>
[20:07:23]ATTACK: <font color='red'>Syndicate Operative shot statue with The bullet</font>
[20:07:23]ATTACK: <font color='red'>Syndicate Operative shot statue with The bullet</font>
[20:07:23]ATTACK: <font color='red'>Syndicate Operative shot statue with The bullet</font>
[20:07:24]ATTACK: <font color='red'>Syndicate Operative shot statue with The bullet</font>
[20:07:24]ATTACK: <font color='red'>Syndicate Operative shot statue with The bullet</font>
[20:07:25]ATTACK: <font color='red'>Commander Popov shot statue with The bullet</font>
[20:07:27]ATTACK: <font color='red'>Syndicate Operative shot statue with The bullet</font>
[20:07:28]ATTACK: <font color='red'>Syndicate Operative shot statue with The bullet</font>
[20:07:28]ATTACK: <font color='red'>Syndicate Operative shot statue with The bullet</font>
[20:07:29]ATTACK: <font color='red'>Syndicate Operative shot statue with The bullet</font>
[20:07:30]ATTACK: <font color='red'>Syndicate Operative shot statue with The bullet</font>
[20:07:30]ATTACK: <font color='red'>Syndicate Operative shot statue with The bullet</font>
[20:07:30]ATTACK: <font color='red'>Syndicate Operative shot statue with The bullet</font>
[20:07:30]ATTACK: <font color='red'>Syndicate Operative shot statue with The bullet</font>
[20:07:30]ATTACK: <font color='red'>Syndicate Operative shot statue with The bullet</font>
[20:07:32]ATTACK: <font color='red'>Commander Popov shot statue with The bullet</font>
[20:07:38]ATTACK: <font color='red'>Syndicate Operative shot statue with The bullet</font>
[20:07:38]ATTACK: <font color='red'>Syndicate Operative shot statue with The bullet</font>
[20:07:38]ATTACK: <font color='red'>Syndicate Operative shot statue with The bullet</font>
[20:07:40]ATTACK: <font color='red'>Syndicate Operative shot Syndicate Operative with The bullet</font>
[20:07:40]ATTACK: <font color='red'>Syndicate Operative shot statue with The bullet</font>
[20:07:40]ATTACK: <font color='red'>Syndicate Operative shot statue with The bullet</font>
[20:07:40]ATTACK: <font color='red'>Syndicate Operative shot statue with The bullet</font>
[20:07:42]ATTACK: <font color='red'>Commander Popov shot statue with The bullet</font>
[20:07:44]ATTACK: <font color='red'>Syndicate Operative shot statue with The bullet</font>
[20:07:44]ATTACK: <font color='red'>Syndicate Operative shot statue with The bullet</font>
[20:07:45]ATTACK: <font color='red'>Syndicate Operative shot statue with The bullet</font>
[20:07:46]ATTACK: <font color='red'>Syndicate Operative shot Syndicate Operative with The bullet</font>
[20:07:46]ATTACK: <font color='red'>Russian shot Kawaii Shark(cairo283) with The bullet</font>
[20:07:46]ATTACK: <font color='red'>Syndicate Operative shot statue with The bullet</font>
[20:07:46]ATTACK: <font color='red'>Syndicate Operative shot Syndicate Operative with The bullet</font>
[20:07:47]ATTACK: <font color='red'>Syndicate Operative shot statue with The bullet</font>
[20:07:47]ATTACK: <font color='red'>Syndicate Operative shot Syndicate Operative with The bullet</font>
[20:07:48]ATTACK: <font color='red'>Commander Popov shot statue with The bullet</font>
[20:07:50]ATTACK: <font color='red'>Syndicate Operative shot statue with The bullet</font>
[20:07:51]ATTACK: <font color='red'>Syndicate Operative shot statue with The bullet</font>
[20:07:51]ATTACK: <font color='red'>Syndicate Operative shot statue with The bullet</font>
[20:07:52]ATTACK: <font color='red'>Russian shot Meat pizza with The bullet</font>
[20:07:52]ATTACK: <font color='red'>Syndicate Operative shot statue with The bullet</font>
[20:07:53]ATTACK: <font color='red'>Syndicate Operative shot statue with The bullet</font>
[20:07:53]ATTACK: <font color='red'>Syndicate Operative shot statue with The bullet</font>
[20:07:55]ATTACK: <font color='red'>Commander Popov shot statue with The bullet</font>
[20:07:57]ATTACK: <font color='red'>Syndicate Operative shot statue with The bullet</font>
[20:07:57]ATTACK: <font color='red'>Syndicate Operative shot statue with The bullet</font>
[20:07:57]ATTACK: <font color='red'>Syndicate Operative shot statue with The bullet</font>
[20:07:59]ATTACK: <font color='red'>Russian Spetsnaz shot Meat pizza with The bullet</font>
[20:07:59]ATTACK: <font color='red'>Russian shot Meat pizza with The bullet</font>
[20:07:59]ATTACK: <font color='red'>Syndicate Operative shot statue with The bullet</font>
[20:07:59]ATTACK: <font color='red'>Syndicate Operative shot statue with The bullet</font>
[20:07:59]ATTACK: <font color='red'>Syndicate Operative shot statue with The bullet</font>
[20:08:01]ATTACK: <font color='red'>Commander Popov shot statue with The bullet</font>
[20:08:03]ATTACK: <font color='red'>Syndicate Operative shot statue with The bullet</font>
[20:08:03]ATTACK: <font color='red'>Syndicate Operative shot statue with The bullet</font>
[20:08:04]ATTACK: <font color='red'>Syndicate Operative shot statue with The bullet</font>
[20:08:05]ATTACK: <font color='red'>Syndicate Operative shot ASS with The bullet</font>
[20:08:05]ATTACK: <font color='red'>Syndicate Operative shot statue with The bullet</font>
[20:08:06]ATTACK: <font color='red'>Syndicate Operative shot statue with The bullet</font>
[20:08:07]ATTACK: <font color='red'>Commander Popov shot statue with The bullet</font>
[20:08:09]ATTACK: <font color='red'>Syndicate Operative shot statue with The bullet</font>
[20:08:10]ATTACK: <font color='red'>Syndicate Operative shot statue with The bullet</font>
[20:08:10]ATTACK: <font color='red'>Syndicate Operative shot statue with The bullet</font>
[20:08:11]ATTACK: <font color='red'>Syndicate Operative shot statue with The bullet</font>
[20:08:12]ATTACK: <font color='red'>Syndicate Operative shot statue with The bullet</font>
[20:08:12]ATTACK: <font color='red'>Syndicate Operative shot statue with The bullet</font>
[20:08:13]ATTACK: <font color='red'>Commander Popov shot statue with The bullet</font>
[20:08:16]ATTACK: <font color='red'>Syndicate Operative shot statue with The bullet</font>
[20:08:16]ATTACK: <font color='red'>Syndicate Operative shot statue with The bullet</font>
[20:08:16]ATTACK: <font color='red'>Syndicate Operative shot statue with The bullet</font>
[20:08:18]ATTACK: <font color='red'>Syndicate Operative shot statue with The bullet</font>
[20:08:18]ATTACK: <font color='red'>Syndicate Operative shot statue with The bullet</font>
[20:08:18]ATTACK: <font color='red'>Syndicate Operative shot statue with The bullet</font>
[20:08:22]ATTACK: <font color='red'>Commander Popov shot statue with The bullet</font>
[20:08:24]ATTACK: <font color='red'>Syndicate Operative shot statue with The bullet</font>
[20:08:24]ATTACK: <font color='red'>Syndicate Operative shot statue with The bullet</font>
[20:08:25]ATTACK: <font color='red'>Syndicate Operative shot statue with The bullet</font>
[20:08:26]ATTACK: <font color='red'>Syndicate Operative shot statue with The bullet</font>
[20:08:26]ATTACK: <font color='red'>Syndicate Operative shot statue with The bullet</font>
[20:08:27]ATTACK: <font color='red'>Syndicate Operative shot statue with The bullet</font>
[20:08:28]ATTACK: <font color='red'>Commander Popov shot statue with The bullet</font>
[20:08:30]ATTACK: <font color='red'>Syndicate Operative shot statue with The bullet</font>
[20:08:31]ATTACK: <font color='red'>Syndicate Operative shot statue with The bullet</font>
[20:08:31]ATTACK: <font color='red'>Syndicate Operative shot statue with The bullet</font>
[20:08:37]ATTACK: <font color='red'>Syndicate Operative shot statue with The bullet</font>
[20:08:37]ATTACK: <font color='red'>Syndicate Operative shot statue with The bullet</font>
[20:08:37]ATTACK: <font color='red'>Syndicate Operative shot statue with The bullet</font>
[20:08:39]ATTACK: <font color='red'>Commander Popov shot statue with The bullet</font>
[20:08:41]ATTACK: <font color='red'>Syndicate Operative shot statue with The bullet</font>
[20:08:41]ATTACK: <font color='red'>Syndicate Operative shot statue with The bullet</font>
[20:08:41]ATTACK: <font color='red'>Syndicate Operative shot statue with The bullet</font>
[20:08:45]ATTACK: <font color='red'>Syndicate Operative shot statue with The bullet</font>
[20:08:45]ATTACK: <font color='red'>Syndicate Operative shot statue with The bullet</font>
[20:08:46]ATTACK: <font color='red'>Syndicate Operative shot statue with The bullet</font>
[20:08:47]ATTACK: <font color='red'>Commander Popov shot statue with The bullet</font>
[20:08:49]ATTACK: <font color='red'>Syndicate Operative shot statue with The bullet</font>
[20:08:50]ATTACK: <font color='red'>Syndicate Operative shot statue with The bullet</font>
[20:08:50]ATTACK: <font color='red'>Syndicate Operative shot statue with The bullet</font>
[20:08:52]ATTACK: <font color='red'>Syndicate Operative shot statue with The bullet</font>
[20:08:52]ATTACK: <font color='red'>Syndicate Operative shot statue with The bullet</font>
[20:08:54]ATTACK: <font color='red'>Commander Popov shot statue with The bullet</font>
[20:08:58]ATTACK: <font color='red'>Syndicate Operative shot statue with The bullet</font>
[20:08:58]ATTACK: <font color='red'>Syndicate Operative shot statue with The bullet</font>
[20:08:58]ATTACK: <font color='red'>Syndicate Operative shot statue with The bullet</font>
[20:09:00]ATTACK: <font color='red'>Syndicate Operative shot statue with The bullet</font>
[20:09:00]ATTACK: <font color='red'>Syndicate Operative shot statue with The bullet</font>
[20:09:00]ATTACK: <font color='red'>Syndicate Operative shot statue with The bullet</font>
[20:09:02]ATTACK: <font color='red'>Commander Popov shot statue with The bullet</font>
[20:09:04]ATTACK: <font color='red'>Syndicate Operative shot statue with The bullet</font>
[20:09:04]ATTACK: <font color='red'>Syndicate Operative shot statue with The bullet</font>
[20:09:04]ATTACK: <font color='red'>Syndicate Operative shot statue with The bullet</font>
[20:09:06]ATTACK: <font color='red'>Syndicate Operative shot statue with The bullet</font>
[20:09:06]ATTACK: <font color='red'>Syndicate Operative shot statue with The bullet</font>
[20:09:07]ATTACK: <font color='red'>Syndicate Operative shot statue with The bullet</font>
[20:09:10]ATTACK: <font color='red'>Commander Popov shot statue with The bullet</font>
[20:09:14]ATTACK: <font color='red'>Syndicate Operative shot statue with The bullet</font>
[20:09:15]ATTACK: <font color='red'>Syndicate Operative shot statue with The bullet</font>
[20:09:15]ATTACK: <font color='red'>Syndicate Operative shot statue with The bullet</font>
[20:09:16]ATTACK: <font color='red'>Syndicate Operative shot statue with The bullet</font>
[20:09:17]ATTACK: <font color='red'>Syndicate Operative shot statue with The bullet</font>
[20:09:17]ATTACK: <font color='red'>Syndicate Operative shot statue with The bullet</font>
[20:09:19]ATTACK: <font color='red'>Commander Popov shot statue with The bullet</font>
[20:09:19]ATTACK: <font color='red'>Russian Spetsnaz shot leghorse with The bullet</font>
[20:09:19]ATTACK: <font color='red'>Russian Spetsnaz shot leghorse with The bullet</font>
[20:09:19]ATTACK: <font color='red'>Russian Spetsnaz shot leghorse with The bullet</font>
[20:09:20]ATTACK: <font color='red'>Syndicate Operative shot statue with The bullet</font>
[20:09:21]ATTACK: <font color='red'>Syndicate Operative shot statue with The bullet</font>
[20:09:21]ATTACK: <font color='red'>Syndicate Operative shot statue with The bullet</font>
[20:09:25]ATTACK: <font color='red'>Russian shot Russian Spetsnaz with The bullet</font>
[20:09:25]ATTACK: <font color='red'>Commander Popov shot statue with The bullet</font>
[20:09:25]ATTACK: <font color='red'>Russian Spetsnaz shot leghorse with The bullet</font>
[20:09:25]ATTACK: <font color='red'>Russian Spetsnaz shot leghorse with The bullet</font>
[20:09:25]ATTACK: <font color='red'>Russian Spetsnaz shot leghorse with The bullet</font>
[20:09:29]ATTACK: <font color='red'>Syndicate Operative shot statue with The bullet</font>
[20:09:29]ATTACK: <font color='red'>Syndicate Operative shot statue with The bullet</font>
[20:09:30]ATTACK: <font color='red'>Syndicate Operative shot statue with The bullet</font>
[20:09:31]ATTACK: <font color='red'>Syndicate Operative shot statue with The bullet</font>
[20:09:32]ATTACK: <font color='red'>Syndicate Operative shot statue with The bullet</font>
[20:09:32]ATTACK: <font color='red'>Syndicate Operative shot statue with The bullet</font>
[20:09:33]ATTACK: <font color='red'>Russian shot leghorse with The bullet</font>
[20:09:33]ATTACK: <font color='red'>Commander Popov shot statue with The bullet</font>
[20:09:35]ATTACK: <font color='red'>Syndicate Operative shot statue with The bullet</font>
[20:09:36]ATTACK: <font color='red'>Syndicate Operative shot statue with The bullet</font>
[20:09:36]ATTACK: <font color='red'>Syndicate Operative shot statue with The bullet</font>
[20:09:38]ATTACK: <font color='red'>Syndicate Operative shot statue with The bullet</font>
[20:09:38]ATTACK: <font color='red'>Syndicate Operative shot statue with The bullet</font>
[20:09:38]ATTACK: <font color='red'>Syndicate Operative shot statue with The bullet</font>
[20:09:42]ATTACK: <font color='red'>Syndicate Operative shot statue with The bullet</font>
[20:09:42]ATTACK: <font color='red'>Commander Popov shot statue with The bullet</font>
[20:09:42]ATTACK: <font color='red'>Syndicate Operative shot statue with The bullet</font>
[20:09:42]ATTACK: <font color='red'>Syndicate Operative shot statue with The bullet</font>
[20:09:46]ATTACK: <font color='red'>Syndicate Operative shot statue with The bullet</font>
[20:09:46]ATTACK: <font color='red'>Syndicate Operative shot statue with The bullet</font>
[20:09:47]ATTACK: <font color='red'>Syndicate Operative shot statue with The bullet</font>
[20:09:50]ATTACK: <font color='red'>Commander Popov shot statue with The bullet</font>
[20:09:54]ATTACK: <font color='red'>Syndicate Operative shot statue with The bullet</font>
[20:09:55]ATTACK: <font color='red'>Syndicate Operative shot statue with The bullet</font>
[20:09:55]ATTACK: <font color='red'>Syndicate Operative shot statue with The bullet</font>
[20:09:56]ATTACK: <font color='red'>Syndicate Operative shot statue with The bullet</font>
[20:09:57]ATTACK: <font color='red'>Syndicate Operative shot statue with The bullet</font>
[20:09:57]ATTACK: <font color='red'>Syndicate Operative shot statue with The bullet</font>
[20:09:59]ATTACK: <font color='red'>Commander Popov shot statue with The bullet</font>
[20:10:05]ATTACK: <font color='red'>Syndicate Operative shot statue with The bullet</font>
[20:10:05]ATTACK: <font color='red'>Syndicate Operative shot statue with The bullet</font>
[20:10:05]ATTACK: <font color='red'>Syndicate Operative shot statue with The bullet</font>
[20:10:09]ATTACK: <font color='red'>Commander Popov shot statue with The bullet</font>
[20:10:11]ATTACK: <font color='red'>Syndicate Operative shot statue with The bullet</font>
[20:10:11]ATTACK: <font color='red'>Syndicate Operative shot statue with The bullet</font>
[20:10:12]ATTACK: <font color='red'>Syndicate Operative shot statue with The bullet</font>
[20:10:13]ATTACK: <font color='red'>Syndicate Operative shot statue with The bullet</font>
[20:10:14]ATTACK: <font color='red'>Syndicate Operative shot statue with The bullet</font>
[20:10:14]ATTACK: <font color='red'>Syndicate Operative shot statue with The bullet</font>
[20:10:15]ATTACK: <font color='red'>Commander Popov shot statue with The bullet</font>
[20:10:17]ATTACK: <font color='red'>Syndicate Operative shot statue with The bullet</font>
[20:10:18]ATTACK: <font color='red'>Syndicate Operative shot statue with The bullet</font>
[20:10:18]ATTACK: <font color='red'>Syndicate Operative shot statue with The bullet</font>
[20:10:20]ATTACK: <font color='red'>Syndicate Operative shot statue with The bullet</font>
[20:10:20]ATTACK: <font color='red'>Syndicate Operative shot statue with The bullet</font>
[20:10:20]ATTACK: <font color='red'>Syndicate Operative shot statue with The bullet</font>
[20:10:22]ATTACK: <font color='red'>Commander Popov shot statue with The bullet</font>
[20:10:24]ATTACK: <font color='red'>Syndicate Operative shot statue with The bullet</font>
[20:10:24]ATTACK: <font color='red'>Syndicate Operative shot statue with The bullet</font>
[20:10:24]ATTACK: <font color='red'>Syndicate Operative shot statue with The bullet</font>
[20:10:30]ATTACK: <font color='red'>Syndicate Operative shot statue with The bullet</font>
[20:10:30]ATTACK: <font color='red'>Syndicate Operative shot statue with The bullet</font>
[20:10:31]ATTACK: <font color='red'>Syndicate Operative shot statue with The bullet</font>
[20:10:34]ATTACK: <font color='red'>Commander Popov shot statue with The bullet</font>
[20:10:36]ATTACK: <font color='red'>Syndicate Operative shot statue with The bullet</font>
[20:10:37]ATTACK: <font color='red'>Syndicate Operative shot statue with The bullet</font>
[20:10:37]ATTACK: <font color='red'>Syndicate Operative shot statue with The bullet</font>
[20:10:41]ATTACK: <font color='red'>Syndicate Operative shot statue with The bullet</font>
[20:10:41]ATTACK: <font color='red'>Syndicate Operative shot statue with The bullet</font>
[20:10:41]ATTACK: <font color='red'>Syndicate Operative shot statue with The bullet</font>
[20:10:44]ATTACK: <font color='red'>Commander Popov shot statue with The bullet</font>
[20:10:47]ATTACK: <font color='red'>Syndicate Operative shot statue with The bullet</font>
[20:10:47]ATTACK: <font color='red'>Syndicate Operative shot statue with The bullet</font>
[20:10:47]ATTACK: <font color='red'>Syndicate Operative shot statue with The bullet</font>
[20:10:51]ATTACK: <font color='red'>Syndicate Operative shot statue with The bullet</font>
[20:10:51]ATTACK: <font color='red'>Syndicate Operative shot statue with The bullet</font>
[20:10:52]ATTACK: <font color='red'>Syndicate Operative shot statue with The bullet</font>
[20:10:53]ATTACK: <font color='red'>Commander Popov shot statue with The bullet</font>
[20:11:02]ATTACK: <font color='red'>Syndicate Operative shot statue with The bullet</font>
[20:11:02]ATTACK: <font color='red'>Syndicate Operative shot statue with The bullet</font>
[20:11:02]ATTACK: <font color='red'>Syndicate Operative shot statue with The bullet</font>
[20:11:06]ATTACK: <font color='red'>Syndicate Operative shot statue with The bullet</font>
[20:11:06]ATTACK: <font color='red'>Syndicate Operative shot statue with The bullet</font>
[20:11:06]ATTACK: <font color='red'>Syndicate Operative shot statue with The bullet</font>
[20:11:12]ATTACK: <font color='red'>Commander Popov shot statue with The bullet</font>
[20:11:18]ATTACK: <font color='red'>Syndicate Operative shot statue with The bullet</font>
[20:11:19]ATTACK: <font color='red'>Syndicate Operative shot statue with The bullet</font>
[20:11:19]ATTACK: <font color='red'>Syndicate Operative shot statue with The bullet</font>
[20:11:27]ATTACK: <font color='red'>Syndicate Operative shot statue with The bullet</font>
[20:11:27]ATTACK: <font color='red'>Syndicate Operative shot statue with The bullet</font>
[20:11:27]ATTACK: <font color='red'>Syndicate Operative shot statue with The bullet</font>
[20:11:31]ATTACK: <font color='red'>Commander Popov shot statue with The bullet</font>
[20:11:35]ATTACK: <font color='red'>Syndicate Operative shot statue with The bullet</font>
[20:11:36]ATTACK: <font color='red'>Syndicate Operative shot statue with The bullet</font>
[20:11:36]ATTACK: <font color='red'>Syndicate Operative shot statue with The bullet</font>
[20:11:37]ATTACK: <font color='red'>Syndicate Operative shot statue with The bullet</font>
[20:11:38]ATTACK: <font color='red'>Syndicate Operative shot statue with The bullet</font>
[20:11:38]ATTACK: <font color='red'>Syndicate Operative shot statue with The bullet</font>
[20:11:44]ATTACK: <font color='red'>Commander Popov shot statue with The bullet</font>
[20:11:52]ATTACK: <font color='red'>Syndicate Operative shot statue with The bullet</font>
[20:11:52]ATTACK: <font color='red'>Syndicate Operative shot statue with The bullet</font>
[20:11:52]ATTACK: <font color='red'>Syndicate Operative shot statue with The bullet</font>
[20:11:54]ATTACK: <font color='red'>Syndicate Operative shot statue with The bullet</font>
[20:11:54]ATTACK: <font color='red'>Syndicate Operative shot statue with The bullet</font>
[20:11:55]ATTACK: <font color='red'>Syndicate Operative shot statue with The bullet</font>
[20:11:58]ATTACK: <font color='red'>Commander Popov shot statue with The bullet</font>
[20:12:05]ATTACK: <font color='red'>alien empress shot alien empress with The neurotoxin</font>
[20:12:07]ATTACK: <font color='red'>alien empress shot alien empress with The neurotoxin</font>
[20:12:07]ATTACK: <font color='red'>alien empress shot space bear with The neurotoxin</font>
[20:12:07]ATTACK: <font color='red'>Syndicate Operative shot statue with The bullet</font>
[20:12:07]ATTACK: <font color='red'>Syndicate Operative shot statue with The bullet</font>
[20:12:07]ATTACK: <font color='red'>Syndicate Operative shot statue with The bullet</font>
[20:12:09]ATTACK: <font color='red'>alien empress shot alien empress with The neurotoxin</font>
[20:12:09]ATTACK: <font color='red'>alien empress shot alien empress with The neurotoxin</font>
[20:12:09]ATTACK: <font color='red'>alien empress shot alien empress with The neurotoxin</font>
[20:12:09]ATTACK: <font color='red'>alien empress shot alien empress with The neurotoxin</font>
[20:12:09]ATTACK: <font color='red'>alien empress shot alien empress with The neurotoxin</font>
[20:12:09]ATTACK: <font color='red'>alien empress shot alien empress with The neurotoxin</font>
[20:12:09]ATTACK: <font color='red'>alien empress shot alien empress with The neurotoxin</font>
[20:12:09]ATTACK: <font color='red'>alien empress shot space bear with The neurotoxin</font>
[20:12:09]ATTACK: <font color='red'>Syndicate Operative shot statue with The bullet</font>
[20:12:09]ATTACK: <font color='red'>Syndicate Operative shot statue with The bullet</font>
[20:12:09]ATTACK: <font color='red'>Syndicate Operative shot statue with The bullet</font>
[20:12:11]ATTACK: <font color='red'>Commander Popov shot statue with The bullet</font>
[20:12:17]ATTACK: <font color='red'>alien empress shot space bear with The neurotoxin</font>
[20:12:17]ATTACK: <font color='red'>alien empress shot space bear with The neurotoxin</font>
[20:12:17]ATTACK: <font color='red'>alien empress shot alien empress with The neurotoxin</font>
[20:12:17]ATTACK: <font color='red'>alien empress shot space bear with The neurotoxin</font>
[20:12:17]ATTACK: <font color='red'>Syndicate Operative shot statue with The bullet</font>
[20:12:17]ATTACK: <font color='red'>Syndicate Operative shot statue with The bullet</font>
[20:12:18]ATTACK: <font color='red'>Syndicate Operative shot statue with The bullet</font>
[20:12:21]ATTACK: <font color='red'>alien empress shot space bear with The neurotoxin</font>
[20:12:21]ATTACK: <font color='red'>alien empress shot alien empress with The neurotoxin</font>
[20:12:21]ATTACK: <font color='red'>alien empress shot alien empress with The neurotoxin</font>
[20:12:21]ATTACK: <font color='red'>alien empress shot alien empress with The neurotoxin</font>
[20:12:21]ATTACK: <font color='red'>alien empress shot space bear with The neurotoxin</font>
[20:12:21]ATTACK: <font color='red'>alien empress shot space bear with The neurotoxin</font>
[20:12:22]ATTACK: <font color='red'>Russian shot space bear with The bullet</font>
[20:12:22]ATTACK: <font color='red'>Syndicate Operative shot statue with The bullet</font>
[20:12:22]ATTACK: <font color='red'>Syndicate Operative shot statue with The bullet</font>
[20:12:23]ATTACK: <font color='red'>alien empress shot space bear with The neurotoxin</font>
[20:12:24]ATTACK: <font color='red'>Commander Popov shot statue with The bullet</font>
[20:12:27]ATTACK: <font color='red'>alien empress shot space bear with The neurotoxin</font>
[20:12:27]ATTACK: <font color='red'>alien empress shot alien empress with The neurotoxin</font>
[20:12:28]ATTACK: <font color='red'>alien empress shot space bear with The neurotoxin</font>
[20:12:28]ATTACK: <font color='red'>Syndicate Operative shot statue with The bullet</font>
[20:12:28]ATTACK: <font color='red'>Syndicate Operative shot statue with The bullet</font>
[20:12:28]ATTACK: <font color='red'>Syndicate Operative shot statue with The bullet</font>
[20:12:29]ATTACK: <font color='red'>alien empress shot alien empress with The neurotoxin</font>
[20:12:29]ATTACK: <font color='red'>alien empress shot space bear with The neurotoxin</font>
[20:12:30]ATTACK: <font color='red'>alien empress shot alien empress with The neurotoxin</font>
[20:12:30]ATTACK: <font color='red'>Russian shot space bear with The bullet</font>
[20:12:30]ATTACK: <font color='red'>alien empress shot Russian with The neurotoxin</font>
[20:12:30]ATTACK: <font color='red'>Syndicate Operative shot statue with The bullet</font>
[20:12:30]ATTACK: <font color='red'>Syndicate Operative shot statue with The bullet</font>
[20:12:30]ATTACK: <font color='red'>Syndicate Operative shot statue with The bullet</font>
[20:12:34]ATTACK: <font color='red'>alien empress shot space bear with The neurotoxin</font>
[20:12:34]ATTACK: <font color='red'>Commander Popov shot statue with The bullet</font>
[20:12:36]ATTACK: <font color='red'>alien empress shot space bear with The neurotoxin</font>
[20:12:36]ATTACK: <font color='red'>alien empress shot alien empress with The neurotoxin</font>
[20:12:36]ATTACK: <font color='red'>Syndicate Operative shot statue with The bullet</font>
[20:12:36]ATTACK: <font color='red'>Syndicate Operative shot statue with The bullet</font>
[20:12:37]ATTACK: <font color='red'>Syndicate Operative shot statue with The bullet</font>
[20:12:40]ATTACK: <font color='red'>alien empress shot space bear with The neurotoxin</font>
[20:12:40]ATTACK: <font color='red'>alien empress shot space bear with The neurotoxin</font>
[20:12:40]ATTACK: <font color='red'>alien empress shot alien empress with The neurotoxin</font>
[20:12:40]ATTACK: <font color='red'>alien empress shot space bear with The neurotoxin</font>
[20:12:40]ATTACK: <font color='red'>alien empress shot space bear with The neurotoxin</font>
[20:12:40]ATTACK: <font color='red'>alien empress shot alien empress with The neurotoxin</font>
[20:12:41]ATTACK: <font color='red'>Syndicate Operative shot statue with The bullet</font>
[20:12:46]ATTACK: <font color='red'>alien empress shot space bear with The neurotoxin</font>
[20:12:46]ATTACK: <font color='red'>alien empress shot alien empress with The neurotoxin</font>
[20:12:46]ATTACK: <font color='red'>alien empress shot Syndicate Operative with The neurotoxin</font>
[20:12:47]ATTACK: <font color='red'>alien empress shot Zeke Bash with The neurotoxin</font>
[20:12:48]ATTACK: <font color='red'>alien empress shot space bear with The neurotoxin</font>
[20:12:49]ATTACK: <font color='red'>alien empress shot space bear with The neurotoxin</font>
[20:12:55]ATTACK: <font color='red'>Commander Popov shot statue with The bullet</font>
[20:13:01]ATTACK: <font color='red'>alien empress shot statue with The neurotoxin</font>
[20:13:05]ATTACK: <font color='red'>alien empress shot alien empress with The neurotoxin</font>
[20:13:10]ATTACK: <font color='red'>Commander Popov shot statue with The bullet</font>
[20:13:14]ATTACK: <font color='red'>alien empress shot alien empress with The neurotoxin</font>
[20:13:20]ATTACK: <font color='red'>alien empress shot Commander Popov with The neurotoxin</font>
[20:13:20]ATTACK: <font color='red'>Syndicate Operative shot statue with The bullet</font>
[20:13:20]ATTACK: <font color='red'>Syndicate Operative shot statue with The bullet</font>
[20:13:24]ATTACK: <font color='red'>Commander Popov shot statue with The bullet</font>
[20:13:31]ATTACK: <font color='red'>alien empress shot statue with The neurotoxin</font>
[20:13:35]ATTACK: <font color='red'>Syndicate Operative shot statue with The bullet</font>
[20:13:39]ATTACK: <font color='red'>Commander Popov shot statue with The bullet</font>
[20:13:42]ATTACK: <font color='red'>alien empress shot giant space bee with The neurotoxin</font>
[20:13:43]ATTACK: <font color='red'>alien empress shot statue with The neurotoxin</font>
[20:13:47]ATTACK: <font color='red'>alien empress shot giant space bee with The neurotoxin</font>
[20:13:47]ATTACK: <font color='red'>alien empress shot giant space bee with The neurotoxin</font>
[20:13:48]ATTACK: <font color='red'>alien empress shot giant space bee with The neurotoxin</font>
[20:13:48]ATTACK: <font color='red'>Syndicate Operative shot statue with The bullet</font>
[20:13:48]ATTACK: <font color='red'>Syndicate Operative shot statue with The bullet</font>
[20:13:52]ATTACK: <font color='red'>Commander Popov shot statue with The bullet</font>
[20:13:54]ATTACK: <font color='red'>alien empress shot alien empress with The neurotoxin</font>
[20:13:54]ATTACK: <font color='red'>alien empress shot statue with The neurotoxin</font>
[20:14:00]ATTACK: <font color='red'>alien empress shot giant space bee with The neurotoxin</font>
[20:14:00]ATTACK: <font color='red'>alien empress shot alien empress with The neurotoxin</font>
[20:14:00]ATTACK: <font color='red'>alien empress shot giant space bee with The neurotoxin</font>
[20:14:00]ATTACK: <font color='red'>alien empress shot giant space bee with The neurotoxin</font>
[20:14:00]ATTACK: <font color='red'>Syndicate Operative shot statue with The bullet</font>
[20:14:01]ATTACK: <font color='red'>Syndicate Operative shot statue with The bullet</font>
[20:14:02]ATTACK: <font color='red'>Commander Popov shot statue with The bullet</font>
[20:14:04]ATTACK: <font color='red'>alien empress shot alien empress with The neurotoxin</font>
[20:14:04]ATTACK: <font color='red'>alien empress shot statue with The neurotoxin</font>
[20:14:06]ATTACK: <font color='red'>alien empress shot giant space bee with The neurotoxin</font>
[20:14:06]ATTACK: <font color='red'>alien empress shot alien empress with The neurotoxin</font>
[20:14:06]ATTACK: <font color='red'>alien empress shot giant space bee with The neurotoxin</font>
[20:14:06]ATTACK: <font color='red'>alien empress shot giant space bee with The neurotoxin</font>
[20:14:07]ATTACK: <font color='red'>Syndicate Operative shot statue with The bullet</font>
[20:14:13]ATTACK: <font color='red'>Commander Popov shot statue with The bullet</font>
[20:14:23]ATTACK: <font color='red'>alien empress shot giant space bee with The neurotoxin</font>
[20:14:23]ATTACK: <font color='red'>alien empress shot statue with The neurotoxin</font>
[20:14:27]ATTACK: <font color='red'>alien empress shot Commander Popov with The neurotoxin</font>
[20:14:27]ATTACK: <font color='red'>alien empress shot giant space bee with The neurotoxin</font>
[20:14:27]ATTACK: <font color='red'>alien empress shot giant space bee with The neurotoxin</font>
[20:14:27]ATTACK: <font color='red'>Syndicate Operative shot statue with The bullet</font>
[20:14:28]ATTACK: <font color='red'>Syndicate Operative shot statue with The bullet</font>
[20:14:28]ATTACK: <font color='red'>Syndicate Operative shot statue with The bullet</font>
[20:14:34]ATTACK: <font color='red'>Commander Popov shot statue with The bullet</font>
[20:14:40]ATTACK: <font color='red'>alien empress shot giant space bee with The neurotoxin</font>
[20:14:40]ATTACK: <font color='red'>alien empress shot statue with The neurotoxin</font>
[20:14:40]ATTACK: <font color='red'>alien empress shot alien empress with The neurotoxin</font>
[20:14:40]ATTACK: <font color='red'>alien empress shot alien empress with The neurotoxin</font>
[20:14:42]ATTACK: <font color='red'>alien empress shot Commander Popov with The neurotoxin</font>
[20:14:42]ATTACK: <font color='red'>Syndicate Operative shot statue with The bullet</font>
[20:14:43]ATTACK: <font color='red'>Syndicate Operative shot statue with The bullet</font>
[20:14:44]ATTACK: <font color='red'>Syndicate Operative shot statue with The bullet</font>
[20:14:46]ATTACK: <font color='red'>alien empress shot giant space bee with The neurotoxin</font>
[20:14:46]ATTACK: <font color='red'>alien empress shot statue with The neurotoxin</font>
[20:14:50]ATTACK: <font color='red'>alien empress shot statue with The neurotoxin</font>
[20:14:50]ATTACK: <font color='red'>alien empress shot alien empress with The neurotoxin</font>
[20:14:50]ATTACK: <font color='red'>alien empress shot alien empress with The neurotoxin</font>
[20:14:51]ATTACK: <font color='red'>Syndicate Operative shot statue with The bullet</font>
[20:14:51]ATTACK: <font color='red'>Syndicate Operative shot statue with The bullet</font>
[20:14:51]ATTACK: <font color='red'>Syndicate Operative shot statue with The bullet</font>
[20:14:53]ATTACK: <font color='red'>alien empress shot alien empress with The neurotoxin</font>
[20:15:03]ATTACK: <font color='red'>alien empress shot statue with The neurotoxin</font>
[20:15:11]ATTACK: <font color='red'>alien empress shot Syndicate Operative with The neurotoxin</font>
[20:15:13]ATTACK: <font color='red'>alien empress shot alien empress with The neurotoxin</font>
[20:15:16]ATTACK: <font color='red'>alien empress shot alien empress with The neurotoxin</font>
[20:15:22]ATTACK: <font color='red'>alien empress shot statue with The neurotoxin</font>
[20:15:24]ATTACK: <font color='red'>alien empress shot statue with The neurotoxin</font>
[20:15:30]ATTACK: <font color='red'>alien empress shot statue with The neurotoxin</font>
[20:15:37]ATTACK: <font color='red'>alien empress shot statue with The neurotoxin</font>
[20:15:54]ATTACK: <font color='red'>alien empress shot alien empress with The neurotoxin</font>
[20:15:55]ATTACK: <font color='red'>alien empress shot goliath with The neurotoxin</font>
[20:15:57]ATTACK: <font color='red'>alien empress shot alien empress with The neurotoxin</font>
[20:16:02]ATTACK: <font color='red'>alien empress shot alien empress with The neurotoxin</font>
[20:16:02]ATTACK: <font color='red'>alien empress shot statue with The neurotoxin</font>
[20:16:02]ATTACK: <font color='red'>alien empress shot goliath with The neurotoxin</font>
[20:16:02]ATTACK: <font color='red'>alien empress shot goliath with The neurotoxin</font>
[20:16:08]ATTACK: <font color='red'>alien empress shot goliath with The neurotoxin</font>
[20:16:08]ATTACK: <font color='red'>alien empress shot goliath with The neurotoxin</font>
[20:16:08]ATTACK: <font color='red'>alien empress shot statue with The neurotoxin</font>
[20:16:10]ATTACK: <font color='red'>alien empress shot alien empress with The neurotoxin</font>
[20:16:10]ATTACK: <font color='red'>alien empress shot goliath with The neurotoxin</font>
[20:16:10]ATTACK: <font color='red'>alien empress shot statue with The neurotoxin</font>
[20:16:16]ATTACK: <font color='red'>alien empress shot alien empress with The neurotoxin</font>
[20:16:16]ATTACK: <font color='red'>alien empress shot alien empress with The neurotoxin</font>
[20:16:16]ATTACK: <font color='red'>alien empress shot alien empress with The neurotoxin</font>
[20:16:16]ATTACK: <font color='red'>alien empress shot goliath with The neurotoxin</font>
[20:16:17]ATTACK: <font color='red'>alien empress shot statue with The neurotoxin</font>
[20:16:18]ATTACK: <font color='red'>alien empress shot goliath with The neurotoxin</font>
[20:16:19]ATTACK: <font color='red'>alien empress shot goliath with The neurotoxin</font>
[20:16:19]ATTACK: <font color='red'>alien empress shot statue with The neurotoxin</font>
[20:16:25]ATTACK: <font color='red'>alien empress shot alien empress with The neurotoxin</font>
[20:16:25]ATTACK: <font color='red'>alien empress shot alien empress with The neurotoxin</font>
[20:16:25]ATTACK: <font color='red'>alien empress shot goliath with The neurotoxin</font>
[20:16:29]ATTACK: <font color='red'>alien empress shot alien empress with The neurotoxin</font>
[20:16:29]ATTACK: <font color='red'>alien empress shot goliath with The neurotoxin</font>
[20:16:29]ATTACK: <font color='red'>alien empress shot statue with The neurotoxin</font>
[20:16:29]ATTACK: <font color='red'>alien empress shot goliath with The neurotoxin</font>
[20:16:33]ATTACK: <font color='red'>alien empress shot statue with The neurotoxin</font>
[20:16:40]ATTACK: <font color='red'>alien empress shot statue with The neurotoxin</font>
[20:16:40]ATTACK: <font color='red'>alien empress shot goliath with The neurotoxin</font>
[20:16:40]ATTACK: <font color='red'>alien empress shot goliath with The neurotoxin</font>
[20:16:44]ATTACK: <font color='red'>alien empress shot goliath with The neurotoxin</font>
[20:16:44]ATTACK: <font color='red'>alien empress shot alien empress with The neurotoxin</font>
[20:16:44]ATTACK: <font color='red'>alien empress shot goliath with The neurotoxin</font>
[20:16:44]ATTACK: <font color='red'>alien empress shot alien empress with The neurotoxin</font>
[20:16:44]ATTACK: <font color='red'>alien empress shot statue with The neurotoxin</font>
[20:16:46]ATTACK: <font color='red'>alien empress shot goliath with The neurotoxin</font>
[20:16:46]ATTACK: <font color='red'>alien empress shot statue with The neurotoxin</font>
[20:16:48]ATTACK: <font color='red'>alien empress shot goliath with The neurotoxin</font>
[20:16:48]ATTACK: <font color='red'>alien empress shot alien empress with The neurotoxin</font>
[20:16:48]ATTACK: <font color='red'>alien empress shot statue with The neurotoxin</font>
[20:16:48]ATTACK: <font color='red'>alien empress shot goliath with The neurotoxin</font>
[20:16:54]ATTACK: <font color='red'>alien empress shot alien empress with The neurotoxin</font>
[20:16:54]ATTACK: <font color='red'>alien empress shot goliath with The neurotoxin</font>
[20:16:54]ATTACK: <font color='red'>alien empress shot alien empress with The neurotoxin</font>
[20:16:54]ATTACK: <font color='red'>alien empress shot alien empress with The neurotoxin</font>
[20:16:55]ATTACK: <font color='red'>alien empress shot statue with The neurotoxin</font>
[20:16:56]ATTACK: <font color='red'>alien empress shot goliath with The neurotoxin</font>
[20:16:56]ATTACK: <font color='red'>alien empress shot goliath with The neurotoxin</font>
[20:16:56]ATTACK: <font color='red'>alien empress shot goliath with The neurotoxin</font>
[20:16:56]ATTACK: <font color='red'>alien empress shot statue with The neurotoxin</font>
[20:17:14]ATTACK: <font color='red'>alien empress shot statue with The neurotoxin</font>
[20:17:14]ATTACK: <font color='red'>alien empress shot goliath with The neurotoxin</font>
[20:17:15]ATTACK: <font color='red'>alien empress shot goliath with The neurotoxin</font>
[20:17:32]ATTACK: <font color='red'>alien empress shot goliath with The neurotoxin</font>
[20:17:33]ATTACK: <font color='red'>alien empress shot statue with The neurotoxin</font>
[20:17:34]ATTACK: <font color='red'>alien empress shot goliath with The neurotoxin</font>
[20:17:34]ATTACK: <font color='red'>alien empress shot goliath with The neurotoxin</font>
[20:17:40]ATTACK: <font color='red'>alien empress shot goliath with The neurotoxin</font>
[20:17:45]ATTACK: <font color='red'>alien empress shot goliath with The neurotoxin</font>
[20:17:45]ATTACK: <font color='red'>alien empress shot statue with The neurotoxin</font>
[20:17:45]ATTACK: <font color='red'>alien empress shot goliath with The neurotoxin</font>
[20:17:47]ATTACK: <font color='red'>alien empress shot alien empress with The neurotoxin</font>
[20:17:47]ATTACK: <font color='red'>alien empress shot alien empress with The neurotoxin</font>
[20:17:47]ATTACK: <font color='red'>alien empress shot statue with The neurotoxin</font>
[20:17:49]ATTACK: <font color='red'>alien empress shot goliath with The neurotoxin</font>
[20:17:49]ATTACK: <font color='red'>alien empress shot goliath with The neurotoxin</font>
[20:17:49]ATTACK: <font color='red'>alien empress shot statue with The neurotoxin</font>
[20:17:57]ATTACK: <font color='red'>alien empress shot statue with The neurotoxin</font>
[20:18:01]ATTACK: <font color='red'>alien empress shot statue with The neurotoxin</font>
[20:18:02]ATTACK: <font color='red'>alien empress shot alien empress with The neurotoxin</font>
[20:18:19]ATTACK: <font color='red'>alien empress shot statue with The neurotoxin</font>
[20:18:19]ATTACK: <font color='red'>alien empress shot goliath with The neurotoxin</font>
[20:18:23]ATTACK: <font color='red'>alien empress shot alien empress with The neurotoxin</font>
[20:18:29]ATTACK: <font color='red'>alien empress shot goliath with The neurotoxin</font>
[20:18:29]ATTACK: <font color='red'>alien empress shot goliath with The neurotoxin</font>
[20:18:29]ATTACK: <font color='red'>alien empress shot goliath with The neurotoxin</font>
[20:18:29]ATTACK: <font color='red'>alien empress shot statue with The neurotoxin</font>
[20:18:33]ATTACK: <font color='red'>alien empress shot goliath with The neurotoxin</font>
[20:18:33]ATTACK: <font color='red'>alien empress shot statue with The neurotoxin</font>
[20:18:39]ATTACK: <font color='red'>alien empress shot goliath with The neurotoxin</font>
[20:18:39]ATTACK: <font color='red'>alien empress shot goliath with The neurotoxin</font>
[20:18:39]ATTACK: <font color='red'>alien empress shot alien empress with The neurotoxin</font>
[20:18:40]ATTACK: <font color='red'>alien empress shot statue with The neurotoxin</font>
[20:18:43]ATTACK: <font color='red'>alien empress shot statue with The neurotoxin</font>
[20:18:44]ATTACK: <font color='red'>alien empress shot goliath with The neurotoxin</font>
[20:18:44]ATTACK: <font color='red'>alien empress shot goliath with The neurotoxin</font>
[20:18:44]ATTACK: <font color='red'>alien empress shot goliath with The neurotoxin</font>
[20:18:44]ATTACK: <font color='red'>alien empress shot goliath with The neurotoxin</font>
[20:18:46]ATTACK: <font color='red'>alien empress shot statue with The neurotoxin</font>
[20:18:48]ATTACK: <font color='red'>alien empress shot alien empress with The neurotoxin</font>
[20:18:48]ATTACK: <font color='red'>alien empress shot alien empress with The neurotoxin</font>
[20:18:48]ATTACK: <font color='red'>alien empress shot alien empress with The neurotoxin</font>
[20:18:48]ATTACK: <font color='red'>alien empress shot goliath with The neurotoxin</font>
[20:18:48]ATTACK: <font color='red'>alien empress shot goliath with The neurotoxin</font>
[20:18:50]ATTACK: <font color='red'>alien empress shot goliath with The neurotoxin</font>
[20:18:50]ATTACK: <font color='red'>alien empress shot alien empress with The neurotoxin</font>
[20:18:50]ATTACK: <font color='red'>alien empress shot alien empress with The neurotoxin</font>
[20:18:50]ATTACK: <font color='red'>alien empress shot goliath with The neurotoxin</font>
[20:18:50]ATTACK: <font color='red'>alien empress shot statue with The neurotoxin</font>
[20:18:52]ATTACK: <font color='red'>alien empress shot goliath with The neurotoxin</font>
[20:18:52]ATTACK: <font color='red'>alien empress shot statue with The neurotoxin</font>
[20:18:54]ATTACK: <font color='red'>alien empress shot goliath with The neurotoxin</font>
[20:18:54]ATTACK: <font color='red'>alien empress shot alien empress with The neurotoxin</font>
[20:18:54]ATTACK: <font color='red'>alien empress shot goliath with The neurotoxin</font>
[20:18:54]ATTACK: <font color='red'>alien empress shot statue with The neurotoxin</font>
[20:18:54]ATTACK: <font color='red'>alien empress shot alien empress with The neurotoxin</font>
[20:18:56]ATTACK: <font color='red'>alien empress shot goliath with The neurotoxin</font>
[20:18:56]ATTACK: <font color='red'>alien empress shot goliath with The neurotoxin</font>
[20:18:56]ATTACK: <font color='red'>alien empress shot alien empress with The neurotoxin</font>
[20:18:56]ATTACK: <font color='red'>alien empress shot statue with The neurotoxin</font>
[20:18:58]ATTACK: <font color='red'>alien empress shot statue with The neurotoxin</font>
[20:18:58]ATTACK: <font color='red'>alien empress shot goliath with The neurotoxin</font>
[20:19:00]ATTACK: <font color='red'>alien empress shot alien empress with The neurotoxin</font>
[20:19:00]ATTACK: <font color='red'>alien empress shot giant spider with The neurotoxin</font>
[20:19:01]ATTACK: <font color='red'>alien empress shot statue with The neurotoxin</font>
[20:19:02]ATTACK: <font color='red'>alien empress shot alien empress with The neurotoxin</font>
[20:19:02]ATTACK: <font color='red'>alien empress shot giant spider with The neurotoxin</font>
[20:19:03]ATTACK: <font color='red'>alien empress shot giant spider with The neurotoxin</font>
[20:19:03]ATTACK: <font color='red'>alien empress shot statue with The neurotoxin</font>
[20:19:05]ATTACK: <font color='red'>alien empress shot statue with The neurotoxin</font>
[20:19:05]ATTACK: <font color='red'>alien empress shot giant spider with The neurotoxin</font>
[20:19:05]ATTACK: <font color='red'>alien empress shot giant spider with The neurotoxin</font>
[20:19:07]ATTACK: <font color='red'>alien empress shot goliath with The neurotoxin</font>
[20:19:07]ATTACK: <font color='red'>alien empress shot giant spider with The neurotoxin</font>
[20:19:07]ATTACK: <font color='red'>alien empress shot statue with The neurotoxin</font>
[20:19:09]ATTACK: <font color='red'>alien empress shot giant spider with The neurotoxin</font>
[20:19:09]ATTACK: <font color='red'>alien empress shot giant spider with The neurotoxin</font>
[20:19:09]ATTACK: <font color='red'>alien empress shot goliath with The neurotoxin</font>
[20:19:09]ATTACK: <font color='red'>alien empress shot alien empress with The neurotoxin</font>
[20:19:09]ATTACK: <font color='red'>alien empress shot goliath with The neurotoxin</font>
[20:19:09]ATTACK: <font color='red'>alien empress shot statue with The neurotoxin</font>
[20:19:09]ATTACK: <font color='red'>alien empress shot alien empress with The neurotoxin</font>
[20:19:09]ATTACK: <font color='red'>alien empress shot giant spider with The neurotoxin</font>
[20:19:11]ATTACK: <font color='red'>alien empress shot giant spider with The neurotoxin</font>
[20:19:11]ATTACK: <font color='red'>alien empress shot statue with The neurotoxin</font>
[20:19:15]ATTACK: <font color='red'>alien empress shot giant spider with The neurotoxin</font>
[20:19:15]ATTACK: <font color='red'>alien empress shot alien empress with The neurotoxin</font>
[20:19:15]ATTACK: <font color='red'>alien empress shot goliath with The neurotoxin</font>
[20:19:15]ATTACK: <font color='red'>alien empress shot goliath with The neurotoxin</font>
[20:19:15]ATTACK: <font color='red'>alien empress shot statue with The neurotoxin</font>
[20:19:15]ATTACK: <font color='red'>alien empress shot goliath with The neurotoxin</font>
[20:19:16]ATTACK: <font color='red'>alien empress shot goliath with The neurotoxin</font>
[20:19:17]ATTACK: <font color='red'>alien empress shot giant spider with The neurotoxin</font>
[20:19:17]ATTACK: <font color='red'>alien empress shot statue with The neurotoxin</font>
[20:19:17]ATTACK: <font color='red'>alien empress shot giant spider with The neurotoxin</font>
[20:19:17]ATTACK: <font color='red'>alien empress shot goliath with The neurotoxin</font>
[20:19:19]ATTACK: <font color='red'>alien empress shot giant spider with The neurotoxin</font>
[20:19:20]ATTACK: <font color='red'>alien empress shot statue with The neurotoxin</font>
[20:19:21]ATTACK: <font color='red'>alien empress shot giant spider with The neurotoxin</font>
[20:19:21]ATTACK: <font color='red'>alien empress shot giant spider with The neurotoxin</font>
[20:19:21]ATTACK: <font color='red'>alien empress shot giant spider with The neurotoxin</font>
[20:19:22]ATTACK: <font color='red'>alien empress shot statue with The neurotoxin</font>
[20:19:22]ATTACK: <font color='red'>alien empress shot goliath with The neurotoxin</font>
[20:19:23]ATTACK: <font color='red'>alien empress shot giant spider with The neurotoxin</font>
[20:19:23]ATTACK: <font color='red'>alien empress shot giant spider with The neurotoxin</font>
[20:19:24]ATTACK: <font color='red'>alien empress shot alien empress with The neurotoxin</font>
[20:19:24]ATTACK: <font color='red'>alien empress shot statue with The neurotoxin</font>
[20:19:26]ATTACK: <font color='red'>alien empress shot alien empress with The neurotoxin</font>
[20:19:26]ATTACK: <font color='red'>alien empress shot giant spider with The neurotoxin</font>
[20:19:28]ATTACK: <font color='red'>alien empress shot giant spider with The neurotoxin</font>
[20:19:28]ATTACK: <font color='red'>alien empress shot statue with The neurotoxin</font>
[20:19:28]ATTACK: <font color='red'>alien empress shot goliath with The neurotoxin</font>
[20:19:28]ATTACK: <font color='red'>alien empress shot giant spider with The neurotoxin</font>
[20:19:30]ATTACK: <font color='red'>alien empress shot statue with The neurotoxin</font>
[20:19:32]ATTACK: <font color='red'>alien empress shot alien empress with The neurotoxin</font>
[20:19:32]ATTACK: <font color='red'>alien empress shot alien empress with The neurotoxin</font>
[20:19:32]ATTACK: <font color='red'>alien empress shot giant spider with The neurotoxin</font>
[20:19:34]ATTACK: <font color='red'>alien empress shot giant spider with The neurotoxin</font>
[20:19:34]ATTACK: <font color='red'>alien empress shot giant spider with The neurotoxin</font>
[20:19:34]ATTACK: <font color='red'>alien empress shot giant spider with The neurotoxin</font>
[20:19:34]ATTACK: <font color='red'>alien empress shot goliath with The neurotoxin</font>
[20:19:34]ATTACK: <font color='red'>alien empress shot statue with The neurotoxin</font>
[20:19:36]ATTACK: <font color='red'>alien empress shot statue with The neurotoxin</font>
[20:19:38]ATTACK: <font color='red'>alien empress shot giant spider with The neurotoxin</font>
[20:19:38]ATTACK: <font color='red'>alien empress shot alien empress with The neurotoxin</font>
[20:19:38]ATTACK: <font color='red'>alien empress shot giant spider with The neurotoxin</font>
[20:19:40]ATTACK: <font color='red'>alien empress shot alien empress with The neurotoxin</font>
[20:19:40]ATTACK: <font color='red'>alien empress shot giant spider with The neurotoxin</font>
[20:19:40]ATTACK: <font color='red'>alien empress shot giant spider with The neurotoxin</font>
[20:19:40]ATTACK: <font color='red'>alien empress shot statue with The neurotoxin</font>
[20:19:41]ATTACK: <font color='red'>alien empress shot statue with The neurotoxin</font>
[20:19:43]ATTACK: <font color='red'>alien empress shot statue with The neurotoxin</font>
[20:19:44]ATTACK: <font color='red'>alien empress shot giant spider with The neurotoxin</font>
[20:19:44]ATTACK: <font color='red'>alien empress shot giant spider with The neurotoxin</font>
[20:19:45]ATTACK: <font color='red'>alien empress shot statue with The neurotoxin</font>
[20:19:46]ATTACK: <font color='red'>alien empress shot giant spider with The neurotoxin</font>
[20:19:47]ATTACK: <font color='red'>alien empress shot giant spider with The neurotoxin</font>
[20:19:47]ATTACK: <font color='red'>alien empress shot giant spider with The neurotoxin</font>
[20:19:47]ATTACK: <font color='red'>alien empress shot statue with The neurotoxin</font>
[20:19:47]ATTACK: <font color='red'>alien empress shot statue with The neurotoxin</font>
[20:19:49]ATTACK: <font color='red'>alien empress shot giant spider with The neurotoxin</font>
[20:19:49]ATTACK: <font color='red'>alien empress shot statue with The neurotoxin</font>
[20:19:51]ATTACK: <font color='red'>alien empress shot statue with The neurotoxin</font>
[20:19:53]ATTACK: <font color='red'>alien empress shot giant spider with The neurotoxin</font>
[20:19:53]ATTACK: <font color='red'>alien empress shot giant spider with The neurotoxin</font>
[20:19:53]ATTACK: <font color='red'>alien empress shot giant spider with The neurotoxin</font>
[20:19:53]ATTACK: <font color='red'>alien empress shot statue with The neurotoxin</font>
[20:19:53]ATTACK: <font color='red'>alien empress shot statue with The neurotoxin</font>
[20:19:55]ATTACK: <font color='red'>alien empress shot giant spider with The neurotoxin</font>
[20:19:55]ATTACK: <font color='red'>alien empress shot statue with The neurotoxin</font>
[20:19:57]ATTACK: <font color='red'>alien empress shot statue with The neurotoxin</font>
[20:19:59]ATTACK: <font color='red'>alien empress shot giant spider with The neurotoxin</font>
[20:19:59]ATTACK: <font color='red'>alien empress shot giant spider with The neurotoxin</font>
[20:19:59]ATTACK: <font color='red'>alien empress shot giant spider with The neurotoxin</font>
[20:19:59]ATTACK: <font color='red'>alien empress shot giant spider with The neurotoxin</font>
[20:19:59]ATTACK: <font color='red'>alien empress shot statue with The neurotoxin</font>
[20:19:59]ATTACK: <font color='red'>alien empress shot statue with The neurotoxin</font>
[20:20:01]ATTACK: <font color='red'>alien empress shot giant spider with The neurotoxin</font>
[20:20:01]ATTACK: <font color='red'>alien empress shot statue with The neurotoxin</font>
[20:20:03]ATTACK: <font color='red'>alien empress shot statue with The neurotoxin</font>
[20:20:05]ATTACK: <font color='red'>alien empress shot giant spider with The neurotoxin</font>
[20:20:06]ATTACK: <font color='red'>alien empress shot giant spider with The neurotoxin</font>
[20:20:06]ATTACK: <font color='red'>alien empress shot giant spider with The neurotoxin</font>
[20:20:06]ATTACK: <font color='red'>alien empress shot statue with The neurotoxin</font>
[20:20:06]ATTACK: <font color='red'>alien empress shot statue with The neurotoxin</font>
[20:20:08]ATTACK: <font color='red'>alien empress shot giant spider with The neurotoxin</font>
[20:20:08]ATTACK: <font color='red'>alien empress shot statue with The neurotoxin</font>
[20:20:08]ATTACK: <font color='red'>alien empress shot giant spider with The neurotoxin</font>
[20:20:10]ATTACK: <font color='red'>alien empress shot statue with The neurotoxin</font>
[20:20:12]ATTACK: <font color='red'>alien empress shot giant spider with The neurotoxin</font>
[20:20:12]ATTACK: <font color='red'>alien empress shot statue with The neurotoxin</font>
[20:20:12]ATTACK: <font color='red'>alien empress shot statue with The neurotoxin</font>
[20:20:14]ATTACK: <font color='red'>alien empress shot giant spider with The neurotoxin</font>
[20:20:14]ATTACK: <font color='red'>alien empress shot giant spider with The neurotoxin</font>
[20:20:14]ATTACK: <font color='red'>alien empress shot statue with The neurotoxin</font>
[20:20:16]ATTACK: <font color='red'>alien empress shot statue with The neurotoxin</font>
[20:20:18]ATTACK: <font color='red'>alien empress shot giant spider with The neurotoxin</font>
[20:20:18]ATTACK: <font color='red'>alien empress shot statue with The neurotoxin</font>
[20:20:18]ATTACK: <font color='red'>alien empress shot statue with The neurotoxin</font>
[20:20:20]ATTACK: <font color='red'>alien empress shot giant spider with The neurotoxin</font>
[20:20:20]ATTACK: <font color='red'>alien empress shot giant spider with The neurotoxin</font>
[20:20:20]ATTACK: <font color='red'>alien empress shot giant spider with The neurotoxin</font>
[20:20:20]ATTACK: <font color='red'>alien empress shot statue with The neurotoxin</font>
[20:20:22]ATTACK: <font color='red'>alien empress shot statue with The neurotoxin</font>
[20:20:22]ATTACK: <font color='red'>Russian Spetsnaz shot alien empress with The bullet</font>
[20:20:23]ATTACK: <font color='red'>Russian Spetsnaz shot alien empress with The bullet</font>
[20:20:24]ATTACK: <font color='red'>alien empress shot statue with The neurotoxin</font>
[20:20:25]ATTACK: <font color='red'>Russian Spetsnaz shot giant spider with The bullet</font>
[20:20:25]ATTACK: <font color='red'>alien empress shot statue with The neurotoxin</font>
[20:20:25]ATTACK: <font color='red'>alien empress shot statue with The neurotoxin</font>
[20:20:26]ATTACK: <font color='red'>alien empress shot giant spider with The neurotoxin</font>
[20:20:26]ATTACK: <font color='red'>alien empress shot giant spider with The neurotoxin</font>
[20:20:27]ATTACK: <font color='red'>alien empress shot statue with The neurotoxin</font>
[20:20:29]ATTACK: <font color='red'>alien empress shot statue with The neurotoxin</font>
[20:20:29]ATTACK: <font color='red'>Russian Spetsnaz shot giant spider with The bullet</font>
[20:20:31]ATTACK: <font color='red'>alien empress shot statue with The neurotoxin</font>
[20:20:31]ATTACK: <font color='red'>Russian Spetsnaz shot giant spider with The bullet</font>
[20:20:31]ATTACK: <font color='red'>alien empress shot statue with The neurotoxin</font>
[20:20:31]ATTACK: <font color='red'>alien empress shot statue with The neurotoxin</font>
[20:20:31]ATTACK: <font color='red'>Russian Spetsnaz shot giant spider with The bullet</font>
[20:20:33]ATTACK: <font color='red'>alien empress shot statue with The neurotoxin</font>
[20:20:35]ATTACK: <font color='red'>alien empress shot statue with The neurotoxin</font>
[20:20:35]ATTACK: <font color='red'>alien empress shot statue with The neurotoxin</font>
[20:20:35]ATTACK: <font color='red'>alien empress shot statue with The neurotoxin</font>
[20:20:39]ATTACK: <font color='red'>alien empress shot giant spider with The neurotoxin</font>
[20:20:39]ATTACK: <font color='red'>alien empress shot statue with The neurotoxin</font>
[20:20:41]ATTACK: <font color='red'>alien empress shot statue with The neurotoxin</font>
[20:20:43]ATTACK: <font color='red'>alien empress shot statue with The neurotoxin</font>
[20:20:43]ATTACK: <font color='red'>alien empress shot statue with The neurotoxin</font>
[20:20:45]ATTACK: <font color='red'>alien empress shot alien empress with The neurotoxin</font>
[20:20:47]ATTACK: <font color='red'>alien empress shot giant spider with The neurotoxin</font>
[20:20:50]ATTACK: <font color='red'>alien empress shot statue with The neurotoxin</font>
[20:20:50]ATTACK: <font color='red'>alien empress shot statue with The neurotoxin</font>
[20:20:52]ATTACK: <font color='red'>alien empress shot statue with The neurotoxin</font>
[20:20:54]ATTACK: <font color='red'>alien empress shot statue with The neurotoxin</font>
[20:20:56]ATTACK: <font color='red'>alien empress shot statue with The neurotoxin</font>
[20:20:56]ATTACK: <font color='red'>alien empress shot statue with The neurotoxin</font>
[20:20:58]ATTACK: <font color='red'>alien empress shot statue with The neurotoxin</font>
[20:20:59]ATTACK: <font color='red'>alien empress shot ASS with The neurotoxin</font>
[20:21:02]ATTACK: <font color='red'>alien empress shot statue with The neurotoxin</font>
[20:21:06]ATTACK: <font color='red'>alien empress shot alien empress with The neurotoxin</font>
[20:21:06]ATTACK: <font color='red'>alien empress shot statue with The neurotoxin</font>
[20:21:09]ATTACK: <font color='red'>alien empress shot statue with The neurotoxin</font>
[20:21:09]ATTACK: <font color='red'>alien empress shot statue with The neurotoxin</font>
[20:21:13]ATTACK: <font color='red'>alien empress shot alien empress with The neurotoxin</font>
[20:21:13]ATTACK: <font color='red'>alien empress shot giant spider with The neurotoxin</font>
[20:21:13]ATTACK: <font color='red'>alien empress shot statue with The neurotoxin</font>
[20:21:15]ATTACK: <font color='red'>alien empress shot statue with The neurotoxin</font>
[20:21:15]ATTACK: <font color='red'>alien empress shot statue with The neurotoxin</font>
[20:21:17]ATTACK: <font color='red'>alien empress shot giant spider with The neurotoxin</font>
[20:21:19]ATTACK: <font color='red'>alien empress shot alien empress with The neurotoxin</font>
[20:21:19]ATTACK: <font color='red'>alien empress shot statue with The neurotoxin</font>
[20:21:21]ATTACK: <font color='red'>alien empress shot statue with The neurotoxin</font>
[20:21:21]ATTACK: <font color='red'>alien empress shot statue with The neurotoxin</font>
[20:21:23]ATTACK: <font color='red'>alien empress shot giant spider with The neurotoxin</font>
[20:21:25]ATTACK: <font color='red'>alien empress shot alien empress with The neurotoxin</font>
[20:21:25]ATTACK: <font color='red'>alien empress shot statue with The neurotoxin</font>
[20:21:28]ATTACK: <font color='red'>alien empress shot statue with The neurotoxin</font>
[20:21:28]ATTACK: <font color='red'>alien empress shot statue with The neurotoxin</font>
[20:21:30]ATTACK: <font color='red'>alien empress shot giant spider with The neurotoxin</font>
[20:21:31]ATTACK: <font color='red'>alien empress shot alien empress with The neurotoxin</font>
[20:21:32]ATTACK: <font color='red'>alien empress shot statue with The neurotoxin</font>
[20:21:34]ATTACK: <font color='red'>alien empress shot statue with The neurotoxin</font>
[20:21:34]ATTACK: <font color='red'>alien empress shot statue with The neurotoxin</font>
[20:21:38]ATTACK: <font color='red'>alien empress shot alien empress with The neurotoxin</font>
[20:21:38]ATTACK: <font color='red'>alien empress shot statue with The neurotoxin</font>
[20:21:40]ATTACK: <font color='red'>alien empress shot statue with The neurotoxin</font>
[20:21:40]ATTACK: <font color='red'>alien empress shot statue with The neurotoxin</font>
[20:21:42]ATTACK: <font color='red'>alien empress shot Ayyy Lmao with The neurotoxin</font>
[20:21:42]ATTACK: <font color='red'>alien queen shot giant spider with The neurotoxin</font>
[20:21:44]ATTACK: <font color='red'>alien empress shot statue with The neurotoxin</font>
[20:21:46]ATTACK: <font color='red'>alien empress shot statue with The neurotoxin</font>
[20:21:46]ATTACK: <font color='red'>alien empress shot statue with The neurotoxin</font>
[20:21:51]ATTACK: <font color='red'>alien empress shot statue with The neurotoxin</font>
[20:21:53]ATTACK: <font color='red'>alien empress shot statue with The neurotoxin</font>
[20:21:53]ATTACK: <font color='red'>alien empress shot statue with The neurotoxin</font>
[20:21:57]ATTACK: <font color='red'>alien empress shot statue with The neurotoxin</font>
[20:21:59]ATTACK: <font color='red'>alien empress shot statue with The neurotoxin</font>
[20:21:59]ATTACK: <font color='red'>alien empress shot statue with The neurotoxin</font>
[20:22:03]ATTACK: <font color='red'>alien empress shot statue with The neurotoxin</font>
[20:22:05]ATTACK: <font color='red'>alien empress shot statue with The neurotoxin</font>
[20:22:05]ATTACK: <font color='red'>alien empress shot statue with The neurotoxin</font>
[20:22:09]ATTACK: <font color='red'>alien empress shot statue with The neurotoxin</font>
[20:22:12]ATTACK: <font color='red'>alien empress shot statue with The neurotoxin</font>
[20:22:14]ATTACK: <font color='red'>alien empress shot statue with The neurotoxin</font>
[20:22:18]ATTACK: <font color='red'>alien empress shot statue with The neurotoxin</font>
[20:22:18]ATTACK: <font color='red'>alien empress shot statue with The neurotoxin</font>
[20:22:20]ATTACK: <font color='red'>alien empress shot statue with The neurotoxin</font>
[20:22:22]ATTACK: <font color='red'>alien empress shot statue with The neurotoxin</font>
[20:22:23]ATTACK: <font color='red'>alien empress shot statue with The neurotoxin</font>
[20:22:29]ATTACK: <font color='red'>alien empress shot statue with The neurotoxin</font>
[20:22:31]ATTACK: <font color='red'>alien empress shot statue with The neurotoxin</font>
[20:22:31]ATTACK: <font color='red'>alien empress shot statue with The neurotoxin</font>
[20:22:35]ATTACK: <font color='red'>alien empress shot statue with The neurotoxin</font>
[20:22:37]ATTACK: <font color='red'>alien empress shot statue with The neurotoxin</font>
[20:22:37]ATTACK: <font color='red'>alien empress shot statue with The neurotoxin</font>
[20:22:41]ATTACK: <font color='red'>alien empress shot statue with The neurotoxin</font>
[20:22:43]ATTACK: <font color='red'>alien empress shot statue with The neurotoxin</font>
[20:22:43]ATTACK: <font color='red'>alien empress shot statue with The neurotoxin</font>
[20:22:47]ATTACK: <font color='red'>alien empress shot statue with The neurotoxin</font>
[20:22:49]ATTACK: <font color='red'>alien empress shot statue with The neurotoxin</font>
[20:22:49]ATTACK: <font color='red'>alien empress shot statue with The neurotoxin</font>
[20:22:54]ATTACK: <font color='red'>alien empress shot statue with The neurotoxin</font>
[20:22:56]ATTACK: <font color='red'>alien empress shot statue with The neurotoxin</font>
[20:22:56]ATTACK: <font color='red'>alien empress shot statue with The neurotoxin</font>
[20:23:00]ATTACK: <font color='red'>alien empress shot statue with The neurotoxin</font>
[20:23:02]ATTACK: <font color='red'>alien empress shot statue with The neurotoxin</font>
[20:23:02]ATTACK: <font color='red'>alien empress shot statue with The neurotoxin</font>
[20:23:06]ATTACK: <font color='red'>alien empress shot statue with The neurotoxin</font>
[20:23:08]ATTACK: <font color='red'>alien empress shot statue with The neurotoxin</font>
[20:23:09]ATTACK: <font color='red'>alien empress shot statue with The neurotoxin</font>
[20:23:13]ATTACK: <font color='red'>alien empress shot statue with The neurotoxin</font>
[20:23:15]ATTACK: <font color='red'>alien empress shot statue with The neurotoxin</font>
[20:23:15]ATTACK: <font color='red'>alien empress shot statue with The neurotoxin</font>
[20:23:19]ATTACK: <font color='red'>alien empress shot statue with The neurotoxin</font>
[20:23:21]ATTACK: <font color='red'>alien empress shot statue with The neurotoxin</font>
[20:23:21]ATTACK: <font color='red'>alien empress shot statue with The neurotoxin</font>
[20:23:25]ATTACK: <font color='red'>alien empress shot statue with The neurotoxin</font>
[20:23:27]ATTACK: <font color='red'>alien empress shot statue with The neurotoxin</font>
[20:23:27]ATTACK: <font color='red'>alien empress shot statue with The neurotoxin</font>
[20:23:32]ATTACK: <font color='red'>alien empress shot statue with The neurotoxin</font>
[20:23:34]ATTACK: <font color='red'>alien empress shot statue with The neurotoxin</font>
[20:23:34]ATTACK: <font color='red'>alien empress shot statue with The neurotoxin</font>
[20:23:38]ATTACK: <font color='red'>alien empress shot statue with The neurotoxin</font>
[20:23:40]ATTACK: <font color='red'>alien empress shot statue with The neurotoxin</font>
[20:23:40]ATTACK: <font color='red'>alien empress shot statue with The neurotoxin</font>
[20:23:44]ATTACK: <font color='red'>alien empress shot statue with The neurotoxin</font>
[20:23:46]ATTACK: <font color='red'>alien empress shot statue with The neurotoxin</font>
[20:23:46]ATTACK: <font color='red'>alien empress shot statue with The neurotoxin</font>
[20:23:51]ATTACK: <font color='red'>alien empress shot statue with The neurotoxin</font>
[20:23:51]ATTACK: <font color='red'>alien empress shot statue with The neurotoxin</font>
[20:23:51]ATTACK: <font color='red'>alien empress shot statue with The neurotoxin</font>
[20:23:57]ATTACK: <font color='red'>alien empress shot statue with The neurotoxin</font>
[20:23:59]ATTACK: <font color='red'>alien empress shot statue with The neurotoxin</font>
[20:23:59]ATTACK: <font color='red'>alien empress shot statue with The neurotoxin</font>
[20:24:03]ATTACK: <font color='red'>alien empress shot statue with The neurotoxin</font>
[20:24:05]ATTACK: <font color='red'>alien empress shot statue with The neurotoxin</font>
[20:24:05]ATTACK: <font color='red'>alien empress shot statue with The neurotoxin</font>
[20:24:10]ATTACK: <font color='red'>alien empress shot statue with The neurotoxin</font>
[20:24:10]ATTACK: <font color='red'>alien empress shot statue with The neurotoxin</font>
[20:24:16]ATTACK: <font color='red'>alien empress shot statue with The neurotoxin</font>
[20:24:18]ATTACK: <font color='red'>alien empress shot statue with The neurotoxin</font>
[20:24:18]ATTACK: <font color='red'>alien empress shot statue with The neurotoxin</font>
[20:24:22]ATTACK: <font color='red'>alien empress shot statue with The neurotoxin</font>
[20:24:24]ATTACK: <font color='red'>alien empress shot statue with The neurotoxin</font>
[20:24:24]ATTACK: <font color='red'>alien empress shot statue with The neurotoxin</font>
[20:24:28]ATTACK: <font color='red'>alien empress shot statue with The neurotoxin</font>
[20:24:30]ATTACK: <font color='red'>alien empress shot statue with The neurotoxin</font>
[20:24:30]ATTACK: <font color='red'>alien empress shot statue with The neurotoxin</font>
[20:24:35]ATTACK: <font color='red'>alien empress shot statue with The neurotoxin</font>
[20:24:37]ATTACK: <font color='red'>alien empress shot statue with The neurotoxin</font>
[20:24:37]ATTACK: <font color='red'>alien empress shot statue with The neurotoxin</font>
[20:24:41]ATTACK: <font color='red'>alien empress shot statue with The neurotoxin</font>
[20:24:41]ATTACK: <font color='red'>alien empress shot statue with The neurotoxin</font>
[20:24:47]ATTACK: <font color='red'>alien empress shot statue with The neurotoxin</font>
[20:24:49]ATTACK: <font color='red'>alien empress shot statue with The neurotoxin</font>
[20:24:49]ATTACK: <font color='red'>alien empress shot statue with The neurotoxin</font>
[20:24:53]ATTACK: <font color='red'>alien empress shot statue with The neurotoxin</font>
[20:24:55]ATTACK: <font color='red'>alien empress shot statue with The neurotoxin</font>
[20:24:56]ATTACK: <font color='red'>alien empress shot statue with The neurotoxin</font>
[20:25:00]ATTACK: <font color='red'>alien empress shot statue with The neurotoxin</font>
[20:25:02]ATTACK: <font color='red'>alien empress shot statue with The neurotoxin</font>
[20:25:02]ATTACK: <font color='red'>alien empress shot statue with The neurotoxin</font>
[20:25:06]ATTACK: <font color='red'>alien empress shot statue with The neurotoxin</font>
[20:25:06]ATTACK: <font color='red'>Russian Spetsnaz shot animal with The bullet</font>


Starting up. 20:26.00
---------------------


Starting up. 21:12.11
---------------------
