

Starting up. 08:55.08
---------------------


Starting up. 09:21.37
---------------------


Starting up. 09:28.55
---------------------


Starting up. 16:55.24
---------------------
[16:59:02]ATTACK: <font color='red'>Mariabella Benford(wjcowart) shot Matthew Rhinehart(cairo283) with The energy</font>
[17:00:07]ATTACK: <font color='red'>Matthew Rhinehart(cairo283) hit Mariabella Benford(wjcowart) with The teargas grenade casing</font>
[17:02:03]ATTACK: <font color='red'>Matthew Rhinehart(cairo283) stripped Mariabella Benford(wjcowart) of the bear trap</font>
[17:02:11]ATTACK: <font color='red'>Matthew Rhinehart(cairo283) shot space bear with The laser</font>
[17:02:13]ATTACK: <font color='red'>Matthew Rhinehart(cairo283) shot space bear with The laser</font>
[17:02:13]ATTACK: <font color='red'>Matthew Rhinehart(cairo283) shot space bear with The laser</font>
[17:02:19]ATTACK: <font color='red'>Matthew Rhinehart(cairo283) shot space bear with The laser</font>
[17:02:20]ATTACK: <font color='red'>Matthew Rhinehart(cairo283) shot space bear with The laser</font>
[17:02:21]ATTACK: <font color='red'>Matthew Rhinehart(cairo283) shot space bear with The laser</font>
[17:02:23]ATTACK: <font color='red'>Matthew Rhinehart(cairo283) hit space bear with The energy gun</font>
[17:07:41]ATTACK: <font color='red'>Mariabella Benford(wjcowart) shaked Tyler Calavon(thezackhack) </font>
[17:13:02]ATTACK: <font color='red'>Mariabella Benford(wjcowart) hit Tyler Calavon(thezackhack) with Mariabella Benford's ID Card (Captain)</font>
