

Starting up. 10:14.39
---------------------
[10:42:53]ATTACK: <font color='red'>Mariabella Benford(wjcowart) hit Duke Larson(jathl156) with Mariabella Benford's ID Card (Captain)</font>
[11:07:37]ATTACK: <font color='red'>Mariabella Benford (as Captain)(wjcowart) fed Mariabella Benford (as Captain)(wjcowart) with imidazoline(30 units); </font>
[11:08:55]ATTACK: <font color='red'>Duke Larson (jathl156) injected Duke Larson (jathl156) with syringe (anti-toxin), which had Anti-Toxin (Dylovene) (INTENT: HELP)</font>
[11:08:56]ATTACK: <font color='red'>Duke Larson (jathl156) injected Duke Larson (jathl156) with syringe (anti-toxin), which had Anti-Toxin (Dylovene) (INTENT: HELP)</font>
[11:08:57]ATTACK: <font color='red'>Duke Larson (jathl156) injected Duke Larson (jathl156) with syringe (anti-toxin), which had Anti-Toxin (Dylovene) (INTENT: HELP)</font>
[11:08:59]ATTACK: <font color='red'>Duke Larson (jathl156) injected Duke Larson (jathl156) with syringe (anti-toxin), which had Blood (INTENT: HELP)</font>
[11:09:00]ATTACK: <font color='red'>Duke Larson (jathl156) injected Duke Larson (jathl156) with syringe (anti-toxin), which had Blood (INTENT: HELP)</font>
[11:09:01]ATTACK: <font color='red'>Duke Larson (jathl156) injected Duke Larson (jathl156) with syringe (anti-toxin), which had Blood (INTENT: HELP)</font>
[11:09:11]ATTACK: <font color='red'>Duke Larson (jathl156) injected Duke Larson (jathl156) with syringe (anti-toxin), which had Blood (INTENT: HELP)</font>
[11:10:16]ATTACK: <font color='red'>Mariabella Benford (as Captain)(wjcowart) hit Mariabella Benford (as Captain)(wjcowart) with The weedkiller grenade casing</font>
[11:22:49]ATTACK: <font color='red'>Farty Party(ryanblazuh) shaked Bryce King (as Captain)(shoyumusubi) </font>
[11:22:56]ATTACK: <font color='red'>Bryce King (as Captain)(shoyumusubi) shot Farty Party(ryanblazuh) with The electrode</font>
[11:23:02]ATTACK: <font color='red'>Mariabella Benford (as Captain)(wjcowart) shaked Farty Party(ryanblazuh) </font>
[11:26:20]ATTACK: <font color='red'>Farty Party(ryanblazuh) attacked Bryce King (as Captain)(shoyumusubi) with scythe(INTENT: HELP) (DAMTYPE: BRUTE)</font>
[11:26:21]ATTACK: <font color='red'>Bryce King (as Captain)(shoyumusubi) shot Farty Party(ryanblazuh) with The electrode</font>
[11:26:23]ATTACK: <font color='red'>Bryce King (as Captain)(shoyumusubi) shot Farty Party(ryanblazuh) with The electrode</font>
[11:26:25]ATTACK: <font color='red'>Bryce King (as Captain)(shoyumusubi) shot Mariabella Benford (as Captain)(wjcowart) with The laser</font>
[11:26:33]ATTACK: <font color='red'>Bryce King (as Captain)(shoyumusubi) shot Farty Party(ryanblazuh) with The laser</font>
[11:26:34]ATTACK: <font color='red'>Farty Party(ryanblazuh) punched Bryce King (as Captain)(shoyumusubi) </font>
[11:26:35]ATTACK: <font color='red'>Farty Party(ryanblazuh) punched Bryce King (as Captain)(shoyumusubi) </font>
[11:26:35]ATTACK: <font color='red'>Bryce King (as Captain)(shoyumusubi) shot Farty Party(ryanblazuh) with The electrode</font>
[11:26:44]ATTACK: <font color='red'>Bryce King (as Captain)(shoyumusubi) stunned Farty Party(ryanblazuh) with telescopic baton</font>
[11:26:48]ATTACK: <font color='red'>Bryce King (as Captain)(shoyumusubi) stunned Farty Party(ryanblazuh) with telescopic baton</font>
[11:26:52]ATTACK: <font color='red'>Bryce King (as Captain)(shoyumusubi) attacked Farty Party(ryanblazuh) with telescopic baton(INTENT: HARM) (DAMTYPE: BRUTE)</font>
[11:26:53]ATTACK: <font color='red'>Bryce King (as Captain)(shoyumusubi) attacked Farty Party(ryanblazuh) with telescopic baton(INTENT: HARM) (DAMTYPE: BRUTE)</font>
[11:26:54]ATTACK: <font color='red'>Bryce King (as Captain)(shoyumusubi) attacked Farty Party(ryanblazuh) with telescopic baton(INTENT: HARM) (DAMTYPE: BRUTE)</font>
[11:26:55]ATTACK: <font color='red'>Bryce King (as Captain)(shoyumusubi) attacked Farty Party(ryanblazuh) with telescopic baton(INTENT: HARM) (DAMTYPE: BRUTE)</font>
[11:26:56]ATTACK: <font color='red'>Bryce King (as Captain)(shoyumusubi) attacked Farty Party(ryanblazuh) with telescopic baton(INTENT: HARM) (DAMTYPE: BRUTE)</font>
[11:26:56]ATTACK: <font color='red'>Bryce King (as Captain)(shoyumusubi) attacked Farty Party(ryanblazuh) with telescopic baton(INTENT: HARM) (DAMTYPE: BRUTE)</font>
[11:26:57]ATTACK: <font color='red'>Farty Party(ryanblazuh) punched Bryce King (as Captain)(shoyumusubi) </font>
[11:26:57]ATTACK: <font color='red'>Bryce King (as Captain)(shoyumusubi) attacked Farty Party(ryanblazuh) with telescopic baton(INTENT: HARM) (DAMTYPE: BRUTE)</font>
[11:27:04]ATTACK: <font color='red'>Farty Party(ryanblazuh) punched Bryce King (as Captain)(shoyumusubi) </font>
[11:27:06]ATTACK: <font color='red'>Farty Party(ryanblazuh) punched Bryce King (as Captain)(shoyumusubi) </font>
[11:27:06]ATTACK: <font color='red'>Bryce King (as Captain)(shoyumusubi) attacked Farty Party(ryanblazuh) with telescopic baton(INTENT: HARM) (DAMTYPE: BRUTE)</font>
[11:27:07]ATTACK: <font color='red'>Bryce King (as Captain)(shoyumusubi) attacked Farty Party(ryanblazuh) with telescopic baton(INTENT: HARM) (DAMTYPE: BRUTE)</font>
[11:27:08]ATTACK: <font color='red'>Bryce King (as Captain)(shoyumusubi) attacked Farty Party(ryanblazuh) with telescopic baton(INTENT: HARM) (DAMTYPE: BRUTE)</font>
[11:27:09]ATTACK: <font color='red'>Bryce King (as Captain)(shoyumusubi) attacked Farty Party(ryanblazuh) with telescopic baton(INTENT: HARM) (DAMTYPE: BRUTE)</font>
[11:27:10]ATTACK: <font color='red'>Bryce King (as Captain)(shoyumusubi) attacked Farty Party(ryanblazuh) with telescopic baton(INTENT: HARM) (DAMTYPE: BRUTE)</font>
[11:27:11]ATTACK: <font color='red'>Bryce King (as Captain)(shoyumusubi) attacked Farty Party(ryanblazuh) with telescopic baton(INTENT: HARM) (DAMTYPE: BRUTE)</font>
[11:27:12]ATTACK: <font color='red'>Bryce King (as Captain)(shoyumusubi) attacked Farty Party(ryanblazuh) with telescopic baton(INTENT: HARM) (DAMTYPE: BRUTE)</font>
[11:27:12]ATTACK: <font color='red'>Farty Party(ryanblazuh) punched Bryce King (as Captain)(shoyumusubi) </font>
[11:27:14]ATTACK: <font color='red'>Bryce King (as Captain)(shoyumusubi) attacked Farty Party(ryanblazuh) with telescopic baton(INTENT: HARM) (DAMTYPE: BRUTE)</font>
[11:27:14]ATTACK: <font color='red'>Bryce King (as Captain)(shoyumusubi) attacked Farty Party(ryanblazuh) with telescopic baton(INTENT: HARM) (DAMTYPE: BRUTE)</font>
[11:29:33]ATTACK: <font color='red'>Bryce King (as Captain)(shoyumusubi) shot Farty Party(ryanblazuh) with The electrode</font>
[11:29:50]ATTACK: <font color='red'>Bryce King (as Captain)(shoyumusubi) shot Farty Party(ryanblazuh) with The electrode</font>
[11:30:04]ATTACK: <font color='red'>Bryce King (as Captain)(shoyumusubi) shot Farty Party(ryanblazuh) with The electrode</font>
[11:30:14]ATTACK: <font color='red'>Farty Party(ryanblazuh) disarmed Bryce King (as Captain)(shoyumusubi) </font>
[11:30:15]ATTACK: <font color='red'>Farty Party(ryanblazuh) disarmed Bryce King (as Captain)(shoyumusubi) </font>
[11:30:16]ATTACK: <font color='red'>Farty Party(ryanblazuh) disarmed Bryce King (as Captain)(shoyumusubi) </font>
[11:30:17]ATTACK: <font color='red'>Farty Party(ryanblazuh) disarmed Bryce King (as Captain)(shoyumusubi) </font>
[11:31:27]ATTACK: <font color='red'>Unknown(ryanblazuh) disarmed Bryce King (as Captain)(shoyumusubi) </font>


Starting up. 12:10.35
---------------------
[12:11:33]ATTACK: <font color='red'>hivebot shot Viscerator Mark IV with The projectile</font>


Starting up. 12:26.53
---------------------
[12:27:27]ATTACK: <font color='red'>hivebot shot Viscerator Mark IV with The projectile</font>
[12:29:40]ATTACK: <font color='red'>Mariabella Benford(wjcowart) hit Mariabella Benford(wjcowart) with The wrench</font>


Starting up. 12:43.42
---------------------


Starting up. 12:59.10
---------------------
