

Starting up. 12:04.46
---------------------


Starting up. 12:07.10
---------------------


Starting up. 12:15.00
---------------------


Starting up. 12:53.54
---------------------


Starting up. 13:03.03
---------------------


Starting up. 13:05.00
---------------------
[13:15:13]ATTACK: <font color='red'>Mariabella Benford(wjcowart) stung Bryce King(shoyumusubi) with extraction sting</font>
[13:22:19]ATTACK: <font color='red'>Mariabella Benford(wjcowart) shaked Bryce King (as Captain)(shoyumusubi) </font>
[13:24:56]ATTACK: <font color='red'>Mariabella Benford(wjcowart) hit Coffee with The teargas grenade casing</font>
[13:24:57]ATTACK: <font color='red'>Mariabella Benford(wjcowart) hit Coffee with The teargas grenade casing</font>
[13:24:58]ATTACK: <font color='red'>Mariabella Benford(wjcowart) hit Coffee with The teargas grenade casing</font>
[13:28:38]ATTACK: <font color='red'>Mariabella Benford(wjcowart) shot Bryce King (as Captain)(shoyumusubi) with The bullet</font>
[13:28:42]ATTACK: <font color='red'>Mariabella Benford(wjcowart) shot Bryce King (as Captain)(shoyumusubi) with The bullet</font>
[13:28:45]ATTACK: <font color='red'>Mariabella Benford(wjcowart) shot Bryce King (as Captain)(shoyumusubi) with The bullet</font>
[13:28:48]ATTACK: <font color='red'>Mariabella Benford(wjcowart) shot Bryce King (as Captain)(shoyumusubi) with The bullet</font>
[13:28:50]ATTACK: <font color='red'>Mariabella Benford(wjcowart) shot Bryce King (as Captain)(shoyumusubi) with The bullet</font>
[13:28:54]ATTACK: <font color='red'>Mariabella Benford(wjcowart) shot Bryce King (as Captain)(shoyumusubi) with The bullet</font>
[13:28:57]ATTACK: <font color='red'>Mariabella Benford(wjcowart) shot Bryce King (as Captain)(shoyumusubi) with The bullet</font>
[13:29:01]ATTACK: <font color='red'>Mariabella Benford(wjcowart) shot Bryce King (as Captain)(shoyumusubi) with The bullet</font>
[13:29:04]ATTACK: <font color='red'>Mariabella Benford(wjcowart) shot Bryce King (as Captain)(shoyumusubi) with The bullet</font>
[13:29:07]ATTACK: <font color='red'>Mariabella Benford(wjcowart) shot Bryce King (as Captain)(shoyumusubi) with The bullet</font>
[13:29:10]ATTACK: <font color='red'>Mariabella Benford(wjcowart) shot Bryce King (as Captain)(shoyumusubi) with The bullet</font>
[13:29:13]ATTACK: <font color='red'>Mariabella Benford(wjcowart) shot Bryce King (as Captain)(shoyumusubi) with The bullet</font>
[13:29:22]ATTACK: <font color='red'>Mariabella Benford(wjcowart) hit Bryce King (as Captain)(shoyumusubi) with The riot shotgun</font>
[13:29:25]ATTACK: <font color='red'>Mariabella Benford(wjcowart) hit Bryce King (as Captain)(shoyumusubi) with The riot shotgun</font>
[13:29:49]ATTACK: <font color='red'>Mariabella Benford(wjcowart) shot Bryce King (as Captain)(shoyumusubi) with The bullet</font>
[13:29:51]ATTACK: <font color='red'>Mariabella Benford(wjcowart) shot Bryce King (as Captain)(shoyumusubi) with The bullet</font>
[13:29:53]ATTACK: <font color='red'>Mariabella Benford(wjcowart) shot Bryce King (as Captain)(shoyumusubi) with The bullet</font>
[13:29:56]ATTACK: <font color='red'>Mariabella Benford(wjcowart) shot Bryce King (as Captain)(shoyumusubi) with The bullet</font>
[13:29:58]ATTACK: <font color='red'>Mariabella Benford(wjcowart) shot Bryce King (as Captain)(shoyumusubi) with The bullet</font>
[13:30:05]ATTACK: <font color='red'>Mariabella Benford(wjcowart) shot Bryce King (as Captain)(shoyumusubi) with The electrode</font>
[13:30:06]ATTACK: <font color='red'>Mariabella Benford(wjcowart) shot Bryce King (as Captain)(shoyumusubi) with The electrode</font>
[13:30:06]ATTACK: <font color='red'>Mariabella Benford(wjcowart) shot Bryce King (as Captain)(shoyumusubi) with The electrode</font>
[13:30:07]ATTACK: <font color='red'>Mariabella Benford(wjcowart) shot Bryce King (as Captain)(shoyumusubi) with The electrode</font>
[13:30:07]ATTACK: <font color='red'>Mariabella Benford(wjcowart) shot Bryce King (as Captain)(shoyumusubi) with The electrode</font>
[13:30:08]ATTACK: <font color='red'>Mariabella Benford(wjcowart) shot Bryce King (as Captain)(shoyumusubi) with The electrode</font>
[13:30:08]ATTACK: <font color='red'>Mariabella Benford(wjcowart) shot Bryce King (as Captain)(shoyumusubi) with The electrode</font>
[13:30:09]ATTACK: <font color='red'>Mariabella Benford(wjcowart) shot Bryce King (as Captain)(shoyumusubi) with The electrode</font>
[13:30:09]ATTACK: <font color='red'>Mariabella Benford(wjcowart) shot Bryce King (as Captain)(shoyumusubi) with The electrode</font>
[13:30:10]ATTACK: <font color='red'>Mariabella Benford(wjcowart) shot Bryce King (as Captain)(shoyumusubi) with The electrode</font>
[13:30:44]ATTACK: <font color='red'>Mariabella Benford(wjcowart) shot Bryce King (as Captain)(shoyumusubi) with The electrode</font>
[13:30:44]ATTACK: <font color='red'>Mariabella Benford(wjcowart) shot Bryce King (as Captain)(shoyumusubi) with The electrode</font>
[13:30:45]ATTACK: <font color='red'>Mariabella Benford(wjcowart) shot Bryce King (as Captain)(shoyumusubi) with The electrode</font>
[13:30:45]ATTACK: <font color='red'>Mariabella Benford(wjcowart) shot Bryce King (as Captain)(shoyumusubi) with The electrode</font>
[13:30:46]ATTACK: <font color='red'>Mariabella Benford(wjcowart) shot Bryce King (as Captain)(shoyumusubi) with The electrode</font>
[13:30:46]ATTACK: <font color='red'>Mariabella Benford(wjcowart) shot Bryce King (as Captain)(shoyumusubi) with The electrode</font>
[13:30:47]ATTACK: <font color='red'>Mariabella Benford(wjcowart) shot Bryce King (as Captain)(shoyumusubi) with The electrode</font>
[13:30:47]ATTACK: <font color='red'>Mariabella Benford(wjcowart) shot Bryce King (as Captain)(shoyumusubi) with The electrode</font>
[13:30:48]ATTACK: <font color='red'>Mariabella Benford(wjcowart) shot Bryce King (as Captain)(shoyumusubi) with The electrode</font>
[13:30:48]ATTACK: <font color='red'>Mariabella Benford(wjcowart) shot Bryce King (as Captain)(shoyumusubi) with The electrode</font>
[13:30:50]ATTACK: <font color='red'>Mariabella Benford(wjcowart) stung Bryce King (as Captain)(shoyumusubi) with extraction sting</font>
[13:30:51]ATTACK: <font color='red'>Mariabella Benford(wjcowart) stung Bryce King (as Captain)(shoyumusubi) with extraction sting</font>
[13:30:56]ATTACK: <font color='red'>Mariabella Benford(wjcowart) shot Bryce King (as Captain)(shoyumusubi) with The electrode</font>
[13:30:57]ATTACK: <font color='red'>Mariabella Benford(wjcowart) shot Bryce King (as Captain)(shoyumusubi) with The electrode</font>
[13:30:57]ATTACK: <font color='red'>Mariabella Benford(wjcowart) shot Bryce King (as Captain)(shoyumusubi) with The electrode</font>
[13:30:57]ATTACK: <font color='red'>Mariabella Benford(wjcowart) shot Bryce King (as Captain)(shoyumusubi) with The electrode</font>
[13:30:58]ATTACK: <font color='red'>Mariabella Benford(wjcowart) shot Bryce King (as Captain)(shoyumusubi) with The electrode</font>
[13:30:58]ATTACK: <font color='red'>Mariabella Benford(wjcowart) shot Bryce King (as Captain)(shoyumusubi) with The electrode</font>
[13:30:59]ATTACK: <font color='red'>Mariabella Benford(wjcowart) shot Bryce King (as Captain)(shoyumusubi) with The electrode</font>
[13:30:59]ATTACK: <font color='red'>Mariabella Benford(wjcowart) shot Bryce King (as Captain)(shoyumusubi) with The electrode</font>
[13:31:00]ATTACK: <font color='red'>Mariabella Benford(wjcowart) shot Bryce King (as Captain)(shoyumusubi) with The electrode</font>
[13:31:00]ATTACK: <font color='red'>Mariabella Benford(wjcowart) shot Bryce King (as Captain)(shoyumusubi) with The electrode</font>


Starting up. 14:57.24
---------------------
[15:04:30]ATTACK: <font color='red'>Mariabella Benford(wjcowart) shot Tucker Highlands(shoyumusubi) with The bullet</font>
[15:04:31]ATTACK: <font color='red'>Mariabella Benford(wjcowart) shot Tucker Highlands(shoyumusubi) with The bullet</font>
[15:04:32]ATTACK: <font color='red'>Mariabella Benford(wjcowart) shot Tucker Highlands(shoyumusubi) with The bullet</font>
[15:04:39]ATTACK: <font color='red'>Mariabella Benford(wjcowart) shot Tucker Highlands(shoyumusubi) with The bullet</font>
[15:04:39]ATTACK: <font color='red'>Mariabella Benford(wjcowart) shot Tucker Highlands(shoyumusubi) with The bullet</font>
[15:04:40]ATTACK: <font color='red'>Mariabella Benford(wjcowart) shot Tucker Highlands(shoyumusubi) with The bullet</font>
[15:04:40]ATTACK: <font color='red'>Mariabella Benford(wjcowart) shot Tucker Highlands(shoyumusubi) with The bullet</font>
[15:04:41]ATTACK: <font color='red'>Mariabella Benford(wjcowart) shot Tucker Highlands(shoyumusubi) with The bullet</font>
[15:04:41]ATTACK: <font color='red'>Mariabella Benford(wjcowart) shot Tucker Highlands(shoyumusubi) with The bullet</font>
[15:04:42]ATTACK: <font color='red'>Mariabella Benford(wjcowart) shot Tucker Highlands(shoyumusubi) with The bullet</font>
[15:05:59]ATTACK: <font color='red'>Tucker Highlands(shoyumusubi) attacked Mariabella Benford(wjcowart) with arm blade(INTENT: HELP) (DAMTYPE: BRUTE)</font>
[15:06:00]ATTACK: <font color='red'>Tucker Highlands(shoyumusubi) attacked Mariabella Benford(wjcowart) with arm blade(INTENT: HELP) (DAMTYPE: BRUTE)</font>
[15:07:15]ATTACK: <font color='red'>Mariabella Benford(wjcowart) attacked Mariabella Benford(wjcowart) with soap(INTENT: HELP) (DAMTYPE: BRUTE)</font>
[15:08:45]ATTACK: <font color='red'>Mariabella Benford(wjcowart) shaked Tucker Highlands(shoyumusubi) </font>
[15:08:48]ATTACK: <font color='red'>Mariabella Benford(wjcowart) shaked Tucker Highlands(shoyumusubi) </font>
[15:08:48]ATTACK: <font color='red'>Mariabella Benford(wjcowart) shaked Tucker Highlands(shoyumusubi) </font>
[15:08:49]ATTACK: <font color='red'>Mariabella Benford(wjcowart) shaked Tucker Highlands(shoyumusubi) </font>
[15:08:50]ATTACK: <font color='red'>Mariabella Benford(wjcowart) shaked Tucker Highlands(shoyumusubi) </font>
[15:08:51]ATTACK: <font color='red'>Mariabella Benford(wjcowart) shaked Tucker Highlands(shoyumusubi) </font>
[15:08:52]ATTACK: <font color='red'>Mariabella Benford(wjcowart) shaked Tucker Highlands(shoyumusubi) </font>
[15:18:38]ATTACK: <font color='red'>Mariabella Benford(wjcowart) shot giant spider with The laser</font>
[15:18:38]ATTACK: <font color='red'>Mariabella Benford(wjcowart) shot giant spider with The laser</font>
[15:18:39]ATTACK: <font color='red'>Mariabella Benford(wjcowart) shot giant spider with The laser</font>
[15:18:39]ATTACK: <font color='red'>Mariabella Benford(wjcowart) shot giant spider with The laser</font>
[15:18:40]ATTACK: <font color='red'>Mariabella Benford(wjcowart) shot giant spider with The laser</font>
[15:18:40]ATTACK: <font color='red'>Mariabella Benford(wjcowart) shot giant spider with The laser</font>
[15:18:42]ATTACK: <font color='red'>Mariabella Benford(wjcowart) shot giant spider with The laser</font>
[15:18:42]ATTACK: <font color='red'>Mariabella Benford(wjcowart) shot giant spider with The laser</font>
[15:18:49]ATTACK: <font color='red'>Mariabella Benford(wjcowart) shot giant spider with The laser</font>
[15:18:49]ATTACK: <font color='red'>Mariabella Benford(wjcowart) shot giant spider with The laser</font>
[15:18:50]ATTACK: <font color='red'>Mariabella Benford(wjcowart) shot giant spider with The laser</font>
[15:18:50]ATTACK: <font color='red'>Mariabella Benford(wjcowart) shot giant spider with The laser</font>
[15:18:51]ATTACK: <font color='red'>Mariabella Benford(wjcowart) shot giant spider with The laser</font>
[15:18:52]ATTACK: <font color='red'>Mariabella Benford(wjcowart) shot giant spider with The laser</font>
[15:18:52]ATTACK: <font color='red'>Mariabella Benford(wjcowart) shot giant spider with The laser</font>
[15:18:55]ATTACK: <font color='red'>Mariabella Benford(wjcowart) shot giant spider with The laser</font>
[15:18:56]ATTACK: <font color='red'>Mariabella Benford(wjcowart) shot giant spider with The laser</font>
[15:18:57]ATTACK: <font color='red'>Mariabella Benford(wjcowart) shot giant spider with The laser</font>
[15:18:58]ATTACK: <font color='red'>Mariabella Benford(wjcowart) shot giant spider with The laser</font>
[15:19:00]ATTACK: <font color='red'>Mariabella Benford(wjcowart) shot giant spider with The laser</font>
[15:19:01]ATTACK: <font color='red'>Mariabella Benford(wjcowart) shot giant spider with The laser</font>
[15:19:02]ATTACK: <font color='red'>Mariabella Benford(wjcowart) shot giant spider with The laser</font>
[15:19:02]ATTACK: <font color='red'>Mariabella Benford(wjcowart) shot giant spider with The laser</font>
[15:19:03]ATTACK: <font color='red'>Mariabella Benford(wjcowart) shot giant spider with The laser</font>
[15:19:04]ATTACK: <font color='red'>Mariabella Benford(wjcowart) shot giant spider with The laser</font>
[15:19:07]ATTACK: <font color='red'>Mariabella Benford(wjcowart) shot giant spider with The laser</font>
[15:19:08]ATTACK: <font color='red'>Mariabella Benford(wjcowart) shot giant spider with The laser</font>
[15:19:08]ATTACK: <font color='red'>Mariabella Benford(wjcowart) shot giant spider with The laser</font>
[15:22:06]ATTACK: <font color='red'>Admin(wjcowart) shaked Blob Overmind (991)(shoyumusubi) </font>
[15:22:07]ATTACK: <font color='red'>Admin(wjcowart) shaked Blob Overmind (991)(shoyumusubi) </font>
[15:22:08]ATTACK: <font color='red'>Admin(wjcowart) shaked Blob Overmind (991)(shoyumusubi) </font>
[15:22:09]ATTACK: <font color='red'>Admin(wjcowart) shaked Blob Overmind (991)(shoyumusubi) </font>
[15:22:10]ATTACK: <font color='red'>Admin(wjcowart) shaked Blob Overmind (991)(shoyumusubi) </font>
[15:22:46]ATTACK: <font color='red'>Blob Overmind (991)(shoyumusubi) flashed Admin(wjcowart) with flash</font>
[15:23:53]ATTACK: <font color='red'>Admin(wjcowart) shaked Adan LELZ(shoyumusubi) </font>
[15:24:08]ATTACK: <font color='red'>Adan LELZ(shoyumusubi) flashed Admin(wjcowart) with flash</font>
[15:24:09]ATTACK: <font color='red'>Adan LELZ(shoyumusubi) flashed Admin(wjcowart) with flash</font>
[15:24:10]ATTACK: <font color='red'>Adan LELZ(shoyumusubi) flashed Admin(wjcowart) with flash</font>
[15:24:11]ATTACK: <font color='red'>Adan LELZ(shoyumusubi) flashed Admin(wjcowart) with flash</font>
[15:24:13]ATTACK: <font color='red'>Adan LELZ(shoyumusubi) flashed Admin(wjcowart) with flash</font>
[15:24:15]ATTACK: <font color='red'>Adan LELZ(shoyumusubi) attacked Admin(wjcowart) with suspicious device(INTENT: GRAB) (DAMTYPE: BRUTE)</font>
[15:24:19]ATTACK: <font color='red'>Admin(wjcowart) shaked Adan LELZ(shoyumusubi) </font>
[15:25:02]ATTACK: <font color='red'>Adan LELZ(shoyumusubi) stung Admin(wjcowart) with blind sting</font>
[15:25:05]ATTACK: <font color='red'>Admin(wjcowart) shaked Adan LELZ(shoyumusubi) </font>
[15:25:07]ATTACK: <font color='red'>Adan LELZ(shoyumusubi) stung Admin(wjcowart) with mute sting</font>


Starting up. 15:32.43
---------------------
[15:36:14]ATTACK: <font color='red'>hivebot shot Viscerator Mark IV with The projectile</font>
[15:38:47]ATTACK: <font color='red'>Tucker Highlands(shoyumusubi) attacked Tucker Highlands(shoyumusubi) with scalpel(INTENT: HARM) (DAMTYPE: BRUTE)</font>
[15:38:51]ATTACK: <font color='red'>Tucker Highlands(shoyumusubi) attacked Tucker Highlands(shoyumusubi) with scalpel(INTENT: HARM) (DAMTYPE: BRUTE)</font>
[15:38:54]ATTACK: <font color='red'>Tucker Highlands(shoyumusubi) attacked Tucker Highlands(shoyumusubi) with scalpel(INTENT: HARM) (DAMTYPE: BRUTE)</font>
[15:38:56]ATTACK: <font color='red'>Tucker Highlands(shoyumusubi) attacked Tucker Highlands(shoyumusubi) with scalpel(INTENT: HARM) (DAMTYPE: BRUTE)</font>
[15:38:57]ATTACK: <font color='red'>Tucker Highlands(shoyumusubi) attacked Tucker Highlands(shoyumusubi) with scalpel(INTENT: HARM) (DAMTYPE: BRUTE)</font>
[15:39:00]ATTACK: <font color='red'>Tucker Highlands(shoyumusubi) attacked Tucker Highlands(shoyumusubi) with scalpel(INTENT: HARM) (DAMTYPE: BRUTE)</font>
[15:39:03]ATTACK: <font color='red'>Tucker Highlands(shoyumusubi) attacked Tucker Highlands(shoyumusubi) with scalpel(INTENT: HARM) (DAMTYPE: BRUTE)</font>
[15:39:05]ATTACK: <font color='red'>Tucker Highlands(shoyumusubi) attacked Tucker Highlands(shoyumusubi) with scalpel(INTENT: HARM) (DAMTYPE: BRUTE)</font>
[15:39:26]ATTACK: <font color='red'>Tucker Highlands(shoyumusubi) attacked Tucker Highlands(shoyumusubi) with scalpel(INTENT: HARM) (DAMTYPE: BRUTE)</font>
[15:39:28]ATTACK: <font color='red'>Tucker Highlands(shoyumusubi) attacked Tucker Highlands(shoyumusubi) with scalpel(INTENT: HARM) (DAMTYPE: BRUTE)</font>
[15:39:29]ATTACK: <font color='red'>Tucker Highlands(shoyumusubi) attacked Tucker Highlands(shoyumusubi) with scalpel(INTENT: HARM) (DAMTYPE: BRUTE)</font>
[15:39:32]ATTACK: <font color='red'>Tucker Highlands(shoyumusubi) attacked Tucker Highlands(shoyumusubi) with scalpel(INTENT: HARM) (DAMTYPE: BRUTE)</font>
[15:39:33]ATTACK: <font color='red'>Tucker Highlands(shoyumusubi) attacked Tucker Highlands(shoyumusubi) with scalpel(INTENT: HARM)</font>


Starting up. 18:13.31
---------------------
