

Starting up. 12:04.46
---------------------
Adding game mode abduction (abduction) to configuration.
Adding game mode blob (blob) to configuration.
Adding game mode changeling (changeling) to configuration.
Adding game mode shadowling (shadowling) to configuration.
Adding game mode traitor+changeling (traitorchan) to configuration.
Adding game mode double agents (double_agents) to configuration.
Adding game mode traitor (traitor) to configuration.
Adding game mode cult (cult) to configuration.
Adding game mode extended (extended) to configuration.
Adding game mode gang war (gang) to configuration.
Adding game mode AI malfunction (malfunction) to configuration.
Adding game mode meteor (meteor) to configuration.
Adding game mode monkey (monkey) to configuration.
Adding game mode nuclear emergency (nuclear) to configuration.
Adding game mode revolution (revolution) to configuration.
Adding game mode sandbox (sandbox) to configuration.
Adding game mode Ragin' Mages (raginmages) to configuration.
Adding game mode wizard (wizard) to configuration.
Unknown setting in configuration: 'use_recursive_explosions'
Saved mode is 'secret'
[12:04:46]ADMIN: Loading Banlistjob
[12:04:46]ADMIN: Loading jobban_rank
[12:04:46]ADMIN: jobban_keylist was empty
[12:04:46]ADMIN: Loading appearance_rank
[12:04:46]ADMIN: appearance_keylist was empty
[12:04:46]ADMIN: Updating jobbanfile!
[12:04:46]ADMIN: Loading Banlist


Starting up. 12:07.10
---------------------
Adding game mode abduction (abduction) to configuration.
Adding game mode blob (blob) to configuration.
Adding game mode changeling (changeling) to configuration.
Adding game mode shadowling (shadowling) to configuration.
Adding game mode traitor+changeling (traitorchan) to configuration.
Adding game mode double agents (double_agents) to configuration.
Adding game mode traitor (traitor) to configuration.
Adding game mode cult (cult) to configuration.
Adding game mode extended (extended) to configuration.
Adding game mode gang war (gang) to configuration.
Adding game mode AI malfunction (malfunction) to configuration.
Adding game mode meteor (meteor) to configuration.
Adding game mode monkey (monkey) to configuration.
Adding game mode nuclear emergency (nuclear) to configuration.
Adding game mode revolution (revolution) to configuration.
Adding game mode sandbox (sandbox) to configuration.
Adding game mode Ragin' Mages (raginmages) to configuration.
Adding game mode wizard (wizard) to configuration.
Unknown setting in configuration: 'use_recursive_explosions'
Saved mode is 'secret'
[12:07:10]ADMIN: Loading Banlistjob
[12:07:10]ADMIN: Loading jobban_rank
[12:07:10]ADMIN: jobban_keylist was empty
[12:07:10]ADMIN: Loading appearance_rank
[12:07:10]ADMIN: appearance_keylist was empty
[12:07:10]ADMIN: Updating jobbanfile!
[12:07:10]ADMIN: Loading Banlist
[12:08:13]ACCESS: Login: Wjcowart/(Wjcowart) from 127.0.0.1-3998006160 || BYOND v508
[12:08:51]ADMIN: Wjcowart has started the game.
[12:08:51]GAME: Wjcowart (ckey) has been selected as a traitor
[12:08:51]ACCESS: Logout: *no key*/(Wjcowart)
[12:08:51]ACCESS: Login: Wjcowart/(Mariabella Benford) from 127.0.0.1-3998006160 || BYOND v508
[12:09:06]EMOTE: Poly/ : <B>Poly</B> turns and flies towards the faggot.
[12:09:13]EMOTE: Ian/ : <B>Ian</B> dances around.
[12:09:26]SAY: Mariabella Benford/Wjcowart : <i>Test</i>
[12:09:29]SAY: Mariabella Benford/Wjcowart : <i>Shit</i>
[12:09:54]ADMIN: Wjcowart/(Mariabella Benford) made all areas powered
[12:09:57]ADMIN: Wjcowart/(Mariabella Benford) used secret power
[12:09:58]ADMIN: Wjcowart/(Mariabella Benford) made all SMESs powered
[12:09:58]ADMIN: Wjcowart/(Mariabella Benford) used secret quickpower
[12:10:03]SAY: Mariabella Benford/Wjcowart : <i>Dicks</i>
[12:10:22]EMOTE: Poly/ : <B>Poly</B> looks in the chief engineer's rubber stamp's direction and takes flight.
[12:10:52]EMOTE: space bear/ : <B>The space bear</B> grawls
[12:11:00]EMOTE: space bear/ : <B>The space bear</B> rawrs
[12:11:19]EMOTE: Poly/ : <B>Poly</B> looks in the pen's direction and takes flight.
[12:11:21]EMOTE: space bear/ : <B>The space bear</B> stomps
[12:11:27]EMOTE: space bear/ : <B>The space bear</B> stomps
[12:12:20]EMOTE: Poly/ : <B>Poly</B> looks in the pen's direction and takes flight.
[12:12:35]SAY: space bear/ : Rawr!
[12:12:55]ACCESS: Logout: Wjcowart[DC]/(Mariabella Benford)


Starting up. 12:15.00
---------------------
Adding game mode abduction (abduction) to configuration.
Adding game mode blob (blob) to configuration.
Adding game mode changeling (changeling) to configuration.
Adding game mode shadowling (shadowling) to configuration.
Adding game mode traitor+changeling (traitorchan) to configuration.
Adding game mode double agents (double_agents) to configuration.
Adding game mode traitor (traitor) to configuration.
Adding game mode cult (cult) to configuration.
Adding game mode extended (extended) to configuration.
Adding game mode gang war (gang) to configuration.
Adding game mode AI malfunction (malfunction) to configuration.
Adding game mode meteor (meteor) to configuration.
Adding game mode monkey (monkey) to configuration.
Adding game mode nuclear emergency (nuclear) to configuration.
Adding game mode revolution (revolution) to configuration.
Adding game mode sandbox (sandbox) to configuration.
Adding game mode Ragin' Mages (raginmages) to configuration.
Adding game mode wizard (wizard) to configuration.
Unknown setting in configuration: 'use_recursive_explosions'
Saved mode is 'secret'
[12:15:00]ADMIN: Loading Banlistjob
[12:15:00]ADMIN: Loading jobban_rank
[12:15:00]ADMIN: jobban_keylist was empty
[12:15:00]ADMIN: Loading appearance_rank
[12:15:00]ADMIN: appearance_keylist was empty
[12:15:00]ADMIN: Updating jobbanfile!
[12:15:00]ADMIN: Loading Banlist
[12:15:27]ACCESS: Login: Wjcowart/(Wjcowart) from 127.0.0.1-3998006160 || BYOND v508
[12:16:13]ADMIN: Wjcowart/(Wjcowart) set the forced secret mode as secret.
[12:16:22]ADMIN: Wjcowart has started the game.
[12:16:23]GAME: Wjcowart (ckey) has been selected as a traitor
[12:16:23]ACCESS: Logout: *no key*/(Wjcowart)
[12:16:23]ACCESS: Login: Wjcowart/(Mariabella Benford) from 127.0.0.1-3998006160 || BYOND v508
[12:16:28]EMOTE: Poly/ : <B>Poly</B> turns and flies towards the folder.
[12:16:52]SAY: Mariabella Benford/Wjcowart : <i>Check</i>
[12:16:53]SAY: Ian/ : Woof!
[12:16:56]SAY: Mariabella Benford/Wjcowart : <i>Check</i>
[12:17:01]SAY: Mariabella Benford/Wjcowart : <i>Check</i>
[12:17:07]SAY: Mariabella Benford/Wjcowart : <i>Check</i>
[12:17:20]EMOTE: Coffee/ : <B>Coffee</B> clicks
[12:17:27]SAY: space bear/ : Growl!
[12:17:29]SAY: Mariabella Benford/Wjcowart : <i>Check</i>
[12:17:34]SAY: Mariabella Benford/Wjcowart : <i>Check</i>
[12:17:37]EMOTE: mouse/ : <B>The mouse</B> shakes
[12:17:39]SAY: Mariabella Benford/Wjcowart : <i>Check</i>
[12:17:41]EMOTE: space bear/ : <B>The space bear</B> stares ferociously
[12:17:45]SAY: Mariabella Benford/Wjcowart : <i>Check</i>
[12:17:45]EMOTE: Poly/ : <B>Poly</B> looks in the chief engineer's rubber stamp's direction and takes flight.
[12:17:50]EMOTE: space bear/ : <B>The space bear</B> stomps
[12:17:50]SAY: Mariabella Benford/Wjcowart : <i>Check</i>
[12:17:54]EMOTE: Hudson/ : <B>Hudson</B> stomps
[12:17:56]SAY: Mariabella Benford/Wjcowart : <i>Check</i>
[12:17:59]SAY: Mariabella Benford/Wjcowart : <i>Check</i>
[12:18:04]SAY: Mariabella Benford/Wjcowart : <i>Check</i>
[12:18:44]EMOTE: Poly/ : <B>Poly</B> looks in the faggot's direction and takes flight.
[12:18:50]SAY: Mariabella Benford/Wjcowart : <i>Check</i>
[12:18:53]SAY: Mariabella Benford/Wjcowart : <i>M</i>
[12:19:22]EMOTE: space bear/ : <B>The space bear</B> grumbles
[12:19:23]ADMIN: Wjcowart/(Mariabella Benford) healed / Revived Wjcowart/(Mariabella Benford)
[12:19:28]EMOTE: Mariabella Benford/Wjcowart : <B>Mariabella Benford</B> gasps!
[12:19:32]ADMIN: Wjcowart/(Mariabella Benford) healed / Revived Wjcowart/(Mariabella Benford)
[12:19:33]EMOTE: Mariabella Benford/Wjcowart : <B>Mariabella Benford</B> gasps!
[12:19:51]ADMIN: Wjcowart/(Mariabella Benford) healed / Revived Wjcowart/(Mariabella Benford)
[12:20:11]ADMIN: Wjcowart/(Mariabella Benford) healed / Revived Wjcowart/(Mariabella Benford)
[12:20:20]ACCESS: Logout: Wjcowart[DC]/(Mariabella Benford)


Starting up. 12:53.54
---------------------
Adding game mode abduction (abduction) to configuration.
Adding game mode blob (blob) to configuration.
Adding game mode changeling (changeling) to configuration.
Adding game mode shadowling (shadowling) to configuration.
Adding game mode traitor+changeling (traitorchan) to configuration.
Adding game mode double agents (double_agents) to configuration.
Adding game mode traitor (traitor) to configuration.
Adding game mode cult (cult) to configuration.
Adding game mode extended (extended) to configuration.
Adding game mode gang war (gang) to configuration.
Adding game mode AI malfunction (malfunction) to configuration.
Adding game mode meteor (meteor) to configuration.
Adding game mode monkey (monkey) to configuration.
Adding game mode nuclear emergency (nuclear) to configuration.
Adding game mode revolution (revolution) to configuration.
Adding game mode sandbox (sandbox) to configuration.
Adding game mode Ragin' Mages (raginmages) to configuration.
Adding game mode wizard (wizard) to configuration.
Unknown setting in configuration: 'use_recursive_explosions'
Saved mode is 'secret'
Failed to connect to database in load_admin_ranks(). Reverting to legacy system.
[12:53:54]ADMIN: Loading Banlistjob
[12:53:54]ADMIN: Loading jobban_rank
[12:53:54]ADMIN: jobban_keylist was empty
[12:53:54]ADMIN: Loading appearance_rank
[12:53:54]ADMIN: appearance_keylist was empty
[12:53:54]ADMIN: Updating jobbanfile!
[12:53:54]ADMIN: Loading Banlist


Starting up. 13:03.03
---------------------
Adding game mode abduction (abduction) to configuration.
Adding game mode blob (blob) to configuration.
Adding game mode changeling (changeling) to configuration.
Adding game mode shadowling (shadowling) to configuration.
Adding game mode traitor+changeling (traitorchan) to configuration.
Adding game mode double agents (double_agents) to configuration.
Adding game mode traitor (traitor) to configuration.
Adding game mode cult (cult) to configuration.
Adding game mode extended (extended) to configuration.
Adding game mode gang war (gang) to configuration.
Adding game mode AI malfunction (malfunction) to configuration.
Adding game mode meteor (meteor) to configuration.
Adding game mode monkey (monkey) to configuration.
Adding game mode nuclear emergency (nuclear) to configuration.
Adding game mode revolution (revolution) to configuration.
Adding game mode sandbox (sandbox) to configuration.
Adding game mode Ragin' Mages (raginmages) to configuration.
Adding game mode wizard (wizard) to configuration.
Unknown setting in configuration: 'use_recursive_explosions'
Saved mode is 'secret'
Failed to connect to database in load_admin_ranks(). Reverting to legacy system.
[13:03:03]ADMIN: Loading Banlistjob
[13:03:03]ADMIN: Loading jobban_rank
[13:03:03]ADMIN: jobban_keylist was empty
[13:03:03]ADMIN: Loading appearance_rank
[13:03:03]ADMIN: appearance_keylist was empty
[13:03:03]ADMIN: Updating jobbanfile!
[13:03:03]ADMIN: Loading Banlist


Starting up. 13:05.00
---------------------
Adding game mode abduction (abduction) to configuration.
Adding game mode blob (blob) to configuration.
Adding game mode changeling (changeling) to configuration.
Adding game mode shadowling (shadowling) to configuration.
Adding game mode traitor+changeling (traitorchan) to configuration.
Adding game mode double agents (double_agents) to configuration.
Adding game mode traitor (traitor) to configuration.
Adding game mode cult (cult) to configuration.
Adding game mode extended (extended) to configuration.
Adding game mode gang war (gang) to configuration.
Adding game mode AI malfunction (malfunction) to configuration.
Adding game mode meteor (meteor) to configuration.
Adding game mode monkey (monkey) to configuration.
Adding game mode nuclear emergency (nuclear) to configuration.
Adding game mode revolution (revolution) to configuration.
Adding game mode sandbox (sandbox) to configuration.
Adding game mode Ragin' Mages (raginmages) to configuration.
Adding game mode wizard (wizard) to configuration.
Unknown setting in configuration: 'use_recursive_explosions'
Saved mode is 'secret'
Failed to connect to database in load_admin_ranks(). Reverting to legacy system.
[13:05:01]ADMIN: Loading Banlistjob
[13:05:01]ADMIN: Loading jobban_rank
[13:05:01]ADMIN: jobban_keylist was empty
[13:05:01]ADMIN: Loading appearance_rank
[13:05:01]ADMIN: appearance_keylist was empty
[13:05:01]ADMIN: Updating jobbanfile!
[13:05:01]ADMIN: Loading Banlist
[13:05:59]ACCESS: Login: Wjcowart/(Wjcowart) from 127.0.0.1-1984611505 || BYOND v508
[13:09:11]GAME: Wjcowart (ckey) has been selected as a traitor
[13:09:11]ACCESS: Logout: *no key*/(Wjcowart)
[13:09:11]ACCESS: Login: Wjcowart/(Mariabella Benford) from 127.0.0.1-1984611505 || BYOND v508
[13:09:12]EMOTE: Ian/ : <B>Ian</B> chases its tail!
[13:09:16]EMOTE: Poly/ : <B>Poly</B> turns and flies towards the folder.
[13:09:23]EMOTE: space bear/ : <B>The space bear</B> stares ferociously
[13:09:37]EMOTE: Ian/ : <B>Ian</B> dances around.
[13:09:54]ACCESS: Login: ShoyuMusubi/(ShoyuMusubi) from 184.99.114.151-1402328277 || BYOND v507
[13:10:05]EMOTE: mouse/ : <B>The mouse</B> squeeks
[13:10:24]OOC: ShoyuMusubi/ShoyuMusubi : Wat
[13:10:32]OOC: Mariabella Benford/Wjcowart : ?
[13:10:38]EMOTE: Coffee/ : <B>Coffee</B> clacks
[13:10:46]OOC: ShoyuMusubi/ShoyuMusubi : You finish mappin or somethin?
[13:10:51]EMOTE: Poly/ : <B>Poly</B> looks in the pen's direction and takes flight.
[13:11:02]OOC: Mariabella Benford/Wjcowart : nope.
[13:11:06]OOC: Mariabella Benford/Wjcowart : gettin&#39; there though
[13:11:14]OOC: ShoyuMusubi/ShoyuMusubi : Noice
[13:11:14]SAY: Hudson/ : Growl!
[13:11:37]SAY: Poly/ : Check the singlo, you chucklefucks!
[13:11:37]OOC: Mariabella Benford/Wjcowart : if you haven&#39;t noticed yet, you&#39;re a moderator
[13:11:47]OOC: ShoyuMusubi/ShoyuMusubi : Oh, didn&#39;t even check up there.
[13:11:50]EMOTE: monkey (585)/ : <B>The monkey (585)</B> jumps!
[13:11:52]EMOTE: Poly/ : <B>Poly</B> looks in the pen's direction and takes flight.
[13:12:00]OOC: ShoyuMusubi/ShoyuMusubi : Thanks &gt;:D
[13:12:06]ACCESS: Logout: *no key*/(ShoyuMusubi)
[13:12:06]ACCESS: Login: ShoyuMusubi/(Bryce King) from 184.99.114.151-1402328277 || BYOND v507
[13:12:22]ADMIN: ShoyuMusubi/(Bryce King) jumped to the Library
[13:12:25]SAY: Bryce King/ShoyuMusubi : Eyyy
[13:12:29]SAY: Mariabella Benford/Wjcowart : Ayy
[13:12:36]SAY: grey baby slime (925)/ : Blop...
[13:12:38]OOC: Mariabella Benford/Wjcowart : IF the server actually ends up going places, we&#39;re gonna need admums
[13:12:38]SAY: space bear/ : RAWR!
[13:12:50]SAY: Mariabella Benford/Wjcowart : <i>Boop</i>
[13:12:53]EMOTE: Poly/ : <B>Poly</B> looks in the faggot's direction and takes flight.
[13:12:53]SAY: Bryce King/ShoyuMusubi : <i>Doop</i>
[13:12:59]SAY: space bear/ : Rawr!
[13:13:04]OOC: Bryce King/ShoyuMusubi : admums and memtorz
[13:13:23]SAY: Mariabella Benford/Wjcowart : I literally just copy pasted telecoms from hippy station
[13:13:28]SAY: Bryce King/ShoyuMusubi : Rofl
[13:13:33]SAY: Mariabella Benford/Wjcowart : Temporary
[13:13:36]SAY: Bryce King/ShoyuMusubi : Where is it placed?
[13:13:38]SAY: Mariabella Benford/Wjcowart : And also the AI room
[13:13:54]EMOTE: Poly/ : <B>Poly</B> looks in the chief engineer's rubber stamp's direction and takes flight.
[13:14:13]SAY: Bryce King/ShoyuMusubi : HAH
[13:14:17]SAY: Bryce King/ShoyuMusubi : Nice hahaha
[13:14:21]SAY: Mariabella Benford/Wjcowart : For some reason only general, command, and sec channels work
[13:14:28]SAY: Mariabella Benford/Wjcowart : <i>No worky</i>
[13:14:33]SAY: Bryce King/ShoyuMusubi : I guess I&#39;ll have to learn Tcomms
[13:14:41]SAY: Mariabella Benford/Wjcowart : Same
[13:14:50]SAY: grey baby slime (676)/ : Lonely...
[13:15:03]EMOTE: space bear/ : <B>The space bear</B> grumbles
[13:15:20]SAY: Bryce King/ShoyuMusubi : Hm.
[13:15:28]SAY: Bryce King/ShoyuMusubi : <i>Test</i>
[13:15:28]EMOTE: monkey (585)/ : <B>The monkey (585)</B> jumps!
[13:15:31]SAY: Bryce King/ShoyuMusubi : Engi works
[13:15:38]SAY: Mariabella Benford/Wjcowart : Really?
[13:15:41]SAY: Bryce King/ShoyuMusubi : Yar
[13:15:43]SAY: Mariabella Benford/Wjcowart : Is it just my headset?
[13:15:47]SAY: Bryce King/ShoyuMusubi : Could be.
[13:15:55]EMOTE: space bear/ : <B>The space bear</B> grumbles
[13:16:00]SAY: Poly/ : <i>Wire the solars, you lazy bums!</i>
[13:16:02]SAY: Bryce King/ShoyuMusubi : It shows all the servers
[13:16:04]SAY: Bryce King/ShoyuMusubi : Come look
[13:16:04]SAY: mouse/ : Squeek?
[13:16:31]ADMIN: Wjcowart/(Mariabella Benford) created a /obj/item/device/radio/headset/headset_eng
[13:16:37]SAY: Mariabella Benford/Wjcowart : <i>Test</i>
[13:16:38]SAY: Mariabella Benford/Wjcowart : Oh
[13:16:45]SAY: Mariabella Benford/Wjcowart : Yeah it does work, just not the captain one
[13:16:46]SAY: grey baby slime (676)/ : Rawr...
[13:16:46]SAY: Bryce King/ShoyuMusubi : Oh damn...
[13:16:47]SAY: Bryce King/ShoyuMusubi : Uhg
[13:16:48]SAY: Mariabella Benford/Wjcowart : For some reason
[13:16:52]SAY: Bryce King/ShoyuMusubi : DO you know
[13:16:56]SAY: Bryce King/ShoyuMusubi : The decryption key?
[13:16:58]EMOTE: Ian/ : <B>Ian</B> dances around.
[13:17:02]SAY: Mariabella Benford/Wjcowart : Nodda clue
[13:17:10]SAY: Bryce King/ShoyuMusubi : Oh fuck
[13:17:15]SAY: Ian/ : YAP!
[13:17:16]SAY: Bryce King/ShoyuMusubi : Forgot this wasn&#39;t the map I&#39;m used to
[13:17:17]EMOTE: monkey (585)/ : <B>The monkey (585)</B> jumps!
[13:17:23]SAY: Bryce King/ShoyuMusubi : Walk out and in the fucking middle of nowhere
[13:17:24]SAY: Bryce King/ShoyuMusubi : Suprised me rof
[13:17:37]ADMIN: Wjcowart/(Mariabella Benford) created a /obj/item/device/radio/headset/heads/captain/alt
[13:17:47]SAY: Mariabella Benford/Wjcowart : <i>Test</i>
[13:17:52]SAY: Mariabella Benford/Wjcowart : <i>Hitter</i>
[13:18:04]SAY: Mariabella Benford/Wjcowart : <i>Check check</i>
[13:18:08]SAY: Bryce King (as Captain)/ShoyuMusubi : <i>Check check</i>
[13:18:14]SAY: Bryce King (as Captain)/ShoyuMusubi : <i>Botany looks good</i>
[13:18:24]SAY: Mariabella Benford/Wjcowart : <i>Come check out mining</i>
[13:18:31]SAY: space bear/ : GRR!
[13:18:35]SAY: Bryce King (as Captain)/ShoyuMusubi : <i>I&#39;m lookin for my office</i>
[13:18:37]EMOTE: Ian/ : <B>Ian</B> chases its tail!
[13:18:45]SAY: Bryce King (as Captain)/ShoyuMusubi : <i>I... SHOULD have a decrpytion key in there..</i>
[13:18:56]EMOTE: space bear/ : <B>The space bear</B> grumbles
[13:18:58]SAY: space bear/ : Rawr!
[13:18:58]SAY: Mariabella Benford/Wjcowart : <i>Well I didn&#39;t put one there... so</i>
[13:19:09]SAY: Bryce King (as Captain)/ShoyuMusubi : <i>./cry</i>
[13:19:17]SAY: grey baby slime (925)/ : Lonely...
[13:19:17]EMOTE: Poly/ : <B>Poly</B> looks in the Power-On DELUXE cartridge's direction and takes flight.
[13:19:27]SAY: Bryce King (as Captain)/ShoyuMusubi : <i>FUCK OFF POLOY</i>
[13:19:42]SAY: Bryce King (as Captain)/ShoyuMusubi : <i>Theres a meat ball</i>
[13:19:43]SAY: Bryce King (as Captain)/ShoyuMusubi : <i>CalleD</i>
[13:19:44]SAY: Bryce King (as Captain)/ShoyuMusubi : <i>Faggot</i>
[13:19:46]EMOTE: space bear/ : <B>The space bear</B> grawls
[13:19:47]SAY: Bryce King (as Captain)/ShoyuMusubi : <i>In my office</i>
[13:19:53]SAY: Mariabella Benford/Wjcowart : <i>Yeah</i>
[13:20:28]ADMIN: ShoyuMusubi/(Bryce King) jumped to Mine
[13:20:31]SAY: Bryce King (as Captain)/ShoyuMusubi : <i>OH balls</i>
[13:20:33]EMOTE: space bear/ : <B>The space bear</B> stares ferociously
[13:20:37]ADMIN: ShoyuMusubi/(Bryce King) jumped to Mining station
[13:20:44]SAY: Bryce King (as Captain)/ShoyuMusubi : <i>Im in the mining station</i>
[13:20:47]EMOTE: Hudson/ : <B>Hudson</B> stares ferociously
[13:20:54]SAY: Mariabella Benford/Wjcowart : <i>That is not correct</i>
[13:20:57]SAY: Mariabella Benford/Wjcowart : <i>Jump to me</i>
[13:21:04]EMOTE: Poly/ : <B>Poly</B> squawks.
[13:21:04]EMOTE: space bear/ : <B>The space bear</B> stares ferociously
[13:21:06]ADMIN: ShoyuMusubi/(Bryce King) jumped to 59,74,1 in Mining station
[13:21:13]SAY: Mariabella Benford/Wjcowart : Oh
[13:21:14]SAY: Mariabella Benford/Wjcowart : Yo
[13:21:17]SAY: Bryce King (as Captain)/ShoyuMusubi : Yooo
[13:21:24]SAY: Bryce King (as Captain)/ShoyuMusubi : COFFEE
[13:21:26]SAY: Mariabella Benford/Wjcowart : Forgot to add the APCs
[13:21:29]SAY: space bear/ : GRR!
[13:21:42]SAY: Bryce King (as Captain)/ShoyuMusubi : Hold on yo
[13:21:46]SAY: Bryce King (as Captain)/ShoyuMusubi : Away from keyboard
[13:21:53]SAY: Mariabella Benford/Wjcowart : Cairo is insistenct that everyone learn the true power of donk pockets
[13:22:04]SAY: Mariabella Benford/Wjcowart : Incistant*
[13:22:09]SAY: space bear/ : RAWR!
[13:22:30]EMOTE: space bear/ : <B>The space bear</B> grumbles
[13:22:34]EMOTE: Hudson/ : <B>Hudson</B> stares ferociously
[13:23:39]SAY: mouse/ : Squeek?
[13:24:56]GAME: Wjcowart/(Mariabella Benford) fired a grenade (teargas grenade casing) from a grenade launcher (grenade launcher).
[13:24:57]GAME: Wjcowart/(Mariabella Benford) fired a grenade (teargas grenade casing) from a grenade launcher (grenade launcher).
[13:24:58]GAME: Wjcowart/(Mariabella Benford) fired a grenade (teargas grenade casing) from a grenade launcher (grenade launcher).
[13:24:58]GAME: A chemical smoke reaction has taken place in (Mining station Cafeteria | 78, 77)[ Condensed Capsaicin ]. Last associated key is wjcowart.
[13:24:59]GAME: A chemical smoke reaction has taken place in (Mining station Cafeteria | 78, 77)[ Condensed Capsaicin ]. Last associated key is wjcowart.
[13:24:59]GAME: A chemical smoke reaction has taken place in (Mining station Cafeteria | 78, 77)[ Condensed Capsaicin ]. Last associated key is wjcowart.
[13:25:16]SAY: space bear/ : Growl!
[13:25:16]SAY: Ian/ : AUUUUUU!
[13:25:31]EMOTE: Ian/ : <B>Ian</B> dances around.
[13:25:41]GAME: Wjcowart/(Mariabella Benford) fired a grenade (teargas grenade casing) from a grenade launcher (grenade launcher).
[13:25:43]GAME: A chemical smoke reaction has taken place in (Mining station Cafeteria | 78, 76)[ Condensed Capsaicin ]. Last associated key is wjcowart.
[13:26:22]GAME: Wjcowart/(Mariabella Benford) fired a grenade (teargas grenade casing) from a grenade launcher (grenade launcher).
[13:26:24]GAME: A chemical smoke reaction has taken place in (Mining station Cafeteria | 78, 76)[ Condensed Capsaicin ]. Last associated key is wjcowart.
[13:26:32]EMOTE: monkey (177)/ : <B>The monkey (177)</B> jumps!
[13:26:46]GAME: Wjcowart/(Mariabella Benford) fired a grenade (teargas grenade casing) from a grenade launcher (grenade launcher).
[13:26:47]GAME: Wjcowart/(Mariabella Benford) fired a grenade (teargas grenade casing) from a grenade launcher (grenade launcher).
[13:26:47]GAME: A chemical smoke reaction has taken place in (Mining station Cafeteria | 78, 76)[ Condensed Capsaicin ]. Last associated key is wjcowart.
[13:26:49]GAME: A chemical smoke reaction has taken place in (Mining station Cafeteria | 78, 76)[ Condensed Capsaicin ]. Last associated key is wjcowart.
[13:27:01]EMOTE: space bear/ : <B>The space bear</B> stares ferociously
[13:27:16]SAY: space bear/ : GRR!
[13:27:17]GAME: Wjcowart/(Mariabella Benford) fired a grenade (flashbang) from a grenade launcher (grenade launcher).
[13:27:28]EMOTE: Hudson/ : <B>Hudson</B> stomps
[13:27:30]SAY: space bear/ : GRR!
[13:27:34]GAME: Wjcowart/(Mariabella Benford) fired a grenade (flashbang) from a grenade launcher (grenade launcher).
[13:27:41]GAME: Wjcowart/(Mariabella Benford) fired a grenade (flashbang) from a grenade launcher (grenade launcher).
[13:27:43]EMOTE: Coffee/ : <B>Coffee</B> clacks
[13:27:55]GAME: Wjcowart/(Mariabella Benford) fired a grenade (flashbang) from a grenade launcher (grenade launcher).
[13:27:56]GAME: Wjcowart/(Mariabella Benford) fired a grenade (flashbang) from a grenade launcher (grenade launcher).
[13:27:56]GAME: Wjcowart/(Mariabella Benford) fired a grenade (flashbang) from a grenade launcher (grenade launcher).
[13:28:01]GAME: Wjcowart/(Mariabella Benford) fired a grenade (flashbang) from a grenade launcher (grenade launcher).
[13:28:38]EMOTE: Ian/ : <B>Ian</B> dances around.
[13:29:05]EMOTE: monkey (177)/ : <B>The monkey (177)</B> jumps!
[13:29:18]SAY: grey baby slime (655)/ : Rawr...
[13:29:49]EMOTE: space bear/ : <B>The space bear</B> stomps
[13:30:00]EMOTE: Bryce King (as Captain)/ShoyuMusubi : <B>Bryce King (as Captain)</B> coughs painfuly!
[13:30:04]WHISPER: Bryce King (as Captain)/ShoyuMusubi : Oh
[13:30:04]WHISPER: Bryce King (as Captain)/ShoyuMusubi : Oh
[13:30:06]SAY: space bear/ : Rawr!
[13:30:10]SAY: grey baby slime (676)/ : Lonely...
[13:30:12]OOC: Bryce King (as Captain)/ShoyuMusubi : What the hell are you doing lol
[13:30:21]OOC: Mariabella Benford/Wjcowart : passing the time
[13:30:25]EMOTE: Bryce King (as Captain)/ShoyuMusubi : <B>Bryce King (as Captain)</B> groans in pain!
[13:30:36]ADMIN: ShoyuMusubi/(Bryce King) has muted shoyumusubi/(Bryce King) from adminhelp, admin PM and ASAY
[13:30:37]ADMIN: ShoyuMusubi/(Bryce King) has unmuted shoyumusubi/(Bryce King) from adminhelp, admin PM and ASAY
[13:30:39]EMOTE: Ian/ : <B>Ian</B> dances around.
[13:30:39]EMOTE: Bryce King (as Captain)/ShoyuMusubi : <B>Bryce King (as Captain)</B> gasps!
[13:30:42]EMOTE: Bryce King (as Captain)/ShoyuMusubi : <B>Bryce King (as Captain)</B> whimpers.
[13:30:46]EMOTE: space bear/ : <B>The space bear</B> grawls
[13:30:52]EMOTE: space bear/ : <B>The space bear</B> stares ferociously
[13:30:52]EMOTE: Bryce King (as Captain)/ShoyuMusubi : <B>Bryce King (as Captain)</B> groans in pain!
[13:30:56]EMOTE: Bryce King (as Captain)/ShoyuMusubi : <B>Bryce King (as Captain)</B> gasps!
[13:31:00]EMOTE: Bryce King (as Captain)/ShoyuMusubi : <B>Bryce King (as Captain)</B> moans!
[13:31:06]OOC: Bryce King (as Captain)/ShoyuMusubi : My brother wants me to play Orion: Prelude with &#39;im. He&#39;ll probably get bored soon, so be back soon, I guess :P
[13:31:13]EMOTE: Bryce King (as Captain)/ShoyuMusubi : <B>Bryce King (as Captain)</B> whimpers.
[13:31:24]EMOTE: Bryce King (as Captain)/ShoyuMusubi : <B>Bryce King (as Captain)</B> gasps!
[13:31:26]OOC: Mariabella Benford/Wjcowart : kay
[13:31:28]EMOTE: Bryce King (as Captain)/ShoyuMusubi : <B>Bryce King (as Captain)</B> whimpers.
[13:31:30]ACCESS: Logout: ShoyuMusubi[DC]/(Bryce King)
[13:31:38]ACCESS: Logout: Wjcowart[DC]/(Mariabella Benford)


Starting up. 14:57.24
---------------------
Adding game mode abduction (abduction) to configuration.
Adding game mode blob (blob) to configuration.
Adding game mode changeling (changeling) to configuration.
Adding game mode shadowling (shadowling) to configuration.
Adding game mode traitor+changeling (traitorchan) to configuration.
Adding game mode double agents (double_agents) to configuration.
Adding game mode traitor (traitor) to configuration.
Adding game mode cult (cult) to configuration.
Adding game mode extended (extended) to configuration.
Adding game mode gang war (gang) to configuration.
Adding game mode AI malfunction (malfunction) to configuration.
Adding game mode meteor (meteor) to configuration.
Adding game mode monkey (monkey) to configuration.
Adding game mode nuclear emergency (nuclear) to configuration.
Adding game mode revolution (revolution) to configuration.
Adding game mode sandbox (sandbox) to configuration.
Adding game mode Ragin' Mages (raginmages) to configuration.
Adding game mode wizard (wizard) to configuration.
Unknown setting in configuration: 'use_recursive_explosions'
Saved mode is 'secret'
Failed to connect to database in load_admin_ranks(). Reverting to legacy system.
[14:57:24]ADMIN: Loading Banlistjob
[14:57:24]ADMIN: Loading jobban_rank
[14:57:24]ADMIN: jobban_keylist was empty
[14:57:24]ADMIN: Loading appearance_rank
[14:57:24]ADMIN: appearance_keylist was empty
[14:57:24]ADMIN: Updating jobbanfile!
[14:57:24]ADMIN: Loading Banlist
[14:58:58]ACCESS: Login: ShoyuMusubi/(ShoyuMusubi) from 184.99.114.151-1402328277 || BYOND v507
[14:59:04]ACCESS: Login: Wjcowart/(Wjcowart) from 127.0.0.1-1984611505 || BYOND v508
[15:01:36]GAME: ShoyuMusubi (ckey) has been selected as a traitor
[15:01:36]ACCESS: Logout: *no key*/(ShoyuMusubi)
[15:01:36]ACCESS: Login: ShoyuMusubi/(Tucker Highlands) from 184.99.114.151-1402328277 || BYOND v507
[15:01:41]SAY: space bear/ : Rawr!
[15:01:47]SAY: Tucker Highlands/ShoyuMusubi : <i>Oh mannnnnnnn</i>
[15:01:51]SAY: Mr. Tau/ShoyuMusubi : Hellllo?
[15:01:55]ACCESS: Logout: *no key*/(Wjcowart)
[15:01:55]ACCESS: Login: Wjcowart/(Mariabella Benford) from 127.0.0.1-1984611505 || BYOND v508
[15:01:58]EMOTE: Poly/ : <B>Poly</B> turns and flies towards the folder.
[15:01:58]EMOTE: space bear/ : <B>The space bear</B> grumbles
[15:02:16]ADMIN: Wjcowart/(Mariabella Benford) changed the equipment of Wjcowart/(Mariabella Benford) to centcom commander.
[15:02:56]SAY: space bear/ : GRR!
[15:03:18]SAY: Tucker Highlands/ShoyuMusubi : <i>Where the fuck did ya go</i>
[15:03:40]ADMIN: ShoyuMusubi/(Tucker Highlands) jumped to Wjcowart/(Mariabella Benford)
[15:03:43]SAY: Tucker Highlands/ShoyuMusubi : LOOK
[15:03:47]EMOTE: Poly/ : <B>Poly</B> looks in the pen's direction and takes flight.
[15:03:50]SAY: Mariabella Benford/Wjcowart : Yup
[15:03:59]SAY: Hudson/ : Rawr!
[15:04:02]SAY: Mariabella Benford/Wjcowart : Ling AND tatoe
[15:04:04]SAY: Mariabella Benford/Wjcowart : Tator*
[15:04:09]SAY: Tucker Highlands/ShoyuMusubi : Never been a traitorchan before
[15:04:20]EMOTE: Ian/ : <B>Ian</B> chases its tail!
[15:04:21]SAY: Tucker Highlands/ShoyuMusubi : WHAT
[15:04:26]SAY: Mariabella Benford/Wjcowart : Heh
[15:04:28]SAY: Tucker Highlands/ShoyuMusubi : HAHAHAH
[15:04:39]EMOTE: Ian/ : <B>Ian</B> chases its tail!
[15:04:41]EMOTE: Tucker Highlands/ShoyuMusubi : <B>Tucker Highlands</B> seizes up and falls limp, his eyes dead and lifeless...
[15:04:48]EMOTE: Poly/ : <B>Poly</B> looks in the pen's direction and takes flight.
[15:04:54]OOC: Tucker Highlands/ShoyuMusubi : I ded.
[15:05:05]SAY: Mariabella Benford/Wjcowart : Oh right
[15:05:09]SAY: Mariabella Benford/Wjcowart : I deleted the gibber in here
[15:05:15]ADMIN: Wjcowart/(Mariabella Benford) healed / Revived ShoyuMusubi/(Tucker Highlands)
[15:05:15]WHISPER: Tucker Highlands/ShoyuMusubi : DONT GIB ME
[15:05:15]WHISPER: Tucker Highlands/ShoyuMusubi : DONT GIB ME
[15:05:17]EMOTE: space bear/ : <B>The space bear</B> rawrs
[15:05:20]SAY: Tucker Highlands/ShoyuMusubi : NO GIBBING ALLOWED
[15:05:49]EMOTE: Poly/ : <B>Poly</B> looks in the faggot's direction and takes flight.
[15:05:53]ADMIN: Wjcowart/(Mariabella Benford) changed the equipment of Wjcowart/(Mariabella Benford) to soviet admiral.
[15:05:55]SAY: mouse/ : Squeek!
[15:06:02]SAY: Tucker Highlands/ShoyuMusubi : NO
[15:06:02]SAY: Tucker Highlands/ShoyuMusubi : BAD
[15:06:15]ADMIN: Wjcowart(wjcowart) smote Tucker Highlands (shoyumusubi) in clone for 50 damage.
[15:06:20]SAY: Tucker Highlands/ShoyuMusubi : <i>Uhm</i>
[15:06:21]SAY: Tucker Highlands/ShoyuMusubi : <i>What</i>
[15:06:25]ADMIN: Wjcowart/(Mariabella Benford) healed / Revived Wjcowart/(Mariabella Benford)
[15:06:35]EMOTE: Hudson/ : <B>Hudson</B> stomps
[15:06:49]EMOTE: Poly/ : <B>Poly</B> looks in the chief engineer's rubber stamp's direction and takes flight.
[15:06:56]EMOTE: Coffee/ : <B>Coffee</B> clicks
[15:07:17]SAY: space bear/ : Growl!
[15:07:23]SAY: mouse/ : Squeek?
[15:07:29]SAY: Tucker Highlands/ShoyuMusubi : <i>YO</i>
[15:07:32]SAY: Tucker Highlands/ShoyuMusubi : <i>You not have genetics?</i>
[15:07:39]SAY: Tucker Highlands/ShoyuMusubi : <i>If you do, it&#39;s not a listed area</i>
[15:07:46]SAY: grey baby slime (743)/ : Lonely...
[15:07:53]SAY: Mariabella Benford/Wjcowart : Cloning
[15:07:55]EMOTE: space bear/ : <B>The space bear</B> stomps
[15:07:56]SAY: Tucker Highlands/ShoyuMusubi : WHERES THUH MONKEYZ
[15:08:03]SAY: Mariabella Benford/Wjcowart : But not the superpowers genetics
[15:08:07]EMOTE: Tucker Highlands/ShoyuMusubi : <B>Tucker Highlands</B> seizes up and falls limp, his eyes dead and lifeless...
[15:08:08]SAY: Tucker Highlands/ShoyuMusubi : Eh
[15:08:09]SAY: Tucker Highlands/ShoyuMusubi : Im dead
[15:08:11]SAY: Tucker Highlands/ShoyuMusubi : Owww
[15:08:13]SAY: Tucker Highlands/ShoyuMusubi : Lelz
[15:08:26]SAY: Tucker Highlands/ShoyuMusubi : Fuck off medibot
[15:08:29]ADMIN: Wjcowart(wjcowart) smote Tucker Highlands (shoyumusubi) in brute for 999 damage.
[15:08:30]EMOTE: Tucker Highlands/ShoyuMusubi : <B>Tucker Highlands</B> seizes up and falls limp, his eyes dead and lifeless...
[15:08:40]ADMIN: Wjcowart/(Mariabella Benford) healed / Revived ShoyuMusubi/(Tucker Highlands)
[15:08:43]EMOTE: Poly/ : <B>Poly</B> bawks!
[15:08:43]SAY: Tucker Highlands/ShoyuMusubi : Lelz
[15:08:46]SAY: Tucker Highlands/ShoyuMusubi : I iz still ded
[15:08:58]SAY: space bear/ : RAWR!
[15:09:08]ADMIN: Wjcowart/(Mariabella Benford) has blobized ShoyuMusubi.
[15:09:09]ACCESS: Logout: *no key*/(Tucker Highlands)
[15:09:09]ACCESS: Login: ShoyuMusubi/(Blob Overmind (991)) from 184.99.114.151-1402328277 || BYOND v507
[15:09:13]SAY: ShoyuMusubi/(Blob Overmind (991)) : OH
[15:09:13]SAY: ShoyuMusubi/(Blob Overmind (991)) : WHAT
[15:09:16]SAY: ShoyuMusubi/(Blob Overmind (991)) : IM A BLOB
[15:09:19]SAY: Mariabella Benford/Wjcowart : Enjoy
[15:09:29]SAY: Mariabella Benford/Wjcowart : I&#39;ll be back in 5
[15:09:33]SAY: Mariabella Benford/Wjcowart : To, you know
[15:09:36]SAY: Mariabella Benford/Wjcowart : Try and kill ya
[15:10:43]EMOTE: space bear/ : <B>The space bear</B> grumbles
[15:10:53]SAY: space bear/ : RAWR!
[15:10:55]SAY: ShoyuMusubi/(Blob Overmind (991)) : ; Yes
[15:11:11]OOC: Blob Overmind (991)/ShoyuMusubi : I WAS A BLOB TOO?
[15:11:12]EMOTE: space bear/ : <B>The space bear</B> stomps
[15:11:16]SAY: space bear/ : RAWR!
[15:11:20]EMOTE: Hudson/ : <B>Hudson</B> stares ferociously
[15:11:35]OOC: Mariabella Benford/Wjcowart : nah, I did that do ya
[15:11:35]EMOTE: giant spider/ : <B>The giant spider</B> chitters
[15:11:44]OOC: Blob Overmind (991)/ShoyuMusubi : Never been blob :D
[15:11:48]EMOTE: giant spider/ : <B>The giant spider</B> chitters
[15:11:52]EMOTE: giant spider/ : <B>The giant spider</B> chitters
[15:12:02]EMOTE: giant spider/ : <B>The giant spider</B> chitters
[15:12:13]EMOTE: giant spider/ : <B>The giant spider</B> chitters
[15:12:17]EMOTE: Coffee/ : <B>Coffee</B> clicks
[15:12:32]EMOTE: giant spider/ : <B>The giant spider</B> chitters
[15:12:44]EMOTE: space bear/ : <B>The space bear</B> grumbles
[15:13:03]EMOTE: space bear/ : <B>The space bear</B> grumbles
[15:13:05]EMOTE: space bear/ : <B>The space bear</B> grumbles
[15:13:10]EMOTE: giant spider/ : <B>The giant spider</B> chitters
[15:13:26]SAY: grey baby slime (961)/ : Blop...
[15:13:39]SAY: mouse/ : SQUEEK!
[15:13:39]EMOTE: giant spider/ : <B>The giant spider</B> chitters
[15:13:39]EMOTE: giant spider/ : <B>The giant spider</B> chitters
[15:13:42]ADMIN: Wjcowart/(Mariabella Benford) healed / Revived Wjcowart/(Mariabella Benford)
[15:13:49]EMOTE: space bear/ : <B>The space bear</B> grawls
[15:14:00]EMOTE: Ian/ : <B>Ian</B> chases its tail!
[15:14:02]SAY: space bear/ : GRR!
[15:14:02]EMOTE: giant spider/ : <B>The giant spider</B> chitters
[15:14:13]EMOTE: giant spider/ : <B>The giant spider</B> chitters
[15:14:19]EMOTE: giant spider/ : <B>The giant spider</B> chitters
[15:14:19]EMOTE: giant spider/ : <B>The giant spider</B> chitters
[15:14:31]EMOTE: monkey (903)/ : <B>The monkey (903)</B> jumps!
[15:14:31]EMOTE: giant spider/ : <B>The giant spider</B> chitters
[15:14:34]EMOTE: giant spider/ : <B>The giant spider</B> chitters
[15:14:38]ADMIN: Wjcowart/(Mariabella Benford) created a /obj/item/weapon/gun/energy/laser/retro/sc_retro
[15:14:38]EMOTE: giant spider/ : <B>The giant spider</B> chitters
[15:15:01]ADMIN: Wjcowart/(Mariabella Benford) created a /obj/item/weapon/gun/energy/laser/captain
[15:15:03]SAY: Ian/ : Woof!
[15:15:03]ADMIN: Wjcowart/(Mariabella Benford) created a /obj/item/weapon/gun/energy/laser/captain
[15:15:05]EMOTE: Coffee/ : <B>Coffee</B> clicks
[15:15:09]ADMIN: Wjcowart/(Mariabella Benford) created a /obj/item/weapon/gun/energy/laser/captain
[15:15:09]ADMIN: Wjcowart/(Mariabella Benford) created a /obj/item/weapon/gun/energy/laser/captain
[15:15:22]EMOTE: giant spider/ : <B>The giant spider</B> chitters
[15:15:47]EMOTE: space bear/ : <B>The space bear</B> stares ferociously
[15:15:58]ADMIN: Wjcowart/(Mariabella Benford) created a /obj/item/weapon/gun/energy/laser/captain
[15:15:58]ADMIN: Wjcowart/(Mariabella Benford) created a /obj/item/weapon/gun/energy/laser/captain
[15:16:03]ADMIN: Wjcowart/(Mariabella Benford) created a /obj/item/weapon/gun/energy/laser/captain
[15:16:04]ADMIN: Wjcowart/(Mariabella Benford) created a /obj/item/weapon/gun/energy/laser/captain
[15:16:09]ADMIN: ShoyuMusubi/(Blob Overmind (991)) admin-called the emergency shuttle.
[15:16:12]EMOTE: space bear/ : <B>The space bear</B> stares ferociously
[15:16:14]EMOTE: giant spider/ : <B>The giant spider</B> chitters
[15:17:07]SAY: space bear/ : Growl!
[15:17:17]EMOTE: space bear/ : <B>The space bear</B> stares ferociously
[15:17:46]ADMIN: Wjcowart/(Mariabella Benford) created a /obj/item/weapon/gun/energy/lasercannon
[15:17:46]ADMIN: Wjcowart/(Mariabella Benford) created a /obj/item/weapon/gun/energy/lasercannon
[15:17:46]ADMIN: Wjcowart/(Mariabella Benford) created a /obj/item/weapon/gun/energy/lasercannon
[15:17:47]ADMIN: Wjcowart/(Mariabella Benford) created a /obj/item/weapon/gun/energy/lasercannon
[15:17:55]SAY: ShoyuMusubi/(Blob Overmind (991)) : ; What the fuck
[15:17:56]SAY: ShoyuMusubi/(Blob Overmind (991)) : ; I cant move
[15:18:00]ACCESS: Logout: *no key*/(Blob Overmind (991))
[15:18:00]ACCESS: Login: ShoyuMusubi/(Blob Overmind (991)) from 184.99.114.151-1402328277 || BYOND v507
[15:18:02]EMOTE: space bear/ : <B>The space bear</B> stares ferociously
[15:18:02]EMOTE: giant spider/ : <B>The giant spider</B> chitters
[15:18:06]OOC: Blob Overmind (991)/ShoyuMusubi : I just got fucking stuck there
[15:18:11]OOC: Blob Overmind (991)/ShoyuMusubi : I couldnt move
[15:18:16]EMOTE: giant spider/ : <B>The giant spider</B> chitters
[15:18:55]SAY: space bear/ : RAWR!
[15:19:20]SAY: Hudson/ : Rawr!
[15:19:20]EMOTE: monkey (903)/ : <B>The monkey (903)</B> jumps!
[15:19:24]SAY: Ghost/ShoyuMusubi : cant mGrrr
[15:19:33]SAY: grey baby slime (34)/ : Lonely...
[15:19:34]ADMIN: Wjcowart/(Mariabella Benford) used gibself.
[15:19:35]EMOTE: Ian/ : <B>Ian</B> pants.
[15:19:35]ACCESS: Logout: *no key*/(Mariabella Benford)
[15:19:35]ACCESS: Login: Wjcowart/(Mariabella Benford) from 127.0.0.1-1984611505 || BYOND v508
[15:19:37]SAY: Ghost/ShoyuMusubi : HA
[15:19:41]ADMIN: PM: ShoyuMusubi/(Blob Overmind (991))->Wjcowart/(Mariabella Benford): bad boi
[15:19:48]ADMIN: PM: Wjcowart/(Mariabella Benford)->ShoyuMusubi/(Blob Overmind (991)): "p
[15:19:50]MENTOR: ShoyuMusubi/(Blob Overmind (991)) : boop
[15:19:54]EMOTE: Coffee/ : <B>Coffee</B> clicks
[15:19:56]SAY: space bear/ : Growl!
[15:20:19]EMOTE: Hudson/ : <B>Hudson</B> stares ferociously
[15:20:20]ADMIN: Wjcowart/(Mariabella Benford) assumed direct control of Ginger Singh.
[15:20:20]ACCESS: Logout: *no key*/(Mariabella Benford)
[15:20:20]ACCESS: Login: wjcowart/(Ginger Singh) from 127.0.0.1-1984611505 || BYOND v508
[15:20:23]EMOTE: space bear/ : <B>The space bear</B> rawrs
[15:20:26]ADMIN: wjcowart/(Admin) assumed direct control of Triston Riker.
[15:20:26]ACCESS: Logout: *no key*/(Admin)
[15:20:26]ACCESS: Login: wjcowart/(Triston Riker) from 127.0.0.1-1984611505 || BYOND v508
[15:20:55]EMOTE: Ian/ : <B>Ian</B> shivers.
[15:20:59]ADMIN: wjcowart/(Admin) has gibbed *no key*/(Admin)
[15:21:06]ACCESS: Logout: *no key*/(Admin)
[15:21:06]ACCESS: Login: wjcowart/(Triston Riker) from 127.0.0.1-1984611505 || BYOND v508
[15:21:19]ADMIN: wjcowart/(Triston Riker) jumped to ShoyuMusubi/(Blob Overmind (991))
[15:21:37]EMOTE: Poly/ : <B>Poly</B> flutters its wings.
[15:21:39]EMOTE: Coffee/ : <B>Coffee</B> clacks
[15:21:41]ADMIN: wjcowart/(Triston Riker) has used rudimentary transformation on ShoyuMusubi/(Blob Overmind (991)). Transforming to monkey; deletemob=1
[15:21:41]ACCESS: Logout: *no key*/(Blob Overmind (991))
[15:21:41]ACCESS: Login: ShoyuMusubi/(Blob Overmind (991)) from 184.99.114.151-1402328277 || BYOND v507
[15:21:49]ADMIN: wjcowart/(Triston Riker) attempting to humanize ShoyuMusubi/(Blob Overmind (991))
[15:21:51]ACCESS: Logout: *no key*/(Blob Overmind (991))
[15:21:51]ACCESS: Login: ShoyuMusubi/(Blob Overmind (991)) from 184.99.114.151-1402328277 || BYOND v507
[15:21:59]ACCESS: Logout: *no key*/(Triston Riker)
[15:21:59]ACCESS: Login: wjcowart/(Admin) from 127.0.0.1-1984611505 || BYOND v508
[15:22:04]ADMIN: wjcowart/(Admin) teleported ShoyuMusubi/(Blob Overmind (991))
[15:22:10]SAY: Blob Overmind (991)/ShoyuMusubi : Wat
[15:22:11]SAY: Blob Overmind (991)/ShoyuMusubi : Im black
[15:22:16]SAY: Blob Overmind (991)/ShoyuMusubi : And my name is blob overmind
[15:22:35]ADMIN: wjcowart/(Admin) has head-rev'ed Blob Overmind (991).
[15:22:37]ADMIN: wjcowart/(Admin) has changeling'ed Blob Overmind (991).
[15:22:38]ADMIN: wjcowart/(Admin) has traitor'ed Blob Overmind (991).
[15:22:38]SAY: Blob Overmind (991)/ShoyuMusubi : OH YEHHH
[15:22:48]SAY: Blob Overmind (991)/ShoyuMusubi : Boop
[15:22:54]ADMIN: wjcowart/(Admin) has added Blob Overmind (991) to the Prima Gang (A) leadership.
[15:23:11]ADMIN: wjcowart/(Admin) turned Blob Overmind (991) into abductor.
[15:23:19]ADMIN: wjcowart/(Admin) has nuke op'ed Blob Overmind (991).
[15:23:20]ADMIN: wjcowart/(Admin) has wizard'ed Blue Group Czar.
[15:23:24]ADMIN: wjcowart/(Admin) attempted to give Blue Group Czar an uplink.
[15:23:27]ADMIN: wjcowart/(Admin) attempted to give Adan LELZ an uplink.
[15:23:29]ADMIN: wjcowart/(Admin) attempted to give Adan LELZ an uplink.
[15:23:41]EMOTE: Hudson/ : <B>Hudson</B> grumbles
[15:23:41]SAY: space bear/ : RAWR!
[15:23:43]ADMIN: wjcowart/(Admin) added a new objective for Adan LELZ: Eet cok
[15:24:04]EMOTE: Coffee/ : <B>Coffee</B> clicks
[15:24:22]GAME: ShoyuMusubi/(Adan LELZ) has recalled the shuttle with a recaller.
[15:24:31]SAY: grey baby slime (743)/ : Blop...
[15:24:34]EMOTE: Admin/wjcowart : <B>Admin</B> screams!
[15:24:39]SAY: Poly/ : Wire the solars, you lazy bums!
[15:25:09]EMOTE: Poly/ : <B>Poly</B> bawks!
[15:25:11]ADMIN: wjcowart/(Admin) healed / Revived wjcowart/(Admin)
[15:25:20]ADMIN: wjcowart/(Admin) has used rudimentary transformation on wjcowart/(Admin). Transforming to queen; deletemob=1
[15:25:20]ACCESS: Logout: *no key*/(Admin)
[15:25:20]ACCESS: Login: wjcowart/(Admin) from 127.0.0.1-1984611505 || BYOND v508
[15:25:45]EMOTE: Adan LELZ/ShoyuMusubi : <B>Adan LELZ</B> seizes up and falls limp, his eyes dead and lifeless...
[15:25:45]ACCESS: Logout: *no key*/(Adan LELZ)
[15:25:45]ACCESS: Login: ShoyuMusubi/(Adan LELZ) from 184.99.114.151-1402328277 || BYOND v507
[15:25:47]EMOTE: monkey (432)/ : <B>The monkey (432)</B> jumps!
[15:26:18]SAY: grey baby slime (34)/ : Rawr...
[15:26:18]EMOTE: space bear/ : <B>The space bear</B> rawrs
[15:26:20]SAY: Ghost/ShoyuMusubi : Did you just die
[15:26:21]SAY: Ghost/ShoyuMusubi : haghahazha
[15:26:48]SAY: Hudson/ : GRR!
[15:27:02]SAY: space bear/ : Rawr!
[15:27:39]ADMIN: wjcowart/(Admin) created a /mob/living/carbon/monkey
[15:27:40]ADMIN: wjcowart/(Admin) created a /mob/living/carbon/monkey
[15:27:40]ADMIN: wjcowart/(Admin) created a /mob/living/carbon/monkey
[15:27:40]ADMIN: wjcowart/(Admin) created a /mob/living/carbon/monkey
[15:27:41]ADMIN: wjcowart/(Admin) created a /mob/living/carbon/monkey
[15:27:41]ADMIN: wjcowart/(Admin) created a /mob/living/carbon/monkey
[15:27:41]ADMIN: wjcowart/(Admin) created a /mob/living/carbon/monkey
[15:27:42]ADMIN: wjcowart/(Admin) created a /mob/living/carbon/monkey
[15:27:42]ADMIN: wjcowart/(Admin) created a /mob/living/carbon/monkey
[15:27:42]ADMIN: wjcowart/(Admin) created a /mob/living/carbon/monkey
[15:27:43]ADMIN: wjcowart/(Admin) created a /mob/living/carbon/monkey
[15:27:43]ADMIN: wjcowart/(Admin) created a /mob/living/carbon/monkey
[15:27:43]ADMIN: wjcowart/(Admin) created a /mob/living/carbon/monkey
[15:27:44]ADMIN: wjcowart/(Admin) created a /mob/living/carbon/monkey
[15:27:44]ADMIN: wjcowart/(Admin) created a /mob/living/carbon/monkey
[15:27:44]ADMIN: wjcowart/(Admin) created a /mob/living/carbon/monkey
[15:27:45]ADMIN: wjcowart/(Admin) created a /mob/living/carbon/monkey
[15:27:45]ADMIN: wjcowart/(Admin) created a /mob/living/carbon/monkey
[15:27:45]ADMIN: wjcowart/(Admin) created a /mob/living/carbon/monkey
[15:27:46]ADMIN: wjcowart/(Admin) created a /mob/living/carbon/monkey
[15:27:46]ADMIN: wjcowart/(Admin) created a /mob/living/carbon/monkey
[15:27:46]ADMIN: wjcowart/(Admin) created a /mob/living/carbon/monkey
[15:27:47]ADMIN: wjcowart/(Admin) created a /mob/living/carbon/monkey
[15:27:47]ADMIN: wjcowart/(Admin) created a /mob/living/carbon/monkey
[15:27:47]ADMIN: wjcowart/(Admin) created a /mob/living/carbon/monkey
[15:27:48]ADMIN: wjcowart/(Admin) created a /mob/living/carbon/monkey
[15:27:48]ADMIN: wjcowart/(Admin) created a /mob/living/carbon/monkey
[15:27:48]ADMIN: wjcowart/(Admin) created a /mob/living/carbon/monkey
[15:27:49]ADMIN: wjcowart/(Admin) created a /mob/living/carbon/monkey
[15:27:49]ADMIN: wjcowart/(Admin) created a /mob/living/carbon/monkey
[15:27:50]ADMIN: wjcowart/(Admin) created a /mob/living/carbon/monkey
[15:27:50]ADMIN: wjcowart/(Admin) created a /mob/living/carbon/monkey
[15:27:50]ADMIN: wjcowart/(Admin) created a /mob/living/carbon/monkey
[15:27:51]ADMIN: wjcowart/(Admin) created a /mob/living/carbon/monkey
[15:27:51]ADMIN: wjcowart/(Admin) created a /mob/living/carbon/monkey
[15:27:51]ADMIN: wjcowart/(Admin) created a /mob/living/carbon/monkey
[15:27:52]ADMIN: wjcowart/(Admin) created a /mob/living/carbon/monkey
[15:27:53]ADMIN: wjcowart/(Admin) created a /mob/living/carbon/alien/humanoid
[15:28:12]SAY: Ghost/ShoyuMusubi : Hah
[15:28:13]SAY: Ghost/ShoyuMusubi : Noice
[15:28:16]EMOTE: monkey (786)/ : <B>The monkey (786)</B> jumps!
[15:28:17]ADMIN: wjcowart/(Admin) created a /mob/living/simple_animal/corgi/Lisa
[15:28:18]EMOTE: mouse/ : <B>The mouse</B> shakes
[15:28:18]ADMIN: wjcowart/(Admin) created a /mob/living/simple_animal/corgi/Ian
[15:28:20]ADMIN: wjcowart/(Admin) created a /mob/living/simple_animal/corgi/puppy
[15:28:20]ADMIN: wjcowart/(Admin) created a /mob/living/simple_animal/corgi/puppy
[15:28:20]ADMIN: wjcowart/(Admin) created a /mob/living/simple_animal/corgi/puppy
[15:28:21]ADMIN: wjcowart/(Admin) created a /mob/living/simple_animal/corgi/puppy
[15:28:21]ADMIN: wjcowart/(Admin) created a /mob/living/simple_animal/corgi/puppy
[15:28:21]ADMIN: wjcowart/(Admin) created a /mob/living/simple_animal/corgi/puppy
[15:28:22]ADMIN: wjcowart/(Admin) created a /mob/living/simple_animal/corgi/puppy
[15:28:22]ADMIN: wjcowart/(Admin) created a /mob/living/simple_animal/corgi/puppy
[15:28:22]ADMIN: wjcowart/(Admin) created a /mob/living/simple_animal/corgi/puppy
[15:28:22]ADMIN: wjcowart/(Admin) created a /mob/living/simple_animal/corgi/puppy
[15:28:23]ADMIN: wjcowart/(Admin) created a /mob/living/simple_animal/corgi/puppy
[15:28:23]ADMIN: wjcowart/(Admin) created a /mob/living/simple_animal/corgi/puppy
[15:28:23]ADMIN: wjcowart/(Admin) created a /mob/living/simple_animal/corgi/puppy
[15:28:24]ADMIN: wjcowart/(Admin) created a /mob/living/simple_animal/corgi/puppy
[15:28:24]ADMIN: wjcowart/(Admin) created a /mob/living/simple_animal/corgi/puppy
[15:28:24]ADMIN: wjcowart/(Admin) created a /mob/living/simple_animal/corgi/puppy
[15:28:25]ADMIN: wjcowart/(Admin) created a /mob/living/simple_animal/corgi/puppy
[15:28:25]ADMIN: wjcowart/(Admin) created a /mob/living/simple_animal/corgi/puppy
[15:28:25]ADMIN: wjcowart/(Admin) created a /mob/living/simple_animal/corgi/puppy
[15:28:26]ADMIN: wjcowart/(Admin) created a /mob/living/simple_animal/corgi/puppy
[15:28:26]ADMIN: wjcowart/(Admin) created a /mob/living/simple_animal/corgi/puppy
[15:28:26]ADMIN: wjcowart/(Admin) created a /mob/living/simple_animal/corgi/puppy
[15:28:27]ADMIN: wjcowart/(Admin) created a /mob/living/simple_animal/corgi/puppy
[15:28:33]EMOTE: monkey (319)/ : <B>The monkey (319)</B> jumps!
[15:28:36]ADMIN: wjcowart/(Admin) created a /mob/living/simple_animal/hostile/poison/giant_spider/nurse
[15:28:38]ADMIN: wjcowart/(Admin) created a /mob/living/simple_animal/hostile/poison/giant_spider
[15:28:40]ADMIN: wjcowart/(Admin) created a /mob/living/simple_animal/hostile/poison/giant_spider/hunter
[15:28:43]EMOTE: Ian/ : <B>Ian</B> shivers.
[15:28:49]EMOTE: space bear/ : <B>The space bear</B> grumbles
[15:28:51]EMOTE: corgi puppy/ : <B>The corgi puppy</B> yaps.
[15:28:54]ADMIN: wjcowart/(Admin) created a /mob/living/simple_animal/hostile/livingplush
[15:28:56]EMOTE: Living Plushie/ : <B>Living Plushie</B> smiles at Lisa!
[15:28:58]EMOTE: monkey (313)/ : <B>The monkey (313)</B> gasps!
[15:28:58]SAY: Lisa/ : Woof!
[15:28:58]EMOTE: Living Plushie/ : <B>Living Plushie</B> nuzzles Lisa
[15:29:00]EMOTE: Living Plushie/ : <B>Living Plushie</B> nuzzles Lisa
[15:29:02]EMOTE: Living Plushie/ : <B>Living Plushie</B> nuzzles Lisa
[15:29:04]EMOTE: monkey (686)/ : <B>The monkey (686)</B> jumps!
[15:29:04]EMOTE: Living Plushie/ : <B>Living Plushie</B> nuzzles Lisa
[15:29:06]EMOTE: monkey (696)/ : <B>The monkey (696)</B> gasps!
[15:29:06]EMOTE: monkey (959)/ : <B>The monkey (959)</B> gasps!
[15:29:06]EMOTE: Living Plushie/ : <B>Living Plushie</B> nuzzles Lisa
[15:29:08]EMOTE: Living Plushie/ : <B>Living Plushie</B> nuzzles Lisa
[15:29:10]EMOTE: Living Plushie/ : <B>Living Plushie</B> nuzzles Lisa
[15:29:11]ADMIN: wjcowart/(Admin) created a /mob/living/simple_animal/hostile/bear/Hudson
[15:29:12]EMOTE: Living Plushie/ : <B>Living Plushie</B> nuzzles Lisa
[15:29:12]EMOTE: Hudson/ : <B>Hudson</B> stares alertly at the monkey (444)
[15:29:15]EMOTE: Hudson/ : <B>Hudson</B> grumbles
[15:29:15]EMOTE: monkey (696)/ : <B>The monkey (696)</B> gasps!
[15:29:15]EMOTE: monkey (313)/ : <B>The monkey (313)</B> gasps!
[15:29:15]EMOTE: Living Plushie/ : <B>Living Plushie</B> nuzzles Lisa
[15:29:17]SAY: corgi puppy/ : Woof!
[15:29:17]EMOTE: Living Plushie/ : <B>Living Plushie</B> nuzzles Lisa
[15:29:19]EMOTE: giant spider/ : <B>The giant spider</B> chitters
[15:29:19]EMOTE: Living Plushie/ : <B>Living Plushie</B> nuzzles Lisa
[15:29:21]EMOTE: Living Plushie/ : <B>Living Plushie</B> nuzzles Lisa
[15:29:21]EMOTE: Hudson/ : <B>Hudson</B> stares alertly at the corgi puppy
[15:29:23]EMOTE: monkey (696)/ : <B>The monkey (696)</B> gasps!
[15:29:23]EMOTE: Living Plushie/ : <B>Living Plushie</B> nuzzles Lisa
[15:29:25]EMOTE: giant spider/ : <B>The giant spider</B> chitters
[15:29:25]EMOTE: Living Plushie/ : <B>Living Plushie</B> nuzzles Lisa
[15:29:26]ADMIN: wjcowart/(Admin) created a /mob/living/simple_animal/hostile/killertomato
[15:29:26]ADMIN: wjcowart/(Admin) created a /mob/living/simple_animal/hostile/killertomato
[15:29:26]ADMIN: wjcowart/(Admin) created a /mob/living/simple_animal/hostile/killertomato
[15:29:27]ADMIN: wjcowart/(Admin) created a /mob/living/simple_animal/hostile/killertomato
[15:29:27]EMOTE: Living Plushie/ : <B>Living Plushie</B> nuzzles Lisa
[15:29:27]EMOTE: Hudson/ : <B>Hudson</B> stares alertly at the corgi puppy
[15:29:27]ADMIN: wjcowart/(Admin) created a /mob/living/simple_animal/hostile/killertomato
[15:29:28]ADMIN: wjcowart/(Admin) created a /mob/living/simple_animal/hostile/killertomato
[15:29:28]ADMIN: wjcowart/(Admin) created a /mob/living/simple_animal/hostile/killertomato
[15:29:28]ADMIN: wjcowart/(Admin) created a /mob/living/simple_animal/hostile/killertomato
[15:29:29]ADMIN: wjcowart/(Admin) created a /mob/living/simple_animal/hostile/killertomato
[15:29:29]ADMIN: wjcowart/(Admin) created a /mob/living/simple_animal/hostile/killertomato
[15:29:29]EMOTE: Living Plushie/ : <B>Living Plushie</B> nuzzles Lisa
[15:29:31]EMOTE: monkey (903)/ : <B>The monkey (903)</B> jumps!
[15:29:31]EMOTE: monkey (696)/ : <B>The monkey (696)</B> gasps!
[15:29:31]EMOTE: monkey (313)/ : <B>The monkey (313)</B> gasps!
[15:29:31]EMOTE: monkey (959)/ : <B>The monkey (959)</B> gasps!
[15:29:31]EMOTE: Living Plushie/ : <B>Living Plushie</B> nuzzles Killer Tomato
[15:29:33]EMOTE: giant spider/ : <B>The giant spider</B> chitters
[15:29:33]EMOTE: Living Plushie/ : <B>Living Plushie</B> nuzzles the corgi puppy
[15:29:33]EMOTE: Hudson/ : <B>Hudson</B> stares alertly at the monkey (187)
[15:29:36]EMOTE: Living Plushie/ : <B>Living Plushie</B> nuzzles the corgi puppy
[15:29:38]EMOTE: Living Plushie/ : <B>Living Plushie</B> nuzzles the corgi puppy
[15:29:40]EMOTE: monkey (579)/ : <B>The monkey (579)</B> gasps!
[15:29:40]EMOTE: monkey (959)/ : <B>The monkey (959)</B> gasps!
[15:29:40]EMOTE: monkey (319)/ : <B>The monkey (319)</B> gasps!
[15:29:40]EMOTE: monkey (444)/ : <B>The monkey (444)</B> gasps!
[15:29:40]EMOTE: Living Plushie/ : <B>Living Plushie</B> nuzzles the corgi puppy
[15:29:40]EMOTE: Hudson/ : <B>Hudson</B> rawrs
[15:29:42]EMOTE: Living Plushie/ : <B>Living Plushie</B> nuzzles the corgi puppy
[15:29:44]EMOTE: Living Plushie/ : <B>Living Plushie</B> nuzzles the corgi puppy
[15:29:46]EMOTE: Living Plushie/ : <B>Living Plushie</B> nuzzles the corgi puppy
[15:29:46]EMOTE: Hudson/ : <B>Hudson</B> stares alertly at Living Plushie
[15:29:48]EMOTE: monkey (187)/ : <B>The monkey (187)</B> gasps!
[15:29:48]EMOTE: monkey (436)/ : <B>The monkey (436)</B> gasps!
[15:29:48]EMOTE: monkey (696)/ : <B>The monkey (696)</B> gasps!
[15:29:48]EMOTE: monkey (677)/ : <B>The monkey (677)</B> gasps!
[15:29:48]EMOTE: monkey (959)/ : <B>The monkey (959)</B> gasps!
[15:29:48]EMOTE: monkey (319)/ : <B>The monkey (319)</B> gasps!
[15:29:48]EMOTE: monkey (444)/ : <B>The monkey (444)</B> gasps!
[15:29:48]EMOTE: Living Plushie/ : <B>Living Plushie</B> nuzzles the monkey (75)
[15:29:50]EMOTE: Living Plushie/ : <B>Living Plushie</B> nuzzles the monkey (75)
[15:29:52]ADMIN: wjcowart/(Admin) created a /mob/living/simple_animal/hostile/tree/festivus
[15:29:52]EMOTE: Living Plushie/ : <B>Living Plushie</B> nuzzles the monkey (75)
[15:29:52]EMOTE: festivus pole/ : <B>The festivus pole</B> growls at the monkey (993).
[15:29:53]ADMIN: wjcowart/(Admin) created a /mob/living/simple_animal/hostile/tree/festivus
[15:29:54]ADMIN: wjcowart/(Admin) created a /mob/living/simple_animal/hostile/tree/festivus
[15:29:54]ADMIN: wjcowart/(Admin) created a /mob/living/simple_animal/hostile/tree/festivus
[15:29:54]EMOTE: festivus pole/ : <B>The festivus pole</B> growls at the monkey (740).
[15:29:54]EMOTE: festivus pole/ : <B>The festivus pole</B> growls at Admin.
[15:29:54]EMOTE: festivus pole/ : <B>The festivus pole</B> growls at the monkey (339).
[15:29:57]EMOTE: monkey (187)/ : <B>The monkey (187)</B> gasps!
[15:29:57]EMOTE: monkey (28)/ : <B>The monkey (28)</B> gasps!
[15:29:57]EMOTE: monkey (436)/ : <B>The monkey (436)</B> gasps!
[15:29:57]EMOTE: monkey (579)/ : <B>The monkey (579)</B> gasps!
[15:29:57]EMOTE: monkey (696)/ : <B>The monkey (696)</B> gasps!
[15:29:57]EMOTE: monkey (872)/ : <B>The monkey (872)</B> gasps!
[15:29:57]EMOTE: monkey (506)/ : <B>The monkey (506)</B> gasps!
[15:29:57]EMOTE: monkey (313)/ : <B>The monkey (313)</B> gasps!
[15:29:57]EMOTE: monkey (959)/ : <B>The monkey (959)</B> gasps!
[15:29:57]EMOTE: monkey (444)/ : <B>The monkey (444)</B> gasps!
[15:29:57]EMOTE: Hudson/ : <B>Hudson</B> stares alertly at the monkey (120)
[15:29:59]EMOTE: giant spider/ : <B>The giant spider</B> chitters
[15:30:00]ADMIN: wjcowart/(Admin) created a /mob/living/simple_animal/butterfly
[15:30:01]ADMIN: wjcowart/(Admin) created a /mob/living/simple_animal/butterfly
[15:30:01]ADMIN: wjcowart/(Admin) created a /mob/living/simple_animal/butterfly
[15:30:01]ADMIN: wjcowart/(Admin) created a /mob/living/simple_animal/butterfly
[15:30:02]ADMIN: wjcowart/(Admin) created a /mob/living/simple_animal/butterfly
[15:30:02]ADMIN: wjcowart/(Admin) created a /mob/living/simple_animal/butterfly
[15:30:02]ADMIN: wjcowart/(Admin) created a /mob/living/simple_animal/butterfly
[15:30:03]ADMIN: wjcowart/(Admin) created a /mob/living/simple_animal/butterfly
[15:30:03]ADMIN: wjcowart/(Admin) created a /mob/living/simple_animal/butterfly
[15:30:03]ADMIN: wjcowart/(Admin) created a /mob/living/simple_animal/butterfly
[15:30:04]ADMIN: wjcowart/(Admin) created a /mob/living/simple_animal/butterfly
[15:30:05]EMOTE: monkey (588)/ : <B>The monkey (588)</B> gasps!
[15:30:05]EMOTE: monkey (187)/ : <B>The monkey (187)</B> gasps!
[15:30:05]EMOTE: monkey (28)/ : <B>The monkey (28)</B> gasps!
[15:30:05]EMOTE: monkey (339)/ : <B>The monkey (339)</B> gasps!
[15:30:05]EMOTE: monkey (436)/ : <B>The monkey (436)</B> gasps!
[15:30:05]EMOTE: monkey (579)/ : <B>The monkey (579)</B> gasps!
[15:30:05]EMOTE: monkey (677)/ : <B>The monkey (677)</B> gasps!
[15:30:05]EMOTE: monkey (506)/ : <B>The monkey (506)</B> gasps!
[15:30:05]EMOTE: monkey (786)/ : <B>The monkey (786)</B> gasps!
[15:30:05]EMOTE: monkey (313)/ : <B>The monkey (313)</B> gasps!
[15:30:05]EMOTE: monkey (959)/ : <B>The monkey (959)</B> gasps!
[15:30:05]EMOTE: monkey (444)/ : <B>The monkey (444)</B> gasps!
[15:30:05]EMOTE: alien (411)/ : <B>The alien (411)</B> gasps!
[15:30:05]EMOTE: festivus pole/ : <B>The festivus pole</B> growls at the monkey (740).
[15:30:07]EMOTE: monkey (120)/ : <B>The monkey (120)</B> gasps!
[15:30:07]EMOTE: Hudson/ : <B>Hudson</B> stomps
[15:30:09]ADMIN: wjcowart/(Admin) created a /mob/living/simple_animal/bee
[15:30:09]ADMIN: wjcowart/(Admin) created a /mob/living/simple_animal/bee
[15:30:09]EMOTE: monkey (677)/ : <B>The monkey (677)</B> gasps!
[15:30:09]SAY: corgi puppy/ : Bark!
[15:30:09]EMOTE: festivus pole/ : <B>The festivus pole</B> growls at the monkey (210).
[15:30:09]EMOTE: Hudson/ : <B>Hudson</B> stares alertly at the giant spider
[15:30:09]EMOTE: festivus pole/ : <B>The festivus pole</B> growls at the corgi puppy.
[15:30:09]ADMIN: wjcowart/(Admin) created a /mob/living/simple_animal/bee
[15:30:10]ADMIN: wjcowart/(Admin) created a /mob/living/simple_animal/bee
[15:30:10]ADMIN: wjcowart/(Admin) created a /mob/living/simple_animal/bee
[15:30:10]ADMIN: wjcowart/(Admin) created a /mob/living/simple_animal/bee
[15:30:11]ADMIN: wjcowart/(Admin) created a /mob/living/simple_animal/bee
[15:30:11]ADMIN: wjcowart/(Admin) created a /mob/living/simple_animal/bee
[15:30:11]EMOTE: festivus pole/ : <B>The festivus pole</B> growls at the butterfly.
[15:30:11]ADMIN: wjcowart/(Admin) created a /mob/living/simple_animal/bee
[15:30:12]ADMIN: wjcowart/(Admin) created a /mob/living/simple_animal/bee
[15:30:13]EMOTE: monkey (120)/ : <B>The monkey (120)</B> gasps!
[15:30:13]EMOTE: monkey (588)/ : <B>The monkey (588)</B> gasps!
[15:30:13]EMOTE: monkey (187)/ : <B>The monkey (187)</B> gasps!
[15:30:13]EMOTE: monkey (28)/ : <B>The monkey (28)</B> gasps!
[15:30:13]EMOTE: monkey (339)/ : <B>The monkey (339)</B> gasps!
[15:30:13]EMOTE: monkey (436)/ : <B>The monkey (436)</B> gasps!
[15:30:13]EMOTE: monkey (872)/ : <B>The monkey (872)</B> gasps!
[15:30:13]EMOTE: monkey (959)/ : <B>The monkey (959)</B> gasps!
[15:30:13]EMOTE: monkey (319)/ : <B>The monkey (319)</B> gasps!
[15:30:13]EMOTE: monkey (340)/ : <B>The monkey (340)</B> gasps!
[15:30:13]EMOTE: alien (411)/ : <B>The alien (411)</B> gasps!
[15:30:15]EMOTE: monkey (187)/ : <B>The monkey (187)</B> gasps!
[15:30:15]EMOTE: monkey (579)/ : <B>The monkey (579)</B> gasps!
[15:30:15]EMOTE: festivus pole/ : <B>The festivus pole</B> growls at the corgi puppy.
[15:30:18]EMOTE: giant spider/ : <B>The giant spider</B> chitters
[15:30:18]EMOTE: festivus pole/ : <B>The festivus pole</B> growls at the monkey (464).
[15:30:20]EMOTE: festivus pole/ : <B>The festivus pole</B> growls at Domesticated space bee.
[15:30:20]EMOTE: Hudson/ : <B>Hudson</B> stares alertly at the corgi puppy
[15:30:22]EMOTE: monkey (120)/ : <B>The monkey (120)</B> gasps!
[15:30:22]EMOTE: monkey (588)/ : <B>The monkey (588)</B> gasps!
[15:30:22]EMOTE: monkey (28)/ : <B>The monkey (28)</B> gasps!
[15:30:22]EMOTE: monkey (339)/ : <B>The monkey (339)</B> gasps!
[15:30:22]EMOTE: monkey (579)/ : <B>The monkey (579)</B> gasps!
[15:30:22]EMOTE: monkey (323)/ : <B>The monkey (323)</B> gasps!
[15:30:22]EMOTE: monkey (677)/ : <B>The monkey (677)</B> gasps!
[15:30:22]EMOTE: monkey (872)/ : <B>The monkey (872)</B> gasps!
[15:30:22]EMOTE: monkey (340)/ : <B>The monkey (340)</B> gasps!
[15:30:22]EMOTE: monkey (444)/ : <B>The monkey (444)</B> gasps!
[15:30:22]EMOTE: alien (411)/ : <B>The alien (411)</B> gasps!
[15:30:22]EMOTE: festivus pole/ : <B>The festivus pole</B> growls at the monkey (339).
[15:30:22]EMOTE: festivus pole/ : <B>The festivus pole</B> growls at the corgi puppy.
[15:30:24]EMOTE: Hudson/ : <B>Hudson</B> stares alertly at the monkey (75)
[15:30:28]EMOTE: festivus pole/ : <B>The festivus pole</B> growls at the monkey (158).
[15:30:28]EMOTE: festivus pole/ : <B>The festivus pole</B> growls at Domesticated space bee.
[15:30:30]EMOTE: Admin/wjcowart : <B>Admin</B> gasps!
[15:30:30]EMOTE: monkey (588)/ : <B>The monkey (588)</B> gasps!
[15:30:30]EMOTE: monkey (187)/ : <B>The monkey (187)</B> gasps!
[15:30:30]EMOTE: monkey (28)/ : <B>The monkey (28)</B> gasps!
[15:30:30]EMOTE: monkey (210)/ : <B>The monkey (210)</B> gasps!
[15:30:30]EMOTE: monkey (436)/ : <B>The monkey (436)</B> gasps!
[15:30:30]EMOTE: monkey (900)/ : <B>The monkey (900)</B> gasps!
[15:30:30]EMOTE: monkey (261)/ : <B>The monkey (261)</B> gasps!
[15:30:30]EMOTE: monkey (323)/ : <B>The monkey (323)</B> gasps!
[15:30:30]EMOTE: monkey (677)/ : <B>The monkey (677)</B> gasps!
[15:30:30]EMOTE: monkey (872)/ : <B>The monkey (872)</B> gasps!
[15:30:30]EMOTE: monkey (506)/ : <B>The monkey (506)</B> gasps!
[15:30:30]EMOTE: monkey (786)/ : <B>The monkey (786)</B> gasps!
[15:30:30]EMOTE: monkey (319)/ : <B>The monkey (319)</B> gasps!
[15:30:30]EMOTE: monkey (340)/ : <B>The monkey (340)</B> gasps!
[15:30:30]EMOTE: festivus pole/ : <B>The festivus pole</B> growls at Domesticated space bee.
[15:30:32]EMOTE: monkey (28)/ : <B>The monkey (28)</B> gasps!
[15:30:32]EMOTE: giant spider/ : <B>The giant spider</B> chitters
[15:30:32]EMOTE: festivus pole/ : <B>The festivus pole</B> growls at the monkey (993).
[15:30:32]EMOTE: festivus pole/ : <B>The festivus pole</B> growls at Killer Tomato.
[15:30:32]ADMIN: wjcowart/(Admin) healed / Revived wjcowart/(Admin)
[15:30:34]EMOTE: space bear/ : <B>The space bear</B> stares ferociously
[15:30:37]EMOTE: festivus pole/ : <B>The festivus pole</B> growls at Killer Tomato.
[15:30:37]ADMIN: PM: ShoyuMusubi/(Adan LELZ)->Wjcowart/(Admin): Noob.
[15:30:39]EMOTE: monkey (432)/ : <B>The monkey (432)</B> jumps!
[15:30:39]EMOTE: monkey (588)/ : <B>The monkey (588)</B> gasps!
[15:30:39]EMOTE: monkey (187)/ : <B>The monkey (187)</B> gasps!
[15:30:39]EMOTE: monkey (339)/ : <B>The monkey (339)</B> gasps!
[15:30:39]EMOTE: monkey (210)/ : <B>The monkey (210)</B> gasps!
[15:30:39]EMOTE: monkey (436)/ : <B>The monkey (436)</B> gasps!
[15:30:39]EMOTE: monkey (900)/ : <B>The monkey (900)</B> gasps!
[15:30:39]EMOTE: monkey (579)/ : <B>The monkey (579)</B> gasps!
[15:30:39]EMOTE: monkey (993)/ : <B>The monkey (993)</B> gasps!
[15:30:39]EMOTE: monkey (261)/ : <B>The monkey (261)</B> gasps!
[15:30:39]EMOTE: monkey (323)/ : <B>The monkey (323)</B> gasps!
[15:30:39]EMOTE: monkey (677)/ : <B>The monkey (677)</B> gasps!
[15:30:39]EMOTE: monkey (872)/ : <B>The monkey (872)</B> gasps!
[15:30:39]EMOTE: monkey (786)/ : <B>The monkey (786)</B> gasps!
[15:30:39]EMOTE: monkey (339)/ : <B>The monkey (339)</B> gasps!
[15:30:39]EMOTE: monkey (319)/ : <B>The monkey (319)</B> gasps!
[15:30:39]EMOTE: monkey (340)/ : <B>The monkey (340)</B> gasps!
[15:30:39]EMOTE: alien (411)/ : <B>The alien (411)</B> gasps!
[15:30:41]EMOTE: festivus pole/ : <B>The festivus pole</B> growls at the monkey (784).
[15:30:43]EMOTE: festivus pole/ : <B>The festivus pole</B> growls at the monkey (959).
[15:30:45]EMOTE: festivus pole/ : <B>The festivus pole</B> growls at the monkey (808).
[15:30:45]EMOTE: festivus pole/ : <B>The festivus pole</B> growls at Killer Tomato.
[15:30:46]ADMIN: PM: ShoyuMusubi/(Adan LELZ)->Wjcowart/(Admin): Mini panic attack &lt;
[15:30:46]ADMIN: PM: Wjcowart/(Admin)->ShoyuMusubi/(Adan LELZ): nah
[15:30:47]EMOTE: monkey (187)/ : <B>The monkey (187)</B> gasps!
[15:30:47]EMOTE: monkey (28)/ : <B>The monkey (28)</B> gasps!
[15:30:47]EMOTE: monkey (740)/ : <B>The monkey (740)</B> gasps!
[15:30:47]EMOTE: monkey (339)/ : <B>The monkey (339)</B> gasps!
[15:30:47]EMOTE: monkey (210)/ : <B>The monkey (210)</B> gasps!
[15:30:47]EMOTE: monkey (436)/ : <B>The monkey (436)</B> gasps!
[15:30:47]EMOTE: monkey (900)/ : <B>The monkey (900)</B> gasps!
[15:30:47]EMOTE: monkey (579)/ : <B>The monkey (579)</B> gasps!
[15:30:47]EMOTE: monkey (261)/ : <B>The monkey (261)</B> gasps!
[15:30:47]EMOTE: monkey (323)/ : <B>The monkey (323)</B> gasps!
[15:30:47]EMOTE: monkey (677)/ : <B>The monkey (677)</B> gasps!
[15:30:47]EMOTE: monkey (786)/ : <B>The monkey (786)</B> gasps!
[15:30:47]EMOTE: monkey (339)/ : <B>The monkey (339)</B> gasps!
[15:30:47]EMOTE: monkey (340)/ : <B>The monkey (340)</B> gasps!
[15:30:47]EMOTE: monkey (75)/ : <B>The monkey (75)</B> gasps!
[15:30:47]EMOTE: alien (411)/ : <B>The alien (411)</B> gasps!
[15:30:47]EMOTE: giant spider/ : <B>The giant spider</B> chitters
[15:30:47]EMOTE: festivus pole/ : <B>The festivus pole</B> growls at the butterfly.
[15:30:49]EMOTE: festivus pole/ : <B>The festivus pole</B> growls at Killer Tomato.
[15:30:53]SAY: space bear/ : Growl!
[15:30:55]EMOTE: monkey (120)/ : <B>The monkey (120)</B> gasps!
[15:30:55]EMOTE: monkey (187)/ : <B>The monkey (187)</B> gasps!
[15:30:55]EMOTE: monkey (28)/ : <B>The monkey (28)</B> gasps!
[15:30:55]EMOTE: monkey (740)/ : <B>The monkey (740)</B> gasps!
[15:30:55]EMOTE: monkey (210)/ : <B>The monkey (210)</B> gasps!
[15:30:55]EMOTE: monkey (900)/ : <B>The monkey (900)</B> gasps!
[15:30:55]EMOTE: monkey (851)/ : <B>The monkey (851)</B> gasps!
[15:30:55]EMOTE: monkey (993)/ : <B>The monkey (993)</B> gasps!
[15:30:55]EMOTE: monkey (261)/ : <B>The monkey (261)</B> gasps!
[15:30:55]EMOTE: monkey (506)/ : <B>The monkey (506)</B> gasps!
[15:30:55]EMOTE: monkey (786)/ : <B>The monkey (786)</B> gasps!
[15:30:55]EMOTE: monkey (24)/ : <B>The monkey (24)</B> gasps!
[15:30:55]EMOTE: monkey (158)/ : <B>The monkey (158)</B> gasps!
[15:30:55]EMOTE: monkey (339)/ : <B>The monkey (339)</B> gasps!
[15:30:55]EMOTE: monkey (340)/ : <B>The monkey (340)</B> gasps!
[15:30:55]EMOTE: alien (411)/ : <B>The alien (411)</B> gasps!
[15:30:55]EMOTE: festivus pole/ : <B>The festivus pole</B> growls at Killer Tomato.
[15:30:55]EMOTE: festivus pole/ : <B>The festivus pole</B> growls at Domesticated space bee.
[15:30:57]EMOTE: monkey (339)/ : <B>The monkey (339)</B> gasps!
[15:31:04]EMOTE: monkey (120)/ : <B>The monkey (120)</B> gasps!
[15:31:04]EMOTE: monkey (740)/ : <B>The monkey (740)</B> gasps!
[15:31:04]EMOTE: monkey (900)/ : <B>The monkey (900)</B> gasps!
[15:31:04]EMOTE: monkey (851)/ : <B>The monkey (851)</B> gasps!
[15:31:04]EMOTE: monkey (993)/ : <B>The monkey (993)</B> gasps!
[15:31:04]EMOTE: monkey (261)/ : <B>The monkey (261)</B> gasps!
[15:31:04]EMOTE: monkey (323)/ : <B>The monkey (323)</B> gasps!
[15:31:04]EMOTE: monkey (872)/ : <B>The monkey (872)</B> gasps!
[15:31:04]EMOTE: monkey (786)/ : <B>The monkey (786)</B> gasps!
[15:31:04]EMOTE: monkey (24)/ : <B>The monkey (24)</B> gasps!
[15:31:04]EMOTE: monkey (339)/ : <B>The monkey (339)</B> gasps!
[15:31:04]EMOTE: monkey (340)/ : <B>The monkey (340)</B> gasps!
[15:31:04]EMOTE: monkey (75)/ : <B>The monkey (75)</B> gasps!
[15:31:04]EMOTE: alien (411)/ : <B>The alien (411)</B> gasps!
[15:31:04]EMOTE: festivus pole/ : <B>The festivus pole</B> growls at the monkey (784).
[15:31:04]EMOTE: festivus pole/ : <B>The festivus pole</B> growls at the giant spider.
[15:31:06]EMOTE: festivus pole/ : <B>The festivus pole</B> growls at the monkey (959).
[15:31:10]GAME: Antagonists at round end were...
[15:31:10]GAME: Changelings: Tucker Highlands(ShoyuMusubi).
[15:31:10]GAME: Wizards: Adan LELZ(ShoyuMusubi).
[15:31:10]GAME: Queens: Triston Riker(wjcowart).
[15:31:10]EMOTE: monkey (445)/ : <B>The monkey (445)</B> jumps!
[15:31:10]EMOTE: giant spider/ : <B>The giant spider</B> chitters
[15:31:12]EMOTE: monkey (120)/ : <B>The monkey (120)</B> gasps!
[15:31:12]EMOTE: monkey (740)/ : <B>The monkey (740)</B> gasps!
[15:31:12]EMOTE: monkey (210)/ : <B>The monkey (210)</B> gasps!
[15:31:12]EMOTE: monkey (900)/ : <B>The monkey (900)</B> gasps!
[15:31:12]EMOTE: monkey (851)/ : <B>The monkey (851)</B> gasps!
[15:31:12]EMOTE: monkey (993)/ : <B>The monkey (993)</B> gasps!
[15:31:12]EMOTE: monkey (261)/ : <B>The monkey (261)</B> gasps!
[15:31:12]EMOTE: monkey (786)/ : <B>The monkey (786)</B> gasps!
[15:31:12]EMOTE: monkey (24)/ : <B>The monkey (24)</B> gasps!
[15:31:12]EMOTE: monkey (158)/ : <B>The monkey (158)</B> gasps!
[15:31:12]EMOTE: monkey (75)/ : <B>The monkey (75)</B> gasps!
[15:31:14]EMOTE: space bear/ : <B>The space bear</B> stomps
[15:31:16]EMOTE: festivus pole/ : <B>The festivus pole</B> growls at the giant spider.
[15:31:16]EMOTE: festivus pole/ : <B>The festivus pole</B> growls at Domesticated space bee.
[15:31:21]EMOTE: monkey (740)/ : <B>The monkey (740)</B> gasps!
[15:31:21]EMOTE: monkey (210)/ : <B>The monkey (210)</B> gasps!
[15:31:21]EMOTE: monkey (900)/ : <B>The monkey (900)</B> gasps!
[15:31:21]EMOTE: monkey (851)/ : <B>The monkey (851)</B> gasps!
[15:31:21]EMOTE: monkey (993)/ : <B>The monkey (993)</B> gasps!
[15:31:21]EMOTE: monkey (323)/ : <B>The monkey (323)</B> gasps!
[15:31:21]EMOTE: monkey (24)/ : <B>The monkey (24)</B> gasps!
[15:31:21]EMOTE: monkey (158)/ : <B>The monkey (158)</B> gasps!
[15:31:21]EMOTE: monkey (339)/ : <B>The monkey (339)</B> gasps!
[15:31:21]EMOTE: monkey (959)/ : <B>The monkey (959)</B> gasps!
[15:31:21]EMOTE: monkey (75)/ : <B>The monkey (75)</B> gasps!
[15:31:21]EMOTE: alien (411)/ : <B>The alien (411)</B> gasps!
[15:31:21]EMOTE: festivus pole/ : <B>The festivus pole</B> growls at Killer Tomato.
[15:31:25]EMOTE: festivus pole/ : <B>The festivus pole</B> growls at Killer Tomato.
[15:31:27]EMOTE: monkey (903)/ : <B>The monkey (903)</B> jumps!
[15:31:27]EMOTE: festivus pole/ : <B>The festivus pole</B> growls at the monkey (967).
[15:31:29]EMOTE: monkey (210)/ : <B>The monkey (210)</B> gasps!
[15:31:29]EMOTE: monkey (900)/ : <B>The monkey (900)</B> gasps!
[15:31:29]EMOTE: monkey (851)/ : <B>The monkey (851)</B> gasps!
[15:31:29]EMOTE: monkey (261)/ : <B>The monkey (261)</B> gasps!
[15:31:29]EMOTE: monkey (24)/ : <B>The monkey (24)</B> gasps!
[15:31:29]EMOTE: monkey (158)/ : <B>The monkey (158)</B> gasps!
[15:31:29]EMOTE: monkey (339)/ : <B>The monkey (339)</B> gasps!
[15:31:29]EMOTE: monkey (75)/ : <B>The monkey (75)</B> gasps!
[15:31:29]EMOTE: monkey (464)/ : <B>The monkey (464)</B> gasps!
[15:31:29]EMOTE: alien (411)/ : <B>The alien (411)</B> gasps!
[15:31:29]EMOTE: festivus pole/ : <B>The festivus pole</B> growls at the monkey (197).
[15:31:31]EMOTE: festivus pole/ : <B>The festivus pole</B> growls at the monkey (967).
[15:31:33]EMOTE: monkey (75)/ : <B>The monkey (75)</B> gasps!
[15:31:37]EMOTE: monkey (210)/ : <B>The monkey (210)</B> gasps!
[15:31:37]EMOTE: monkey (851)/ : <B>The monkey (851)</B> gasps!
[15:31:37]EMOTE: monkey (24)/ : <B>The monkey (24)</B> gasps!
[15:31:37]EMOTE: monkey (339)/ : <B>The monkey (339)</B> gasps!
[15:31:37]EMOTE: monkey (959)/ : <B>The monkey (959)</B> gasps!
[15:31:37]EMOTE: monkey (75)/ : <B>The monkey (75)</B> gasps!
[15:31:37]EMOTE: monkey (464)/ : <B>The monkey (464)</B> gasps!
[15:31:37]EMOTE: alien (411)/ : <B>The alien (411)</B> gasps!
[15:31:41]ACCESS: Logout: ShoyuMusubi[DC]/(Adan LELZ)
[15:31:41]ACCESS: Logout: wjcowart[DC]/(Admin)


Starting up. 15:32.43
---------------------
Adding game mode abduction (abduction) to configuration.
Adding game mode blob (blob) to configuration.
Adding game mode changeling (changeling) to configuration.
Adding game mode shadowling (shadowling) to configuration.
Adding game mode traitor+changeling (traitorchan) to configuration.
Adding game mode double agents (double_agents) to configuration.
Adding game mode traitor (traitor) to configuration.
Adding game mode cult (cult) to configuration.
Adding game mode extended (extended) to configuration.
Adding game mode gang war (gang) to configuration.
Adding game mode AI malfunction (malfunction) to configuration.
Adding game mode meteor (meteor) to configuration.
Adding game mode monkey (monkey) to configuration.
Adding game mode nuclear emergency (nuclear) to configuration.
Adding game mode revolution (revolution) to configuration.
Adding game mode sandbox (sandbox) to configuration.
Adding game mode Ragin' Mages (raginmages) to configuration.
Adding game mode wizard (wizard) to configuration.
Unknown setting in configuration: 'use_recursive_explosions'
Saved mode is 'secret'
Failed to connect to database in load_admin_ranks(). Reverting to legacy system.
[15:32:44]ADMIN: Loading Banlistjob
[15:32:44]ADMIN: Loading jobban_rank
[15:32:44]ADMIN: jobban_keylist was empty
[15:32:44]ADMIN: Loading appearance_rank
[15:32:44]ADMIN: appearance_keylist was empty
[15:32:44]ADMIN: Updating jobbanfile!
[15:32:44]ADMIN: Loading Banlist
[15:32:58]ACCESS: Login: Wjcowart/(Wjcowart) from 127.0.0.1-1984611505 || BYOND v508
[15:32:59]ACCESS: Login: ShoyuMusubi/(ShoyuMusubi) from 184.99.114.151-1402328277 || BYOND v507
[15:35:28]OOC: ShoyuMusubi/ShoyuMusubi : Not used to all these new tabs
[15:35:31]OOC: ShoyuMusubi/ShoyuMusubi : So weerd
[15:36:11]GAME: Wjcowart (ckey) has been selected as a traitor
[15:36:11]ACCESS: Logout: *no key*/(Wjcowart)
[15:36:11]ACCESS: Login: Wjcowart/(Shaun Rhinehart) from 127.0.0.1-1984611505 || BYOND v508
[15:36:12]ACCESS: Logout: *no key*/(ShoyuMusubi)
[15:36:12]ACCESS: Login: ShoyuMusubi/(Tucker Highlands) from 184.99.114.151-1402328277 || BYOND v507
[15:36:35]EMOTE: Poly/ : <B>Poly</B> turns and flies towards the chief engineer's rubber stamp.
[15:36:39]EMOTE: space bear/ : <B>The space bear</B> stares ferociously
[15:36:43]EMOTE: mouse/ : <B>The mouse</B> runs in a circle
[15:37:08]SAY: grey baby slime (767)/ : Rawr...
[15:37:19]EMOTE: Ian/ : <B>Ian</B> pants.
[15:38:20]EMOTE: mouse/ : <B>The mouse</B> squeeks
[15:38:22]EMOTE: Poly/ : <B>Poly</B> looks in the faggot's direction and takes flight.
[15:38:39]EMOTE: mouse/ : <B>The mouse</B> runs in a circle
[15:38:47]EMOTE: Ian/ : <B>Ian</B> barks!
[15:38:54]SAY: grey baby slime (767)/ : Blorble...
[15:39:10]SAY: Tucker Highlands/ShoyuMusubi : Fuck
[15:39:11]SAY: Tucker Highlands/ShoyuMusubi : Off
[15:39:12]SAY: Tucker Highlands/ShoyuMusubi : Medibot
[15:39:15]SAY: Tucker Highlands/ShoyuMusubi : FINNE
[15:39:16]SAY: Tucker Highlands/ShoyuMusubi : HEAL ME YA DICK
[15:39:21]EMOTE: Poly/ : <B>Poly</B> looks in the pen's direction and takes flight.
[15:39:37]EMOTE: Tucker Highlands/ShoyuMusubi : <B>Tucker Highlands</B> seizes up and falls limp, his eyes dead and lifeless...
[15:39:37]ACCESS: Logout: *no key*/(Tucker Highlands)
[15:39:37]ACCESS: Login: ShoyuMusubi/(Tucker Highlands) from 184.99.114.151-1402328277 || BYOND v507
[15:39:44]EMOTE: space bear/ : <B>The space bear</B> stares ferociously
[15:40:30]EMOTE: Poly/ : <B>Poly</B> looks in the pen's direction and takes flight.
[15:41:02]EMOTE: space bear/ : <B>The space bear</B> stares ferociously
[15:41:06]SAY: mouse/ : SQUEEK!
[15:41:08]EMOTE: Hudson/ : <B>Hudson</B> stomps
[15:41:25]SAY: grey baby slime (712)/ : Rawr...
[15:41:31]EMOTE: Poly/ : <B>Poly</B> looks in the pen's direction and takes flight.
[15:41:58]EMOTE: Ian/ : <B>Ian</B> chases its tail!
[15:42:07]EMOTE: space bear/ : <B>The space bear</B> stomps
[15:42:26]EMOTE: Hudson/ : <B>Hudson</B> grawls
[15:42:44]ACCESS: Logout: Wjcowart[DC]/(Shaun Rhinehart)
[15:42:49]SAY: space bear/ : RAWR!
[15:43:01]EMOTE: Ian/ : <B>Ian</B> dances around.
[15:43:08]EMOTE: space bear/ : <B>The space bear</B> grumbles
[15:43:08]EMOTE: Ian/ : <B>Ian</B> chases its tail!
[15:43:20]EMOTE: Ian/ : <B>Ian</B> yaps.
[15:43:24]EMOTE: space bear/ : <B>The space bear</B> rawrs
[15:43:33]SAY: space bear/ : Rawr!
[15:43:33]EMOTE: monkey (162)/ : <B>The monkey (162)</B> jumps!
[15:44:15]SAY: space bear/ : RAWR!
[15:44:32]EMOTE: Coffee/ : <B>Coffee</B> clacks
[15:44:32]EMOTE: space bear/ : <B>The space bear</B> grawls
[15:44:42]EMOTE: Hudson/ : <B>Hudson</B> rawrs
[15:44:57]EMOTE: space bear/ : <B>The space bear</B> stares ferociously
[15:45:30]SAY: space bear/ : Rawr!
[15:46:31]EMOTE: space bear/ : <B>The space bear</B> stomps
[15:48:33]EMOTE: mouse/ : <B>The mouse</B> runs in a circle
[15:49:03]SAY: Hudson/ : GRR!
[15:49:17]SAY: space bear/ : RAWR!
[15:49:47]EMOTE: space bear/ : <B>The space bear</B> stares ferociously
[15:49:53]EMOTE: space bear/ : <B>The space bear</B> stomps
[15:50:20]ACCESS: Logout: *no key*/(Tucker Highlands)
[15:50:20]ACCESS: Login: ShoyuMusubi/(Tucker Highlands) from 184.99.114.151-1402328277 || BYOND v507
[15:50:20]ACCESS: Logout: *no key*/(Tucker Highlands)
[15:50:20]ACCESS: Login: ShoyuMusubi/(Tucker Highlands) from 184.99.114.151-1402328277 || BYOND v507
[15:50:52]SAY: grey baby slime (627)/ : Blorble...
[15:51:09]EMOTE: space bear/ : <B>The space bear</B> stomps
[15:51:27]SAY: space bear/ : GRR!
[15:51:34]SAY: space bear/ : Rawr!
[15:51:36]EMOTE: Ian/ : <B>Ian</B> dances around.
[15:51:44]SAY: space bear/ : GRR!
[15:51:46]EMOTE: Coffee/ : <B>Coffee</B> clicks
[15:52:07]SAY: grey baby slime (767)/ : Lonely...
[15:52:10]ACCESS: Logout: ShoyuMusubi[DC]/(Tucker Highlands)
[17:36:10]EMOTE: space bear/ : <B>The space bear</B> rawrs
[17:36:15]ACCESS: Login: ShoyuMusubi/(Tucker Highlands) from 184.99.114.151-1402328277 || BYOND v507
[17:36:17]EMOTE: monkey (162)/ : <B>The monkey (162)</B> jumps!
[17:36:25]SAY: space bear/ : Growl!
[17:36:41]ADMIN: ShoyuMusubi/(Tucker Highlands) admin-called the emergency shuttle.
[17:37:05]SAY: space bear/ : Growl!
[17:37:58]ACCESS: Logout: *no key*/(Tucker Highlands)
[17:37:58]ACCESS: Login: ShoyuMusubi/(Tucker Highlands) from 184.99.114.151-1402328277 || BYOND v507
[17:38:00]ACCESS: Logout: *no key*/(Tucker Highlands)
[17:38:00]ACCESS: Login: ShoyuMusubi/(Tucker Highlands) from 184.99.114.151-1402328277 || BYOND v507
[17:38:03]ACCESS: Logout: *no key*/(Tucker Highlands)
[17:38:03]ACCESS: Login: ShoyuMusubi/(Tucker Highlands) from 184.99.114.151-1402328277 || BYOND v507
[17:38:12]EMOTE: Hudson/ : <B>Hudson</B> grawls
[17:38:13]ACCESS: Logout: *no key*/(Tucker Highlands)
[17:38:13]ACCESS: Login: ShoyuMusubi/(Tucker Highlands) from 184.99.114.151-1402328277 || BYOND v507
[17:38:21]ADMIN: ShoyuMusubi/(Tucker Highlands) has created a command report: Beep boop.
[17:38:39]SAY: space bear/ : Rawr!
[17:38:47]ADMIN: ShoyuMusubi/(Tucker Highlands) issued a Station-wide Wanted Notification for Nigger!
[17:38:52]SAY: Poly/ : <i>Poly wanna cracker!</i>
[17:38:56]EMOTE: space bear/ : <B>The space bear</B> stomps
[17:39:05]SAY: Ian/ : YAP!
[17:39:30]SAY: space bear/ : GRR!
[17:39:32]SAY: space bear/ : Rawr!
[17:39:55]SAY: space bear/ : RAWR!
[17:40:01]SAY: grey baby slime (767)/ : Blorble...
[17:41:23]EMOTE: Ian/ : <B>Ian</B> shivers.
[17:41:31]ACCESS: Logout: ShoyuMusubi[DC]/(Tucker Highlands)
[17:52:01]ACCESS: Failed Login: Guest-3953853542 - Guests not allowed


Starting up. 18:13.31
---------------------
Adding game mode abduction (abduction) to configuration.
Adding game mode blob (blob) to configuration.
Adding game mode changeling (changeling) to configuration.
Adding game mode shadowling (shadowling) to configuration.
Adding game mode traitor+changeling (traitorchan) to configuration.
Adding game mode double agents (double_agents) to configuration.
Adding game mode traitor (traitor) to configuration.
Adding game mode cult (cult) to configuration.
Adding game mode extended (extended) to configuration.
Adding game mode gang war (gang) to configuration.
Adding game mode AI malfunction (malfunction) to configuration.
Adding game mode meteor (meteor) to configuration.
Adding game mode monkey (monkey) to configuration.
Adding game mode nuclear emergency (nuclear) to configuration.
Adding game mode revolution (revolution) to configuration.
Adding game mode sandbox (sandbox) to configuration.
Adding game mode Ragin' Mages (raginmages) to configuration.
Adding game mode wizard (wizard) to configuration.
Unknown setting in configuration: 'use_recursive_explosions'
Saved mode is 'secret'
Failed to connect to database in load_admin_ranks(). Reverting to legacy system.
[18:13:31]ADMIN: Loading Banlistjob
[18:13:31]ADMIN: Loading jobban_rank
[18:13:31]ADMIN: jobban_keylist was empty
[18:13:31]ADMIN: Loading appearance_rank
[18:13:31]ADMIN: appearance_keylist was empty
[18:13:31]ADMIN: Updating jobbanfile!
[18:13:31]ADMIN: Loading Banlist
[18:15:57]ACCESS: Login: Wjcowart/(Wjcowart) from 127.0.0.1-1984611505 || BYOND v508
[18:17:38]ACCESS: Logout: Wjcowart[DC]/(Wjcowart)
