

Starting up. 02:56.13
---------------------
[03:01:57]ATTACK: <font color='red'>Shaun Rhinehart(wjcowart) stunned Matthew Rhinehart(cairo283) with telescopic baton</font>
[03:02:11]ATTACK: <font color='red'>Matthew Rhinehart(cairo283) hit Shaun Rhinehart(wjcowart) with The pinpointer</font>
[03:02:13]ATTACK: <font color='red'>Shaun Rhinehart(wjcowart) stunned Matthew Rhinehart(cairo283) with telescopic baton</font>
[03:03:10]ATTACK: <font color='red'>Matthew Rhinehart(cairo283) shot Alcatraz with The pellet</font>
[03:03:31]ATTACK: <font color='red'>Matthew Rhinehart(cairo283) hit Alcatraz with The combat shotgun</font>
[03:04:34]ATTACK: <font color='red'>Shaun Rhinehart(wjcowart) stunned Matthew Rhinehart(cairo283) with telescopic baton</font>
[03:04:39]ATTACK: <font color='red'>Shaun Rhinehart(wjcowart) handcuffed Matthew Rhinehart(cairo283) </font>
[03:04:53]ATTACK: <font color='red'>Shaun Rhinehart(wjcowart) shot Matthew Rhinehart(cairo283) with The electrode</font>
[03:05:44]ATTACK: <font color='red'>Shaun Rhinehart(wjcowart) stripped Matthew Rhinehart(cairo283) of the handcuffs</font>
[03:07:23]ATTACK: <font color='red'>Matthew Rhinehart(cairo283) grabbed Shaun Rhinehart(wjcowart) passively</font>
[03:07:35]ATTACK: <font color='red'>Matthew Rhinehart(cairo283) hit Matthew Rhinehart(cairo283) with The soap</font>
[03:07:44]ATTACK: <font color='red'>Shaun Rhinehart(wjcowart) attacked Pun Pun with Broken Bottle(INTENT: HELP) (DAMTYPE: BRUTE)</font>
[03:08:15]ATTACK: <font color='red'>Shaun Rhinehart(wjcowart) shaked Matthew Rhinehart(cairo283) </font>
[03:08:30]ATTACK: <font color='red'>Shaun Rhinehart(wjcowart) attacked Matthew Rhinehart(cairo283) with soap(INTENT: HELP) (DAMTYPE: BRUTE)</font>
[03:08:44]ATTACK: <font color='red'>Matthew Rhinehart(cairo283) attacked Shaun Rhinehart(wjcowart) with riot shield(INTENT: HELP) (DAMTYPE: BRUTE)</font>
[03:09:24]ATTACK: <font color='red'>Shaun Rhinehart(wjcowart) attacked Matthew Rhinehart(cairo283) with soap(INTENT: HELP) (DAMTYPE: BRUTE)</font>
[03:10:28]ATTACK: <font color='red'>Shaun Rhinehart(wjcowart) shaked   (as Matthew Rhinehart)(cairo283) </font>
[03:10:29]ATTACK: <font color='red'>Shaun Rhinehart(wjcowart) shaked   (as Matthew Rhinehart)(cairo283) </font>
[03:10:54]ATTACK: <font color='red'>Shaun Rhinehart(wjcowart) hit Eustace Hoenshell with The black shoes</font>
[03:11:13]ATTACK: <font color='red'>Eustace Hoenshell(cairo283) hit Shaun Rhinehart(wjcowart) with The black shoes</font>
[03:12:49]ATTACK: <font color='red'>Eustace Hoenshell(cairo283) shot Bert with The bullet</font>
[03:13:54]ATTACK: <font color='red'>Shaun Rhinehart(wjcowart) hit Eustace Hoenshell(cairo283) with The kitchen knife</font>
[03:14:03]ATTACK: <font color='red'>Shaun Rhinehart(wjcowart) hit Eustace Hoenshell(cairo283) with The kitchen knife</font>
[03:14:22]ATTACK: <font color='red'>Eustace Hoenshell(cairo283) un-embedded of the kitchen knife  Eustace Hoenshell(cairo283) </font>
[03:14:30]ATTACK: <font color='red'>Shaun Rhinehart(wjcowart) hit Eustace Hoenshell(cairo283) with The kitchen knife</font>
[03:14:45]ATTACK: <font color='red'>Shaun Rhinehart(wjcowart) hit Eustace Hoenshell(cairo283) with The kitchen knife</font>
[03:14:49]ATTACK: <font color='red'>Shaun Rhinehart(wjcowart) hit Eustace Hoenshell(cairo283) with The kitchen knife</font>
[03:14:53]ATTACK: <font color='red'>Shaun Rhinehart(wjcowart) hit Eustace Hoenshell(cairo283) with The kitchen knife</font>
[03:14:57]ATTACK: <font color='red'>Shaun Rhinehart(wjcowart) hit Eustace Hoenshell(cairo283) with The kitchen knife</font>
[03:15:01]ATTACK: <font color='red'>Shaun Rhinehart(wjcowart) hit Eustace Hoenshell(cairo283) with The kitchen knife</font>
[03:15:28]ATTACK: <font color='red'>Eustace Hoenshell(cairo283) splashed Shaun Rhinehart(wjcowart) with nutriment (6),honey (10),</font>
[03:15:30]ATTACK: <font color='red'>Eustace Hoenshell(cairo283) hit Shaun Rhinehart(wjcowart) with The large beaker</font>
[03:15:42]ATTACK: <font color='red'>Shaun Rhinehart(wjcowart) hit Eustace Hoenshell(cairo283) with The fork</font>
[03:15:46]ATTACK: <font color='red'>Shaun Rhinehart(wjcowart) hit Eustace Hoenshell(cairo283) with The fork</font>
[03:15:46]ATTACK: <font color='red'>Eustace Hoenshell(cairo283) un-embedded of the kitchen knife  Eustace Hoenshell(cairo283) </font>
[03:15:52]ATTACK: <font color='red'>Shaun Rhinehart(wjcowart) attacked Eustace Hoenshell(cairo283) with butcher's cleaver(INTENT: HELP) (DAMTYPE: BRUTE)</font>
[03:15:53]ATTACK: <font color='red'>Shaun Rhinehart(wjcowart) attacked Eustace Hoenshell(cairo283) with butcher's cleaver(INTENT: HELP) (DAMTYPE: BRUTE)</font>
[03:15:54]ATTACK: <font color='red'>Shaun Rhinehart(wjcowart) attacked Eustace Hoenshell(cairo283) with butcher's cleaver(INTENT: HELP) (DAMTYPE: BRUTE)</font>
[03:15:55]ATTACK: <font color='red'>Shaun Rhinehart(wjcowart) attacked Eustace Hoenshell(cairo283) with butcher's cleaver(INTENT: HELP) (DAMTYPE: BRUTE)</font>
[03:15:56]ATTACK: <font color='red'>Shaun Rhinehart(wjcowart) attacked Eustace Hoenshell(cairo283) with butcher's cleaver(INTENT: HELP) (DAMTYPE: BRUTE)</font>
[03:15:57]ATTACK: <font color='red'>Shaun Rhinehart(wjcowart) attacked Eustace Hoenshell(cairo283) with butcher's cleaver(INTENT: HELP) (DAMTYPE: BRUTE)</font>
[03:15:58]ATTACK: <font color='red'>Shaun Rhinehart(wjcowart) attacked Eustace Hoenshell(cairo283) with butcher's cleaver(INTENT: HELP) (DAMTYPE: BRUTE)</font>
[03:15:59]ATTACK: <font color='red'>Shaun Rhinehart(wjcowart) attacked Eustace Hoenshell(cairo283) with butcher's cleaver(INTENT: HELP) (DAMTYPE: BRUTE)</font>
[03:16:00]ATTACK: <font color='red'>Shaun Rhinehart(wjcowart) attacked Eustace Hoenshell(cairo283) with butcher's cleaver(INTENT: HELP) (DAMTYPE: BRUTE)</font>
[03:16:01]ATTACK: <font color='red'>Eustace Hoenshell(cairo283) shaked Shaun Rhinehart(wjcowart) </font>
[03:16:05]ATTACK: <font color='red'>Eustace Hoenshell(cairo283) hit Shaun Rhinehart(wjcowart) with The kitchen knife</font>
[03:16:17]ATTACK: <font color='red'>Shaun Rhinehart(wjcowart) hit Eustace Hoenshell(cairo283) with The butcher's cleaver</font>
[03:16:23]ATTACK: <font color='red'>Shaun Rhinehart(wjcowart) hit Eustace Hoenshell(cairo283) with The kitchen knife</font>
[03:16:30]ATTACK: <font color='red'>Shaun Rhinehart(wjcowart) hit Eustace Hoenshell(cairo283) with The kitchen knife</font>
[03:16:32]ATTACK: <font color='red'>Eustace Hoenshell(cairo283) fed Shaun Rhinehart(wjcowart) with soymilk(50 units); </font>
[03:16:33]ATTACK: <font color='red'>Eustace Hoenshell(cairo283) fed Shaun Rhinehart(wjcowart) with soymilk(40 units); </font>
[03:16:33]ATTACK: <font color='red'>Shaun Rhinehart(wjcowart) hit Eustace Hoenshell(cairo283) with The butcher's cleaver</font>
[03:16:34]ATTACK: <font color='red'>Eustace Hoenshell(cairo283) fed Shaun Rhinehart(wjcowart) with soymilk(32 units); </font>
[03:16:35]ATTACK: <font color='red'>Eustace Hoenshell(cairo283) fed Shaun Rhinehart(wjcowart) with soymilk(26 units); </font>
[03:16:36]ATTACK: <font color='red'>Eustace Hoenshell(cairo283) fed Shaun Rhinehart(wjcowart) with soymilk(21 units); </font>
[03:16:51]ATTACK: <font color='red'>Shaun Rhinehart(wjcowart) hit Eustace Hoenshell(cairo283) with The butcher's cleaver</font>
[03:16:56]ATTACK: <font color='red'>Shaun Rhinehart(wjcowart) hit Eustace Hoenshell(cairo283) with The butcher's cleaver</font>
[03:16:59]ATTACK: <font color='red'>Shaun Rhinehart(wjcowart) hit Eustace Hoenshell(cairo283) with The butcher's cleaver</font>
[03:17:02]ATTACK: <font color='red'>Shaun Rhinehart(wjcowart) hit Eustace Hoenshell(cairo283) with The butcher's cleaver</font>
[03:17:05]ATTACK: <font color='red'>Shaun Rhinehart(wjcowart) hit Eustace Hoenshell(cairo283) with The butcher's cleaver</font>
[03:17:06]ATTACK: <font color='red'>Shaun Rhinehart(wjcowart) shaked Eustace Hoenshell(cairo283) </font>
[03:17:12]ATTACK: <font color='red'>Shaun Rhinehart(wjcowart) hit Eustace Hoenshell(cairo283) with The butcher's cleaver</font>
[03:17:16]ATTACK: <font color='red'>Shaun Rhinehart(wjcowart) hit Eustace Hoenshell(cairo283) with The kitchen knife</font>
[03:17:31]ATTACK: <font color='red'>Eustace Hoenshell(cairo283) un-embedded of the kitchen knife  Eustace Hoenshell(cairo283) </font>
[03:17:32]ATTACK: <font color='red'>Eustace Hoenshell(cairo283) un-embedded of the butcher's cleaver  Eustace Hoenshell(cairo283) </font>
[03:17:35]ATTACK: <font color='red'>Shaun Rhinehart(wjcowart) shaked Eustace Hoenshell(cairo283) </font>
[03:17:36]ATTACK: <font color='red'>Shaun Rhinehart(wjcowart) shaked Eustace Hoenshell(cairo283) </font>
[03:17:39]ATTACK: <font color='red'>Shaun Rhinehart(wjcowart) attacked Eustace Hoenshell(cairo283) with butcher's cleaver(INTENT: HELP) (DAMTYPE: BRUTE)</font>
[03:17:44]ATTACK: <font color='red'>Eustace Hoenshell(cairo283) hit Shaun Rhinehart(wjcowart) with Space Milk</font>
[03:17:52]ATTACK: <font color='red'>Eustace Hoenshell(cairo283) hit Shaun Rhinehart(wjcowart) with The flour sack</font>
[03:18:13]ATTACK: <font color='red'>Shaun Rhinehart(wjcowart) fed Eustace Hoenshell(cairo283) with nutriment(1 units); </font>
[03:18:14]ATTACK: <font color='red'>Shaun Rhinehart(wjcowart) shaked Eustace Hoenshell(cairo283) </font>
[03:18:23]ATTACK: <font color='red'>Shaun Rhinehart(wjcowart) fed Eustace Hoenshell(cairo283) with toxin(1 units); carbon(3 units); </font>
[03:18:24]ATTACK: <font color='red'>Shaun Rhinehart(wjcowart) fed Eustace Hoenshell(cairo283) with toxin(0.5 units); carbon(1.5 units); </font>
[03:18:25]ATTACK: <font color='red'>Shaun Rhinehart(wjcowart) shaked Eustace Hoenshell(cairo283) </font>
[03:18:28]ATTACK: <font color='red'>Shaun Rhinehart(wjcowart) attacked Eustace Hoenshell(cairo283) with grilled Eustace Hoenshell's ID Card (Admiral)(INTENT: HELP) (DAMTYPE: BRUTE)</font>
[03:18:45]ATTACK: <font color='red'>Eustace Hoenshell(cairo283) grabbed Shaun Rhinehart(wjcowart) passively</font>
[03:19:44]ATTACK: <font color='red'>Eustace Hoenshell(cairo283) splashed Eustace Hoenshell(cairo283) with sacid (100),</font>
[03:19:52]ATTACK: <font color='red'>Shaun Rhinehart(wjcowart) attacked Unknown(cairo283) with grilled Eustace Hoenshell's ID Card (Admiral)(INTENT: HELP) (DAMTYPE: BRUTE)</font>
[03:19:56]ATTACK: <font color='red'>Shaun Rhinehart(wjcowart) hit Unknown(cairo283) with The grilled Eustace Hoenshell's ID Card (Admiral)</font>
[03:20:02]ATTACK: <font color='red'>Shaun Rhinehart(wjcowart) shot Unknown(cairo283) with The laser</font>
[03:20:02]ATTACK: <font color='red'>Shaun Rhinehart(wjcowart) shot Unknown(cairo283) with The laser</font>
[03:20:05]ATTACK: <font color='red'>Unknown(cairo283) shot Shaun Rhinehart(wjcowart) with The bullet</font>
[03:20:09]ATTACK: <font color='red'>Unknown(cairo283) shot Shaun Rhinehart(wjcowart) with The bullet</font>
[03:20:10]ATTACK: <font color='red'>Unknown(cairo283) shot Shaun Rhinehart(wjcowart) with The bullet</font>
[03:20:11]ATTACK: <font color='red'>Unknown(cairo283) shot Shaun Rhinehart(wjcowart) with The bullet</font>
[03:20:23]ATTACK: <font color='red'>Unknown(cairo283) fed Shaun Rhinehart(wjcowart) with sodawater(50 units); </font>
[03:20:24]ATTACK: <font color='red'>Unknown(cairo283) fed Shaun Rhinehart(wjcowart) with sodawater(45 units); </font>
[03:20:25]ATTACK: <font color='red'>Unknown(cairo283) fed Shaun Rhinehart(wjcowart) with sodawater(40 units); </font>
[03:20:30]ATTACK: <font color='red'>Shaun Rhinehart(wjcowart) punched Shaun Rhinehart(wjcowart) </font>
[03:20:32]ATTACK: <font color='red'>Shaun Rhinehart(wjcowart) punched Shaun Rhinehart(wjcowart) </font>
[03:20:33]ATTACK: <font color='red'>Shaun Rhinehart(wjcowart) punched Shaun Rhinehart(wjcowart) </font>
[03:20:42]ATTACK: <font color='red'>Shaun Rhinehart(wjcowart) punched Unknown(cairo283) </font>
[03:21:20]ATTACK: <font color='red'>Shaun Rhinehart(wjcowart) punched Shaun Rhinehart(wjcowart) </font>
[03:21:35]ATTACK: <font color='red'>Shaun Rhinehart(wjcowart) punched Shaun Rhinehart(wjcowart) </font>
[03:21:44]ATTACK: <font color='red'>Shaun Rhinehart(wjcowart) punched Shaun Rhinehart(wjcowart) </font>
[03:23:58]ATTACK: <font color='red'>Unknown(cairo283) hit Shaun Rhinehart(wjcowart) with The newspaper</font>
[03:24:02]ATTACK: <font color='red'>Unknown(cairo283) hit Shaun Rhinehart(wjcowart) with The combat boots</font>
[03:24:15]ATTACK: <font color='red'>Shaun Rhinehart(wjcowart) punched Unknown(cairo283) </font>
[03:26:31]ATTACK: <font color='red'>Shaun Rhinehart(wjcowart) shot Unknown(cairo283) with The electrode</font>
[03:26:32]ATTACK: <font color='red'>Shaun Rhinehart(wjcowart) shot Unknown(cairo283) with The disabler beam</font>
[03:26:33]ATTACK: <font color='red'>Shaun Rhinehart(wjcowart) shot Unknown(cairo283) with The disabler beam</font>
[03:26:33]ATTACK: <font color='red'>Shaun Rhinehart(wjcowart) shot Unknown(cairo283) with The disabler beam</font>
[03:26:34]ATTACK: <font color='red'>Shaun Rhinehart(wjcowart) shot Unknown(cairo283) with The disabler beam</font>
[03:26:34]ATTACK: <font color='red'>Shaun Rhinehart(wjcowart) shot Unknown(cairo283) with The disabler beam</font>
[03:26:35]ATTACK: <font color='red'>Shaun Rhinehart(wjcowart) shot Unknown(cairo283) with The disabler beam</font>
[03:26:35]ATTACK: <font color='red'>Shaun Rhinehart(wjcowart) shot Unknown(cairo283) with The disabler beam</font>
[03:26:36]ATTACK: <font color='red'>Shaun Rhinehart(wjcowart) shot Unknown(cairo283) with The disabler beam</font>
[03:26:36]ATTACK: <font color='red'>Shaun Rhinehart(wjcowart) shot Unknown(cairo283) with The disabler beam</font>
[03:26:36]ATTACK: <font color='red'>Shaun Rhinehart(wjcowart) shot Unknown(cairo283) with The disabler beam</font>
[03:27:13]ATTACK: <font color='red'>Unknown(cairo283) hit Shaun Rhinehart(wjcowart) with The meteor pen</font>


Starting up. 05:04.51
---------------------


Starting up. 20:14.54
---------------------


Starting up. 21:02.01
---------------------
[21:10:12]ATTACK: <font color='red'>Shaun Rhinehart(wjcowart) stunned Frank Moon(ahappyelite) </font>
[21:10:12]ATTACK: <font color='red'>stunbaton stunned Frank Moon(ahappyelite) (Thrown/etc.)</font>
[21:10:17]ATTACK: <font color='red'>Shaun Rhinehart(wjcowart) stunned Frank Moon(ahappyelite) </font>
[21:10:17]ATTACK: <font color='red'>stunbaton stunned Frank Moon(ahappyelite) (Thrown/etc.)</font>
[21:10:34]ATTACK: <font color='red'>Shaun Rhinehart(wjcowart) stunned Frank Moon(ahappyelite) </font>
[21:10:34]ATTACK: <font color='red'>stunbaton stunned Frank Moon(ahappyelite) (Thrown/etc.)</font>
[21:11:16]ATTACK: <font color='red'>Frank Moon(ahappyelite) shaked Shaun Rhinehart(wjcowart) </font>
[21:11:20]ATTACK: <font color='red'>Frank Moon(ahappyelite) flashed Frank Moon(ahappyelite) with flash</font>
[21:11:32]ATTACK: <font color='red'>Frank Moon(ahappyelite) flashed Frank Moon(ahappyelite) with flash</font>
[21:11:59]ATTACK: <font color='red'>Frank Moon(ahappyelite) shot Admin(cairo283) with The electrode</font>
[21:12:00]ATTACK: <font color='red'>Frank Moon(ahappyelite) shot Admin(cairo283) with The electrode</font>
[21:12:07]ATTACK: <font color='red'>Frank Moon(ahappyelite) attacked Frank Moon(ahappyelite) with advanced taser(INTENT: HARM) (DAMTYPE: BRUTE)</font>
[21:12:08]ATTACK: <font color='red'>Frank Moon(ahappyelite) attacked Frank Moon(ahappyelite) with advanced taser(INTENT: HARM) (DAMTYPE: BRUTE)</font>
[21:12:09]ATTACK: <font color='red'>Frank Moon(ahappyelite) attacked Frank Moon(ahappyelite) with advanced taser(INTENT: HARM) (DAMTYPE: BRUTE)</font>
[21:12:09]ATTACK: <font color='red'>Frank Moon(ahappyelite) attacked Frank Moon(ahappyelite) with advanced taser(INTENT: HARM) (DAMTYPE: BRUTE)</font>
[21:12:13]ATTACK: <font color='red'>Frank Moon(ahappyelite) attacked Frank Moon(ahappyelite) with advanced taser(INTENT: HARM) (DAMTYPE: BRUTE)</font>
[21:12:14]ATTACK: <font color='red'>Frank Moon(ahappyelite) attacked Frank Moon(ahappyelite) with advanced taser(INTENT: HARM) (DAMTYPE: BRUTE)</font>
[21:12:15]ATTACK: <font color='red'>Frank Moon(ahappyelite) attacked Frank Moon(ahappyelite) with advanced taser(INTENT: HARM) (DAMTYPE: BRUTE)</font>
[21:12:15]ATTACK: <font color='red'>Frank Moon(ahappyelite) attacked Frank Moon(ahappyelite) with advanced taser(INTENT: HARM) (DAMTYPE: BRUTE)</font>
[21:12:16]ATTACK: <font color='red'>Frank Moon(ahappyelite) attacked Frank Moon(ahappyelite) with advanced taser(INTENT: HARM) (DAMTYPE: BRUTE)</font>
[21:12:17]ATTACK: <font color='red'>Frank Moon(ahappyelite) attacked Frank Moon(ahappyelite) with advanced taser(INTENT: HARM) (DAMTYPE: BRUTE)</font>
[21:12:19]ATTACK: <font color='red'>Frank Moon(ahappyelite) attacked Frank Moon(ahappyelite) with advanced taser(INTENT: HARM) (DAMTYPE: BRUTE)</font>
[21:12:20]ATTACK: <font color='red'>Frank Moon(ahappyelite) attacked Frank Moon(ahappyelite) with advanced taser(INTENT: HARM) (DAMTYPE: BRUTE)</font>
[21:12:21]ATTACK: <font color='red'>Frank Moon(ahappyelite) attacked Frank Moon(ahappyelite) with advanced taser(INTENT: HARM) (DAMTYPE: BRUTE)</font>
[21:12:22]ATTACK: <font color='red'>Frank Moon(ahappyelite) attacked Frank Moon(ahappyelite) with advanced taser(INTENT: HARM) (DAMTYPE: BRUTE)</font>
[21:12:23]ATTACK: <font color='red'>Frank Moon(ahappyelite) attacked Frank Moon(ahappyelite) with advanced taser(INTENT: HARM) (DAMTYPE: BRUTE)</font>
[21:12:24]ATTACK: <font color='red'>Frank Moon(ahappyelite) attacked Frank Moon(ahappyelite) with advanced taser(INTENT: HARM) (DAMTYPE: BRUTE)</font>
[21:12:24]ATTACK: <font color='red'>Frank Moon(ahappyelite) attacked Frank Moon(ahappyelite) with advanced taser(INTENT: HARM) (DAMTYPE: BRUTE)</font>
[21:12:25]ATTACK: <font color='red'>Frank Moon(ahappyelite) attacked Frank Moon(ahappyelite) with advanced taser(INTENT: HARM) (DAMTYPE: BRUTE)</font>
[21:12:26]ATTACK: <font color='red'>Frank Moon(ahappyelite) attacked Frank Moon(ahappyelite) with advanced taser(INTENT: HARM) (DAMTYPE: BRUTE)</font>
[21:12:27]ATTACK: <font color='red'>Frank Moon(ahappyelite) attacked Frank Moon(ahappyelite) with advanced taser(INTENT: HARM) (DAMTYPE: BRUTE)</font>
[21:12:28]ATTACK: <font color='red'>Frank Moon(ahappyelite) attacked Frank Moon(ahappyelite) with advanced taser(INTENT: HARM) (DAMTYPE: BRUTE)</font>
[21:12:29]ATTACK: <font color='red'>Frank Moon(ahappyelite) attacked Frank Moon(ahappyelite) with advanced taser(INTENT: HARM) (DAMTYPE: BRUTE)</font>
[21:12:33]ATTACK: <font color='red'>Frank Moon(ahappyelite) hit Shaun Rhinehart(wjcowart) with The jackboots</font>
[21:12:35]ATTACK: <font color='red'>Frank Moon(ahappyelite) attacked Frank Moon(ahappyelite) with advanced taser(INTENT: HARM) (DAMTYPE: BRUTE)</font>
[21:12:36]ATTACK: <font color='red'>Frank Moon(ahappyelite) attacked Frank Moon(ahappyelite) with advanced taser(INTENT: HARM) (DAMTYPE: BRUTE)</font>
[21:12:52]ATTACK: <font color='red'>Frank Moon(ahappyelite) attacked Frank Moon(ahappyelite) with advanced taser(INTENT: HARM) (DAMTYPE: BRUTE)</font>
[21:14:39]ATTACK: <font color='red'>Shaun Rhinehart(wjcowart) shaked Frank Moon(ahappyelite) </font>
[21:14:42]ATTACK: <font color='red'>Shaun Rhinehart(wjcowart) shaked Frank Moon(ahappyelite) </font>
[21:14:45]ATTACK: <font color='red'>Shaun Rhinehart(wjcowart) shaked Frank Moon(ahappyelite) </font>
[21:14:49]ATTACK: <font color='red'>Shaun Rhinehart(wjcowart) shaked Frank Moon(ahappyelite) </font>
[21:14:52]ATTACK: <font color='red'>Shaun Rhinehart(wjcowart) shaked Frank Moon(ahappyelite) </font>
[21:14:55]ATTACK: <font color='red'>Shaun Rhinehart(wjcowart) shaked Frank Moon(ahappyelite) </font>
[21:14:57]ATTACK: <font color='red'>Shaun Rhinehart(wjcowart) shaked Frank Moon(ahappyelite) </font>
[21:14:59]ATTACK: <font color='red'>Shaun Rhinehart(wjcowart) shaked Frank Moon(ahappyelite) </font>
[21:15:01]ATTACK: <font color='red'>Shaun Rhinehart(wjcowart) shaked Frank Moon(ahappyelite) </font>
[21:15:03]ATTACK: <font color='red'>Shaun Rhinehart(wjcowart) shaked Frank Moon(ahappyelite) </font>
[21:15:05]ATTACK: <font color='red'>Shaun Rhinehart(wjcowart) shaked Frank Moon(ahappyelite) </font>
[21:15:07]ATTACK: <font color='red'>Shaun Rhinehart(wjcowart) shaked Frank Moon(ahappyelite) </font>
[21:15:10]ATTACK: <font color='red'>Shaun Rhinehart(wjcowart) shaked Frank Moon(ahappyelite) </font>
[21:15:12]ATTACK: <font color='red'>Shaun Rhinehart(wjcowart) shaked Frank Moon(ahappyelite) </font>
[21:15:14]ATTACK: <font color='red'>Shaun Rhinehart(wjcowart) shaked Frank Moon(ahappyelite) </font>
[21:15:16]ATTACK: <font color='red'>Shaun Rhinehart(wjcowart) CPRed Frank Moon(ahappyelite) </font>
[21:15:20]ATTACK: <font color='red'>Shaun Rhinehart(wjcowart) CPRed Frank Moon(ahappyelite) </font>
[21:16:15]ATTACK: <font color='red'>Admin(cairo283) hit Shaun Rhinehart(wjcowart) with The rubber ducky</font>
[21:16:18]ATTACK: <font color='red'>Admin(cairo283) hit Shaun Rhinehart(wjcowart) with The rubber ducky</font>
[21:16:28]ATTACK: <font color='red'>Frank Moon(ahappyelite) attacked Frank Moon(ahappyelite) with stunbaton(INTENT: HARM) (DAMTYPE: BRUTE)</font>
[21:16:28]ATTACK: <font color='red'>Frank Moon(ahappyelite) stunned Frank Moon(ahappyelite) </font>
[21:16:28]ATTACK: <font color='red'>stunbaton stunned Frank Moon(ahappyelite) (Thrown/etc.)</font>
[21:16:36]ATTACK: <font color='red'>Shaun Rhinehart(wjcowart) stunned Admin(cairo283) </font>
[21:16:36]ATTACK: <font color='red'>stunbaton stunned Admin(cairo283) (Thrown/etc.)</font>
[21:16:37]ATTACK: <font color='red'>Shaun Rhinehart(wjcowart) stunned Admin(cairo283) </font>
[21:16:37]ATTACK: <font color='red'>stunbaton stunned Admin(cairo283) (Thrown/etc.)</font>
[21:16:37]ATTACK: <font color='red'>Shaun Rhinehart(wjcowart) stunned Admin(cairo283) </font>
[21:16:37]ATTACK: <font color='red'>stunbaton stunned Admin(cairo283) (Thrown/etc.)</font>
[21:16:39]ATTACK: <font color='red'>Shaun Rhinehart(wjcowart) stunned Frank Moon(ahappyelite) </font>
[21:16:39]ATTACK: <font color='red'>stunbaton stunned Frank Moon(ahappyelite) (Thrown/etc.)</font>
[21:16:39]ATTACK: <font color='red'>Shaun Rhinehart(wjcowart) stunned Frank Moon(ahappyelite) </font>
[21:16:39]ATTACK: <font color='red'>stunbaton stunned Frank Moon(ahappyelite) (Thrown/etc.)</font>
[21:16:40]ATTACK: <font color='red'>Shaun Rhinehart(wjcowart) stunned Frank Moon(ahappyelite) </font>
[21:16:40]ATTACK: <font color='red'>stunbaton stunned Frank Moon(ahappyelite) (Thrown/etc.)</font>
[21:16:45]ATTACK: <font color='red'>Admin(cairo283) attacked Shaun Rhinehart(wjcowart) with mechanical toolbox(INTENT: HELP) (DAMTYPE: BRUTE)</font>
[21:16:46]ATTACK: <font color='red'>Admin(cairo283) attacked Shaun Rhinehart(wjcowart) with mechanical toolbox(INTENT: HELP) (DAMTYPE: BRUTE)</font>
[21:16:47]ATTACK: <font color='red'>Admin(cairo283) attacked Shaun Rhinehart(wjcowart) with mechanical toolbox(INTENT: HELP) (DAMTYPE: BRUTE)</font>
[21:16:48]ATTACK: <font color='red'>Admin(cairo283) attacked Shaun Rhinehart(wjcowart) with mechanical toolbox(INTENT: HELP) (DAMTYPE: BRUTE)</font>
[21:16:49]ATTACK: <font color='red'>Admin(cairo283) attacked Shaun Rhinehart(wjcowart) with mechanical toolbox(INTENT: HELP) (DAMTYPE: BRUTE)</font>
[21:16:50]ATTACK: <font color='red'>Admin(cairo283) attacked Shaun Rhinehart(wjcowart) with mechanical toolbox(INTENT: HELP) (DAMTYPE: BRUTE)</font>
[21:16:51]ATTACK: <font color='red'>Admin(cairo283) attacked Shaun Rhinehart(wjcowart) with mechanical toolbox(INTENT: HELP) (DAMTYPE: BRUTE)</font>
[21:16:52]ATTACK: <font color='red'>Admin(cairo283) attacked Shaun Rhinehart(wjcowart) with mechanical toolbox(INTENT: HELP) (DAMTYPE: BRUTE)</font>
[21:16:52]ATTACK: <font color='red'>Admin(cairo283) attacked Shaun Rhinehart(wjcowart) with mechanical toolbox(INTENT: HELP) (DAMTYPE: BRUTE)</font>
[21:16:53]ATTACK: <font color='red'>Admin(cairo283) attacked Shaun Rhinehart(wjcowart) with mechanical toolbox(INTENT: HELP) (DAMTYPE: BRUTE)</font>
[21:16:54]ATTACK: <font color='red'>Admin(cairo283) attacked Shaun Rhinehart(wjcowart) with mechanical toolbox(INTENT: HELP) (DAMTYPE: BRUTE)</font>
[21:16:58]ATTACK: <font color='red'>Frank Moon(ahappyelite) attacked Frank Moon(ahappyelite) with stunbaton(INTENT: HARM) (DAMTYPE: BRUTE)</font>
[21:17:00]ATTACK: <font color='red'>Frank Moon(ahappyelite) attacked Frank Moon(ahappyelite) with stunbaton(INTENT: HARM) (DAMTYPE: BRUTE)</font>
[21:17:01]ATTACK: <font color='red'>Frank Moon(ahappyelite) attacked Frank Moon(ahappyelite) with stunbaton(INTENT: HARM) (DAMTYPE: BRUTE)</font>
[21:17:02]ATTACK: <font color='red'>Frank Moon(ahappyelite) attacked Frank Moon(ahappyelite) with stunbaton(INTENT: HARM) (DAMTYPE: BRUTE)</font>
[21:17:03]ATTACK: <font color='red'>Frank Moon(ahappyelite) attacked Frank Moon(ahappyelite) with stunbaton(INTENT: HARM) (DAMTYPE: BRUTE)</font>
[21:17:04]ATTACK: <font color='red'>Frank Moon(ahappyelite) attacked Frank Moon(ahappyelite) with stunbaton(INTENT: HARM) (DAMTYPE: BRUTE)</font>
[21:17:05]ATTACK: <font color='red'>Frank Moon(ahappyelite) attacked Frank Moon(ahappyelite) with stunbaton(INTENT: HARM) (DAMTYPE: BRUTE)</font>
[21:17:05]ATTACK: <font color='red'>Admin(cairo283) attacked Frank Moon(ahappyelite) with soap(INTENT: HELP) (DAMTYPE: BRUTE)</font>
[21:17:06]ATTACK: <font color='red'>Frank Moon(ahappyelite) attacked Frank Moon(ahappyelite) with stunbaton(INTENT: HARM) (DAMTYPE: BRUTE)</font>
[21:17:06]ATTACK: <font color='red'>Admin(cairo283) attacked Frank Moon(ahappyelite) with soap(INTENT: HELP) (DAMTYPE: BRUTE)</font>
[21:17:07]ATTACK: <font color='red'>Frank Moon(ahappyelite) attacked Frank Moon(ahappyelite) with stunbaton(INTENT: HARM) (DAMTYPE: BRUTE)</font>
[21:17:07]ATTACK: <font color='red'>Admin(cairo283) attacked Frank Moon(ahappyelite) with soap(INTENT: HELP) (DAMTYPE: BRUTE)</font>
[21:17:08]ATTACK: <font color='red'>Frank Moon(ahappyelite) attacked Frank Moon(ahappyelite) with stunbaton(INTENT: HARM) (DAMTYPE: BRUTE)</font>
[21:17:08]ATTACK: <font color='red'>Frank Moon(ahappyelite) attacked Frank Moon(ahappyelite) with stunbaton(INTENT: HARM) (DAMTYPE: BRUTE)</font>
[21:20:54]ATTACK: <font color='red'>Frank Moon(ahappyelite) punched Frank Moon(ahappyelite) </font>
[21:23:18]ATTACK: <font color='red'>Admin(cairo283) hit space bear with The mop</font>
[21:23:34]ATTACK: <font color='red'>Frank Moon(ahappyelite) attacked Frank Moon(ahappyelite) with fire axe (Wielded)(INTENT: HARM) (DAMTYPE: BRUTE)</font>
[21:23:35]ATTACK: <font color='red'>Frank Moon(ahappyelite) attacked Frank Moon(ahappyelite) with fire axe (Wielded)(INTENT: HARM) (DAMTYPE: BRUTE)</font>
[21:23:36]ATTACK: <font color='red'>Frank Moon(ahappyelite) attacked Frank Moon(ahappyelite) with fire axe (Wielded)(INTENT: HARM) (DAMTYPE: BRUTE)</font>
[21:23:37]ATTACK: <font color='red'>Frank Moon(ahappyelite) attacked Frank Moon(ahappyelite) with fire axe (Wielded)(INTENT: HARM) (DAMTYPE: BRUTE)</font>
[21:25:06]ATTACK: <font color='red'>Admin(cairo283) stripped Frank Moon(ahappyelite) of the bear trap</font>
[21:25:35]ATTACK: <font color='red'>Admin(cairo283) attacked Admin(cairo283) with bottle</font>
[21:25:52]ATTACK: <font color='red'>Frank Moon(ahappyelite) attacked Frank Moon(ahappyelite) with bottle</font>
[21:29:27]ATTACK: <font color='red'>Frank Moon(ahappyelite) hit Frank Moon(ahappyelite) with The fire axe</font>
[21:30:29]ATTACK: <font color='red'>Frank Moon(ahappyelite) attacked Frank Moon(ahappyelite) with energy sword(INTENT: HELP) (DAMTYPE: BRUTE)</font>
[21:31:02]ATTACK: <font color='red'>Frank Moon(ahappyelite) shot Hudson with The laser</font>
[21:31:03]ATTACK: <font color='red'>Frank Moon(ahappyelite) shot Hudson with The laser</font>
[21:31:03]ATTACK: <font color='red'>Frank Moon(ahappyelite) shot Hudson with The laser</font>
[21:31:06]ATTACK: <font color='red'>Frank Moon(ahappyelite) shot Hudson with The laser</font>
[21:31:06]ATTACK: <font color='red'>Frank Moon(ahappyelite) shot Hudson with The laser</font>
[21:31:07]ATTACK: <font color='red'>Frank Moon(ahappyelite) shot Hudson with The laser</font>
[21:31:07]ATTACK: <font color='red'>Frank Moon(ahappyelite) shot Hudson with The laser</font>
[21:31:08]ATTACK: <font color='red'>Frank Moon(ahappyelite) shot Hudson with The laser</font>
[21:31:08]ATTACK: <font color='red'>Frank Moon(ahappyelite) shot Hudson with The laser</font>
[21:31:09]ATTACK: <font color='red'>Frank Moon(ahappyelite) shot Hudson with The laser</font>
[21:31:09]ATTACK: <font color='red'>Frank Moon(ahappyelite) shot Hudson with The laser</font>
[21:31:10]ATTACK: <font color='red'>Frank Moon(ahappyelite) shot Hudson with The laser</font>
[21:31:10]ATTACK: <font color='red'>Frank Moon(ahappyelite) shot Hudson with The laser</font>
[21:31:11]ATTACK: <font color='red'>Frank Moon(ahappyelite) shot Hudson with The laser</font>
[21:31:11]ATTACK: <font color='red'>Frank Moon(ahappyelite) shot Hudson with The laser</font>
[21:31:11]ATTACK: <font color='red'>Frank Moon(ahappyelite) shot Hudson with The laser</font>
[21:32:48]ATTACK: <font color='red'>alien empress shot alien empress with The neurotoxin</font>
[21:32:48]ATTACK: <font color='red'>alien empress shot alien empress with The neurotoxin</font>
[21:32:48]ATTACK: <font color='red'>alien empress shot Frank Moon(ahappyelite) with The neurotoxin</font>
[21:32:50]ATTACK: <font color='red'>alien empress shot Frank Moon(ahappyelite) with The neurotoxin</font>
[21:32:55]ATTACK: <font color='red'>alien empress shot alien empress with The neurotoxin</font>
[21:32:55]ATTACK: <font color='red'>alien empress shot alien empress with The neurotoxin</font>
[21:32:55]ATTACK: <font color='red'>alien empress shot Frank Moon(ahappyelite) with The neurotoxin</font>
[21:32:57]ATTACK: <font color='red'>alien empress shot Admin(cairo283) with The neurotoxin</font>
[21:33:01]ATTACK: <font color='red'>alien empress shot Admin(cairo283) with The neurotoxin</font>
[21:33:01]ATTACK: <font color='red'>alien empress shot Admin(cairo283) with The neurotoxin</font>
[21:33:01]ATTACK: <font color='red'>alien empress shot alien empress with The neurotoxin</font>
[21:33:03]ATTACK: <font color='red'>alien empress shot alien empress with The neurotoxin</font>
[21:33:07]ATTACK: <font color='red'>alien empress shot Admin(cairo283) with The neurotoxin</font>
[21:33:07]ATTACK: <font color='red'>alien empress shot Admin(cairo283) with The neurotoxin</font>
[21:33:07]ATTACK: <font color='red'>alien empress shot Admin(cairo283) with The neurotoxin</font>
[21:33:13]ATTACK: <font color='red'>alien empress shot alien empress with The neurotoxin</font>
[21:33:14]ATTACK: <font color='red'>alien empress shot Admin(cairo283) with The neurotoxin</font>
[21:33:14]ATTACK: <font color='red'>alien empress shot Admin(cairo283) with The neurotoxin</font>
[21:33:15]ATTACK: <font color='red'>Admin(cairo283) shot alien empress with The laser</font>
[21:33:16]ATTACK: <font color='red'>alien empress shot Admin(cairo283) with The neurotoxin</font>
[21:33:16]ATTACK: <font color='red'>Admin(cairo283) shot alien empress with The laser</font>
[21:33:16]ATTACK: <font color='red'>Admin(cairo283) shot alien empress with The laser</font>
[21:33:17]ATTACK: <font color='red'>Admin(cairo283) shot alien empress with The laser</font>
[21:33:17]ATTACK: <font color='red'>Admin(cairo283) shot alien empress with The laser</font>
[21:33:18]ATTACK: <font color='red'>Admin(cairo283) shot alien empress with The laser</font>
[21:33:19]ATTACK: <font color='red'>Admin(cairo283) shot alien empress with The laser</font>
[21:33:20]ATTACK: <font color='red'>Admin(cairo283) shot alien empress with The laser</font>
[21:33:20]ATTACK: <font color='red'>alien empress shot alien empress with The neurotoxin</font>
[21:33:20]ATTACK: <font color='red'>alien empress shot alien empress with The neurotoxin</font>
[21:33:20]ATTACK: <font color='red'>Admin(cairo283) shot alien empress with The laser</font>
[21:33:21]ATTACK: <font color='red'>Admin(cairo283) shot alien empress with The laser</font>
[21:33:22]ATTACK: <font color='red'>Admin(cairo283) shot alien empress with The laser</font>
[21:33:23]ATTACK: <font color='red'>Frank Moon(ahappyelite) shot alien empress with The laser</font>
[21:33:23]ATTACK: <font color='red'>Frank Moon(ahappyelite) shot alien empress with The laser</font>
[21:33:23]ATTACK: <font color='red'>Frank Moon(ahappyelite) shot alien empress with The laser</font>
[21:33:24]ATTACK: <font color='red'>Frank Moon(ahappyelite) shot alien empress with The laser</font>
[21:33:25]ATTACK: <font color='red'>Frank Moon(ahappyelite) shot alien empress with The laser</font>
[21:33:25]ATTACK: <font color='red'>Frank Moon(ahappyelite) shot alien empress with The laser</font>
[21:33:26]ATTACK: <font color='red'>Frank Moon(ahappyelite) shot alien empress with The laser</font>
[21:33:26]ATTACK: <font color='red'>alien empress shot Admin(cairo283) with The neurotoxin</font>
[21:33:26]ATTACK: <font color='red'>alien empress shot Admin(cairo283) with The neurotoxin</font>
[21:33:26]ATTACK: <font color='red'>alien empress shot Admin(cairo283) with The neurotoxin</font>
[21:33:27]ATTACK: <font color='red'>Frank Moon(ahappyelite) shot alien empress with The laser</font>
[21:33:28]ATTACK: <font color='red'>Frank Moon(ahappyelite) shot alien empress with The laser</font>
[21:33:28]ATTACK: <font color='red'>Frank Moon(ahappyelite) shot alien empress with The laser</font>
[21:33:29]ATTACK: <font color='red'>Frank Moon(ahappyelite) shot alien empress with The laser</font>
[21:33:29]ATTACK: <font color='red'>Frank Moon(ahappyelite) shot alien empress with The laser</font>
[21:33:30]ATTACK: <font color='red'>Admin(cairo283) shot alien empress with The laser</font>
[21:33:30]ATTACK: <font color='red'>Admin(cairo283) shot alien empress with The laser</font>
[21:33:31]ATTACK: <font color='red'>Admin(cairo283) shot alien empress with The laser</font>
[21:33:32]ATTACK: <font color='red'>Admin(cairo283) shot alien empress with The laser</font>
[21:33:32]ATTACK: <font color='red'>Admin(cairo283) shot alien empress with The laser</font>
[21:33:32]ATTACK: <font color='red'>alien empress shot alien empress with The neurotoxin</font>
[21:33:32]ATTACK: <font color='red'>alien empress shot alien empress with The neurotoxin</font>
[21:33:32]ATTACK: <font color='red'>alien empress shot Admin(cairo283) with The neurotoxin</font>
[21:33:33]ATTACK: <font color='red'>Admin(cairo283) shot alien empress with The laser</font>
[21:33:33]ATTACK: <font color='red'>Admin(cairo283) shot alien empress with The laser</font>
[21:33:34]ATTACK: <font color='red'>Frank Moon(ahappyelite) shot alien empress with The laser</font>
[21:33:35]ATTACK: <font color='red'>Frank Moon(ahappyelite) shot alien empress with The laser</font>
[21:33:36]ATTACK: <font color='red'>Frank Moon(ahappyelite) shot alien empress with The laser</font>
[21:33:37]ATTACK: <font color='red'>Admin(cairo283) shot alien empress with The laser</font>
[21:33:38]ATTACK: <font color='red'>Admin(cairo283) shot alien empress with The laser</font>
[21:33:38]ATTACK: <font color='red'>Frank Moon(ahappyelite) shot alien empress with The laser</font>
[21:33:38]ATTACK: <font color='red'>Frank Moon(ahappyelite) shot alien empress with The laser</font>
[21:33:39]ATTACK: <font color='red'>Admin(cairo283) shot alien empress with The laser</font>
[21:33:39]ATTACK: <font color='red'>alien empress shot Admin(cairo283) with The neurotoxin</font>
[21:33:39]ATTACK: <font color='red'>alien empress shot Admin(cairo283) with The neurotoxin</font>
[21:33:39]ATTACK: <font color='red'>alien empress shot Admin(cairo283) with The neurotoxin</font>
[21:33:39]ATTACK: <font color='red'>Admin(cairo283) shot alien empress with The laser</font>
[21:33:40]ATTACK: <font color='red'>Admin(cairo283) hit Hudson with The laser gun</font>
[21:33:43]ATTACK: <font color='red'>Frank Moon(ahappyelite) shot alien empress with The laser</font>
[21:33:45]ATTACK: <font color='red'>alien empress shot Admin(cairo283) with The neurotoxin</font>
[21:33:48]ATTACK: <font color='red'>Frank Moon(ahappyelite) shot alien empress with The laser</font>
[21:33:48]ATTACK: <font color='red'>Frank Moon(ahappyelite) shot alien empress with The laser</font>
[21:33:51]ATTACK: <font color='red'>Frank Moon(ahappyelite) shot alien empress with The laser</font>
[21:33:51]ATTACK: <font color='red'>Frank Moon(ahappyelite) shot alien empress with The laser</font>
[21:33:51]ATTACK: <font color='red'>alien empress shot Frank Moon(ahappyelite) with The neurotoxin</font>
[21:33:52]ATTACK: <font color='red'>Frank Moon(ahappyelite) shot alien empress with The laser</font>
[21:34:04]ATTACK: <font color='red'>Admin(cairo283) shot alien empress with The laser</font>
[21:34:04]ATTACK: <font color='red'>Admin(cairo283) shot alien empress with The laser</font>
[21:34:08]ATTACK: <font color='red'>alien empress shot Frank Moon(ahappyelite) with The neurotoxin</font>
[21:34:10]ATTACK: <font color='red'>alien empress shot Frank Moon(ahappyelite) with The neurotoxin</font>
[21:34:11]ATTACK: <font color='red'>Admin(cairo283) shot alien empress with The laser</font>
[21:34:11]ATTACK: <font color='red'>Admin(cairo283) shot alien empress with The laser</font>
[21:34:12]ATTACK: <font color='red'>Admin(cairo283) shot alien empress with The laser</font>
[21:34:13]ATTACK: <font color='red'>Admin(cairo283) shot alien empress with The laser</font>
[21:34:14]ATTACK: <font color='red'>Admin(cairo283) shot alien empress with The laser</font>
[21:34:16]ATTACK: <font color='red'>Admin(cairo283) shot alien empress with The laser</font>
[21:34:17]ATTACK: <font color='red'>alien empress shot Admin(cairo283) with The neurotoxin</font>
[21:34:17]ATTACK: <font color='red'>Frank Moon(ahappyelite) shot alien empress with The laser</font>
[21:34:19]ATTACK: <font color='red'>Frank Moon(ahappyelite) shot alien empress with The laser</font>
[21:34:20]ATTACK: <font color='red'>Frank Moon(ahappyelite) shot Admin(cairo283) with The laser</font>
[21:34:20]ATTACK: <font color='red'>Frank Moon(ahappyelite) shot Admin(cairo283) with The laser</font>
[21:34:22]ATTACK: <font color='red'>Frank Moon(ahappyelite) shot alien empress with The laser</font>
[21:34:23]ATTACK: <font color='red'>Frank Moon(ahappyelite) shot alien empress with The laser</font>
[21:34:23]ATTACK: <font color='red'>Frank Moon(ahappyelite) shot alien empress with The laser</font>
[21:34:24]ATTACK: <font color='red'>Frank Moon(ahappyelite) shot alien empress with The laser</font>
[21:34:24]ATTACK: <font color='red'>Admin(cairo283) hit alien empress with The stunbaton</font>
[21:34:30]ATTACK: <font color='red'>Frank Moon(ahappyelite) attacked Frank Moon(ahappyelite) with laser gun(INTENT: HARM) (DAMTYPE: BRUTE)</font>
[21:34:31]ATTACK: <font color='red'>Frank Moon(ahappyelite) attacked Frank Moon(ahappyelite) with laser gun(INTENT: HARM) (DAMTYPE: BRUTE)</font>
[21:34:32]ATTACK: <font color='red'>Frank Moon(ahappyelite) attacked Frank Moon(ahappyelite) with laser gun(INTENT: HARM) (DAMTYPE: BRUTE)</font>
[21:34:33]ATTACK: <font color='red'>Frank Moon(ahappyelite) attacked Frank Moon(ahappyelite) with laser gun(INTENT: HARM) (DAMTYPE: BRUTE)</font>
[21:34:34]ATTACK: <font color='red'>Frank Moon(ahappyelite) attacked Frank Moon(ahappyelite) with laser gun(INTENT: HARM) (DAMTYPE: BRUTE)</font>
[21:34:35]ATTACK: <font color='red'>Frank Moon(ahappyelite) attacked Frank Moon(ahappyelite) with laser gun(INTENT: HARM) (DAMTYPE: BRUTE)</font>
[21:34:36]ATTACK: <font color='red'>Frank Moon(ahappyelite) attacked Frank Moon(ahappyelite) with laser gun(INTENT: HARM) (DAMTYPE: BRUTE)</font>
[21:34:37]ATTACK: <font color='red'>Frank Moon(ahappyelite) attacked Frank Moon(ahappyelite) with laser gun(INTENT: HARM) (DAMTYPE: BRUTE)</font>
[21:34:38]ATTACK: <font color='red'>Frank Moon(ahappyelite) attacked Frank Moon(ahappyelite) with laser gun(INTENT: HARM) (DAMTYPE: BRUTE)</font>
[21:34:39]ATTACK: <font color='red'>Frank Moon(ahappyelite) attacked Frank Moon(ahappyelite) with laser gun(INTENT: HARM) (DAMTYPE: BRUTE)</font>
[21:34:40]ATTACK: <font color='red'>Frank Moon(ahappyelite) attacked Frank Moon(ahappyelite) with laser gun(INTENT: HARM) (DAMTYPE: BRUTE)</font>
[21:34:41]ATTACK: <font color='red'>Frank Moon(ahappyelite) attacked Frank Moon(ahappyelite) with laser gun(INTENT: HARM) (DAMTYPE: BRUTE)</font>
[21:34:42]ATTACK: <font color='red'>Frank Moon(ahappyelite) attacked Frank Moon(ahappyelite) with laser gun(INTENT: HARM) (DAMTYPE: BRUTE)</font>
[21:34:43]ATTACK: <font color='red'>Frank Moon(ahappyelite) attacked Frank Moon(ahappyelite) with laser gun(INTENT: HARM) (DAMTYPE: BRUTE)</font>
[21:34:44]ATTACK: <font color='red'>Frank Moon(ahappyelite) attacked Frank Moon(ahappyelite) with laser gun(INTENT: HARM) (DAMTYPE: BRUTE)</font>
[21:34:45]ATTACK: <font color='red'>Frank Moon(ahappyelite) attacked Frank Moon(ahappyelite) with laser gun(INTENT: HARM) (DAMTYPE: BRUTE)</font>
[21:34:46]ATTACK: <font color='red'>Frank Moon(ahappyelite) attacked Frank Moon(ahappyelite) with laser gun(INTENT: HARM) (DAMTYPE: BRUTE)</font>
[21:34:47]ATTACK: <font color='red'>Frank Moon(ahappyelite) attacked Frank Moon(ahappyelite) with laser gun(INTENT: HARM) (DAMTYPE: BRUTE)</font>
[21:34:47]ATTACK: <font color='red'>Frank Moon(ahappyelite) attacked Frank Moon(ahappyelite) with laser gun(INTENT: HARM) (DAMTYPE: BRUTE)</font>
[21:34:48]ATTACK: <font color='red'>Frank Moon(ahappyelite) attacked Frank Moon(ahappyelite) with laser gun(INTENT: HARM) (DAMTYPE: BRUTE)</font>
[21:34:49]ATTACK: <font color='red'>Frank Moon(ahappyelite) attacked Frank Moon(ahappyelite) with laser gun(INTENT: HARM) (DAMTYPE: BRUTE)</font>
[21:34:50]ATTACK: <font color='red'>Frank Moon(ahappyelite) attacked Frank Moon(ahappyelite) with laser gun(INTENT: HARM) (DAMTYPE: BRUTE)</font>
[21:34:51]ATTACK: <font color='red'>Frank Moon(ahappyelite) attacked Frank Moon(ahappyelite) with laser gun(INTENT: HARM) (DAMTYPE: BRUTE)</font>
[21:34:52]ATTACK: <font color='red'>Frank Moon(ahappyelite) attacked Frank Moon(ahappyelite) with laser gun(INTENT: HARM) (DAMTYPE: BRUTE)</font>
[21:35:24]ATTACK: <font color='red'>Admin(cairo283) shot Pirate with The laser</font>
[21:35:24]ATTACK: <font color='red'>Admin(cairo283) shot Pirate with The laser</font>
[21:35:24]ATTACK: <font color='red'>Admin(cairo283) shot Pirate with The laser</font>
[21:35:28]ATTACK: <font color='red'>Admin(cairo283) shot Pirate with The laser</font>
[21:35:28]ATTACK: <font color='red'>Admin(cairo283) shot Pirate with The laser</font>
[21:35:29]ATTACK: <font color='red'>Admin(cairo283) shot Pirate with The laser</font>
[21:35:29]ATTACK: <font color='red'>Admin(cairo283) shot Pirate with The laser</font>
[21:35:30]ATTACK: <font color='red'>Admin(cairo283) shot Sloan Randolph with The laser</font>
[21:35:30]ATTACK: <font color='red'>Admin(cairo283) shot Pirate with The laser</font>
[21:35:31]ATTACK: <font color='red'>Admin(cairo283) shot Pirate with The laser</font>
[21:35:31]ATTACK: <font color='red'>Admin(cairo283) shot Pirate with The laser</font>
[21:35:32]ATTACK: <font color='red'>Admin(cairo283) shot Pirate with The laser</font>
[21:35:36]ATTACK: <font color='red'>Admin(cairo283) shot Pirate with The laser</font>
[21:35:38]ATTACK: <font color='red'>Admin(cairo283) shot Pirate with The laser</font>
[21:35:38]ATTACK: <font color='red'>Admin(cairo283) shot Pirate with The laser</font>
[21:35:39]ATTACK: <font color='red'>Admin(cairo283) shot Pirate with The laser</font>
[21:35:40]ATTACK: <font color='red'>Admin(cairo283) shot Pirate with The laser</font>
[21:35:41]ATTACK: <font color='red'>Admin(cairo283) shot Pirate with The laser</font>
[21:35:41]ATTACK: <font color='red'>Admin(cairo283) shot Pirate with The laser</font>
[21:35:42]ATTACK: <font color='red'>Admin(cairo283) shot Pirate with The laser</font>
[21:35:42]ATTACK: <font color='red'>Admin(cairo283) shot Pirate with The laser</font>
[21:35:43]ATTACK: <font color='red'>Admin(cairo283) shot Pirate with The laser</font>
[21:35:43]ATTACK: <font color='red'>Admin(cairo283) shot Pirate with The laser</font>
[21:35:44]ATTACK: <font color='red'>Admin(cairo283) shot Pirate with The laser</font>
[21:35:44]ATTACK: <font color='red'>Admin(cairo283) shot Pirate with The laser</font>
[21:35:45]ATTACK: <font color='red'>Admin(cairo283) shot Pirate with The laser</font>
[21:35:46]ATTACK: <font color='red'>Admin(cairo283) shot Pirate with The laser</font>
[21:35:47]ATTACK: <font color='red'>Admin(cairo283) hit Pirate with The laser gun</font>
[21:35:58]ATTACK: <font color='red'>Admin(cairo283) shot Pirate with The laser</font>
[21:35:58]ATTACK: <font color='red'>Admin(cairo283) shot Pirate with The laser</font>
[21:35:59]ATTACK: <font color='red'>Admin(cairo283) shot Pirate with The laser</font>
[21:36:00]ATTACK: <font color='red'>Admin(cairo283) shot alien empress with The laser</font>
[21:36:01]ATTACK: <font color='red'>Admin(cairo283) shot alien empress with The laser</font>
[21:36:01]ATTACK: <font color='red'>Admin(cairo283) shot alien empress with The laser</font>
[21:36:02]ATTACK: <font color='red'>Admin(cairo283) shot Pirate with The laser</font>
[21:36:02]ATTACK: <font color='red'>Admin(cairo283) shot Pirate with The laser</font>
[21:36:03]ATTACK: <font color='red'>Admin(cairo283) shot Pirate with The laser</font>
[21:36:04]ATTACK: <font color='red'>Admin(cairo283) shot Pirate with The laser</font>
[21:36:05]ATTACK: <font color='red'>Admin(cairo283) shot Pirate with The laser</font>
[21:36:07]ATTACK: <font color='red'>Admin(cairo283) shot Pirate with The laser</font>
[21:36:11]ATTACK: <font color='red'>Admin(cairo283) shot Pirate with The laser</font>
[21:36:12]ATTACK: <font color='red'>Admin(cairo283) shot Pirate with The laser</font>
[21:36:12]ATTACK: <font color='red'>Admin(cairo283) shot Pirate with The laser</font>
[21:36:13]ATTACK: <font color='red'>Admin(cairo283) shot Pirate with The laser</font>
[21:36:13]ATTACK: <font color='red'>Admin(cairo283) shot Pirate with The laser</font>
[21:36:14]ATTACK: <font color='red'>Admin(cairo283) shot Pirate with The laser</font>
[21:36:55]ATTACK: <font color='red'>Admin(cairo283) hit Pirate with The laser gun</font>
[21:37:17]ATTACK: <font color='red'>Admin(cairo283) shot Pirate with The laser</font>
[21:37:18]ATTACK: <font color='red'>Admin(cairo283) shot Pirate with The laser</font>
[21:37:18]ATTACK: <font color='red'>Admin(cairo283) shot Emerson Woollard with The laser</font>
[21:37:19]ATTACK: <font color='red'>Admin(cairo283) shot Pirate with The laser</font>
[21:37:20]ATTACK: <font color='red'>Admin(cairo283) shot Pirate with The laser</font>
[21:37:20]ATTACK: <font color='red'>Admin(cairo283) shot Pirate with The laser</font>
[21:37:20]ATTACK: <font color='red'>Admin(cairo283) shot Pirate with The laser</font>
[21:37:21]ATTACK: <font color='red'>Admin(cairo283) shot Pirate with The laser</font>
[21:37:22]ATTACK: <font color='red'>Admin(cairo283) shot Pirate with The laser</font>
[21:37:25]ATTACK: <font color='red'>Admin(cairo283) shot Pirate with The laser</font>
[21:37:27]ATTACK: <font color='red'>Admin(cairo283) shot Pirate with The laser</font>
[21:37:28]ATTACK: <font color='red'>Admin(cairo283) shot Pirate with The laser</font>
[21:37:31]ATTACK: <font color='red'>Admin(cairo283) shot Pirate with The laser</font>
[21:37:31]ATTACK: <font color='red'>Admin(cairo283) shot Pirate with The laser</font>
[21:37:34]ATTACK: <font color='red'>Admin(cairo283) shot Pirate with The laser</font>
[21:37:35]ATTACK: <font color='red'>Admin(cairo283) shot Pirate with The laser</font>
[21:37:42]ATTACK: <font color='red'>Admin(cairo283) shot Pirate with The laser</font>
[21:37:43]ATTACK: <font color='red'>Admin(cairo283) shot Pirate with The laser</font>
[21:37:43]ATTACK: <font color='red'>Admin(cairo283) shot Pirate with The laser</font>
[21:37:44]ATTACK: <font color='red'>Admin(cairo283) shot Pirate with The laser</font>
[21:37:54]ATTACK: <font color='red'>Admin(cairo283) shot Pirate with The laser</font>
[21:37:55]ATTACK: <font color='red'>Admin(cairo283) shot Pirate with The laser</font>
[21:37:56]ATTACK: <font color='red'>Admin(cairo283) shot Pirate with The laser</font>
[21:37:56]ATTACK: <font color='red'>Admin(cairo283) shot Pirate with The laser</font>
[21:37:57]ATTACK: <font color='red'>Admin(cairo283) shot Pirate with The laser</font>
[21:37:58]ATTACK: <font color='red'>Admin(cairo283) shot Pirate with The laser</font>
[21:38:40]ATTACK: <font color='red'>Frank Moon(ahappyelite) attacked Pirate with fire axe (Wielded)(INTENT: HARM) (DAMTYPE: BRUTE)</font>
[21:38:41]ATTACK: <font color='red'>Frank Moon(ahappyelite) attacked Pirate with fire axe (Wielded)(INTENT: HARM) (DAMTYPE: BRUTE)</font>
[21:38:42]ATTACK: <font color='red'>Frank Moon(ahappyelite) attacked Pirate with fire axe (Wielded)(INTENT: HARM) (DAMTYPE: BRUTE)</font>
[21:39:56]ATTACK: <font color='red'>Admin(cairo283) shot Clown with The laser</font>
[21:39:57]ATTACK: <font color='red'>Admin(cairo283) shot Clown with The laser</font>
[21:39:57]ATTACK: <font color='red'>Admin(cairo283) shot Clown with The laser</font>
[21:39:58]ATTACK: <font color='red'>Admin(cairo283) shot Clown with The laser</font>
[21:39:58]ATTACK: <font color='red'>Admin(cairo283) shot Clown with The laser</font>
[21:39:59]ATTACK: <font color='red'>Admin(cairo283) shot Clown with The laser</font>
[21:39:59]ATTACK: <font color='red'>Admin(cairo283) shot Clown with The laser</font>
[21:40:00]ATTACK: <font color='red'>Admin(cairo283) shot Clown with The laser</font>
[21:40:00]ATTACK: <font color='red'>Admin(cairo283) shot Clown with The laser</font>
[21:40:01]ATTACK: <font color='red'>Admin(cairo283) shot Clown with The laser</font>
[21:40:02]ATTACK: <font color='red'>Admin(cairo283) shot Clown with The laser</font>
[21:40:02]ATTACK: <font color='red'>Admin(cairo283) shot Clown with The laser</font>
[21:40:03]ATTACK: <font color='red'>Admin(cairo283) shot alien empress with The laser</font>
[21:40:03]ATTACK: <font color='red'>Admin(cairo283) shot Clown with The laser</font>
[21:40:04]ATTACK: <font color='red'>Admin(cairo283) shot Clown with The laser</font>
[21:40:06]ATTACK: <font color='red'>Admin(cairo283) shot Clown with The laser</font>
[21:40:07]ATTACK: <font color='red'>Admin(cairo283) shot Clown with The laser</font>
[21:40:08]ATTACK: <font color='red'>Admin(cairo283) shot Clown with The laser</font>
[21:40:10]ATTACK: <font color='red'>Admin(cairo283) shot Clown with The laser</font>
[21:40:11]ATTACK: <font color='red'>Admin(cairo283) shot Clown with The laser</font>
[21:40:12]ATTACK: <font color='red'>Admin(cairo283) shot Clown with The laser</font>
[21:40:13]ATTACK: <font color='red'>Admin(cairo283) shot Clown with The laser</font>
[21:40:13]ATTACK: <font color='red'>Admin(cairo283) shot Clown with The laser</font>
[21:40:14]ATTACK: <font color='red'>Admin(cairo283) shot Clown with The laser</font>
[21:40:15]ATTACK: <font color='red'>Admin(cairo283) shot Clown with The laser</font>
[21:40:17]ATTACK: <font color='red'>Admin(cairo283) shot Clown with The laser</font>
[21:40:22]ATTACK: <font color='red'>Admin(cairo283) shot Clown with The laser</font>
[21:40:23]ATTACK: <font color='red'>Admin(cairo283) shot Clown with The laser</font>
[21:40:28]ATTACK: <font color='red'>Admin(cairo283) shot Clown with The laser</font>
[21:40:28]ATTACK: <font color='red'>Admin(cairo283) shot Clown with The laser</font>
[21:40:50]ATTACK: <font color='red'>Frank Moon(ahappyelite) shot giant spider with The laser</font>
[21:40:51]ATTACK: <font color='red'>Frank Moon(ahappyelite) shot giant spider with The laser</font>
[21:40:52]ATTACK: <font color='red'>Frank Moon(ahappyelite) shot giant spider with The laser</font>
[21:41:28]ATTACK: <font color='red'>Admin(cairo283) attacked Pirate with energy cutlass(INTENT: HELP) (DAMTYPE: BRUTE)</font>
[21:41:30]ATTACK: <font color='red'>Admin(cairo283) hit giant spider with The energy cutlass</font>
[21:41:49]ATTACK: <font color='red'>Admin(cairo283) shot alien hunter with The laser</font>
[21:41:49]ATTACK: <font color='red'>Admin(cairo283) shot alien hunter with The laser</font>
[21:41:50]ATTACK: <font color='red'>Admin(cairo283) shot alien hunter with The laser</font>
[21:41:50]ATTACK: <font color='red'>Admin(cairo283) shot alien hunter with The laser</font>
[21:41:52]ATTACK: <font color='red'>Admin(cairo283) hit alien hunter with The laser gun</font>
[21:41:53]ATTACK: <font color='red'>Frank Moon(ahappyelite) attacked Frank Moon(ahappyelite) with fire axe(INTENT: HARM) (DAMTYPE: BRUTE)</font>
[21:41:55]ATTACK: <font color='red'>Frank Moon(ahappyelite) attacked Frank Moon(ahappyelite) with fire axe(INTENT: HARM) (DAMTYPE: BRUTE)</font>
[21:42:32]ATTACK: <font color='red'>Admin(cairo283) shot Killer Tomato with The laser</font>
[21:42:33]ATTACK: <font color='red'>Admin(cairo283) shot The Faithless with The laser</font>
[21:42:33]ATTACK: <font color='red'>Admin(cairo283) shot The Faithless with The laser</font>
[21:42:34]ATTACK: <font color='red'>Admin(cairo283) shot Killer Tomato with The laser</font>
[21:42:35]ATTACK: <font color='red'>Admin(cairo283) shot Killer Tomato with The laser</font>
[21:42:35]ATTACK: <font color='red'>Admin(cairo283) shot Killer Tomato with The laser</font>
[21:42:36]ATTACK: <font color='red'>Admin(cairo283) shot Killer Tomato with The laser</font>
[21:42:37]ATTACK: <font color='red'>Admin(cairo283) shot Killer Tomato with The laser</font>
[21:42:37]ATTACK: <font color='red'>Admin(cairo283) shot Killer Tomato with The laser</font>
[21:42:40]ATTACK: <font color='red'>Admin(cairo283) shot The Faithless with The laser</font>
[21:42:41]ATTACK: <font color='red'>Admin(cairo283) shot Killer Tomato with The laser</font>
[21:42:42]ATTACK: <font color='red'>Admin(cairo283) shot Killer Tomato with The laser</font>
[21:42:42]ATTACK: <font color='red'>Admin(cairo283) shot Killer Tomato with The laser</font>
[21:42:43]ATTACK: <font color='red'>Admin(cairo283) shot Killer Tomato with The laser</font>
[21:42:44]ATTACK: <font color='red'>Admin(cairo283) hit Killer Tomato with The laser gun</font>
[21:43:10]ATTACK: <font color='red'>hivebot shot hivebot with The projectile</font>
[21:43:11]ATTACK: <font color='red'>hivebot shot hivebot with The projectile</font>
[21:43:12]ATTACK: <font color='red'>hivebot shot hivebot with The projectile</font>
[21:43:12]ATTACK: <font color='red'>hivebot shot hivebot with The projectile</font>
[21:43:12]ATTACK: <font color='red'>hivebot shot hivebot with The projectile</font>
[21:43:12]ATTACK: <font color='red'>hivebot shot hivebot with The projectile</font>
[21:43:12]ATTACK: <font color='red'>hivebot shot hivebot with The projectile</font>
[21:43:12]ATTACK: <font color='red'>hivebot shot hivebot with The projectile</font>
[21:43:13]ATTACK: <font color='red'>hivebot shot hivebot with The projectile</font>
[21:43:13]ATTACK: <font color='red'>hivebot shot hivebot with The projectile</font>
[21:43:13]ATTACK: <font color='red'>hivebot shot hivebot with The projectile</font>
[21:43:19]ATTACK: <font color='red'>hivebot shot Frank Moon(ahappyelite) with The projectile</font>
[21:43:19]ATTACK: <font color='red'>hivebot shot Admin(cairo283) with The projectile</font>
[21:43:19]ATTACK: <font color='red'>hivebot shot Frank Moon(ahappyelite) with The projectile</font>
[21:43:19]ATTACK: <font color='red'>hivebot shot Admin(cairo283) with The projectile</font>
[21:43:19]ATTACK: <font color='red'>hivebot shot Admin(cairo283) with The projectile</font>
[21:43:19]ATTACK: <font color='red'>hivebot shot Frank Moon(ahappyelite) with The projectile</font>
[21:43:23]ATTACK: <font color='red'>Admin(cairo283) shot hivebot with The laser</font>
[21:43:24]ATTACK: <font color='red'>Admin(cairo283) shot hivebot with The laser</font>
[21:44:43]ATTACK: <font color='red'>Frank Moon(ahappyelite) attacked Zachary Ehret with fire axe(INTENT: HARM) (DAMTYPE: BRUTE)</font>
[21:44:44]ATTACK: <font color='red'>Frank Moon(ahappyelite) attacked Zachary Ehret with fire axe(INTENT: HARM) (DAMTYPE: BRUTE)</font>
[21:44:45]ATTACK: <font color='red'>Frank Moon(ahappyelite) attacked Zachary Ehret with fire axe(INTENT: HARM) (DAMTYPE: BRUTE)</font>
[21:44:48]ATTACK: <font color='red'>Frank Moon(ahappyelite) attacked Zachary Ehret with fire axe(INTENT: HARM) (DAMTYPE: BRUTE)</font>
[21:44:48]ATTACK: <font color='red'>Frank Moon(ahappyelite) attacked Zachary Ehret with fire axe(INTENT: HARM) (DAMTYPE: BRUTE)</font>
[21:44:49]ATTACK: <font color='red'>Frank Moon(ahappyelite) attacked Zachary Ehret with fire axe(INTENT: HARM) (DAMTYPE: BRUTE)</font>
[21:44:50]ATTACK: <font color='red'>Frank Moon(ahappyelite) attacked Zachary Ehret with fire axe(INTENT: HARM) (DAMTYPE: BRUTE)</font>
[21:44:51]ATTACK: <font color='red'>Frank Moon(ahappyelite) attacked Zachary Ehret with fire axe(INTENT: HARM) (DAMTYPE: BRUTE)</font>
[21:44:53]ATTACK: <font color='red'>Frank Moon(ahappyelite) attacked Zachary Ehret with laser gun(INTENT: HARM) (DAMTYPE: BRUTE)</font>
[21:44:54]ATTACK: <font color='red'>Frank Moon(ahappyelite) attacked Zachary Ehret with laser gun(INTENT: HARM) (DAMTYPE: BRUTE)</font>
[21:44:56]ATTACK: <font color='red'>Frank Moon(ahappyelite) shot Zachary Ehret with The laser</font>
[21:44:56]ATTACK: <font color='red'>Frank Moon(ahappyelite) shot Zachary Ehret with The laser</font>
[21:44:57]ATTACK: <font color='red'>Frank Moon(ahappyelite) shot Zachary Ehret with The laser</font>
[21:44:57]ATTACK: <font color='red'>Frank Moon(ahappyelite) shot Zachary Ehret with The laser</font>
[21:44:58]ATTACK: <font color='red'>Frank Moon(ahappyelite) shot Zachary Ehret with The laser</font>
[21:44:58]ATTACK: <font color='red'>Frank Moon(ahappyelite) shot Zachary Ehret with The laser</font>
[21:44:59]ATTACK: <font color='red'>Frank Moon(ahappyelite) shot Killer Tomato with The laser</font>
[21:45:11]ATTACK: <font color='red'>Frank Moon(ahappyelite) attacked Zachary Ehret with fire axe(INTENT: HARM) (DAMTYPE: BRUTE)</font>
[21:45:12]ATTACK: <font color='red'>Frank Moon(ahappyelite) attacked Zachary Ehret with fire axe(INTENT: HARM) (DAMTYPE: BRUTE)</font>
[21:45:13]ATTACK: <font color='red'>Frank Moon(ahappyelite) attacked Zachary Ehret with fire axe(INTENT: HARM) (DAMTYPE: BRUTE)</font>
[21:45:50]ATTACK: <font color='red'>Frank Moon(ahappyelite) attacked Zachary Ehret with fire axe(INTENT: HARM) (DAMTYPE: BRUTE)</font>
[21:47:50]ATTACK: <font color='red'>Unknown(ahappyelite) punched Unknown(ahappyelite) </font>
[21:48:21]ATTACK: <font color='red'>Unknown(ahappyelite) hit Killer Tomato with The fire axe</font>
[21:48:21]ATTACK: <font color='red'>Unknown(ahappyelite) hit Killer Tomato with The flash</font>
[21:52:21]ATTACK: <font color='red'>Amari Dicks(ahappyelite) hit Killer Tomato with The laser gun</font>
[21:54:51]ATTACK: <font color='red'>Amari Dicks(ahappyelite) shot Cayenne with The bullet</font>
[21:54:52]ATTACK: <font color='red'>Amari Dicks(ahappyelite) shot Cayenne with The bullet</font>
[21:54:53]ATTACK: <font color='red'>Amari Dicks(ahappyelite) shot Cayenne with The bullet</font>
[21:54:54]ATTACK: <font color='red'>Amari Dicks(ahappyelite) shot Cayenne with The bullet</font>
[21:54:55]ATTACK: <font color='red'>Amari Dicks(ahappyelite) shot Cayenne with The bullet</font>


Starting up. 22:01.59
---------------------
