

Starting up. 05:08.12
---------------------


Starting up. 11:19.52
---------------------


Starting up. 15:04.00
---------------------
[15:04:36]ATTACK: <font color='red'>hivebot shot Viscerator Mark IV with The projectile</font>


Starting up. 15:11.12
---------------------


Starting up. 15:35.19
---------------------


Starting up. 15:51.48
---------------------


Starting up. 15:56.03
---------------------


Starting up. 16:47.23
---------------------
[16:48:09]ATTACK: <font color='red'>hivebot shot Viscerator Mark IV with The projectile</font>
[16:48:21]ATTACK: <font color='red'>hivebot shot Viscerator Mark IV with The projectile</font>


Starting up. 16:54.53
---------------------
[16:56:44]ATTACK: <font color='red'>hivebot shot Viscerator Mark IV with The projectile</font>
[16:56:50]ATTACK: <font color='red'>hivebot shot Viscerator Mark IV with The projectile</font>
[17:00:03]ATTACK: <font color='red'>Admin(wjcowart) punched Admin(wjcowart) </font>


Starting up. 17:07.26
---------------------


Starting up. 20:12.46
---------------------
[20:22:14]ATTACK: <font color='red'>Shaun Rhinehart(wjcowart) shaked Dawson Chase(dawson962) </font>
[20:33:34]ATTACK: <font color='red'>Dawson Chase (dawson962) injected Dawson Chase (dawson962) with syringe, which had Blood (INTENT: HELP)</font>
[20:33:36]ATTACK: <font color='red'>Dawson Chase (dawson962) injected Dawson Chase (dawson962) with syringe, which had Blood (INTENT: HELP)</font>
