

Starting up. 10:13.05
---------------------
[10:16:54]ATTACK: <font color='red'>Johnathan Harding(guest3998006160) attacked Matthew Rhinehart(cairo283) with key(INTENT: HELP) (DAMTYPE: BRUTE)</font>
[10:17:04]ATTACK: <font color='red'>Johnathan Harding(guest3998006160) attacked Matthew Rhinehart(cairo283) with key(INTENT: HELP) (DAMTYPE: BRUTE)</font>
[10:17:05]ATTACK: <font color='red'>Johnathan Harding(guest3998006160) attacked Matthew Rhinehart(cairo283) with key(INTENT: HELP) (DAMTYPE: BRUTE)</font>
[10:17:08]ATTACK: <font color='red'>Johnathan Harding(guest3998006160) attacked Matthew Rhinehart(cairo283) with key(INTENT: HELP) (DAMTYPE: BRUTE)</font>
[10:17:09]ATTACK: <font color='red'>Johnathan Harding(guest3998006160) attacked Matthew Rhinehart(cairo283) with key(INTENT: HELP) (DAMTYPE: BRUTE)</font>
[10:17:10]ATTACK: <font color='red'>Johnathan Harding(guest3998006160) attacked Matthew Rhinehart(cairo283) with key(INTENT: HELP) (DAMTYPE: BRUTE)</font>
[10:17:11]ATTACK: <font color='red'>Johnathan Harding(guest3998006160) attacked Matthew Rhinehart(cairo283) with key(INTENT: HELP) (DAMTYPE: BRUTE)</font>
[10:20:30]ATTACK: <font color='red'>Johnathan Harding(guest3998006160) shot Matthew Rhinehart(cairo283) with The electrode</font>
[10:21:15]ATTACK: <font color='red'>Matthew Rhinehart(@cairo283)  set aflame  Johnathan Harding(guest3998006160) </font>
[10:21:17]ATTACK: <font color='red'>Matthew Rhinehart(@cairo283)  set aflame  Johnathan Harding(guest3998006160) </font>
[10:21:21]ATTACK: <font color='red'>Matthew Rhinehart(cairo283)  set aflame  Johnathan Harding(guest3998006160) </font>
[10:21:52]ATTACK: <font color='red'>Johnathan Harding(guest3998006160) shot Matthew Rhinehart(cairo283) with The electrode</font>
[10:22:05]ATTACK: <font color='red'>Johnathan Harding(guest3998006160) shot Matthew Rhinehart(cairo283) with The electrode</font>
[10:22:36]ATTACK: <font color='red'>Matthew Rhinehart(cairo283) CPRed Johnathan Harding(guest3998006160) </font>
[10:22:37]ATTACK: <font color='red'>Matthew Rhinehart(cairo283) CPRed Johnathan Harding(guest3998006160) </font>
[10:22:38]ATTACK: <font color='red'>Matthew Rhinehart(cairo283) CPRed Johnathan Harding(guest3998006160) </font>
[10:24:43]ATTACK: <font color='red'>Matthew Rhinehart(cairo283) hit Johnathan Harding(guest3998006160) with The carrot</font>
[10:27:33]ATTACK: <font color='red'>Johnathan Harding(guest3998006160) stunned Matthew Rhinehart(cairo283) with telescopic baton</font>
[10:28:17]ATTACK: <font color='red'>Johnathan Harding(guest3998006160) attacked Matthew Rhinehart(cairo283) with stunbaton(INTENT: HARM) (DAMTYPE: BRUTE)</font>
[10:28:17]ATTACK: <font color='red'>Johnathan Harding(guest3998006160) stunned Matthew Rhinehart(cairo283) </font>
[10:28:17]ATTACK: <font color='red'>stunbaton stunned Matthew Rhinehart(cairo283) (Thrown/etc.)</font>
[10:28:21]ATTACK: <font color='red'>Johnathan Harding(guest3998006160) attacked Matthew Rhinehart(cairo283) with stunbaton(INTENT: HARM) (DAMTYPE: BRUTE)</font>
[10:28:21]ATTACK: <font color='red'>Johnathan Harding(guest3998006160) stunned Matthew Rhinehart(cairo283) </font>
[10:28:21]ATTACK: <font color='red'>stunbaton stunned Matthew Rhinehart(cairo283) (Thrown/etc.)</font>
[10:28:26]ATTACK: <font color='red'>Johnathan Harding(guest3998006160) stuffed Matthew Rhinehart(cairo283) into the disposal unit</font>
[10:29:10]ATTACK: <font color='red'>Johnathan Harding(guest3998006160) attacked Matthew Rhinehart(cairo283) with stunbaton(INTENT: HARM) (DAMTYPE: BRUTE)</font>
[10:29:10]ATTACK: <font color='red'>Johnathan Harding(guest3998006160) stunned Matthew Rhinehart(cairo283) </font>
[10:29:10]ATTACK: <font color='red'>stunbaton stunned Matthew Rhinehart(cairo283) (Thrown/etc.)</font>
[10:29:15]ATTACK: <font color='red'>Johnathan Harding(guest3998006160) attacked Matthew Rhinehart(cairo283) with stunbaton(INTENT: HARM) (DAMTYPE: BRUTE)</font>
[10:29:16]ATTACK: <font color='red'>Johnathan Harding(guest3998006160) stunned Matthew Rhinehart(cairo283) </font>
[10:29:16]ATTACK: <font color='red'>stunbaton stunned Matthew Rhinehart(cairo283) (Thrown/etc.)</font>
[10:29:18]ATTACK: <font color='red'>Johnathan Harding(guest3998006160) stuffed Matthew Rhinehart(cairo283) into the disposal unit</font>
[10:29:39]ATTACK: <font color='red'>Matthew Rhinehart(cairo283) stunned Johnathan Harding(guest3998006160) with telescopic baton</font>
[10:29:56]ATTACK: <font color='red'>Johnathan Harding(guest3998006160) attacked Matthew Rhinehart(cairo283) with stunbaton(INTENT: HARM) (DAMTYPE: BRUTE)</font>
[10:29:56]ATTACK: <font color='red'>Johnathan Harding(guest3998006160) stunned Matthew Rhinehart(cairo283) </font>
[10:29:56]ATTACK: <font color='red'>stunbaton stunned Matthew Rhinehart(cairo283) (Thrown/etc.)</font>
[10:30:01]ATTACK: <font color='red'>Johnathan Harding(guest3998006160) attacked Matthew Rhinehart(cairo283) with stunbaton(INTENT: HARM) (DAMTYPE: BRUTE)</font>
[10:30:01]ATTACK: <font color='red'>Johnathan Harding(guest3998006160) stunned Matthew Rhinehart(cairo283) </font>
[10:30:01]ATTACK: <font color='red'>stunbaton stunned Matthew Rhinehart(cairo283) (Thrown/etc.)</font>
[10:31:14]ATTACK: <font color='red'>Johnathan Harding(guest3998006160) shot Matthew Rhinehart(cairo283) with The laser</font>
[10:32:17]ATTACK: <font color='red'>Johnathan Harding(guest3998006160) shot space carp with The pellet</font>
[10:32:17]ATTACK: <font color='red'>Johnathan Harding(guest3998006160) shot space carp with The pellet</font>
[10:32:19]ATTACK: <font color='red'>Matthew Rhinehart(cairo283) shot space carp with The laser</font>
[10:32:19]ATTACK: <font color='red'>Johnathan Harding(guest3998006160) shot space carp with The pellet</font>
[10:32:19]ATTACK: <font color='red'>Johnathan Harding(guest3998006160) shot space carp with The pellet</font>
[10:32:29]ATTACK: <font color='red'>Matthew Rhinehart(cairo283) shot space carp with The laser</font>
[10:32:31]ATTACK: <font color='red'>Johnathan Harding(guest3998006160) shot space carp with The pellet</font>
[10:32:42]ATTACK: <font color='red'>Matthew Rhinehart(cairo283) shot Mega Space Carp with The laser</font>
[10:32:44]ATTACK: <font color='red'>Johnathan Harding(guest3998006160) shot Mega Space Carp with The pellet</font>
[10:32:44]ATTACK: <font color='red'>Johnathan Harding(guest3998006160) shot Mega Space Carp with The pellet</font>
[10:32:44]ATTACK: <font color='red'>Johnathan Harding(guest3998006160) shot Mega Space Carp with The pellet</font>
[10:32:48]ATTACK: <font color='red'>Johnathan Harding(guest3998006160) shot Mega Space Carp with The pellet</font>
[10:32:48]ATTACK: <font color='red'>Johnathan Harding(guest3998006160) shot Mega Space Carp with The pellet</font>
[10:32:48]ATTACK: <font color='red'>Johnathan Harding(guest3998006160) shot Mega Space Carp with The pellet</font>
[10:32:48]ATTACK: <font color='red'>Johnathan Harding(guest3998006160) shot Mega Space Carp with The pellet</font>
[10:32:52]ATTACK: <font color='red'>Johnathan Harding(guest3998006160) shot space carp with The pellet</font>
[10:32:53]ATTACK: <font color='red'>Johnathan Harding(guest3998006160) shot space carp with The pellet</font>
[10:32:55]ATTACK: <font color='red'>Johnathan Harding(guest3998006160) shot space carp with The pellet</font>
[10:32:57]ATTACK: <font color='red'>Matthew Rhinehart(cairo283) shot space carp with The laser</font>
[10:32:59]ATTACK: <font color='red'>Matthew Rhinehart(cairo283) shot space carp with The laser</font>
[10:33:01]ATTACK: <font color='red'>Matthew Rhinehart(cairo283) shot space carp with The laser</font>
[10:33:03]ATTACK: <font color='red'>Matthew Rhinehart(cairo283) shot space carp with The laser</font>
[10:33:04]ATTACK: <font color='red'>Matthew Rhinehart(cairo283) shot space carp with The laser</font>
[10:33:04]ATTACK: <font color='red'>Johnathan Harding(guest3998006160) shot space carp with The pellet</font>
[10:33:06]ATTACK: <font color='red'>Johnathan Harding(guest3998006160) shot space carp with The pellet</font>
[10:33:07]ATTACK: <font color='red'>Matthew Rhinehart(cairo283) shot space carp with The laser</font>
[10:33:17]ATTACK: <font color='red'>Johnathan Harding(guest3998006160) attacked Matthew Rhinehart(cairo283) with combat shotgun(INTENT: HARM) (DAMTYPE: BRUTE)</font>
[10:33:37]ATTACK: <font color='red'>Matthew Rhinehart(cairo283) shot space carp with The laser</font>
[10:33:37]ATTACK: <font color='red'>Johnathan Harding(guest3998006160) shot space carp with The pellet</font>
[10:33:37]ATTACK: <font color='red'>Johnathan Harding(guest3998006160) shot space carp with The pellet</font>
[10:33:37]ATTACK: <font color='red'>Johnathan Harding(guest3998006160) shot space carp with The pellet</font>
[10:33:37]ATTACK: <font color='red'>Johnathan Harding(guest3998006160) shot space carp with The pellet</font>
[10:33:39]ATTACK: <font color='red'>Matthew Rhinehart(cairo283) shot space carp with The laser</font>
[10:33:42]ATTACK: <font color='red'>Johnathan Harding(guest3998006160) shot space carp with The pellet</font>
[10:33:42]ATTACK: <font color='red'>Johnathan Harding(guest3998006160) shot space carp with The pellet</font>
[10:33:44]ATTACK: <font color='red'>Johnathan Harding(guest3998006160) shot space carp with The pellet</font>
[10:33:46]ATTACK: <font color='red'>Johnathan Harding(guest3998006160) shot space carp with The pellet</font>
[10:33:46]ATTACK: <font color='red'>Johnathan Harding(guest3998006160) shot space carp with The pellet</font>
[10:33:46]ATTACK: <font color='red'>Johnathan Harding(guest3998006160) shot space carp with The pellet</font>
[10:34:03]ATTACK: <font color='red'>Johnathan Harding(guest3998006160) shot space carp with The pellet</font>
[10:34:03]ATTACK: <font color='red'>Johnathan Harding(guest3998006160) shot space carp with The pellet</font>
[10:34:05]ATTACK: <font color='red'>Johnathan Harding(guest3998006160) shot space carp with The pellet</font>
[10:34:05]ATTACK: <font color='red'>Johnathan Harding(guest3998006160) shot space carp with The pellet</font>
[10:34:06]ATTACK: <font color='red'>Johnathan Harding(guest3998006160) shot space carp with The pellet</font>
[10:34:06]ATTACK: <font color='red'>Johnathan Harding(guest3998006160) shot space carp with The pellet</font>
[10:34:08]ATTACK: <font color='red'>Johnathan Harding(guest3998006160) shot space carp with The pellet</font>
[10:35:03]ATTACK: <font color='red'>Johnathan Harding(guest3998006160) shot space carp with The bullet</font>
[10:35:03]ATTACK: <font color='red'>Johnathan Harding(guest3998006160) shot space carp with The bullet</font>
[10:35:04]ATTACK: <font color='red'>Johnathan Harding(guest3998006160) shot space carp with The bullet</font>
[10:35:05]ATTACK: <font color='red'>Johnathan Harding(guest3998006160) shot space carp with The bullet</font>
[10:35:05]ATTACK: <font color='red'>Johnathan Harding(guest3998006160) shot space carp with The bullet</font>
[10:35:07]ATTACK: <font color='red'>Johnathan Harding(guest3998006160) shot space carp with The bullet</font>
[10:35:56]ATTACK: <font color='red'>Matthew Rhinehart(cairo283) shot space carp with The laser</font>
[10:35:56]ATTACK: <font color='red'>Matthew Rhinehart(cairo283) shot space carp with The laser</font>
[10:36:00]ATTACK: <font color='red'>Matthew Rhinehart(cairo283) shot Mega Space Carp with The laser</font>
[10:36:12]ATTACK: <font color='red'>Johnathan Harding(guest3998006160) shot Mega Space Carp with The bullet</font>
[10:36:16]ATTACK: <font color='red'>Matthew Rhinehart(cairo283) shot space carp with The laser</font>
[10:36:17]ATTACK: <font color='red'>Johnathan Harding(guest3998006160) shot Mega Space Carp with The bullet</font>
[10:36:18]ATTACK: <font color='red'>Matthew Rhinehart(cairo283) shot space carp with The laser</font>
[10:36:20]ATTACK: <font color='red'>Johnathan Harding(guest3998006160) shot Mega Space Carp with The bullet</font>
[10:36:22]ATTACK: <font color='red'>Matthew Rhinehart(cairo283) shot Mega Space Carp with The laser</font>
[10:36:33]ATTACK: <font color='red'>Johnathan Harding(guest3998006160) shot Matthew Rhinehart(cairo283) with The bullet</font>
[10:37:00]ATTACK: <font color='red'>Matthew Rhinehart(cairo283) shot pine tree with The laser</font>
[10:37:01]ATTACK: <font color='red'>Matthew Rhinehart(cairo283) shot pine tree with The laser</font>
[10:37:01]ATTACK: <font color='red'>Matthew Rhinehart(cairo283) shot pine tree with The laser</font>
[10:37:03]ATTACK: <font color='red'>Matthew Rhinehart(cairo283) shot pine tree with The laser</font>
[10:37:03]ATTACK: <font color='red'>Matthew Rhinehart(cairo283) shot pine tree with The laser</font>
[10:37:04]ATTACK: <font color='red'>Matthew Rhinehart(cairo283) shot pine tree with The laser</font>
[10:37:05]ATTACK: <font color='red'>Matthew Rhinehart(cairo283) shot pine tree with The laser</font>
[10:37:07]ATTACK: <font color='red'>Matthew Rhinehart(cairo283) shot pine tree with The laser</font>
[10:37:07]ATTACK: <font color='red'>Matthew Rhinehart(cairo283) shot pine tree with The laser</font>
[10:37:08]ATTACK: <font color='red'>Matthew Rhinehart(cairo283) shot pine tree with The laser</font>
[10:37:16]ATTACK: <font color='red'>Matthew Rhinehart(cairo283) shot pine tree with The laser</font>
[10:37:17]ATTACK: <font color='red'>Matthew Rhinehart(cairo283) shot pine tree with The laser</font>
[10:38:27]ATTACK: <font color='red'>Matthew Rhinehart(cairo283) grabbed pine tree passively</font>
[10:38:34]ATTACK: <font color='red'>Matthew Rhinehart(cairo283) grabbed pine tree passively</font>
[10:39:03]ATTACK: <font color='red'>Matthew Rhinehart(cairo283) grabbed pine tree passively</font>
[10:39:14]ATTACK: <font color='red'>Matthew Rhinehart(cairo283) grabbed pine tree passively</font>
[10:39:48]ATTACK: <font color='red'>Matthew Rhinehart(cairo283) grabbed pine tree passively</font>
[10:40:16]ATTACK: <font color='red'>Unknown(guest3998006160) punched Matthew Rhinehart(cairo283) </font>
[10:40:17]ATTACK: <font color='red'>Unknown(guest3998006160) punched Matthew Rhinehart(cairo283) </font>
[10:40:19]ATTACK: <font color='red'>Unknown(guest3998006160) punched Matthew Rhinehart(cairo283) </font>
[10:40:20]ATTACK: <font color='red'>Unknown(guest3998006160) punched Matthew Rhinehart(cairo283) </font>
[10:40:23]ATTACK: <font color='red'>Unknown(guest3998006160) attacked Matthew Rhinehart(cairo283) with baseball bat(INTENT: HARM) (DAMTYPE: BRUTE)</font>
[10:40:25]ATTACK: <font color='red'>Matthew Rhinehart(cairo283) grabbed Unknown(guest3998006160) passively</font>
[10:40:25]ATTACK: <font color='red'>Matthew Rhinehart(cairo283) grabbed Unknown(guest3998006160) (Wrassling)</font>
[10:40:51]ATTACK: <font color='red'>Matthew Rhinehart(cairo283) grabbed Unknown(guest3998006160) passively</font>
[10:40:51]ATTACK: <font color='red'>Matthew Rhinehart(cairo283) grabbed Unknown(guest3998006160) (Wrassling)</font>
[10:41:01]ATTACK: <font color='red'>Matthew Rhinehart(cairo283) grabbed Unknown(guest3998006160) passively</font>
[10:41:01]ATTACK: <font color='red'>Matthew Rhinehart(cairo283) grabbed Unknown(guest3998006160) (Wrassling)</font>
[10:41:13]ATTACK: <font color='red'>Unknown(guest3998006160) hit Matthew Rhinehart(cairo283) with The key</font>
[10:41:13]ATTACK: <font color='red'>Matthew Rhinehart(cairo283) backhand chopped Unknown(guest3998006160) (Wrassling)</font>
[10:41:15]ATTACK: <font color='red'>Matthew Rhinehart(cairo283) backhand chopped Unknown(guest3998006160) (Wrassling)</font>
[10:41:17]ATTACK: <font color='red'>Unknown(guest3998006160) attacked Matthew Rhinehart(cairo283) with baseball bat(INTENT: HARM) (DAMTYPE: BRUTE)</font>
[10:41:18]ATTACK: <font color='red'>Unknown(guest3998006160) attacked Matthew Rhinehart(cairo283) with baseball bat(INTENT: HARM) (DAMTYPE: BRUTE)</font>
[10:41:19]ATTACK: <font color='red'>Matthew Rhinehart(cairo283) backhand chopped Unknown(guest3998006160) (Wrassling)</font>
[10:41:22]ATTACK: <font color='red'>Unknown(guest3998006160) punched Matthew Rhinehart(cairo283) </font>
[10:41:23]ATTACK: <font color='red'>Unknown(guest3998006160) punched Matthew Rhinehart(cairo283) </font>
[10:41:23]ATTACK: <font color='red'>Matthew Rhinehart(cairo283) attacked Unknown(guest3998006160) with baseball bat(INTENT: HARM) (DAMTYPE: BRUTE)</font>
[10:41:24]ATTACK: <font color='red'>Unknown(guest3998006160) punched Matthew Rhinehart(cairo283) </font>
[10:41:25]ATTACK: <font color='red'>Matthew Rhinehart(cairo283) attacked Unknown(guest3998006160) with baseball bat(INTENT: HARM) (DAMTYPE: BRUTE)</font>
[10:41:26]ATTACK: <font color='red'>Unknown(guest3998006160) punched Matthew Rhinehart(cairo283) </font>
[10:41:26]ATTACK: <font color='red'>Matthew Rhinehart(cairo283) hit Unknown(guest3998006160) with The baseball bat</font>


Starting up. 10:49.29
---------------------
[10:50:45]ATTACK: <font color='red'>Matthew Rhinehart(cairo283) equipped Kristopher Johnson(guest3998006160) with the collectable paper hat</font>
[10:54:43]ATTACK: <font color='red'>Matthew Rhinehart(cairo283) shaked Kristopher Johnson(guest3998006160) </font>
[10:55:37]ATTACK: <font color='red'>Matthew Rhinehart(cairo283) shaked Kristopher Johnson(guest3998006160) </font>
[10:56:34]ATTACK: <font color='red'>Matthew Rhinehart(cairo283) shaked Kristopher Johnson(guest3998006160) </font>
[11:00:13]ATTACK: <font color='red'>Matthew Rhinehart(cairo283) hit Kristopher Johnson(guest3998006160) with The bio suit</font>
[11:00:15]ATTACK: <font color='red'>Matthew Rhinehart(cairo283) hit Kristopher Johnson(guest3998006160) with The bio hood</font>
[11:00:33]ATTACK: <font color='red'>Matthew Rhinehart(cairo283) shaked Kristopher Johnson(guest3998006160) </font>
[11:00:33]ATTACK: <font color='red'>Kristopher Johnson(guest3998006160) hit Matthew Rhinehart(cairo283) with The bio hood</font>
[11:00:36]ATTACK: <font color='red'>Matthew Rhinehart(cairo283) hit Kristopher Johnson(guest3998006160) with The gas mask</font>
[11:00:44]ATTACK: <font color='red'>Matthew Rhinehart(cairo283) shaked Kristopher Johnson(guest3998006160) </font>
[11:02:09]ATTACK: <font color='red'>Matthew Rhinehart(cairo283) shaked Kristopher Johnson(guest3998006160) </font>
[11:12:38]ATTACK: <font color='red'>Kristopher Johnson(guest3998006160) shaked Matthew Rhinehart(cairo283) </font>
[11:17:17]ATTACK: <font color='red'>Matthew Rhinehart(cairo283) hit Matthew Rhinehart(cairo283) with The oxygen tank</font>
[11:17:27]ATTACK: <font color='red'>Maximus Clark(guest3998006160)  set aflame  Maximus Clark(guest3998006160) </font>
[11:18:28]ATTACK: <font color='red'>Matthew Rhinehart(cairo283)  set aflame  Maximus Clark(guest3998006160) </font>
[11:18:28]ATTACK: <font color='red'>Matthew Rhinehart(cairo283)  set aflame  Maximus Clark(guest3998006160) </font>
[11:18:28]ATTACK: <font color='red'>Maximus Clark(guest3998006160)  set aflame  Maximus Clark(guest3998006160) </font>
[11:18:30]ATTACK: <font color='red'>Matthew Rhinehart(cairo283)  set aflame  Maximus Clark(guest3998006160) </font>
[11:18:30]ATTACK: <font color='red'>Matthew Rhinehart(cairo283)  set aflame  Matthew Rhinehart(cairo283) </font>
[11:18:30]ATTACK: <font color='red'>Matthew Rhinehart(cairo283)  set aflame  Maximus Clark(guest3998006160) </font>
[11:18:32]ATTACK: <font color='red'>Matthew Rhinehart(cairo283) hit Maximus Clark(guest3998006160) with The oxygen tank</font>
[11:19:24]ATTACK: <font color='red'>Matthew Rhinehart(cairo283) disarmed Maximus Clark(guest3998006160) </font>
[11:19:31]ATTACK: <font color='red'>Matthew Rhinehart(cairo283) hit Clown with The honk render</font>
[11:19:40]ATTACK: <font color='red'>Maximus Clark(guest3998006160)  set aflame  Matthew Rhinehart(cairo283) </font>
[11:19:49]ATTACK: <font color='red'>Maximus Clark(guest3998006160) shaked Matthew Rhinehart(cairo283) </font>
[11:21:28]ATTACK: <font color='red'>Maximus Clark(guest3998006160) attacked Matthew Rhinehart(cairo283) with cheap lighter(INTENT: HELP) (DAMTYPE: FIRE)</font>
[11:21:36]ATTACK: <font color='red'>Maximus Clark(guest3998006160) hit Matthew Rhinehart(cairo283) with The cheap lighter</font>
[11:21:57]ATTACK: <font color='red'>Maximus Clark(guest3998006160) shaked Matthew Rhinehart(cairo283) </font>
[11:21:58]ATTACK: <font color='red'>Maximus Clark(guest3998006160) shaked Matthew Rhinehart(cairo283) </font>
[11:22:05]ATTACK: <font color='red'>Maximus Clark(guest3998006160) disarmed Matthew Rhinehart(cairo283) </font>
[11:22:06]ATTACK: <font color='red'>Maximus Clark(guest3998006160) disarmed Matthew Rhinehart(cairo283) </font>
[11:22:07]ATTACK: <font color='red'>Maximus Clark(guest3998006160) disarmed Matthew Rhinehart(cairo283) </font>
[11:22:08]ATTACK: <font color='red'>Maximus Clark(guest3998006160) disarmed Matthew Rhinehart(cairo283) </font>
[11:22:10]ATTACK: <font color='red'>Maximus Clark(guest3998006160) disarmed Matthew Rhinehart(cairo283) </font>
[11:22:10]ATTACK: <font color='red'>Maximus Clark(guest3998006160) disarmed Matthew Rhinehart(cairo283) </font>
[11:22:11]ATTACK: <font color='red'>Maximus Clark(guest3998006160) disarmed Matthew Rhinehart(cairo283) </font>
[11:22:12]ATTACK: <font color='red'>Maximus Clark(guest3998006160) disarmed Matthew Rhinehart(cairo283) </font>
[11:22:13]ATTACK: <font color='red'>Maximus Clark(guest3998006160) disarmed Matthew Rhinehart(cairo283) </font>
[11:22:15]ATTACK: <font color='red'>Maximus Clark(guest3998006160) disarmed Matthew Rhinehart(cairo283) </font>
[11:22:15]ATTACK: <font color='red'>Maximus Clark(guest3998006160) disarmed Matthew Rhinehart(cairo283) </font>
[11:22:17]ATTACK: <font color='red'>Maximus Clark(guest3998006160) disarmed Matthew Rhinehart(cairo283) </font>
[11:22:18]ATTACK: <font color='red'>Maximus Clark(guest3998006160) attacked Matthew Rhinehart(cairo283) with light tube(INTENT: DISARM) (DAMTYPE: BRUTE)</font>
[11:22:29]ATTACK: <font color='red'>Maximus Clark(guest3998006160) disarmed Matthew Rhinehart(cairo283) </font>
[11:23:05]ATTACK: <font color='red'>Maximus Clark(guest3998006160) hit Matthew Rhinehart(cairo283) with The remote signaling device</font>
[11:23:52]ATTACK: <font color='red'>Maximus Clark(guest3998006160) shaked Matthew Rhinehart(cairo283) </font>
[11:24:43]ATTACK: <font color='red'>Maximus Clark(guest3998006160) shot Unknown(cairo283) with The eradication beam</font>
[11:25:07]ATTACK: <font color='red'>Maximus Clark(guest3998006160) shot Unknown(cairo283) with The eradication beam</font>
[11:25:12]ATTACK: <font color='red'>Maximus Clark(guest3998006160) shot Unknown(cairo283) with The eradication beam</font>
[11:25:18]ATTACK: <font color='red'>Maximus Clark(guest3998006160) shot Unknown(cairo283) with The eradication beam</font>
[11:25:19]ATTACK: <font color='red'>Maximus Clark(guest3998006160) shot Unknown(cairo283) with The eradication beam</font>
[11:25:20]ATTACK: <font color='red'>Maximus Clark(guest3998006160) shot Unknown(cairo283) with The eradication beam</font>
