

Starting up. 10:09.15
---------------------
[10:12:58]ATTACK: <font color='red'>hivebot shot Viscerator Mark IV with The projectile</font>


Starting up. 11:13.07
---------------------
[11:28:30]ATTACK: <font color='red'>hivebot shot space carp with The projectile</font>
[11:28:49]ATTACK: <font color='red'>hivebot shot space carp with The projectile</font>
[11:29:01]ATTACK: <font color='red'>hivebot shot space carp with The projectile</font>
[12:00:29]ATTACK: <font color='red'>Matthew Rhinehart(cairo283) implanted Matthew Rhinehart(cairo283) with implanter (explosive)</font>
[12:00:31]ATTACK: <font color='red'>Matthew Rhinehart(cairo283) implanted Matthew Rhinehart(cairo283) with implanter</font>
[12:00:36]ATTACK: <font color='red'>Matthew Rhinehart(cairo283) implanted Matthew Rhinehart(cairo283) with implanter</font>
[12:00:39]ATTACK: <font color='red'>Matthew Rhinehart(cairo283) implanted Matthew Rhinehart(cairo283) with implanter</font>
[12:00:43]ATTACK: <font color='red'>Matthew Rhinehart(cairo283) implanted Matthew Rhinehart(cairo283) with implanter</font>
[12:01:14]ATTACK: <font color='red'>Matthew Rhinehart(cairo283) implanted Matthew Rhinehart(cairo283) with implanter (explosive)</font>
[12:01:17]ATTACK: <font color='red'>Matthew Rhinehart(cairo283) implanted Matthew Rhinehart(cairo283) with implanter</font>
[12:01:21]ATTACK: <font color='red'>Matthew Rhinehart(cairo283) implanted Matthew Rhinehart(cairo283) with implanter</font>
[12:01:25]ATTACK: <font color='red'>Matthew Rhinehart(cairo283) implanted Matthew Rhinehart(cairo283) with implanter</font>
[12:01:28]ATTACK: <font color='red'>Matthew Rhinehart(cairo283) implanted Matthew Rhinehart(cairo283) with implanter</font>
[12:02:38]ATTACK: <font color='red'>Matthew Rhinehart(cairo283) hit Domesticated space bee with The quartermaster's rubber stamp</font>
[12:03:13]ATTACK: <font color='red'>Matthew Rhinehart(cairo283) implanted Matthew Rhinehart(cairo283) with (BIO-HAZARD) BIO-detpack</font>


Starting up. 14:16.20
---------------------


Starting up. 14:27.07
---------------------
[14:34:18]ATTACK: <font color='red'>Matthew Rhinehart(cairo283) shot Syndicate Operative with The pulse</font>
[14:34:19]ATTACK: <font color='red'>Matthew Rhinehart(cairo283) shot Syndicate Operative with The pulse</font>
[14:34:20]ATTACK: <font color='red'>Matthew Rhinehart(cairo283) shot Syndicate Operative with The pulse</font>
[14:34:20]ATTACK: <font color='red'>Matthew Rhinehart(cairo283) shot Syndicate Operative with The pulse</font>
[14:34:25]ATTACK: <font color='red'>Matthew Rhinehart(cairo283) shot Syndicate Operative with The pulse</font>
[14:34:27]ATTACK: <font color='red'>Matthew Rhinehart(cairo283) shot Syndicate Operative with The pulse</font>
[14:34:27]ATTACK: <font color='red'>Matthew Rhinehart(cairo283) shot Syndicate Operative with The pulse</font>
[14:34:28]ATTACK: <font color='red'>Matthew Rhinehart(cairo283) shot Syndicate Operative with The pulse</font>
[14:35:18]ATTACK: <font color='red'>Matthew Rhinehart(cairo283) shot Syndicate Operative with The pulse</font>
[14:35:19]ATTACK: <font color='red'>Matthew Rhinehart(cairo283) shot Syndicate Operative with The pulse</font>
[14:35:19]ATTACK: <font color='red'>Matthew Rhinehart(cairo283) shot Syndicate Operative with The pulse</font>
[14:35:21]ATTACK: <font color='red'>Matthew Rhinehart(cairo283) shot Rowan Wile with The pulse</font>
[14:35:21]ATTACK: <font color='red'>Matthew Rhinehart(cairo283) shot Rowan Wile with The pulse</font>
[14:35:23]ATTACK: <font color='red'>Matthew Rhinehart(cairo283) shot Syndicate Operative with The pulse</font>
[14:35:24]ATTACK: <font color='red'>Matthew Rhinehart(cairo283) shot Kaylin Highlands with The pulse</font>
[14:35:44]ATTACK: <font color='red'>Matthew Rhinehart(cairo283) shot Syndicate Operative with The pulse</font>
[14:35:44]ATTACK: <font color='red'>Matthew Rhinehart(cairo283) shot Syndicate Operative with The pulse</font>
[14:36:12]ATTACK: <font color='red'>Matthew Rhinehart(cairo283) shot Syndicate Operative with The pulse</font>
[14:36:12]ATTACK: <font color='red'>Matthew Rhinehart(cairo283) shot Syndicate Operative with The pulse</font>
[14:36:16]ATTACK: <font color='red'>Matthew Rhinehart(cairo283) shot Syndicate Operative with The pulse</font>
[14:36:18]ATTACK: <font color='red'>Matthew Rhinehart(cairo283) shot Syndicate Operative with The pulse</font>
[14:36:18]ATTACK: <font color='red'>Matthew Rhinehart(cairo283) shot Syndicate Operative with The pulse</font>
[14:36:19]ATTACK: <font color='red'>Matthew Rhinehart(cairo283) shot George Goodman with The pulse</font>
[14:36:21]ATTACK: <font color='red'>Matthew Rhinehart(cairo283) shot Syndicate Operative with The pulse</font>
[14:36:22]ATTACK: <font color='red'>Matthew Rhinehart(cairo283) shot Syndicate Operative with The pulse</font>
[14:36:22]ATTACK: <font color='red'>Matthew Rhinehart(cairo283) shot Syndicate Operative with The pulse</font>
[14:36:24]ATTACK: <font color='red'>Matthew Rhinehart(cairo283) shot Syndicate Operative with The pulse</font>
[14:36:24]ATTACK: <font color='red'>Matthew Rhinehart(cairo283) shot Syndicate Operative with The pulse</font>
[14:36:27]ATTACK: <font color='red'>Matthew Rhinehart(cairo283) shot Syndicate Operative with The pulse</font>
[14:36:27]ATTACK: <font color='red'>Matthew Rhinehart(cairo283) shot Syndicate Operative with The pulse</font>
[14:36:28]ATTACK: <font color='red'>Matthew Rhinehart(cairo283) shot Syndicate Operative with The pulse</font>
[14:36:30]ATTACK: <font color='red'>Matthew Rhinehart(cairo283) shot Syndicate Operative with The pulse</font>
[14:36:31]ATTACK: <font color='red'>Matthew Rhinehart(cairo283) shot Syndicate Operative with The pulse</font>
[14:36:31]ATTACK: <font color='red'>Matthew Rhinehart(cairo283) shot Syndicate Operative with The pulse</font>
[14:36:32]ATTACK: <font color='red'>Matthew Rhinehart(cairo283) shot Syndicate Operative with The pulse</font>
[14:36:33]ATTACK: <font color='red'>Matthew Rhinehart(cairo283) shot Syndicate Operative with The pulse</font>
[14:38:20]ATTACK: <font color='red'>Syndicate Commander shot Matthew Rhinehart(cairo283) with The bullet</font>
[14:38:27]ATTACK: <font color='red'>Syndicate Commander shot Matthew Rhinehart(cairo283) with The bullet</font>
[14:38:27]ATTACK: <font color='red'>Syndicate Commander shot Matthew Rhinehart(cairo283) with The bullet</font>
[14:38:28]ATTACK: <font color='red'>Syndicate Commander shot Matthew Rhinehart(cairo283) with The bullet</font>
[14:38:41]ATTACK: <font color='red'>Syndicate Commander shot Matthew Rhinehart(cairo283) with The bullet</font>
[14:38:42]ATTACK: <font color='red'>Syndicate Commander shot Matthew Rhinehart(cairo283) with The bullet</font>
[14:38:42]ATTACK: <font color='red'>Syndicate Commander shot Matthew Rhinehart(cairo283) with The bullet</font>
[14:38:43]ATTACK: <font color='red'>Matthew Rhinehart(cairo283) shot Syndicate Commander with The pulse</font>
[14:38:44]ATTACK: <font color='red'>Matthew Rhinehart(cairo283) shot Syndicate Commander with The pulse</font>
[14:39:00]ATTACK: <font color='red'>Matthew Rhinehart(cairo283) shot Syndicate Operative with The pulse</font>
[14:39:00]ATTACK: <font color='red'>Matthew Rhinehart(cairo283) shot Syndicate Operative with The pulse</font>
[14:39:03]ATTACK: <font color='red'>Matthew Rhinehart(cairo283) shot Ricky Cherry with The pulse</font>
[14:39:08]ATTACK: <font color='red'>Matthew Rhinehart(cairo283) shot Syndicate Operative with The pulse</font>
[14:39:08]ATTACK: <font color='red'>Matthew Rhinehart(cairo283) shot Syndicate Operative with The pulse</font>
[14:39:17]ATTACK: <font color='red'>Matthew Rhinehart(cairo283) shot Syndicate Operative with The pulse</font>
[14:39:17]ATTACK: <font color='red'>Matthew Rhinehart(cairo283) shot Syndicate Operative with The pulse</font>
[14:39:19]ATTACK: <font color='red'>Matthew Rhinehart(cairo283) shot Syndicate Operative with The pulse</font>
[14:39:19]ATTACK: <font color='red'>Matthew Rhinehart(cairo283) shot Syndicate Operative with The pulse</font>
[14:39:20]ATTACK: <font color='red'>Matthew Rhinehart(cairo283) shot Syndicate Operative with The pulse</font>
[14:39:21]ATTACK: <font color='red'>Matthew Rhinehart(cairo283) shot Syndicate Operative with The pulse</font>
[14:39:23]ATTACK: <font color='red'>Matthew Rhinehart(cairo283) shot Syndicate Operative with The pulse</font>
[14:39:23]ATTACK: <font color='red'>Matthew Rhinehart(cairo283) shot Hayden Woodworth with The pulse</font>
[14:39:35]ATTACK: <font color='red'>Matthew Rhinehart(cairo283) shot Syndicate Operative with The pulse</font>
[14:39:37]ATTACK: <font color='red'>Matthew Rhinehart(cairo283) shot Syndicate Operative with The pulse</font>
[14:39:40]ATTACK: <font color='red'>Matthew Rhinehart(cairo283) shot Syndicate Operative with The pulse</font>
[14:39:44]ATTACK: <font color='red'>Syndicate Operative shot Syndicate Operative with The bullet</font>
[14:39:45]ATTACK: <font color='red'>Matthew Rhinehart(cairo283) shot Syndicate Operative with The pulse</font>
[14:39:45]ATTACK: <font color='red'>Syndicate Operative shot Syndicate Operative with The bullet</font>
[14:39:46]ATTACK: <font color='red'>Syndicate Operative shot Syndicate Operative with The bullet</font>
[14:39:46]ATTACK: <font color='red'>Matthew Rhinehart(cairo283) shot Syndicate Operative with The pulse</font>
[14:39:50]ATTACK: <font color='red'>Matthew Rhinehart(cairo283) shot Syndicate Operative with The pulse</font>
[14:39:51]ATTACK: <font color='red'>Syndicate Operative shot Matthew Rhinehart(cairo283) with The bullet</font>
[14:39:54]ATTACK: <font color='red'>Matthew Rhinehart(cairo283) shot Syndicate Operative with The pulse</font>
[14:39:56]ATTACK: <font color='red'>Matthew Rhinehart(cairo283) shot Syndicate Operative with The pulse</font>
[14:39:56]ATTACK: <font color='red'>Matthew Rhinehart(cairo283) shot Syndicate Operative with The pulse</font>
[14:39:57]ATTACK: <font color='red'>Matthew Rhinehart(cairo283) shot Syndicate Operative with The pulse</font>
[14:39:58]ATTACK: <font color='red'>Matthew Rhinehart(cairo283) shot Syndicate Operative with The pulse</font>
[14:40:09]ATTACK: <font color='red'>Matthew Rhinehart(cairo283) shot Syndicate Operative with The pulse</font>
[14:40:10]ATTACK: <font color='red'>Matthew Rhinehart(cairo283) shot Syndicate Operative with The pulse</font>
[14:40:11]ATTACK: <font color='red'>Matthew Rhinehart(cairo283) shot Syndicate Operative with The pulse</font>
[14:40:11]ATTACK: <font color='red'>Matthew Rhinehart(cairo283) shot Syndicate Operative with The pulse</font>
[14:40:21]ATTACK: <font color='red'>Matthew Rhinehart(cairo283) shot Syndicate Operative with The pulse</font>
[14:40:22]ATTACK: <font color='red'>Matthew Rhinehart(cairo283) shot Syndicate Operative with The pulse</font>
[14:40:22]ATTACK: <font color='red'>Matthew Rhinehart(cairo283) shot Syndicate Operative with The pulse</font>
[14:40:24]ATTACK: <font color='red'>Matthew Rhinehart(cairo283) shot Syndicate Operative with The pulse</font>
[14:40:26]ATTACK: <font color='red'>Matthew Rhinehart(cairo283) shot Syndicate Operative with The pulse</font>
[14:40:28]ATTACK: <font color='red'>Matthew Rhinehart(cairo283) shot Syndicate Operative with The pulse</font>
[14:40:41]ATTACK: <font color='red'>Matthew Rhinehart(cairo283) shot Syndicate Operative with The pulse</font>
[14:40:42]ATTACK: <font color='red'>Matthew Rhinehart(cairo283) shot Syndicate Operative with The pulse</font>
[14:40:43]ATTACK: <font color='red'>Matthew Rhinehart(cairo283) shot Syndicate Operative with The pulse</font>
[14:40:43]ATTACK: <font color='red'>Matthew Rhinehart(cairo283) shot Syndicate Operative with The pulse</font>
[14:40:45]ATTACK: <font color='red'>Matthew Rhinehart(cairo283) shot Syndicate Operative with The pulse</font>
[14:40:46]ATTACK: <font color='red'>Matthew Rhinehart(cairo283) shot Athena Shaffer with The pulse</font>
[14:40:48]ATTACK: <font color='red'>Matthew Rhinehart(cairo283) shot Syndicate Operative with The pulse</font>
[14:40:51]ATTACK: <font color='red'>Matthew Rhinehart(cairo283) shot Syndicate Operative with The pulse</font>
[14:40:52]ATTACK: <font color='red'>Matthew Rhinehart(cairo283) shot Syndicate Operative with The pulse</font>
[14:40:52]ATTACK: <font color='red'>Syndicate Operative shot Matthew Rhinehart(cairo283) with The bullet</font>
[14:40:53]ATTACK: <font color='red'>Syndicate Operative shot Matthew Rhinehart(cairo283) with The bullet</font>
[14:40:54]ATTACK: <font color='red'>Matthew Rhinehart(cairo283) shot Syndicate Operative with The pulse</font>
[14:40:55]ATTACK: <font color='red'>Matthew Rhinehart(cairo283) shot Woodrow Zalack with The pulse</font>
[14:40:56]ATTACK: <font color='red'>Matthew Rhinehart(cairo283) shot Syndicate Operative with The pulse</font>
[14:40:57]ATTACK: <font color='red'>Matthew Rhinehart(cairo283) shot Syndicate Operative with The pulse</font>
[14:41:12]ATTACK: <font color='red'>Matthew Rhinehart(cairo283) shot Syndicate Commando with The pulse</font>
[14:41:12]ATTACK: <font color='red'>Matthew Rhinehart(cairo283) shot Syndicate Commando with The pulse</font>
[14:41:14]ATTACK: <font color='red'>Matthew Rhinehart(cairo283) shot Diana Hincken with The pulse</font>
[14:41:42]ATTACK: <font color='red'>Matthew Rhinehart(cairo283) shot Syndicate Operative with The pulse</font>
[14:41:43]ATTACK: <font color='red'>Matthew Rhinehart(cairo283) shot Syndicate Operative with The pulse</font>
[14:41:43]ATTACK: <font color='red'>Matthew Rhinehart(cairo283) shot Syndicate Operative with The pulse</font>
[14:41:44]ATTACK: <font color='red'>Matthew Rhinehart(cairo283) shot Syndicate Operative with The pulse</font>
[14:41:45]ATTACK: <font color='red'>Matthew Rhinehart(cairo283) shot Syndicate Operative with The pulse</font>
[14:41:46]ATTACK: <font color='red'>Matthew Rhinehart(cairo283) shot Syndicate Operative with The pulse</font>
[14:41:46]ATTACK: <font color='red'>Matthew Rhinehart(cairo283) shot Leonel Davis with The pulse</font>
[14:41:48]ATTACK: <font color='red'>Matthew Rhinehart(cairo283) shot Syndicate Operative with The pulse</font>
[14:41:48]ATTACK: <font color='red'>Matthew Rhinehart(cairo283) shot Grady Skywalker with The pulse</font>
[14:41:51]ATTACK: <font color='red'>Syndicate Operative shot Matthew Rhinehart(cairo283) with The bullet</font>
[14:41:52]ATTACK: <font color='red'>Syndicate Operative shot Syndicate Operative with The bullet</font>
[14:41:56]ATTACK: <font color='red'>Matthew Rhinehart(cairo283) shot Syndicate Operative with The pulse</font>
[14:41:57]ATTACK: <font color='red'>Matthew Rhinehart(cairo283) shot Syndicate Operative with The pulse</font>
[14:41:58]ATTACK: <font color='red'>Matthew Rhinehart(cairo283) shot Syndicate Operative with The pulse</font>
[14:41:58]ATTACK: <font color='red'>Matthew Rhinehart(cairo283) shot Syndicate Operative with The pulse</font>
[14:41:59]ATTACK: <font color='red'>Matthew Rhinehart(cairo283) shot Sarah Kemble with The pulse</font>
[14:41:59]ATTACK: <font color='red'>Syndicate Operative shot Sarah Kemble with The bullet</font>
[14:42:00]ATTACK: <font color='red'>Matthew Rhinehart(cairo283) shot Sarah Kemble with The pulse</font>
[14:42:00]ATTACK: <font color='red'>Syndicate Operative shot Sarah Kemble with The bullet</font>
[14:42:00]ATTACK: <font color='red'>Syndicate Operative shot Sarah Kemble with The bullet</font>
[14:42:00]ATTACK: <font color='red'>Matthew Rhinehart(cairo283) shot Sarah Kemble with The pulse</font>
[14:42:01]ATTACK: <font color='red'>Matthew Rhinehart(cairo283) shot Syndicate Operative with The pulse</font>
[14:42:02]ATTACK: <font color='red'>Matthew Rhinehart(cairo283) shot Syndicate Operative with The pulse</font>
[14:42:03]ATTACK: <font color='red'>Syndicate Operative shot Matthew Rhinehart(cairo283) with The bullet</font>
[14:42:03]ATTACK: <font color='red'>Syndicate Operative shot Matthew Rhinehart(cairo283) with The bullet</font>
[14:42:04]ATTACK: <font color='red'>Matthew Rhinehart(cairo283) shot Syndicate Operative with The pulse</font>
[14:42:05]ATTACK: <font color='red'>Matthew Rhinehart(cairo283) shot Savannah Snyder with The pulse</font>
[14:42:05]ATTACK: <font color='red'>Matthew Rhinehart(cairo283) shot Syndicate Operative with The pulse</font>
[14:42:14]ATTACK: <font color='red'>Matthew Rhinehart(cairo283) shot Syndicate Operative with The pulse</font>
[14:42:15]ATTACK: <font color='red'>Matthew Rhinehart(cairo283) shot Syndicate Operative with The pulse</font>
[14:42:15]ATTACK: <font color='red'>Matthew Rhinehart(cairo283) shot Rylan Buzzard with The pulse</font>
[14:42:17]ATTACK: <font color='red'>Matthew Rhinehart(cairo283) shot Rylan Buzzard with The pulse</font>
[14:42:17]ATTACK: <font color='red'>Matthew Rhinehart(cairo283) shot Syndicate Operative with The pulse</font>
[14:42:18]ATTACK: <font color='red'>Matthew Rhinehart(cairo283) shot Syndicate Operative with The pulse</font>
[14:42:19]ATTACK: <font color='red'>Matthew Rhinehart(cairo283) shot Syndicate Operative with The pulse</font>
[14:42:19]ATTACK: <font color='red'>Matthew Rhinehart(cairo283) shot Syndicate Operative with The pulse</font>
[14:42:31]ATTACK: <font color='red'>Syndicate Operative  set aflame  Syndicate Operative </font>
[14:42:38]ATTACK: <font color='red'>Matthew Rhinehart(cairo283) shot Syndicate Operative with The pulse</font>
[14:42:38]ATTACK: <font color='red'>Matthew Rhinehart(cairo283) shot Syndicate Operative with The pulse</font>
[14:42:41]ATTACK: <font color='red'>Matthew Rhinehart(cairo283) shot Syndicate Operative with The pulse</font>
[14:42:42]ATTACK: <font color='red'>Matthew Rhinehart(cairo283) shot Syndicate Operative with The pulse</font>
[14:42:42]ATTACK: <font color='red'>Matthew Rhinehart(cairo283) shot Syndicate Operative with The pulse</font>
[14:42:43]ATTACK: <font color='red'>Matthew Rhinehart(cairo283) shot Eden Holdeman with The pulse</font>
[14:42:44]ATTACK: <font color='red'>Matthew Rhinehart(cairo283) shot Syndicate Operative with The pulse</font>
[14:42:45]ATTACK: <font color='red'>Matthew Rhinehart(cairo283) shot Damien Sauter with The pulse</font>
[14:42:46]ATTACK: <font color='red'>Matthew Rhinehart(cairo283) shot Damien Sauter with The pulse</font>
[14:42:47]ATTACK: <font color='red'>Matthew Rhinehart(cairo283) shot Damien Sauter with The pulse</font>
[14:42:48]ATTACK: <font color='red'>Matthew Rhinehart(cairo283) shot Syndicate Operative with The pulse</font>
[14:42:53]ATTACK: <font color='red'>Matthew Rhinehart(cairo283) shot Syndicate Operative with The pulse</font>
[14:43:07]ATTACK: <font color='red'>Matthew Rhinehart(cairo283) shot Syndicate Operative with The pulse</font>
[14:43:08]ATTACK: <font color='red'>Matthew Rhinehart(cairo283) shot Syndicate Operative with The pulse</font>
[14:43:08]ATTACK: <font color='red'>Matthew Rhinehart(cairo283) shot Dennis Priebe with The pulse</font>
