

Starting up. 18:18.37
---------------------
[18:38:01]ATTACK: <font color='red'>Matthew Rhinehart(cairo283) shot Syndicate Operative with The pulse</font>
[18:38:06]ATTACK: <font color='red'>Matthew Rhinehart(cairo283) shot Syndicate Operative with The pulse</font>
[18:38:22]ATTACK: <font color='red'>Matthew Rhinehart(cairo283) shot Syndicate Operative with The pulse</font>
[18:38:23]ATTACK: <font color='red'>Matthew Rhinehart(cairo283) shot Syndicate Operative with The pulse</font>
[18:38:24]ATTACK: <font color='red'>Matthew Rhinehart(cairo283) shot Syndicate Operative with The pulse</font>
[18:38:25]ATTACK: <font color='red'>Matthew Rhinehart(cairo283) shot Pheobe Kelly with The pulse</font>
[18:38:36]ATTACK: <font color='red'>Matthew Rhinehart(cairo283) shot Syndicate Operative with The pulse</font>
[18:38:37]ATTACK: <font color='red'>Matthew Rhinehart(cairo283) shot Syndicate Operative with The pulse</font>
[18:38:37]ATTACK: <font color='red'>Matthew Rhinehart(cairo283) shot Syndicate Operative with The pulse</font>
[18:38:38]ATTACK: <font color='red'>Matthew Rhinehart(cairo283) shot Syndicate Operative with The pulse</font>
[18:38:39]ATTACK: <font color='red'>Matthew Rhinehart(cairo283) shot Syndicate Operative with The pulse</font>
[18:38:40]ATTACK: <font color='red'>Matthew Rhinehart(cairo283) shot Syndicate Operative with The pulse</font>
[18:38:42]ATTACK: <font color='red'>Matthew Rhinehart(cairo283) shot Syndicate Operative with The pulse</font>
[18:38:42]ATTACK: <font color='red'>Matthew Rhinehart(cairo283) shot Syndicate Operative with The pulse</font>
[18:38:43]ATTACK: <font color='red'>Matthew Rhinehart(cairo283) shot Syndicate Operative with The pulse</font>
[18:38:46]ATTACK: <font color='red'>Matthew Rhinehart(cairo283) shot Syndicate Operative with The pulse</font>
[18:38:47]ATTACK: <font color='red'>Matthew Rhinehart(cairo283) shot Syndicate Operative with The pulse</font>
[18:38:48]ATTACK: <font color='red'>Matthew Rhinehart(cairo283) shot Wyatt Bynum with The pulse</font>
[18:40:27]ATTACK: <font color='red'>Matthew Rhinehart(cairo283) shot Syndicate Operative with The pulse</font>
[18:40:27]ATTACK: <font color='red'>Matthew Rhinehart(cairo283) shot Syndicate Operative with The pulse</font>
[18:40:28]ATTACK: <font color='red'>Matthew Rhinehart(cairo283) shot Syndicate Operative with The pulse</font>
[18:40:29]ATTACK: <font color='red'>Matthew Rhinehart(cairo283) shot Phyllis Wheeler with The pulse</font>
[18:51:00]ATTACK: <font color='red'>hivebot shot space carp with The projectile</font>
[19:34:59]ATTACK: <font color='red'>Matthew Rhinehart(cairo283) stripped Syndicate Operative of the gas mask</font>
[19:35:56]ATTACK: <font color='red'>Manny Pardo(jackrip) attacked Syndicate Operative with energy sword(INTENT: HELP) (DAMTYPE: BRUTE)</font>
[19:35:56]ATTACK: <font color='red'>Manny Pardo(jackrip) attacked Syndicate Operative with energy sword(INTENT: HELP) (DAMTYPE: BRUTE)</font>
[19:35:59]ATTACK: <font color='red'>Manny Pardo(jackrip) attacked Syndicate Operative with energy sword(INTENT: HELP) (DAMTYPE: BRUTE)</font>
[19:36:00]ATTACK: <font color='red'>Manny Pardo(jackrip) attacked Syndicate Operative with energy sword(INTENT: HELP) (DAMTYPE: BRUTE)</font>
[19:36:01]ATTACK: <font color='red'>Manny Pardo(jackrip) attacked Syndicate Operative with energy sword(INTENT: HELP) (DAMTYPE: BRUTE)</font>
[19:36:12]ATTACK: <font color='red'>Manny Pardo(jackrip) stripped Syndicate Operative of the backpack</font>
[19:36:13]ATTACK: <font color='red'>Manny Pardo(jackrip) stripped Syndicate Operative of the gas mask</font>
[19:36:15]ATTACK: <font color='red'>Manny Pardo(jackrip) stripped Syndicate Operative of the tactical turtleneck</font>
[19:36:16]ATTACK: <font color='red'>Manny Pardo(jackrip) stripped Syndicate Operative of the armor</font>
[19:36:17]ATTACK: <font color='red'>Manny Pardo(jackrip) stripped Syndicate Operative of the SWAT helmet</font>
[19:36:18]ATTACK: <font color='red'>Manny Pardo(jackrip) stripped Syndicate Operative of the combat boots</font>
[19:36:18]ATTACK: <font color='red'>Manny Pardo(jackrip) stripped Syndicate Operative of Syndicate Operative's ID Card (Operative)</font>
[19:36:18]ATTACK: <font color='red'>Manny Pardo(jackrip) stripped Syndicate Operative of the combat gloves</font>
[19:37:31]ATTACK: <font color='red'>Manny Pardo(jackrip) stripped Syndicate Operative of the backpack</font>
[19:37:44]ATTACK: <font color='red'>Manny Pardo(jackrip) stripped Assistant of the backpack</font>
[19:38:39]ATTACK: <font color='red'>Syndicate Operative shot monkey (790) (as Matthew Rhinehart)(cairo283) with The bullet</font>
[19:38:39]ATTACK: <font color='red'>monkey (790) (as Matthew Rhinehart)(cairo283) shot Syndicate Operative with The pulse</font>
[19:38:42]ATTACK: <font color='red'>monkey (790) (as Matthew Rhinehart)(cairo283) shot Syndicate Operative with The pulse</font>
[19:38:42]ATTACK: <font color='red'>monkey (790) (as Matthew Rhinehart)(cairo283) shot Syndicate Operative with The pulse</font>
[19:38:43]ATTACK: <font color='red'>monkey (790) (as Matthew Rhinehart)(cairo283) shot Syndicate Operative with The pulse</font>
[19:38:44]ATTACK: <font color='red'>monkey (790) (as Matthew Rhinehart)(cairo283) shot Syndicate Operative with The pulse</font>
[19:38:45]ATTACK: <font color='red'>Syndicate Operative  set aflame  Lena Gadow </font>
[19:38:46]ATTACK: <font color='red'>monkey (790) (as Matthew Rhinehart)(cairo283) shot Syndicate Operative with The pulse</font>
[19:38:48]ATTACK: <font color='red'>monkey (790) (as Matthew Rhinehart)(cairo283) shot Syndicate Operative with The pulse</font>
[19:38:48]ATTACK: <font color='red'>monkey (790) (as Matthew Rhinehart)(cairo283) shot Syndicate Operative with The pulse</font>
[19:38:49]ATTACK: <font color='red'>Assistant  set aflame  monkey (790) (as Matthew Rhinehart)(cairo283) </font>
[19:38:49]ATTACK: <font color='red'>monkey (790) (as Matthew Rhinehart)(cairo283) shot Finn Thomlinson with The pulse</font>
[19:38:50]ATTACK: <font color='red'>monkey (790) (as Matthew Rhinehart)(cairo283) shot Finn Thomlinson with The pulse</font>
[19:38:51]ATTACK: <font color='red'>Syndicate Operative shot monkey (790) (as Matthew Rhinehart)(cairo283) with The bullet</font>
[19:38:51]ATTACK: <font color='red'>monkey (790) (as Matthew Rhinehart)(cairo283) shot Syndicate Operative with The pulse</font>
[19:38:52]ATTACK: <font color='red'>monkey (790) (as Matthew Rhinehart)(cairo283) shot Kameron Eliza with The pulse</font>
[19:38:52]ATTACK: <font color='red'>monkey (790) (as Matthew Rhinehart)(cairo283) shot Kameron Eliza with The pulse</font>
[19:39:09]ATTACK: <font color='red'>Assistant  set aflame  Syndicate Operative </font>
[19:39:22]ATTACK: <font color='red'>monkey (790) (as Matthew Rhinehart)(cairo283) fed monkey (790) (as Matthew Rhinehart)(cairo283) with kelotane(30 units); </font>
[19:39:38]ATTACK: <font color='red'>Manny Pardo(jackrip)  set aflame  Unknown </font>
[19:39:48]ATTACK: <font color='red'>monkey (790) (as Matthew Rhinehart)(cairo283) shaked Manny Pardo(jackrip) </font>
[19:39:49]ATTACK: <font color='red'>monkey (790) (as Matthew Rhinehart)(cairo283)  set aflame  Manny Pardo(jackrip) </font>
[19:40:29]ATTACK: <font color='red'>Unknown  set aflame  Manny Pardo(jackrip) </font>
[19:40:29]ATTACK: <font color='red'>monkey (790) (as Matthew Rhinehart)(cairo283)  set aflame  Unknown </font>
[19:40:31]ATTACK: <font color='red'>monkey (790) (as Matthew Rhinehart)(cairo283)  set aflame  Unknown </font>
[19:40:34]ATTACK: <font color='red'>monkey (790) (as Matthew Rhinehart)(cairo283) shot Syndicate Operative with The pulse</font>
[19:40:34]ATTACK: <font color='red'>monkey (790) (as Matthew Rhinehart)(cairo283) shot Syndicate Operative with The pulse</font>
[19:40:35]ATTACK: <font color='red'>monkey (790) (as Matthew Rhinehart)(cairo283) shot Syndicate Operative with The pulse</font>
[19:40:35]ATTACK: <font color='red'>monkey (790) (as Matthew Rhinehart)(cairo283) shot Syndicate Operative with The pulse</font>
[19:40:36]ATTACK: <font color='red'>monkey (790) (as Matthew Rhinehart)(cairo283) shot Zackary Braun with The pulse</font>
[19:40:36]ATTACK: <font color='red'>monkey (790) (as Matthew Rhinehart)(cairo283) shot Zackary Braun with The pulse</font>
[19:40:40]ATTACK: <font color='red'>Syndicate Operative shot monkey (790) (as Matthew Rhinehart)(cairo283) with The bullet</font>
[19:40:40]ATTACK: <font color='red'>Syndicate Operative shot monkey (790) (as Matthew Rhinehart)(cairo283) with The bullet</font>
[19:40:41]ATTACK: <font color='red'>Syndicate Operative shot monkey (790) (as Matthew Rhinehart)(cairo283) with The bullet</font>
[19:40:51]ATTACK: <font color='red'>monkey (790) (as Matthew Rhinehart)(cairo283) shot Syndicate Operative with The pulse</font>
[19:40:51]ATTACK: <font color='red'>Syndicate Operative shot monkey (790) (as Matthew Rhinehart)(cairo283) with The bullet</font>
[19:40:51]ATTACK: <font color='red'>monkey (790) (as Matthew Rhinehart)(cairo283) shot Syndicate Operative with The pulse</font>
[19:40:52]ATTACK: <font color='red'>monkey (790) (as Matthew Rhinehart)(cairo283) shot Natalie Briggs with The pulse</font>
[19:40:59]ATTACK: <font color='red'>Syndicate Operative  set aflame  Manny Pardo </font>
[19:41:26]ATTACK: <font color='red'>monkey (790) (as Matthew Rhinehart)(cairo283) shot Syndicate Operative with The pulse</font>
[19:41:27]ATTACK: <font color='red'>monkey (790) (as Matthew Rhinehart)(cairo283) shot Syndicate Operative with The pulse</font>
[19:41:27]ATTACK: <font color='red'>monkey (790) (as Matthew Rhinehart)(cairo283) shot Syndicate Operative with The pulse</font>
[19:41:28]ATTACK: <font color='red'>monkey (790) (as Matthew Rhinehart)(cairo283) shot Syndicate Operative with The pulse</font>
[19:41:29]ATTACK: <font color='red'>monkey (790) (as Matthew Rhinehart)(cairo283) shot Jazmin Vanleer with The pulse</font>
[19:42:10]ATTACK: <font color='red'>Manny Pardo(jackrip) hit monkey (790) (as Matthew Rhinehart)(cairo283) with The first-aid kit</font>
[19:43:04]ATTACK: <font color='red'>Manny Pardo(jackrip) shot Syndicate Operative with The pulse</font>
[19:43:04]ATTACK: <font color='red'>Manny Pardo(jackrip) shot Syndicate Operative with The pulse</font>
[19:43:05]ATTACK: <font color='red'>Manny Pardo(jackrip) shot Syndicate Operative with The pulse</font>
[19:43:05]ATTACK: <font color='red'>Manny Pardo(jackrip) shot Grendel Meyers with The pulse</font>
[19:43:16]ATTACK: <font color='red'>Manny Pardo(jackrip) shaked monkey (790) (as Matthew Rhinehart)(cairo283) </font>
[19:43:17]ATTACK: <font color='red'>Manny Pardo(jackrip) shaked monkey (790) (as Matthew Rhinehart)(cairo283) </font>
[19:43:18]ATTACK: <font color='red'>Manny Pardo(jackrip) shaked monkey (790) (as Matthew Rhinehart)(cairo283) </font>
[19:43:21]ATTACK: <font color='red'>Manny Pardo(jackrip) shaked monkey (790) (as Matthew Rhinehart)(cairo283) </font>
[19:43:22]ATTACK: <font color='red'>Manny Pardo(jackrip) shaked monkey (790) (as Matthew Rhinehart)(cairo283) </font>
[19:43:23]ATTACK: <font color='red'>Manny Pardo(jackrip) shaked monkey (790) (as Matthew Rhinehart)(cairo283) </font>
[19:43:41]ATTACK: <font color='red'>Manny Pardo(jackrip) stripped Unknown of the security backpack</font>
[19:43:41]ATTACK: <font color='red'>Manny Pardo(jackrip) stripped Unknown of the black gloves</font>
[19:43:43]ATTACK: <font color='red'>Manny Pardo(jackrip) stripped Unknown of the stun revolver</font>
[19:43:43]ATTACK: <font color='red'>Manny Pardo(jackrip) stripped Unknown of the security suit</font>
[19:43:44]ATTACK: <font color='red'>Manny Pardo(jackrip) stripped Unknown of the jackboots</font>
[19:43:45]ATTACK: <font color='red'>Manny Pardo(jackrip) stripped Unknown of the security gas mask</font>
[19:43:45]ATTACK: <font color='red'>Manny Pardo(jackrip) stripped Security officer of the security gas mask</font>
[19:43:46]ATTACK: <font color='red'>Manny Pardo(jackrip) stripped Security officer of the armor</font>
[19:43:49]ATTACK: <font color='red'>Manny Pardo(jackrip) stripped Security officer of the security gas mask</font>
[19:43:52]ATTACK: <font color='red'>Manny Pardo(jackrip) stripped Security officer of the armor</font>
[19:44:31]ATTACK: <font color='red'>Manny Pardo(jackrip) shot Syndicate Pilot with The bullet</font>
[19:44:31]ATTACK: <font color='red'>Manny Pardo(jackrip) shot Syndicate Pilot with The bullet</font>
[19:44:31]ATTACK: <font color='red'>Manny Pardo(jackrip) shot Syndicate Pilot with The bullet</font>
[19:44:33]ATTACK: <font color='red'>Manny Pardo(jackrip) shot Syndicate Pilot with The bullet</font>
[19:44:33]ATTACK: <font color='red'>Manny Pardo(jackrip) shot Syndicate Pilot with The bullet</font>
[19:44:35]ATTACK: <font color='red'>Manny Pardo(jackrip) shot Syndicate Operative with The bullet</font>
[19:44:35]ATTACK: <font color='red'>Manny Pardo(jackrip) shot Syndicate Operative with The bullet</font>
[19:44:36]ATTACK: <font color='red'>Manny Pardo(jackrip) attacked Syndicate Operative with syndicate SMG(INTENT: HARM) (DAMTYPE: BRUTE)</font>
[19:44:36]ATTACK: <font color='red'>Manny Pardo(jackrip) attacked Syndicate Operative with syndicate SMG(INTENT: HARM) (DAMTYPE: BRUTE)</font>
[19:44:40]ATTACK: <font color='red'>Manny Pardo(jackrip) shaked monkey (790) (as Matthew Rhinehart)(cairo283) </font>
[19:44:41]ATTACK: <font color='red'>Manny Pardo(jackrip) shaked monkey (790) (as Matthew Rhinehart)(cairo283) </font>
[19:44:42]ATTACK: <font color='red'>Manny Pardo(jackrip) shaked monkey (790) (as Matthew Rhinehart)(cairo283) </font>
[19:44:43]ATTACK: <font color='red'>Manny Pardo(jackrip) shaked monkey (790) (as Matthew Rhinehart)(cairo283) </font>
[19:45:02]ATTACK: <font color='red'>Manny Pardo(jackrip) shot Syndicate Operative with The electrode</font>
[19:45:08]ATTACK: <font color='red'>Manny Pardo(jackrip) shot Syndicate Operative with The bullet</font>
[19:45:09]ATTACK: <font color='red'>Manny Pardo(jackrip) shot Syndicate Operative with The bullet</font>
[19:45:09]ATTACK: <font color='red'>Manny Pardo(jackrip) shot Syndicate Operative with The bullet</font>
[19:45:10]ATTACK: <font color='red'>Manny Pardo(jackrip) shot Syndicate Operative with The bullet</font>
[19:45:10]ATTACK: <font color='red'>Manny Pardo(jackrip) shot Syndicate Operative with The bullet</font>
[19:45:10]ATTACK: <font color='red'>Matthew Rhinehart(cairo283) shot Syndicate Operative with The pulse</font>
[19:45:11]ATTACK: <font color='red'>Matthew Rhinehart(cairo283) shot Syndicate Operative with The pulse</font>
[19:45:11]ATTACK: <font color='red'>Manny Pardo(jackrip) shot Syndicate Operative with The bullet</font>
[19:45:11]ATTACK: <font color='red'>Manny Pardo(jackrip) shot Syndicate Operative with The bullet</font>
[19:45:11]ATTACK: <font color='red'>Matthew Rhinehart(cairo283) shot Luvenia Wilo with The pulse</font>
[19:45:14]ATTACK: <font color='red'>Manny Pardo(jackrip) shot Syndicate Operative with The electrode</font>
[19:46:35]ATTACK: <font color='red'>Matthew Rhinehart(cairo283) shaked Manny Pardo(jackrip) </font>
[19:46:46]ATTACK: <font color='red'>Matthew Rhinehart(cairo283) shaked Manny Pardo(jackrip) </font>
[19:46:47]ATTACK: <font color='red'>Matthew Rhinehart(cairo283) shaked Manny Pardo(jackrip) </font>
[19:46:48]ATTACK: <font color='red'>Matthew Rhinehart(cairo283) shaked Manny Pardo(jackrip) </font>
[19:46:49]ATTACK: <font color='red'>Matthew Rhinehart(cairo283) shaked Manny Pardo(jackrip) </font>
[19:46:50]ATTACK: <font color='red'>Matthew Rhinehart(cairo283) shaked Manny Pardo(jackrip) </font>
[19:47:57]ATTACK: <font color='red'>Matthew Rhinehart(cairo283) shot Syndicate Operative with The pulse</font>
[19:47:57]ATTACK: <font color='red'>Assistant  set aflame  Manny Pardo(jackrip) </font>
[19:47:58]ATTACK: <font color='red'>Matthew Rhinehart(cairo283) shot Syndicate Operative with The pulse</font>
[19:47:58]ATTACK: <font color='red'>Matthew Rhinehart(cairo283) shot Syndicate Operative with The pulse</font>
[19:48:01]ATTACK: <font color='red'>Manny Pardo(jackrip) shot Mikayla Reichard with The pellet</font>
[19:48:01]ATTACK: <font color='red'>Manny Pardo(jackrip) shot Mikayla Reichard with The pellet</font>
[19:48:01]ATTACK: <font color='red'>Manny Pardo(jackrip) shot Mikayla Reichard with The pellet</font>
[19:48:01]ATTACK: <font color='red'>Manny Pardo(jackrip) shot Mikayla Reichard with The pellet</font>
[19:48:01]ATTACK: <font color='red'>Manny Pardo(jackrip) shot Mikayla Reichard with The pellet</font>
[19:48:01]ATTACK: <font color='red'>Manny Pardo(jackrip) shot Mikayla Reichard with The pellet</font>
[19:48:01]ATTACK: <font color='red'>Manny Pardo(jackrip) shot Mikayla Reichard with The pellet</font>
[19:48:01]ATTACK: <font color='red'>Manny Pardo(jackrip) shot Mikayla Reichard with The pellet</font>
[19:48:01]ATTACK: <font color='red'>Manny Pardo(jackrip) shot Mikayla Reichard with The pellet</font>
[19:48:01]ATTACK: <font color='red'>Manny Pardo(jackrip) shot Mikayla Reichard with The pellet</font>
[19:48:01]ATTACK: <font color='red'>Syndicate Operative  set aflame  Manny Pardo(jackrip) </font>
[19:48:10]ATTACK: <font color='red'>Matthew Rhinehart(cairo283)  set aflame  Manny Pardo(jackrip) </font>
[19:48:11]ATTACK: <font color='red'>Manny Pardo(jackrip) shot Syndicate Operative with The pellet</font>
[19:48:11]ATTACK: <font color='red'>Manny Pardo(jackrip) shot Syndicate Operative with The pellet</font>
[19:48:11]ATTACK: <font color='red'>Manny Pardo(jackrip) shot Syndicate Operative with The pellet</font>
[19:48:11]ATTACK: <font color='red'>Manny Pardo(jackrip) shot Syndicate Operative with The pellet</font>
[19:48:11]ATTACK: <font color='red'>Manny Pardo(jackrip) shot Syndicate Operative with The pellet</font>
[19:48:11]ATTACK: <font color='red'>Manny Pardo(jackrip) shot Syndicate Operative with The pellet</font>
[19:48:11]ATTACK: <font color='red'>Manny Pardo(jackrip) shot Syndicate Operative with The pellet</font>
[19:48:11]ATTACK: <font color='red'>Manny Pardo(jackrip) shot Syndicate Operative with The pellet</font>
[19:48:11]ATTACK: <font color='red'>Manny Pardo(jackrip) shot Syndicate Operative with The pellet</font>
[19:48:11]ATTACK: <font color='red'>Manny Pardo(jackrip) shot Syndicate Operative with The pellet</font>
[19:48:11]ATTACK: <font color='red'>Manny Pardo(jackrip) shot Syndicate Operative with The pellet</font>
[19:48:11]ATTACK: <font color='red'>Manny Pardo(jackrip) shot Syndicate Operative with The pellet</font>
[19:48:11]ATTACK: <font color='red'>Manny Pardo(jackrip) shot Syndicate Operative with The pellet</font>
[19:48:12]ATTACK: <font color='red'>Manny Pardo(jackrip) shot Syndicate Operative with The pellet</font>
[19:48:12]ATTACK: <font color='red'>Manny Pardo(jackrip) shot Syndicate Operative with The pellet</font>
[19:48:12]ATTACK: <font color='red'>Manny Pardo(jackrip) shot Syndicate Operative with The pellet</font>
[19:48:12]ATTACK: <font color='red'>Manny Pardo(jackrip) shot Syndicate Operative with The pellet</font>
[19:48:12]ATTACK: <font color='red'>Manny Pardo(jackrip) shot Syndicate Operative with The pellet</font>
[19:48:12]ATTACK: <font color='red'>Manny Pardo(jackrip) shot Syndicate Operative with The pellet</font>
[19:48:12]ATTACK: <font color='red'>Manny Pardo(jackrip) shot Syndicate Operative with The pellet</font>
[19:48:12]ATTACK: <font color='red'>Manny Pardo(jackrip) shot Syndicate Operative with The pellet</font>
[19:48:12]ATTACK: <font color='red'>Manny Pardo(jackrip) shot Syndicate Operative with The pellet</font>
[19:48:12]ATTACK: <font color='red'>Manny Pardo(jackrip) shot Syndicate Operative with The pellet</font>
[19:48:12]ATTACK: <font color='red'>Manny Pardo(jackrip) shot Syndicate Operative with The pellet</font>
[19:48:12]ATTACK: <font color='red'>Manny Pardo(jackrip) shot Syndicate Operative with The pellet</font>
[19:48:12]ATTACK: <font color='red'>Manny Pardo(jackrip) shot Syndicate Operative with The pellet</font>
[19:48:12]ATTACK: <font color='red'>Manny Pardo(jackrip) shot Syndicate Operative with The pellet</font>
[19:48:12]ATTACK: <font color='red'>Manny Pardo(jackrip) shot Syndicate Operative with The pellet</font>
[19:48:12]ATTACK: <font color='red'>Manny Pardo(jackrip) shot Syndicate Operative with The pellet</font>
[19:48:12]ATTACK: <font color='red'>Manny Pardo(jackrip) shot Syndicate Operative with The pellet</font>
[19:48:13]ATTACK: <font color='red'>Matthew Rhinehart(cairo283) shot Syndicate Operative with The pulse</font>
[19:48:14]ATTACK: <font color='red'>Matthew Rhinehart(cairo283) shot Josiah Murray with The pulse</font>
[19:48:14]ATTACK: <font color='red'>Matthew Rhinehart(cairo283) shot Carry Chauvin with The pulse</font>
[19:48:16]ATTACK: <font color='red'>Matthew Rhinehart(cairo283) shot Carry Chauvin with The pulse</font>
[19:48:16]ATTACK: <font color='red'>Manny Pardo(jackrip) shot Syndicate Operative with The pellet</font>
[19:48:16]ATTACK: <font color='red'>Manny Pardo(jackrip) shot Syndicate Operative with The pellet</font>
[19:48:16]ATTACK: <font color='red'>Manny Pardo(jackrip) shot Syndicate Operative with The pellet</font>
[19:48:16]ATTACK: <font color='red'>Manny Pardo(jackrip) shot Syndicate Operative with The pellet</font>
[19:48:16]ATTACK: <font color='red'>Manny Pardo(jackrip) shot Syndicate Operative with The pellet</font>
[19:48:16]ATTACK: <font color='red'>Manny Pardo(jackrip) shot Syndicate Operative with The pellet</font>
[19:48:16]ATTACK: <font color='red'>Manny Pardo(jackrip) shot Syndicate Operative with The pellet</font>
[19:48:17]ATTACK: <font color='red'>Syndicate Operative  set aflame  Matthew Rhinehart(cairo283) </font>
[19:48:17]ATTACK: <font color='red'>Manny Pardo(jackrip) shot Syndicate Operative with The pellet</font>
[19:48:17]ATTACK: <font color='red'>Manny Pardo(jackrip) shot Syndicate Operative with The pellet</font>
[19:48:17]ATTACK: <font color='red'>Manny Pardo(jackrip) shot Syndicate Operative with The pellet</font>
[19:48:17]ATTACK: <font color='red'>Matthew Rhinehart(cairo283) shot Syndicate Operative with The pulse</font>
[19:48:17]ATTACK: <font color='red'>Manny Pardo(jackrip) shot Syndicate Operative with The pellet</font>
[19:48:17]ATTACK: <font color='red'>Manny Pardo(jackrip) shot Syndicate Operative with The pellet</font>
[19:48:17]ATTACK: <font color='red'>Manny Pardo(jackrip) shot Syndicate Operative with The pellet</font>
[19:48:17]ATTACK: <font color='red'>Manny Pardo(jackrip) shot Syndicate Operative with The pellet</font>
[19:48:17]ATTACK: <font color='red'>Manny Pardo(jackrip) shot Syndicate Operative with The pellet</font>
[19:48:17]ATTACK: <font color='red'>Manny Pardo(jackrip) shot Syndicate Operative with The pellet</font>
[19:48:17]ATTACK: <font color='red'>Manny Pardo(jackrip) shot Syndicate Operative with The pellet</font>
[19:48:17]ATTACK: <font color='red'>Manny Pardo(jackrip) shot Syndicate Operative with The pellet</font>
[19:48:17]ATTACK: <font color='red'>Manny Pardo(jackrip) shot Syndicate Operative with The pellet</font>
[19:48:17]ATTACK: <font color='red'>Manny Pardo(jackrip) shot Syndicate Operative with The pellet</font>
[19:48:17]ATTACK: <font color='red'>Matthew Rhinehart(cairo283) shot Syndicate Operative with The pulse</font>
[19:48:18]ATTACK: <font color='red'>Manny Pardo(jackrip) shot Syndicate Operative with The pellet</font>
[19:48:18]ATTACK: <font color='red'>Manny Pardo(jackrip) shot Syndicate Operative with The pellet</font>
[19:48:18]ATTACK: <font color='red'>Manny Pardo(jackrip) shot Syndicate Operative with The pellet</font>
[19:48:18]ATTACK: <font color='red'>Manny Pardo(jackrip) shot Syndicate Operative with The pellet</font>
[19:48:18]ATTACK: <font color='red'>Manny Pardo(jackrip) shot Syndicate Operative with The pellet</font>
[19:48:18]ATTACK: <font color='red'>Manny Pardo(jackrip) shot Syndicate Operative with The pellet</font>
[19:48:18]ATTACK: <font color='red'>Manny Pardo(jackrip) shot Syndicate Operative with The pellet</font>
[19:48:18]ATTACK: <font color='red'>Manny Pardo(jackrip) shot Syndicate Operative with The pellet</font>
[19:48:18]ATTACK: <font color='red'>Manny Pardo(jackrip) shot Syndicate Operative with The pellet</font>
[19:48:18]ATTACK: <font color='red'>Manny Pardo(jackrip) shot Syndicate Operative with The pellet</font>
[19:48:18]ATTACK: <font color='red'>Matthew Rhinehart(cairo283) shot Gerardo Stafford with The pulse</font>
[19:48:19]ATTACK: <font color='red'>Matthew Rhinehart(cairo283) shot Gerardo Stafford with The pulse</font>
[19:48:19]ATTACK: <font color='red'>Matthew Rhinehart(cairo283) shot Gerardo Stafford with The pulse</font>
[19:48:23]ATTACK: <font color='red'>Matthew Rhinehart(cairo283) shot Syndicate Operative with The pulse</font>
[19:48:23]ATTACK: <font color='red'>Matthew Rhinehart(cairo283) shot Syndicate Operative with The pulse</font>
[19:48:24]ATTACK: <font color='red'>Matthew Rhinehart(cairo283) shot Maxwell Fea with The pulse</font>
[19:48:24]ATTACK: <font color='red'>Matthew Rhinehart(cairo283) shot Maxwell Fea with The pulse</font>
[19:48:29]ATTACK: <font color='red'>Manny Pardo(jackrip)  set aflame  Matthew Rhinehart(cairo283) </font>
[19:48:41]ATTACK: <font color='red'>Matthew Rhinehart(cairo283) stripped Manny Pardo(jackrip) of the gas mask</font>
[19:48:42]ATTACK: <font color='red'>Matthew Rhinehart(cairo283) CPRed Manny Pardo(jackrip) </font>
[19:48:43]ATTACK: <font color='red'>Matthew Rhinehart(cairo283) CPRed Manny Pardo(jackrip) </font>
[19:48:44]ATTACK: <font color='red'>Matthew Rhinehart(cairo283) CPRed Manny Pardo(jackrip) </font>
[19:48:45]ATTACK: <font color='red'>Matthew Rhinehart(cairo283) CPRed Manny Pardo(jackrip) </font>
[19:48:46]ATTACK: <font color='red'>Matthew Rhinehart(cairo283) CPRed Manny Pardo(jackrip) </font>
[19:48:57]ATTACK: <font color='red'>Scurry Skeletron(autbelli) fed Scurry Skeletron(autbelli) with hyperzine(10 units); ethylredoxrazine(10 units); coffee(30 units); </font>
[19:48:59]ATTACK: <font color='red'>Matthew Rhinehart(cairo283) injected Manny Pardo(jackrip) with combat stimulant injector(Synaptizine)</font>
[19:49:07]ATTACK: <font color='red'>Matthew Rhinehart(cairo283) fed Manny Pardo(jackrip) with bicaridine(30 units); </font>
[19:49:12]ATTACK: <font color='red'>Matthew Rhinehart(cairo283) fed Manny Pardo(jackrip) with dermaline(30 units); </font>
[19:49:15]ATTACK: <font color='red'>Matthew Rhinehart(cairo283) CPRed Manny Pardo(jackrip) </font>
[19:49:16]ATTACK: <font color='red'>Matthew Rhinehart(cairo283) CPRed Manny Pardo(jackrip) </font>
[19:49:17]ATTACK: <font color='red'>Matthew Rhinehart(cairo283) CPRed Manny Pardo(jackrip) </font>
[19:49:18]ATTACK: <font color='red'>Matthew Rhinehart(cairo283) CPRed Manny Pardo(jackrip) </font>
[19:49:19]ATTACK: <font color='red'>Matthew Rhinehart(cairo283) CPRed Manny Pardo(jackrip) </font>
[19:49:19]ATTACK: <font color='red'>Matthew Rhinehart(cairo283) CPRed Manny Pardo(jackrip) </font>
[19:49:20]ATTACK: <font color='red'>Matthew Rhinehart(cairo283) CPRed Manny Pardo(jackrip) </font>
[19:49:21]ATTACK: <font color='red'>Matthew Rhinehart(cairo283) CPRed Manny Pardo(jackrip) </font>
[19:49:24]ATTACK: <font color='red'>Matthew Rhinehart(cairo283) CPRed Manny Pardo(jackrip) </font>
[19:49:25]ATTACK: <font color='red'>Matthew Rhinehart(cairo283) CPRed Manny Pardo(jackrip) </font>
[19:49:26]ATTACK: <font color='red'>Matthew Rhinehart(cairo283) CPRed Manny Pardo(jackrip) </font>
[19:49:27]ATTACK: <font color='red'>Matthew Rhinehart(cairo283) CPRed Manny Pardo(jackrip) </font>
[19:49:28]ATTACK: <font color='red'>Matthew Rhinehart(cairo283) CPRed Manny Pardo(jackrip) </font>
[19:49:29]ATTACK: <font color='red'>Matthew Rhinehart(cairo283) CPRed Manny Pardo(jackrip) </font>
[19:49:30]ATTACK: <font color='red'>Matthew Rhinehart(cairo283) CPRed Manny Pardo(jackrip) </font>
[19:49:31]ATTACK: <font color='red'>Matthew Rhinehart(cairo283) CPRed Manny Pardo(jackrip) </font>
[19:49:32]ATTACK: <font color='red'>Matthew Rhinehart(cairo283) CPRed Manny Pardo(jackrip) </font>
[19:49:33]ATTACK: <font color='red'>Matthew Rhinehart(cairo283) CPRed Manny Pardo(jackrip) </font>
[19:49:34]ATTACK: <font color='red'>Matthew Rhinehart(cairo283) CPRed Manny Pardo(jackrip) </font>
[19:49:39]ATTACK: <font color='red'>Matthew Rhinehart(cairo283) CPRed Manny Pardo(jackrip) </font>
[19:49:40]ATTACK: <font color='red'>Matthew Rhinehart(cairo283) CPRed Manny Pardo(jackrip) </font>
[19:49:41]ATTACK: <font color='red'>Matthew Rhinehart(cairo283) CPRed Manny Pardo(jackrip) </font>
[19:49:42]ATTACK: <font color='red'>Matthew Rhinehart(cairo283) CPRed Manny Pardo(jackrip) </font>
[19:49:43]ATTACK: <font color='red'>Matthew Rhinehart(cairo283) CPRed Manny Pardo(jackrip) </font>
[19:49:44]ATTACK: <font color='red'>Matthew Rhinehart(cairo283) CPRed Manny Pardo(jackrip) </font>
[19:49:45]ATTACK: <font color='red'>Matthew Rhinehart(cairo283) CPRed Manny Pardo(jackrip) </font>
[19:49:56]ATTACK: <font color='red'>Matthew Rhinehart(cairo283) stripped Manny Pardo(jackrip) of the backpack</font>
[19:50:04]ATTACK: <font color='red'>Matthew Rhinehart(cairo283) injected Manny Pardo(jackrip) with inaprovaline medipen(Inaprovaline)</font>
[19:50:40]ATTACK: <font color='red'>Matthew Rhinehart(cairo283) hit Manny Pardo(jackrip) with The anti-toxins pill</font>
[19:50:53]ATTACK: <font color='red'>Manny Pardo(jackrip) fed Manny Pardo(jackrip) with anti_toxin(50 units); </font>
[19:50:56]ATTACK: <font color='red'>Matthew Rhinehart(cairo283) injected Matthew Rhinehart(cairo283) with combat stimulant injector(Synaptizine)</font>
[19:51:27]ATTACK: <font color='red'>Matthew Rhinehart(cairo283) shot Syndicate Operative with The pulse</font>
[19:51:27]ATTACK: <font color='red'>Manny Pardo(jackrip) shot Syndicate Operative with The bullet</font>
[19:51:27]ATTACK: <font color='red'>Matthew Rhinehart(cairo283) shot Aileen Allen with The pulse</font>
[19:51:27]ATTACK: <font color='red'>Manny Pardo(jackrip) shot Aileen Allen with The bullet</font>
[19:51:28]ATTACK: <font color='red'>Manny Pardo(jackrip) shot Aileen Allen with The bullet</font>
[19:51:29]ATTACK: <font color='red'>Manny Pardo(jackrip) shot Aileen Allen with The bullet</font>
[19:51:38]ATTACK: <font color='red'>Matthew Rhinehart(cairo283) shot Syndicate Operative with The pulse</font>
[19:51:38]ATTACK: <font color='red'>Matthew Rhinehart(cairo283) shot Syndicate Operative with The pulse</font>
[19:51:39]ATTACK: <font color='red'>Matthew Rhinehart(cairo283) shot Syndicate Operative with The pulse</font>
[19:51:39]ATTACK: <font color='red'>Matthew Rhinehart(cairo283) shot Syndicate Operative with The pulse</font>
[19:51:40]ATTACK: <font color='red'>Matthew Rhinehart(cairo283) shot Adrianna Benford with The pulse</font>
[19:52:36]ATTACK: <font color='red'>Manny Pardo(jackrip) stripped Engineer of the industrial backpack</font>
[19:52:52]ATTACK: <font color='red'>Scurry Skeletron(autbelli) stripped Syndicate Operative of the armor</font>
[19:53:04]ATTACK: <font color='red'>Manny Pardo(jackrip) shot Syndicate Operative with The bullet</font>
[19:53:04]ATTACK: <font color='red'>Manny Pardo(jackrip) shot Syndicate Operative with The bullet</font>
[19:53:05]ATTACK: <font color='red'>Manny Pardo(jackrip) shot Syndicate Operative with The bullet</font>
[19:53:05]ATTACK: <font color='red'>Manny Pardo(jackrip) shot Syndicate Operative with The bullet</font>
[19:53:06]ATTACK: <font color='red'>Manny Pardo(jackrip) shot Syndicate Operative with The bullet</font>
[19:53:06]ATTACK: <font color='red'>Manny Pardo(jackrip) shot Syndicate Operative with The bullet</font>
[19:53:06]ATTACK: <font color='red'>Manny Pardo(jackrip) shot Syndicate Operative with The bullet</font>
[19:53:07]ATTACK: <font color='red'>Matthew Rhinehart(cairo283) shot Manny Pardo(jackrip) with The pulse</font>
[19:53:07]ATTACK: <font color='red'>Manny Pardo(jackrip) shot Syndicate Operative with The bullet</font>
[19:53:07]ATTACK: <font color='red'>Manny Pardo(jackrip) shot Syndicate Operative with The bullet</font>
[19:53:07]ATTACK: <font color='red'>Manny Pardo(jackrip) shot Syndicate Operative with The bullet</font>
[19:53:08]ATTACK: <font color='red'>Matthew Rhinehart(cairo283) shot Syndicate Operative with The pulse</font>
[19:53:08]ATTACK: <font color='red'>Scurry Skeletron(autbelli) stripped Assistant of the radio headset</font>
[19:53:09]ATTACK: <font color='red'>Matthew Rhinehart(cairo283) shot Brian Woodworth with The pulse</font>
[19:53:17]ATTACK: <font color='red'>Matthew Rhinehart(cairo283) stripped Manny Pardo(jackrip) of the backpack</font>
[19:53:25]ATTACK: <font color='red'>Matthew Rhinehart(cairo283) injected Manny Pardo(jackrip) with combat stimulant injector(Synaptizine)</font>
[19:54:28]ATTACK: <font color='red'>Manny Pardo(jackrip) stripped Engineer of the industrial backpack</font>
[19:54:28]ATTACK: <font color='red'>Manny Pardo(jackrip) stripped Engineer of the insulated gloves</font>
[19:54:29]ATTACK: <font color='red'>Manny Pardo(jackrip) stripped Engineer of the toolbelt</font>
[19:55:25]ATTACK: <font color='red'>Matthew Rhinehart(cairo283) shot Syndicate Operative with The pulse</font>
[19:55:27]ATTACK: <font color='red'>Matthew Rhinehart(cairo283) shot Syndicate Operative with The pulse</font>
[19:55:27]ATTACK: <font color='red'>Matthew Rhinehart(cairo283) shot Syndicate Operative with The pulse</font>
[19:55:28]ATTACK: <font color='red'>Matthew Rhinehart(cairo283) shot Syndicate Operative with The pulse</font>
[19:55:28]ATTACK: <font color='red'>Matthew Rhinehart(cairo283) shot Syndicate Operative with The pulse</font>
[19:55:29]ATTACK: <font color='red'>Matthew Rhinehart(cairo283) shot Braylon Perkins with The pulse</font>
[19:55:31]ATTACK: <font color='red'>Matthew Rhinehart(cairo283) shot Syndicate Operative with The pulse</font>
[19:55:31]ATTACK: <font color='red'>Matthew Rhinehart(cairo283) shot Syndicate Operative with The pulse</font>
[19:55:32]ATTACK: <font color='red'>Matthew Rhinehart(cairo283) shot Syndicate Operative with The pulse</font>
[19:55:32]ATTACK: <font color='red'>Matthew Rhinehart(cairo283) shot Syndicate Operative with The pulse</font>
[19:55:33]ATTACK: <font color='red'>Matthew Rhinehart(cairo283) shot Maynard Sanders with The pulse</font>
[19:55:37]ATTACK: <font color='red'>Matthew Rhinehart(cairo283) shot Syndicate Operative with The pulse</font>
[19:55:37]ATTACK: <font color='red'>Matthew Rhinehart(cairo283) shot Syndicate Operative with The pulse</font>
[19:55:38]ATTACK: <font color='red'>Matthew Rhinehart(cairo283) shot Syndicate Operative with The pulse</font>
[19:55:38]ATTACK: <font color='red'>Matthew Rhinehart(cairo283) shot Syndicate Operative with The pulse</font>
[19:55:41]ATTACK: <font color='red'>Manny Pardo(jackrip) shot Syndicate Operative with The pellet</font>
[19:55:41]ATTACK: <font color='red'>Manny Pardo(jackrip) shot Syndicate Operative with The pellet</font>
[19:55:41]ATTACK: <font color='red'>Manny Pardo(jackrip) shot Syndicate Operative with The pellet</font>
[19:55:41]ATTACK: <font color='red'>Manny Pardo(jackrip) shot Syndicate Operative with The pellet</font>
[19:55:47]ATTACK: <font color='red'>Matthew Rhinehart(cairo283) shot Syndicate Operative with The pulse</font>
[19:55:48]ATTACK: <font color='red'>Syndicate Operative shot Syndicate Operative with The bullet</font>
[19:55:51]ATTACK: <font color='red'>Matthew Rhinehart(cairo283) shot Syndicate Operative with The pulse</font>
[19:55:52]ATTACK: <font color='red'>Matthew Rhinehart(cairo283) shot Syndicate Operative with The pulse</font>
[19:55:52]ATTACK: <font color='red'>Matthew Rhinehart(cairo283) shot Syndicate Operative with The pulse</font>
[19:55:53]ATTACK: <font color='red'>Matthew Rhinehart(cairo283) shot Syndicate Operative with The pulse</font>
[19:55:53]ATTACK: <font color='red'>Matthew Rhinehart(cairo283) shot Syndicate Operative with The pulse</font>
[19:55:54]ATTACK: <font color='red'>Matthew Rhinehart(cairo283) shot Yasmin Zoucks with The pulse</font>
[19:55:54]ATTACK: <font color='red'>Syndicate Operative shot Yasmin Zoucks with The bullet</font>
[19:55:54]ATTACK: <font color='red'>Syndicate Operative shot Yasmin Zoucks with The bullet</font>
[19:55:55]ATTACK: <font color='red'>Syndicate Operative shot Yasmin Zoucks with The bullet</font>
[19:55:58]ATTACK: <font color='red'>Matthew Rhinehart(cairo283) shot Syndicate Operative with The pulse</font>
[19:55:59]ATTACK: <font color='red'>Syndicate Operative shot Matthew Rhinehart(cairo283) with The bullet</font>
[19:55:59]ATTACK: <font color='red'>Syndicate Operative shot Syndicate Operative with The bullet</font>
[19:55:59]ATTACK: <font color='red'>Matthew Rhinehart(cairo283) shot Syndicate Operative with The pulse</font>
[19:56:00]ATTACK: <font color='red'>Matthew Rhinehart(cairo283) shot Syndicate Operative with The pulse</font>
[19:56:00]ATTACK: <font color='red'>Matthew Rhinehart(cairo283) shot Grant Stewart with The pulse</font>
[19:56:01]ATTACK: <font color='red'>Matthew Rhinehart(cairo283) shot Grant Stewart with The pulse</font>
[19:56:04]ATTACK: <font color='red'>Manny Pardo(jackrip) stripped Bridge Officer of the bulletproof armor</font>
[19:56:05]ATTACK: <font color='red'>Matthew Rhinehart(cairo283) shot Syndicate Operative with The pulse</font>
[19:56:05]ATTACK: <font color='red'>Manny Pardo(jackrip) stripped Bridge Officer of the bulletproof armor</font>
[19:56:05]ATTACK: <font color='red'>Matthew Rhinehart(cairo283) shot Syndicate Operative with The pulse</font>
[19:56:06]ATTACK: <font color='red'>Matthew Rhinehart(cairo283) shot Syndicate Operative with The pulse</font>
[19:56:07]ATTACK: <font color='red'>Matthew Rhinehart(cairo283) shot Syndicate Operative with The pulse</font>
[19:56:08]ATTACK: <font color='red'>Matthew Rhinehart(cairo283) shot Syndicate Operative with The pulse</font>
[19:56:08]ATTACK: <font color='red'>Matthew Rhinehart(cairo283) shot Syndicate Operative with The pulse</font>
[19:56:09]ATTACK: <font color='red'>Matthew Rhinehart(cairo283) shot Syndicate Operative with The pulse</font>
[19:56:09]ATTACK: <font color='red'>Matthew Rhinehart(cairo283) shot Syndicate Operative with The pulse</font>
[19:56:10]ATTACK: <font color='red'>Matthew Rhinehart(cairo283) shot Syndicate Operative with The pulse</font>
[19:56:12]ATTACK: <font color='red'>Matthew Rhinehart(cairo283) shot Diamond Smirnov with The pulse</font>
[19:56:12]ATTACK: <font color='red'>Matthew Rhinehart(cairo283) shot Syndicate Operative with The pulse</font>
[19:56:13]ATTACK: <font color='red'>Matthew Rhinehart(cairo283) shot Syndicate Operative with The pulse</font>
[19:56:14]ATTACK: <font color='red'>Manny Pardo(jackrip) stripped Unknown of the backpack</font>
[19:56:14]ATTACK: <font color='red'>Matthew Rhinehart(cairo283) shot Syndicate Operative with The pulse</font>
[19:56:15]ATTACK: <font color='red'>Matthew Rhinehart(cairo283) shot Madyson Prevatt with The pulse</font>
[19:56:16]ATTACK: <font color='red'>Syndicate Operative shot Madyson Prevatt with The bullet</font>
[19:56:22]ATTACK: <font color='red'>Syndicate Operative shot Matthew Rhinehart(cairo283) with The bullet</font>
[19:56:25]ATTACK: <font color='red'>Matthew Rhinehart(cairo283) shot Syndicate Operative with The pulse</font>
[19:56:25]ATTACK: <font color='red'>Matthew Rhinehart(cairo283) shot Syndicate Operative with The pulse</font>
[19:56:27]ATTACK: <font color='red'>Matthew Rhinehart(cairo283) shot Syndicate Operative with The pulse</font>
[19:56:27]ATTACK: <font color='red'>Matthew Rhinehart(cairo283) shot Syndicate Operative with The pulse</font>
[19:56:28]ATTACK: <font color='red'>Matthew Rhinehart(cairo283) shot Brynn Goodman with The pulse</font>
[19:56:28]ATTACK: <font color='red'>Matthew Rhinehart(cairo283) shot Brynn Goodman with The pulse</font>
[19:56:32]ATTACK: <font color='red'>Syndicate Operative shot Matthew Rhinehart(cairo283) with The bullet</font>
[19:56:32]ATTACK: <font color='red'>Syndicate Operative shot Matthew Rhinehart(cairo283) with The bullet</font>
[19:56:32]ATTACK: <font color='red'>Syndicate Operative shot Matthew Rhinehart(cairo283) with The bullet</font>
[19:56:33]ATTACK: <font color='red'>Matthew Rhinehart(cairo283) shot Syndicate Operative with The pulse</font>
[19:56:34]ATTACK: <font color='red'>Matthew Rhinehart(cairo283) shot Syndicate Operative with The pulse</font>
[19:56:34]ATTACK: <font color='red'>Matthew Rhinehart(cairo283) shot April Miller with The pulse</font>
[19:56:50]ATTACK: <font color='red'>Manny Pardo(jackrip) stripped Syndicate Operative of the backpack</font>
[19:57:11]ATTACK: <font color='red'>Matthew Rhinehart(cairo283) shot Syndicate Operative with The pulse</font>
[19:57:11]ATTACK: <font color='red'>Matthew Rhinehart(cairo283) shot Syndicate Operative with The pulse</font>
[19:57:12]ATTACK: <font color='red'>Manny Pardo(jackrip) shot Syndicate Operative with The pellet</font>
[19:57:12]ATTACK: <font color='red'>Manny Pardo(jackrip) shot Syndicate Operative with The pellet</font>
[19:57:12]ATTACK: <font color='red'>Manny Pardo(jackrip) shot Syndicate Operative with The pellet</font>
[19:57:12]ATTACK: <font color='red'>Manny Pardo(jackrip) shot Syndicate Operative with The pellet</font>
[19:57:12]ATTACK: <font color='red'>Manny Pardo(jackrip) shot Syndicate Operative with The pellet</font>
[19:57:12]ATTACK: <font color='red'>Manny Pardo(jackrip) shot Syndicate Operative with The pellet</font>
[19:57:13]ATTACK: <font color='red'>Manny Pardo(jackrip) shot Syndicate Operative with The pellet</font>
[19:57:13]ATTACK: <font color='red'>Manny Pardo(jackrip) shot Syndicate Operative with The pellet</font>
[19:57:13]ATTACK: <font color='red'>Manny Pardo(jackrip) shot Syndicate Operative with The pellet</font>
[19:57:13]ATTACK: <font color='red'>Manny Pardo(jackrip) shot Syndicate Operative with The pellet</font>
[19:57:13]ATTACK: <font color='red'>Manny Pardo(jackrip) shot Syndicate Operative with The pellet</font>
[19:57:13]ATTACK: <font color='red'>Manny Pardo(jackrip) shot Syndicate Operative with The pellet</font>
[19:57:13]ATTACK: <font color='red'>Manny Pardo(jackrip) shot Syndicate Operative with The pellet</font>
[19:57:14]ATTACK: <font color='red'>Matthew Rhinehart(cairo283) shot Syndicate Operative with The pulse</font>
[19:57:15]ATTACK: <font color='red'>Matthew Rhinehart(cairo283) shot Syndicate Operative with The pulse</font>
[19:57:16]ATTACK: <font color='red'>Matthew Rhinehart(cairo283) shot Gianna Siegrist with The pulse</font>
[19:57:18]ATTACK: <font color='red'>Manny Pardo(jackrip) shot Syndicate Operative with The bullet</font>
[19:57:49]ATTACK: <font color='red'>Assistant  set aflame  Syndicate Operative </font>
[19:57:51]ATTACK: <font color='red'>Syndicate Operative  set aflame  Syndicate Operative </font>
[19:57:51]ATTACK: <font color='red'>Assistant  set aflame  Syndicate Operative </font>
[19:58:08]ATTACK: <font color='red'>Syndicate Operative  set aflame  Syndicate Operative </font>
[19:58:12]ATTACK: <font color='red'>Syndicate Operative  set aflame  Syndicate Operative </font>
[19:58:13]ATTACK: <font color='red'>Scurry Skeletron(autbelli) stripped Syndicate Operative of the gas mask</font>
[19:58:16]ATTACK: <font color='red'>Syndicate Operative  set aflame  Syndicate Operative </font>
[19:58:20]ATTACK: <font color='red'>Scurry Skeletron(autbelli) stripped Syndicate Operative of Syndicate Operative's ID Card (Operative)</font>
[19:58:26]ATTACK: <font color='red'>Assistant  set aflame  Matthew Rhinehart(cairo283) </font>
[19:58:26]ATTACK: <font color='red'>Syndicate Operative  set aflame  Syndicate Operative </font>
[19:58:55]ATTACK: <font color='red'>Matthew Rhinehart(cairo283) grabbed Assistant passively</font>
[19:58:56]ATTACK: <font color='red'>Assistant  set aflame  Syndicate Operative </font>
[19:58:58]ATTACK: <font color='red'>Matthew Rhinehart(cairo283) grabbed Assistant passively</font>
[20:00:21]ATTACK: <font color='red'>Syndicate Operative  set aflame  Matthew Rhinehart(cairo283) </font>
[20:00:21]ATTACK: <font color='red'>Syndicate Operative  set aflame  Matthew Rhinehart(cairo283) </font>
[20:00:21]ATTACK: <font color='red'>Syndicate Operative  set aflame  Manny Pardo(jackrip) </font>
[20:00:22]ATTACK: <font color='red'>Syndicate Operative  set aflame  Manny Pardo(jackrip) </font>
[20:03:30]ATTACK: <font color='red'>Manny Pardo(jackrip) shot Old Clown with The pellet</font>
[20:03:30]ATTACK: <font color='red'>Manny Pardo(jackrip) shot Old Clown with The pellet</font>
[20:03:30]ATTACK: <font color='red'>Manny Pardo(jackrip) shot Old Clown with The pellet</font>
[20:03:30]ATTACK: <font color='red'>Manny Pardo(jackrip) shot Old Clown with The pellet</font>
[20:03:31]ATTACK: <font color='red'>Manny Pardo(jackrip) shot Old Clown with The pellet</font>
[20:03:31]ATTACK: <font color='red'>Manny Pardo(jackrip) shot Old Clown with The pellet</font>
[20:03:31]ATTACK: <font color='red'>Manny Pardo(jackrip) shot Old Clown with The pellet</font>
[20:03:31]ATTACK: <font color='red'>Manny Pardo(jackrip) shot Old Clown with The pellet</font>
[20:03:33]ATTACK: <font color='red'>Manny Pardo(jackrip) shot Old Clown with The pellet</font>
[20:03:33]ATTACK: <font color='red'>Manny Pardo(jackrip) shot Matthew Rhinehart(cairo283) with The pellet</font>
[20:03:57]ATTACK: <font color='red'>Matthew Rhinehart(cairo283) shaked Manny Pardo(jackrip) </font>
[20:03:59]ATTACK: <font color='red'>Matthew Rhinehart(cairo283) shaked Manny Pardo(jackrip) </font>
[20:04:02]ATTACK: <font color='red'>Manny Pardo(jackrip) shaked Matthew Rhinehart(cairo283) </font>
[20:05:17]ATTACK: <font color='red'>Wonton Dickerson(itsyogotti) attacked Pun Pun with rolling pin(INTENT: HARM) (DAMTYPE: BRUTE)</font>
[20:05:18]ATTACK: <font color='red'>Wonton Dickerson(itsyogotti) attacked Pun Pun with rolling pin(INTENT: HARM) (DAMTYPE: BRUTE)</font>
[20:05:19]ATTACK: <font color='red'>Wonton Dickerson(itsyogotti) attacked Pun Pun with rolling pin(INTENT: HARM) (DAMTYPE: BRUTE)</font>
[20:05:20]ATTACK: <font color='red'>Wonton Dickerson(itsyogotti) attacked Pun Pun with rolling pin(INTENT: HARM) (DAMTYPE: BRUTE)</font>
[20:05:21]ATTACK: <font color='red'>Wonton Dickerson(itsyogotti) attacked Pun Pun with rolling pin(INTENT: HARM) (DAMTYPE: BRUTE)</font>
[20:05:22]ATTACK: <font color='red'>Wonton Dickerson(itsyogotti) attacked Pun Pun with rolling pin(INTENT: HARM) (DAMTYPE: BRUTE)</font>
[20:05:23]ATTACK: <font color='red'>Wonton Dickerson(itsyogotti) attacked Pun Pun with rolling pin(INTENT: HARM) (DAMTYPE: BRUTE)</font>
[20:05:24]ATTACK: <font color='red'>Wonton Dickerson(itsyogotti) attacked Pun Pun with rolling pin(INTENT: HARM) (DAMTYPE: BRUTE)</font>
[20:05:25]ATTACK: <font color='red'>Wonton Dickerson(itsyogotti) attacked Pun Pun with rolling pin(INTENT: HARM) (DAMTYPE: BRUTE)</font>
[20:05:26]ATTACK: <font color='red'>Wonton Dickerson(itsyogotti) attacked Pun Pun with rolling pin(INTENT: HARM) (DAMTYPE: BRUTE)</font>
[20:05:27]ATTACK: <font color='red'>Wonton Dickerson(itsyogotti) attacked Pun Pun with rolling pin(INTENT: HARM) (DAMTYPE: BRUTE)</font>
[20:05:42]ATTACK: <font color='red'>Manny Pardo(jackrip) stripped Syndicate Commando of the jetpack (oxygen)</font>
[20:05:52]ATTACK: <font color='red'>Manny Pardo(jackrip) stripped Syndicate Commando of the blood-red hardsuit helmet</font>
[20:05:56]ATTACK: <font color='red'>Manny Pardo(jackrip) stripped Syndicate Commando of the blood-red hardsuit</font>
[20:05:57]ATTACK: <font color='red'>Manny Pardo(jackrip) stripped Syndicate Commando of the radio headset</font>
[20:06:00]ATTACK: <font color='red'>Manny Pardo(jackrip) stripped Syndicate Commando of the syndicate mask</font>
[20:06:01]ATTACK: <font color='red'>Manny Pardo(jackrip) stripped Syndicate Commando of the blood-red hardsuit</font>
[20:06:03]ATTACK: <font color='red'>Manny Pardo(jackrip) stripped Syndicate Commando of Syndicate Commando's ID Card (Operative)</font>
[20:06:03]ATTACK: <font color='red'>Manny Pardo(jackrip) stripped Syndicate Commando of the blood-red hardsuit</font>
[20:06:08]ATTACK: <font color='red'>Manny Pardo(jackrip) stripped Syndicate Commando of the combat gloves</font>
[20:07:00]ATTACK: <font color='red'>Manny Pardo(jackrip) shot Syndicate Commando with The pellet</font>
[20:07:00]ATTACK: <font color='red'>Manny Pardo(jackrip) shot Syndicate Commando with The pellet</font>
[20:07:00]ATTACK: <font color='red'>Manny Pardo(jackrip) shot Syndicate Commando with The pellet</font>
[20:07:00]ATTACK: <font color='red'>Manny Pardo(jackrip) shot Syndicate Commando with The pellet</font>
[20:07:00]ATTACK: <font color='red'>Manny Pardo(jackrip) shot Syndicate Commando with The pellet</font>
[20:07:00]ATTACK: <font color='red'>Manny Pardo(jackrip) shot Syndicate Commando with The pellet</font>
[20:07:00]ATTACK: <font color='red'>Manny Pardo(jackrip) shot Syndicate Commando with The pellet</font>
[20:07:00]ATTACK: <font color='red'>Manny Pardo(jackrip) shot Syndicate Commando with The pellet</font>
[20:07:00]ATTACK: <font color='red'>Manny Pardo(jackrip) shot Syndicate Commando with The pellet</font>
[20:07:00]ATTACK: <font color='red'>Manny Pardo(jackrip) shot Syndicate Commando with The pellet</font>
[20:07:05]ATTACK: <font color='red'>Manny Pardo(jackrip) shot Matthew Rhinehart(cairo283) with The pellet</font>
[20:07:05]ATTACK: <font color='red'>Manny Pardo(jackrip) shot Matthew Rhinehart(cairo283) with The pellet</font>
[20:07:34]ATTACK: <font color='red'>Unknown  set aflame  Manny Pardo(jackrip) </font>
[20:07:41]ATTACK: <font color='red'>Commander  set aflame  Manny Pardo(jackrip) </font>
[20:07:50]ATTACK: <font color='red'>Doctor  set aflame  Manny Pardo(jackrip) </font>
[20:07:54]ATTACK: <font color='red'>Doctor  set aflame  Commander </font>
[20:10:42]ATTACK: <font color='red'>Manny Pardo(jackrip) grabbed Matthew Rhinehart(cairo283) passively</font>
[20:10:44]ATTACK: <font color='red'>Manny Pardo(jackrip) grabbed Matthew Rhinehart(cairo283) passively</font>
[20:10:49]ATTACK: <font color='red'>Manny Pardo(jackrip) operated Matthew Rhinehart(cairo283) Operation type: bullet removal</font>
[20:11:20]ATTACK: <font color='red'>Manny Pardo(jackrip) attacked Matthew Rhinehart(cairo283) with retractor(INTENT: GRAB) (DAMTYPE: BRUTE)</font>
[20:11:23]ATTACK: <font color='red'>Manny Pardo(jackrip) attacked Matthew Rhinehart(cairo283) with scalpel(INTENT: GRAB) (DAMTYPE: BRUTE)</font>
[20:11:32]ATTACK: <font color='red'>Manny Pardo(jackrip) attacked Matthew Rhinehart(cairo283) with retractor(INTENT: HELP) (DAMTYPE: BRUTE)</font>
[20:12:30]ATTACK: <font color='red'>Manny Pardo(jackrip) CPRed Matthew Rhinehart(cairo283) </font>
[20:12:30]ATTACK: <font color='red'>Manny Pardo(jackrip) CPRed Matthew Rhinehart(cairo283) </font>
[20:12:32]ATTACK: <font color='red'>Manny Pardo(jackrip) CPRed Matthew Rhinehart(cairo283) </font>
[20:12:32]ATTACK: <font color='red'>Manny Pardo(jackrip) CPRed Matthew Rhinehart(cairo283) </font>
[20:12:34]ATTACK: <font color='red'>Manny Pardo(jackrip) CPRed Matthew Rhinehart(cairo283) </font>
[20:12:40]ATTACK: <font color='red'>Manny Pardo(jackrip) CPRed Matthew Rhinehart(cairo283) </font>
[20:12:47]ATTACK: <font color='red'>Manny Pardo(jackrip) attacked Matthew Rhinehart(cairo283) with scalpel(INTENT: HELP) (DAMTYPE: BRUTE)</font>
[20:12:52]ATTACK: <font color='red'>Manny Pardo(jackrip) CPRed Matthew Rhinehart(cairo283) </font>
[20:12:54]ATTACK: <font color='red'>Manny Pardo(jackrip) CPRed Matthew Rhinehart(cairo283) </font>
[20:13:06]ATTACK: <font color='red'>Manny Pardo(jackrip) shaked Matthew Rhinehart(cairo283) </font>
[20:13:22]ATTACK: <font color='red'>Manny Pardo(jackrip) operated Matthew Rhinehart(cairo283) Operation type: butt removal</font>
[20:13:32]ATTACK: <font color='red'>Manny Pardo(jackrip) attacked Matthew Rhinehart(cairo283) with circular saw(INTENT: HELP) (DAMTYPE: BRUTE)</font>
[20:13:38]ATTACK: <font color='red'>Manny Pardo(jackrip) shaked Matthew Rhinehart(cairo283) </font>
[20:13:39]ATTACK: <font color='red'>Manny Pardo(jackrip) shaked Matthew Rhinehart(cairo283) </font>
[20:13:40]ATTACK: <font color='red'>Manny Pardo(jackrip) shaked Matthew Rhinehart(cairo283) </font>
[20:13:56]ATTACK: <font color='red'>Manny Pardo(jackrip) operated Matthew Rhinehart(cairo283) Operation type: removal of embedded objects</font>
[20:14:06]ATTACK: <font color='red'>Manny Pardo(jackrip) attacked Matthew Rhinehart(cairo283) with hemostat(INTENT: HELP) (DAMTYPE: BRUTE)</font>
[20:14:09]ATTACK: <font color='red'>Manny Pardo(jackrip) attacked Matthew Rhinehart(cairo283) with surgical drill(INTENT: HELP) (DAMTYPE: BRUTE)</font>
[20:14:11]ATTACK: <font color='red'>Manny Pardo(jackrip) attacked Matthew Rhinehart(cairo283) with cautery(INTENT: HELP) (DAMTYPE: BRUTE)</font>
[20:14:21]ATTACK: <font color='red'>Manny Pardo(jackrip) attacked Matthew Rhinehart(cairo283) with scalpel(INTENT: HELP) (DAMTYPE: BRUTE)</font>
[20:14:24]ATTACK: <font color='red'>Manny Pardo(jackrip) attacked Matthew Rhinehart(cairo283) with hemostat(INTENT: HELP) (DAMTYPE: BRUTE)</font>
[20:14:41]ATTACK: <font color='red'>Manny Pardo(jackrip) attacked Matthew Rhinehart(cairo283) with retractor(INTENT: HELP) (DAMTYPE: BRUTE)</font>
[20:14:43]ATTACK: <font color='red'>Manny Pardo(jackrip) attacked Matthew Rhinehart(cairo283) with retractor(INTENT: HELP) (DAMTYPE: BRUTE)</font>
[20:14:44]ATTACK: <font color='red'>Manny Pardo(jackrip) attacked Matthew Rhinehart(cairo283) with retractor(INTENT: HELP) (DAMTYPE: BRUTE)</font>
[20:14:47]ATTACK: <font color='red'>Manny Pardo(jackrip) attacked Matthew Rhinehart(cairo283) with retractor(INTENT: HELP) (DAMTYPE: BRUTE)</font>
[20:15:07]ATTACK: <font color='red'>Manny Pardo(jackrip) shaked Matthew Rhinehart(cairo283) </font>
[20:15:20]ATTACK: <font color='red'>Manny Pardo(jackrip) attacked Matthew Rhinehart(cairo283) with cautery(INTENT: HELP) (DAMTYPE: BRUTE)</font>
[20:15:24]ATTACK: <font color='red'>Manny Pardo(jackrip) attacked Matthew Rhinehart(cairo283) with hemostat(INTENT: HELP) (DAMTYPE: BRUTE)</font>
[20:15:25]ATTACK: <font color='red'>Manny Pardo(jackrip) shaked Matthew Rhinehart(cairo283) </font>
[20:15:41]ATTACK: <font color='red'>Matthew Rhinehart(cairo283) attacked Matthew Rhinehart(cairo283) with hemostat(INTENT: HELP) (DAMTYPE: BRUTE)</font>
[20:15:56]ATTACK: <font color='red'>Matthew Rhinehart(cairo283) attacked Matthew Rhinehart(cairo283) with scalpel(INTENT: HELP) (DAMTYPE: BRUTE)</font>
[20:16:45]ATTACK: <font color='red'>Manny Pardo(jackrip) shaked Matthew Rhinehart(cairo283) </font>


Starting up. 20:23.18
---------------------
[20:27:26]ATTACK: <font color='red'>hivebot shot Viscerator Mark IV with The projectile</font>
[20:39:27]ATTACK: <font color='red'>basilisk shot space carp with The freezing blast</font>
[20:43:27]ATTACK: <font color='red'>Manny Pardo(jackrip) shot Matthew Rhinehart(@cairo283) with The bullet</font>
[20:43:27]ATTACK: <font color='red'>Manny Pardo(jackrip) shot Syndicate Scientist with The bullet</font>
[20:43:28]ATTACK: <font color='red'>Manny Pardo(jackrip) shot Syndicate Scientist with The bullet</font>
[20:43:28]ATTACK: <font color='red'>Manny Pardo(jackrip) shot Syndicate Scientist with The bullet</font>
[20:43:29]ATTACK: <font color='red'>Manny Pardo(jackrip) shot Syndicate Scientist with The bullet</font>
[20:43:29]ATTACK: <font color='red'>Manny Pardo(jackrip) shot Maximilian McDonald with The bullet</font>
[20:43:32]ATTACK: <font color='red'>Manny Pardo(jackrip) shot Syndicate Scientist with The bullet</font>
[20:43:32]ATTACK: <font color='red'>Manny Pardo(jackrip) shot Syndicate Scientist with The bullet</font>
[20:44:41]ATTACK: <font color='red'>Vinny 'The Skeleton' Bones(petertaco) stripped Syndicate Operative of the armor</font>
[20:44:48]ATTACK: <font color='red'>Vinny 'The Skeleton' Bones(petertaco) stripped Syndicate Operative of the SWAT helmet</font>
[20:44:54]ATTACK: <font color='red'>Manny Pardo(jackrip) shot Syndicate Scientist with The bullet</font>
[20:44:54]ATTACK: <font color='red'>Manny Pardo(jackrip) shot Syndicate Scientist with The bullet</font>
[20:44:55]ATTACK: <font color='red'>Manny Pardo(jackrip) shot Syndicate Scientist with The bullet</font>
[20:44:55]ATTACK: <font color='red'>Manny Pardo(jackrip) shot Micah Williams with The bullet</font>
[20:45:24]ATTACK: <font color='red'>Vinny 'The Skeleton' Bones(petertaco) stripped Syndicate Operative of the backpack</font>
[20:45:44]ATTACK: <font color='red'>Manny Pardo(jackrip) shot Syndicate Scientist with The bullet</font>
[20:45:44]ATTACK: <font color='red'>Manny Pardo(jackrip) shot Syndicate Scientist with The bullet</font>
[20:45:45]ATTACK: <font color='red'>Vinny 'The Skeleton' Bones(petertaco) stripped Syndicate Operative of the backpack</font>
[20:45:45]ATTACK: <font color='red'>Manny Pardo(jackrip) shot Syndicate Scientist with The bullet</font>
[20:45:45]ATTACK: <font color='red'>Manny Pardo(jackrip) shot Kaylie Cypret with The bullet</font>
[20:45:55]ATTACK: <font color='red'>Vinny 'The Skeleton' Bones(petertaco) shaked Syndicate Operative </font>
[20:45:55]ATTACK: <font color='red'>Aidan Carter(autbelli) attacked Syndicate Operative with syndicate SMG(INTENT: HARM) (DAMTYPE: BRUTE)</font>
[20:45:56]ATTACK: <font color='red'>Aidan Carter(autbelli) attacked Syndicate Operative with syndicate SMG(INTENT: HARM) (DAMTYPE: BRUTE)</font>
[20:45:58]ATTACK: <font color='red'>Aidan Carter(autbelli) attacked Syndicate Operative with syndicate SMG(INTENT: HARM) (DAMTYPE: BRUTE)</font>
[20:46:01]ATTACK: <font color='red'>Matthew Rhinehart(cairo283) shot Syndicate Guard with The pulse</font>
[20:46:02]ATTACK: <font color='red'>Syndicate Guard shot Manny Pardo(jackrip) with The bullet</font>
[20:46:02]ATTACK: <font color='red'>Matthew Rhinehart(cairo283) shot Syndicate Guard with The pulse</font>
[20:46:02]ATTACK: <font color='red'>Syndicate Guard shot Manny Pardo(jackrip) with The bullet</font>
[20:46:02]ATTACK: <font color='red'>Syndicate Guard shot Manny Pardo(jackrip) with The bullet</font>
[20:46:04]ATTACK: <font color='red'>Manny Pardo(jackrip) shot Syndicate Guard with The pulse</font>
[20:46:04]ATTACK: <font color='red'>Manny Pardo(jackrip) shot Syndicate Guard with The pulse</font>
[20:46:12]ATTACK: <font color='red'>Syndicate Guard shot Syndicate Guard with The bullet</font>
[20:46:12]ATTACK: <font color='red'>Syndicate Guard shot Syndicate Guard with The bullet</font>
[20:46:12]ATTACK: <font color='red'>Aidan Carter(autbelli) shot Syndicate Guard with The bullet</font>
[20:46:12]ATTACK: <font color='red'>Aidan Carter(autbelli) shot Syndicate Guard with The bullet</font>
[20:46:12]ATTACK: <font color='red'>Syndicate Guard shot Aidan Carter(autbelli) with The bullet</font>
[20:46:12]ATTACK: <font color='red'>Syndicate Guard shot Syndicate Guard with The bullet</font>
[20:46:12]ATTACK: <font color='red'>Syndicate Guard shot Syndicate Guard with The bullet</font>
[20:46:12]ATTACK: <font color='red'>Syndicate Guard shot Grayson Larson with The bullet</font>
[20:46:12]ATTACK: <font color='red'>Syndicate Guard shot Grayson Larson with The bullet</font>
[20:46:13]ATTACK: <font color='red'>Aidan Carter(autbelli) shot Grayson Larson with The bullet</font>
[20:46:19]ATTACK: <font color='red'>Matthew Rhinehart(cairo283) shot Syndicate Guard with The pulse</font>
[20:46:21]ATTACK: <font color='red'>Matthew Rhinehart(cairo283) shot Syndicate Guard with The pulse</font>
[20:46:22]ATTACK: <font color='red'>Matthew Rhinehart(cairo283) shot Syndicate Guard with The pulse</font>
[20:46:23]ATTACK: <font color='red'>Matthew Rhinehart(cairo283) shot Syndicate Guard with The pulse</font>
[20:46:37]ATTACK: <font color='red'>Syndicate Guard shot Vinny 'The Skeleton' Bones(petertaco) with The bullet</font>
[20:46:39]ATTACK: <font color='red'>Matthew Rhinehart(cairo283) shot Syndicate Guard with The pulse</font>
[20:46:39]ATTACK: <font color='red'>Matthew Rhinehart(cairo283) shot Syndicate Guard with The pulse</font>
[20:46:40]ATTACK: <font color='red'>Syndicate Guard shot Vinny 'The Skeleton' Bones(petertaco) with The bullet</font>
[20:46:40]ATTACK: <font color='red'>Syndicate Guard shot Vinny 'The Skeleton' Bones(petertaco) with The bullet</font>
[20:46:40]ATTACK: <font color='red'>Matthew Rhinehart(cairo283) shot Syndicate Guard with The pulse</font>
[20:46:41]ATTACK: <font color='red'>Vinny 'The Skeleton' Bones(petertaco) shot Syndicate Guard with The bullet</font>
[20:46:41]ATTACK: <font color='red'>Vinny 'The Skeleton' Bones(petertaco) shot Syndicate Guard with The bullet</font>
[20:46:41]ATTACK: <font color='red'>Matthew Rhinehart(cairo283) shot Syndicate Guard with The pulse</font>
[20:46:42]ATTACK: <font color='red'>Syndicate Guard shot Matthew Rhinehart(cairo283) with The bullet</font>
[20:46:42]ATTACK: <font color='red'>Syndicate Guard shot Matthew Rhinehart(cairo283) with The bullet</font>
[20:46:42]ATTACK: <font color='red'>Syndicate Guard shot Matthew Rhinehart(cairo283) with The bullet</font>
[20:46:43]ATTACK: <font color='red'>Matthew Rhinehart(cairo283) shot Syndicate Guard with The pulse</font>
[20:46:44]ATTACK: <font color='red'>Matthew Rhinehart(cairo283) shot Syndicate Guard with The pulse</font>
[20:46:50]ATTACK: <font color='red'>Manny Pardo(jackrip) shot Syndicate Operative with The pulse</font>
[20:47:04]ATTACK: <font color='red'>Matthew Rhinehart(cairo283) shot Syndicate Technician with The pulse</font>
[20:47:09]ATTACK: <font color='red'>Matthew Rhinehart(cairo283) shot Syndicate Technician with The pulse</font>
[20:47:09]ATTACK: <font color='red'>Manny Pardo(jackrip) shot Gordon Koepple with The pulse</font>
[20:47:10]ATTACK: <font color='red'>Manny Pardo(jackrip) shot Syndicate Technician with The pulse</font>
[20:47:13]ATTACK: <font color='red'>Vinny 'The Skeleton' Bones(petertaco) stripped Syndicate Operative of the combat boots</font>
[20:47:15]ATTACK: <font color='red'>Matthew Rhinehart(cairo283) shot Syndicate Technician with The pulse</font>
[20:47:16]ATTACK: <font color='red'>Manny Pardo(jackrip) shot Syndicate Operative with The pulse</font>
[20:47:44]ATTACK: <font color='red'>Matthew Rhinehart(cairo283) shot Syndicate Technician with The pulse</font>
[20:47:47]ATTACK: <font color='red'>Manny Pardo(jackrip) shot Syndicate Technician with The pulse</font>
[20:47:48]ATTACK: <font color='red'>Matthew Rhinehart(cairo283) shot Syndicate Technician with The pulse</font>
[20:47:58]ATTACK: <font color='red'>Matthew Rhinehart(cairo283) shot Syndicate Guard with The pulse</font>
[20:48:02]ATTACK: <font color='red'>Matthew Rhinehart(cairo283) shot Syndicate Guard with The pulse</font>
[20:49:08]ATTACK: <font color='red'>Vinny 'The Skeleton' Bones(petertaco) injected Vinny 'The Skeleton' Bones(petertaco) with inaprovaline medipen(Inaprovaline)</font>
[20:50:11]ATTACK: <font color='red'>Matthew Rhinehart(cairo283) shot Syndicate Guard with The pulse</font>
[20:50:11]ATTACK: <font color='red'>Matthew Rhinehart(cairo283) shot Syndicate Guard with The pulse</font>
[20:50:11]ATTACK: <font color='red'>Matthew Rhinehart(cairo283) shot Syndicate Guard with The pulse</font>
[20:50:18]ATTACK: <font color='red'>Matthew Rhinehart(cairo283) shot Syndicate Guard with The pulse</font>
[20:50:20]ATTACK: <font color='red'>Matthew Rhinehart(cairo283) shot Syndicate Guard with The pulse</font>
[20:50:20]ATTACK: <font color='red'>Syndicate Guard shot Kara Griffiths with The bullet</font>
[20:50:20]ATTACK: <font color='red'>Syndicate Guard shot Kara Griffiths with The bullet</font>
[20:50:21]ATTACK: <font color='red'>Syndicate Guard shot Kara Griffiths with The bullet</font>
[20:50:22]ATTACK: <font color='red'>Manny Pardo(jackrip) shot Kara Griffiths with The bullet</font>
[20:50:22]ATTACK: <font color='red'>Manny Pardo(jackrip) shot Matthew Rhinehart(cairo283) with The bullet</font>
[20:50:24]ATTACK: <font color='red'>Matthew Rhinehart(cairo283) shot Syndicate Guard with The pulse</font>
[20:50:25]ATTACK: <font color='red'>Matthew Rhinehart(cairo283) shot Syndicate Operative with The pulse</font>
[20:50:31]ATTACK: <font color='red'>Matthew Rhinehart(cairo283) shot Syndicate Technician with The pulse</font>
[20:50:32]ATTACK: <font color='red'>Manny Pardo(jackrip) shot Cristian Meyers with The pulse</font>
[20:50:32]ATTACK: <font color='red'>Matthew Rhinehart(cairo283) shot Syndicate Technician with The pulse</font>
[20:50:34]ATTACK: <font color='red'>Manny Pardo(jackrip) shot Syndicate Operative with The pulse</font>
[20:50:36]ATTACK: <font color='red'>Matthew Rhinehart(cairo283) shot Syndicate Technician with The pulse</font>
[20:50:42]ATTACK: <font color='red'>Matthew Rhinehart(cairo283) shot Syndicate Technician with The pulse</font>
[20:50:42]ATTACK: <font color='red'>Manny Pardo(jackrip) shot Syndicate Technician with The pulse</font>
[20:50:43]ATTACK: <font color='red'>Manny Pardo(jackrip) shot Sydney Siegrist with The pulse</font>
[20:52:17]ATTACK: <font color='red'>Aidan Carter(autbelli) shot Clown with The bullet</font>
[20:52:24]ATTACK: <font color='red'>Syndicate Guard shot Matthew Rhinehart(cairo283) with The bullet</font>
[20:52:25]ATTACK: <font color='red'>Matthew Rhinehart(cairo283) shot Syndicate Guard with The pulse</font>
[20:52:26]ATTACK: <font color='red'>Matthew Rhinehart(cairo283) shot Syndicate Guard with The pulse</font>
[20:52:36]ATTACK: <font color='red'>Syndicate Guard shot Vinny 'The Skeleton' Bones(petertaco) with The bullet</font>
[20:52:38]ATTACK: <font color='red'>Vinny 'The Skeleton' Bones(petertaco) shot Syndicate Guard with The pellet</font>
[20:52:38]ATTACK: <font color='red'>Vinny 'The Skeleton' Bones(petertaco) shot Syndicate Guard with The pellet</font>
[20:52:40]ATTACK: <font color='red'>Vinny 'The Skeleton' Bones(petertaco) shot Syndicate Guard with The pellet</font>
[20:52:40]ATTACK: <font color='red'>Vinny 'The Skeleton' Bones(petertaco) shot Syndicate Guard with The pellet</font>
[20:52:40]ATTACK: <font color='red'>Vinny 'The Skeleton' Bones(petertaco) shot Syndicate Guard with The pellet</font>
[20:52:40]ATTACK: <font color='red'>Vinny 'The Skeleton' Bones(petertaco) shot Syndicate Guard with The pellet</font>
[20:52:40]ATTACK: <font color='red'>Vinny 'The Skeleton' Bones(petertaco) shot Syndicate Guard with The pellet</font>
[20:53:29]ATTACK: <font color='red'>Matthew Rhinehart(cairo283) shot Syndicate Guard with The pulse</font>
[20:53:30]ATTACK: <font color='red'>Matthew Rhinehart(cairo283) shot Syndicate Guard with The pulse</font>
[20:53:30]ATTACK: <font color='red'>Vinny 'The Skeleton' Bones(petertaco) shot Matthew Rhinehart(cairo283) with The pellet</font>
[20:53:30]ATTACK: <font color='red'>Vinny 'The Skeleton' Bones(petertaco) shot Matthew Rhinehart(cairo283) with The pellet</font>
[20:53:30]ATTACK: <font color='red'>Vinny 'The Skeleton' Bones(petertaco) shot Matthew Rhinehart(cairo283) with The pellet</font>
[20:53:31]ATTACK: <font color='red'>Vinny 'The Skeleton' Bones(petertaco) shot Matthew Rhinehart(cairo283) with The pellet</font>
[20:53:31]ATTACK: <font color='red'>Vinny 'The Skeleton' Bones(petertaco) shot Matthew Rhinehart(cairo283) with The pellet</font>
[20:53:31]ATTACK: <font color='red'>Vinny 'The Skeleton' Bones(petertaco) shot Syndicate Guard with The pellet</font>
[20:53:31]ATTACK: <font color='red'>Matthew Rhinehart(cairo283) shot Hedley Aggley with The pulse</font>
[20:53:31]ATTACK: <font color='red'>Syndicate Guard shot Matthew Rhinehart(cairo283) with The bullet</font>
[20:53:32]ATTACK: <font color='red'>Matthew Rhinehart(cairo283) shot Syndicate Guard with The pulse</font>
[20:53:32]ATTACK: <font color='red'>Vinny 'The Skeleton' Bones(petertaco) shot Syndicate Guard with The pellet</font>
[20:53:32]ATTACK: <font color='red'>Vinny 'The Skeleton' Bones(petertaco) shot Curtis Hughes with The pellet</font>
[20:53:32]ATTACK: <font color='red'>Vinny 'The Skeleton' Bones(petertaco) shot Curtis Hughes with The pellet</font>
[20:53:32]ATTACK: <font color='red'>Vinny 'The Skeleton' Bones(petertaco) shot Curtis Hughes with The pellet</font>
[20:53:32]ATTACK: <font color='red'>Vinny 'The Skeleton' Bones(petertaco) shot Curtis Hughes with The pellet</font>
[20:53:32]ATTACK: <font color='red'>Vinny 'The Skeleton' Bones(petertaco) shot Curtis Hughes with The pellet</font>
[20:53:32]ATTACK: <font color='red'>Vinny 'The Skeleton' Bones(petertaco) shot Curtis Hughes with The pellet</font>
[20:53:39]ATTACK: <font color='red'>Matthew Rhinehart(cairo283) shot Syndicate Guard with The pulse</font>
[20:53:40]ATTACK: <font color='red'>Matthew Rhinehart(cairo283) shot Syndicate Guard with The pulse</font>
[20:53:43]ATTACK: <font color='red'>Matthew Rhinehart(cairo283) shot Syndicate Guard with The pulse</font>
[20:53:43]ATTACK: <font color='red'>Matthew Rhinehart(cairo283) shot Syndicate Guard with The pulse</font>
[20:53:44]ATTACK: <font color='red'>Manny Pardo(jackrip) shot Syndicate Technician with The bullet</font>
[20:53:46]ATTACK: <font color='red'>Manny Pardo(jackrip) shot Syndicate Technician with The bullet</font>
[20:53:48]ATTACK: <font color='red'>Matthew Rhinehart(cairo283) shot Syndicate Technician with The pulse</font>
[20:53:50]ATTACK: <font color='red'>Matthew Rhinehart(cairo283) shot Syndicate Technician with The pulse</font>
[20:53:53]ATTACK: <font color='red'>Vinny 'The Skeleton' Bones(petertaco) shot Syndicate Operative with The pellet</font>
[20:53:53]ATTACK: <font color='red'>Vinny 'The Skeleton' Bones(petertaco) shot Syndicate Operative with The pellet</font>
[20:53:53]ATTACK: <font color='red'>Vinny 'The Skeleton' Bones(petertaco) shot Syndicate Operative with The pellet</font>
[20:53:53]ATTACK: <font color='red'>Vinny 'The Skeleton' Bones(petertaco) shot Syndicate Operative with The pellet</font>
[20:53:53]ATTACK: <font color='red'>Vinny 'The Skeleton' Bones(petertaco) shot Syndicate Operative with The pellet</font>
[20:53:53]ATTACK: <font color='red'>Vinny 'The Skeleton' Bones(petertaco) shot Syndicate Operative with The pellet</font>
[20:53:53]ATTACK: <font color='red'>Vinny 'The Skeleton' Bones(petertaco) shot Syndicate Operative with The pellet</font>
[20:53:53]ATTACK: <font color='red'>Vinny 'The Skeleton' Bones(petertaco) shot Syndicate Operative with The pellet</font>
[20:53:53]ATTACK: <font color='red'>Vinny 'The Skeleton' Bones(petertaco) shot Syndicate Operative with The pellet</font>
[20:53:57]ATTACK: <font color='red'>Matthew Rhinehart(cairo283) shot Syndicate Technician with The pulse</font>
[20:53:59]ATTACK: <font color='red'>Matthew Rhinehart(cairo283) shot Syndicate Technician with The pulse</font>
[20:54:00]ATTACK: <font color='red'>Matthew Rhinehart(cairo283) shot Syndicate Technician with The pulse</font>
[20:55:31]ATTACK: <font color='red'>Matthew Rhinehart(cairo283) shot Syndicate Pilot with The pulse</font>
[20:55:32]ATTACK: <font color='red'>Matthew Rhinehart(cairo283) shot Arnie Edwards with The pulse</font>
[20:55:32]ATTACK: <font color='red'>Matthew Rhinehart(cairo283) shot Syndicate Pilot with The pulse</font>
[20:55:47]ATTACK: <font color='red'>Matthew Rhinehart(cairo283) shot Syndicate Technician with The pulse</font>
[20:55:47]ATTACK: <font color='red'>Manny Pardo(jackrip) shot Syndicate Pilot with The pulse</font>
[20:55:50]ATTACK: <font color='red'>Manny Pardo(jackrip) shot Syndicate Technician with The pulse</font>
[20:55:51]ATTACK: <font color='red'>Matthew Rhinehart(cairo283) shot Claribel Begum with The pulse</font>
[20:55:52]ATTACK: <font color='red'>Manny Pardo(jackrip) shot Claribel Begum with The pulse</font>
[20:55:56]ATTACK: <font color='red'>Vinny 'The Skeleton' Bones(petertaco) shot Clown with The pellet</font>
[20:55:56]ATTACK: <font color='red'>Vinny 'The Skeleton' Bones(petertaco) shot Clown with The pellet</font>
[20:55:56]ATTACK: <font color='red'>Vinny 'The Skeleton' Bones(petertaco) shot Clown with The pellet</font>
[20:55:58]ATTACK: <font color='red'>Vinny 'The Skeleton' Bones(petertaco) shot Clown with The pellet</font>
[20:56:01]ATTACK: <font color='red'>Vinny 'The Skeleton' Bones(petertaco) shot Clown with The pellet</font>
[20:56:01]ATTACK: <font color='red'>Vinny 'The Skeleton' Bones(petertaco) shot Clown with The pellet</font>
[20:56:01]ATTACK: <font color='red'>Vinny 'The Skeleton' Bones(petertaco) shot Clown with The pellet</font>
[20:56:28]ATTACK: <font color='red'>Manny Pardo(jackrip) hit Syndicate Technician with Throwing knife</font>
[20:56:38]ATTACK: <font color='red'>Manny Pardo(jackrip) attacked Syndicate Operative with energy sword(INTENT: HELP) (DAMTYPE: BRUTE)</font>
[20:56:43]ATTACK: <font color='red'>Manny Pardo(jackrip) attacked Syndicate Operative with energy sword(INTENT: HELP) (DAMTYPE: BRUTE)</font>
[20:56:51]ATTACK: <font color='red'>Manny Pardo(jackrip) hit Syndicate Technician with Throwing knife</font>
[20:56:55]ATTACK: <font color='red'>Matthew Rhinehart(cairo283) attacked Joi Lafortune with energy cutlass(INTENT: HELP) (DAMTYPE: BRUTE)</font>
[20:57:53]ATTACK: <font color='red'>Manny Pardo(jackrip) attacked Aniyah Kiefer with energy sword(INTENT: HELP) (DAMTYPE: BRUTE)</font>
[20:58:04]ATTACK: <font color='red'>Aidan Carter(autbelli) stripped Vinny 'The Skeleton' Bones(petertaco) of the armor</font>
[20:58:05]ATTACK: <font color='red'>Manny Pardo(jackrip) hit Syndicate Technician with Throwing knife</font>
[20:58:05]ATTACK: <font color='red'>Aidan Carter(autbelli) attacked Vinny 'The Skeleton' Bones(petertaco) with reactive teleport armor(INTENT: HARM) (DAMTYPE: BRUTE)</font>
[20:58:12]ATTACK: <font color='red'>Manny Pardo(jackrip) hit Syndicate Technician with Throwing knife</font>
[20:58:13]ATTACK: <font color='red'>Manny Pardo(jackrip) shaked Gannon Day </font>
[20:58:14]ATTACK: <font color='red'>Aidan Carter(autbelli) equipped Vinny 'The Skeleton' Bones(petertaco) with the reactive teleport armor</font>
[20:58:14]ATTACK: <font color='red'>Aidan Carter(autbelli) CPRed Vinny 'The Skeleton' Bones(petertaco) </font>
[20:58:18]ATTACK: <font color='red'>Aidan Carter(autbelli) attempted to touch Vinny 'The Skeleton' Bones(petertaco) </font>
[20:58:37]ATTACK: <font color='red'>Manny Pardo(jackrip) attacked Bailey Houston with energy sword(INTENT: HELP) (DAMTYPE: BRUTE)</font>
[20:58:38]ATTACK: <font color='red'>Manny Pardo(jackrip) attacked Syndicate Operative with energy sword(INTENT: HELP) (DAMTYPE: BRUTE)</font>
[20:58:47]ATTACK: <font color='red'>Aidan Carter(autbelli) attempted to touch Vinny 'The Skeleton' Bones(petertaco) </font>
[20:59:00]ATTACK: <font color='red'>Manny Pardo(jackrip) shot Syndicate Operative with The bullet</font>
[20:59:00]ATTACK: <font color='red'>Manny Pardo(jackrip) shot Syndicate Operative with The bullet</font>
[20:59:00]ATTACK: <font color='red'>Manny Pardo(jackrip) shot Syndicate Operative with The bullet</font>
[21:00:33]ATTACK: <font color='red'>Matthew Rhinehart(cairo283) stripped Syndicate Operative of Syndicate Operative's ID Card (Operative)</font>
[21:01:04]ATTACK: <font color='red'>Aidan Carter(autbelli) grabbed Vinny 'The Skeleton' Bones(petertaco) passively</font>
[21:01:12]ATTACK: <font color='red'>Aidan Carter(autbelli) grabbed Vinny 'The Skeleton' Bones(petertaco) passively</font>
[21:01:44]ATTACK: <font color='red'>Manny Pardo(jackrip) shot Syndicate Technician with The pulse</font>
[21:01:44]ATTACK: <font color='red'>Manny Pardo(jackrip) shot Marion Rowley with The pulse</font>
[21:03:40]ATTACK: <font color='red'>Manny Pardo(jackrip) planted C-4 on Manny Pardo(jackrip) </font>
[21:03:52]ATTACK: <font color='red'>Manny Pardo(jackrip) shaked Matthew Rhinehart(cairo283) </font>
[21:04:06]ATTACK: <font color='red'>Aidan Carter(autbelli) fed Aidan Carter(autbelli) with dermaline(45 units); kelotane(5 units); </font>
[21:04:40]ATTACK: <font color='red'>Aidan Carter(autbelli) injected Aidan Carter(autbelli) with inaprovaline medipen(Inaprovaline)</font>
[21:05:42]ATTACK: <font color='red'>Matthew Rhinehart(cairo283) attempted to touch Vinny 'The Skeleton' Bones </font>
[21:06:14]ATTACK: <font color='red'>Matthew Rhinehart(cairo283) grabbed Aidan Carter(autbelli) passively</font>
[21:06:37]ATTACK: <font color='red'>Matthew Rhinehart(cairo283) operated Aidan Carter(autbelli) Operation type: bullet removal</font>
[21:06:51]ATTACK: <font color='red'>Matthew Rhinehart(cairo283) attacked Aidan Carter(autbelli) with retractor(INTENT: HELP) (DAMTYPE: BRUTE)</font>
[21:07:19]ATTACK: <font color='red'>Matthew Rhinehart(cairo283) operated Aidan Carter(autbelli) Operation type: bullet removal</font>
[21:07:49]ATTACK: <font color='red'>Matthew Rhinehart(cairo283) shaked Aidan Carter(autbelli) </font>
[21:08:29]ATTACK: <font color='red'>Matthew Rhinehart(cairo283) grabbed Vinny 'The Skeleton' Bones(petertaco) passively</font>
[21:08:46]ATTACK: <font color='red'>Matthew Rhinehart(cairo283) operated Vinny 'The Skeleton' Bones(petertaco) Operation type: bullet removal</font>
[21:09:23]ATTACK: <font color='red'>Matthew Rhinehart(cairo283) operated Vinny 'The Skeleton' Bones(petertaco) Operation type: bullet removal</font>
[21:10:27]ATTACK: <font color='red'>Aidan Carter(autbelli) fed Aidan Carter(autbelli) with inaprovaline(10 units); bicaridine(40 units); </font>
[21:10:29]ATTACK: <font color='red'>Matthew Rhinehart(cairo283) shaked Vinny 'The Skeleton' Bones(petertaco) </font>
[21:10:34]ATTACK: <font color='red'>Matthew Rhinehart(cairo283) operated Matthew Rhinehart(cairo283) Operation type: bullet removal</font>
[21:11:33]ATTACK: <font color='red'>Matthew Rhinehart(cairo283) operated Matthew Rhinehart(cairo283) Operation type: bullet removal</font>
[21:12:25]ATTACK: <font color='red'>Matthew Rhinehart(cairo283) operated Matthew Rhinehart(cairo283) Operation type: bullet removal</font>
[21:12:41]ATTACK: <font color='red'>Matthew Rhinehart(cairo283) attacked Matthew Rhinehart(cairo283) with cautery(INTENT: HELP) (DAMTYPE: BRUTE)</font>
[21:15:42]ATTACK: <font color='red'>Aidan Carter (autbelli) injected Aidan Carter (autbelli) with syringe, which had Blood (INTENT: HELP)</font>
[21:15:44]ATTACK: <font color='red'>Aidan Carter (autbelli) injected Aidan Carter (autbelli) with syringe, which had Blood (INTENT: HELP)</font>
[21:20:08]ATTACK: <font color='red'>Aidan Carter(autbelli) hit Vinny 'The Skeleton' Bones(petertaco) with Throwing knife</font>
[21:25:05]ATTACK: <font color='red'>Matthew Rhinehart(cairo283) hit Matthew Rhinehart(cairo283) with The rapid-crate-sender (RCS)</font>
[21:25:28]ATTACK: <font color='red'>Matthew Rhinehart(cairo283) shot Centcom Supply Guard with The pulse</font>
[21:25:30]ATTACK: <font color='red'>Centcom Supply Guard shot Matthew Rhinehart(cairo283) with The bullet</font>
[21:25:30]ATTACK: <font color='red'>Matthew Rhinehart(cairo283) shot Centcom Supply Guard with The pulse</font>
[21:25:31]ATTACK: <font color='red'>Matthew Rhinehart(cairo283) shot Centcom Supply Guard with The pulse</font>
[21:25:36]ATTACK: <font color='red'>Matthew Rhinehart(cairo283) shot Centcom Supply Guard with The pulse</font>
[21:25:39]ATTACK: <font color='red'>Matthew Rhinehart(cairo283) shot Centcom Supply Guard with The pulse</font>
[21:25:40]ATTACK: <font color='red'>Matthew Rhinehart(cairo283) shot Centcom Supply Guard with The pulse</font>
[21:27:33]ATTACK: <font color='red'>Matthew Rhinehart(cairo283) shot Centcom Supply Guard with The pulse</font>
[21:27:34]ATTACK: <font color='red'>Centcom Supply Guard shot Matthew Rhinehart(cairo283) with The bullet</font>
[21:27:34]ATTACK: <font color='red'>Centcom Supply Guard shot Matthew Rhinehart(cairo283) with The bullet</font>
[21:27:34]ATTACK: <font color='red'>Centcom Supply Guard shot Matthew Rhinehart(cairo283) with The bullet</font>
[21:27:35]ATTACK: <font color='red'>Matthew Rhinehart(cairo283) shot Centcom Supply Guard with The pulse</font>
[21:27:36]ATTACK: <font color='red'>Matthew Rhinehart(cairo283) shot Centcom Supply Guard with The pulse</font>
[21:28:34]ATTACK: <font color='red'>Aidan Carter(autbelli) shaked Unknown </font>
[21:28:40]ATTACK: <font color='red'>Matthew Rhinehart(cairo283) shaked Aidan Carter(autbelli) </font>
[21:28:50]ATTACK: <font color='red'>Aidan Carter(autbelli) shaked Unknown </font>
[21:29:03]ATTACK: <font color='red'>Aidan Carter(autbelli) stripped Unknown of the mountain backpack</font>
[21:34:10]ATTACK: <font color='red'>Matthew Rhinehart(cairo283) shot monkey (196) with The radiation beam</font>
[21:34:10]ATTACK: <font color='red'>Matthew Rhinehart(cairo283) shot monkey (196) with The radiation beam</font>
[21:34:11]ATTACK: <font color='red'>Matthew Rhinehart(cairo283) shot monkey (196) with The radiation beam</font>
[21:34:11]ATTACK: <font color='red'>Matthew Rhinehart(cairo283) shot monkey (196) with The radiation beam</font>
[21:34:12]ATTACK: <font color='red'>Matthew Rhinehart(cairo283) shot monkey (196) with The radiation beam</font>
[21:34:12]ATTACK: <font color='red'>Matthew Rhinehart(cairo283) shot monkey (196) with The radiation beam</font>
[21:34:13]ATTACK: <font color='red'>Matthew Rhinehart(cairo283) shot monkey (196) with The radiation beam</font>
[21:34:14]ATTACK: <font color='red'>Matthew Rhinehart(cairo283) shot monkey (196) with The radiation beam</font>
[21:35:29]ATTACK: <font color='red'>Matthew Rhinehart(cairo283) shot monkey (196) with The metal rod</font>
[21:35:36]ATTACK: <font color='red'>Aidan Carter(autbelli) hit monkey (196) with The rod gun</font>
[21:35:43]ATTACK: <font color='red'>Aidan Carter(autbelli) shot monkey (196) with The bullet</font>
[21:35:47]ATTACK: <font color='red'>Aidan Carter(autbelli) shot monkey (196) with The bullet</font>
[21:35:48]ATTACK: <font color='red'>Aidan Carter(autbelli) shot monkey (196) with The bullet</font>
[21:35:48]ATTACK: <font color='red'>Aidan Carter(autbelli) shot monkey (196) with The bullet</font>
[21:35:48]ATTACK: <font color='red'>Aidan Carter(autbelli) shot monkey (196) with The bullet</font>
[21:35:49]ATTACK: <font color='red'>Aidan Carter(autbelli) shot monkey (196) with The bullet</font>
[21:35:52]ATTACK: <font color='red'>Matthew Rhinehart(cairo283) planted C-4 on monkey (196) </font>
[21:36:25]ATTACK: <font color='red'>Matthew Rhinehart(cairo283) shaked Aidan Carter(autbelli) </font>
[21:39:30]ATTACK: <font color='red'>Matthew Rhinehart(cairo283) shaked Aidan Carter(autbelli) </font>
[21:39:41]ATTACK: <font color='red'>Matthew Rhinehart(cairo283) shaked Aidan Carter(autbelli) </font>
[21:39:49]ATTACK: <font color='red'>Matthew Rhinehart(cairo283) hit Vinny 'The Skeleton' Bones(petertaco) with The butt</font>
[21:40:10]ATTACK: <font color='red'>Matthew Rhinehart(cairo283) operated Matthew Rhinehart(cairo283) Operation type: bullet removal</font>
[21:40:39]ATTACK: <font color='red'>Matthew Rhinehart(cairo283) operated Matthew Rhinehart(cairo283) Operation type: bullet removal</font>
[21:42:06]ATTACK: <font color='red'>Aidan Carter(autbelli) fed Aidan Carter(autbelli) with inacusiate(30 units); </font>
[21:49:49]ATTACK: <font color='red'>Aidan Carter(autbelli) attacked Vinny 'The Skeleton' Bones(petertaco) with claymore(INTENT: HELP) (DAMTYPE: BRUTE)</font>
[21:49:52]ATTACK: <font color='red'>Aidan Carter(autbelli) attacked Vinny 'The Skeleton' Bones(petertaco) with claymore(INTENT: HELP) (DAMTYPE: BRUTE)</font>
[21:50:38]ATTACK: <font color='red'>alien empress shot alien empress with The neurotoxin</font>
[21:50:50]ATTACK: <font color='red'>alien empress shot Aidan Carter(autbelli) with The neurotoxin</font>
[21:50:50]ATTACK: <font color='red'>alien empress shot Aidan Carter(autbelli) with The neurotoxin</font>
[21:50:57]ATTACK: <font color='red'>alien empress shot Aidan Carter(autbelli) with The neurotoxin</font>
[21:51:03]ATTACK: <font color='red'>alien empress shot Aidan Carter(autbelli) with The neurotoxin</font>
[21:51:09]ATTACK: <font color='red'>alien empress shot Aidan Carter(autbelli) with The neurotoxin</font>
[21:52:50]ATTACK: <font color='red'>Aidan Carter(autbelli) hit Unknown(cairo283) with The ambrosia deus branch</font>
[21:59:12]ATTACK: <font color='red'>Unknown(cairo283) shot Pun Pun with The bolt of change</font>
[21:59:14]ATTACK: <font color='red'>Unknown(cairo283) shot monkey (887) with The bolt of change</font>
[21:59:15]ATTACK: <font color='red'>Unknown(cairo283) shot grey baby slime (116) with The bolt of change</font>
[21:59:16]ATTACK: <font color='red'>Unknown(cairo283) shot pug with The bolt of change</font>
[21:59:19]ATTACK: <font color='red'>Unknown(cairo283) shot Marilene Mcloskey with The bolt of change</font>
[21:59:21]ATTACK: <font color='red'>Unknown(cairo283) shot alien sentinel (362) with The bolt of change</font>
[21:59:22]ATTACK: <font color='red'>Unknown(cairo283) shot grey adult slime (908) with The bolt of change</font>
[21:59:24]ATTACK: <font color='red'>Unknown(cairo283) shot Default Cyborg-273 with The bolt of change</font>
[21:59:25]ATTACK: <font color='red'>Unknown(cairo283) shot chaos magicarp with The bolt of change</font>
[21:59:27]ATTACK: <font color='red'>Unknown(cairo283) shot cat with The bolt of change</font>
[21:59:34]ATTACK: <font color='red'>Aidan Carter(autbelli) shot Unknown(cairo283) with The bolt of change</font>
[22:00:48]ATTACK: <font color='red'>alien sentinel (255)(autbelli) grabbed Syndicate Operative passively</font>
[22:01:04]ATTACK: <font color='red'>alien empress shot Ian with The neurotoxin</font>
[22:01:04]ATTACK: <font color='red'>alien empress shot cow with The neurotoxin</font>


Starting up. 22:07.18
---------------------
